CRITICAL - 2024-09-29 01:35:07 --> Trying to access array offset on value of type null
in APPPATH/Controllers/Site_Controller.php on line 1389.
 1 APPPATH/Controllers/Site_Controller.php(1389): CodeIgniter\Debug\Exceptions->errorHandler()
 2 APPPATH/Controllers/Site_Controller.php(1362): App\Controllers\Site_Controller->blog_details()
 3 SYSTEMPATH/CodeIgniter.php(942): App\Controllers\Site_Controller->blog_mapurl()
 4 SYSTEMPATH/CodeIgniter.php(502): CodeIgniter\CodeIgniter->runController()
 5 SYSTEMPATH/CodeIgniter.php(361): CodeIgniter\CodeIgniter->handleRequest()
 6 FCPATH/index.php(79): CodeIgniter\CodeIgniter->run()
CRITICAL - 2024-09-29 12:48:08 --> Attempt to read property "c_id" on null
in APPPATH/Controllers/Site_Controller.php on line 839.
 1 APPPATH/Controllers/Site_Controller.php(839): CodeIgniter\Debug\Exceptions->errorHandler()
 2 SYSTEMPATH/CodeIgniter.php(942): App\Controllers\Site_Controller->category_visedisplay_recipes()
 3 SYSTEMPATH/CodeIgniter.php(502): CodeIgniter\CodeIgniter->runController()
 4 SYSTEMPATH/CodeIgniter.php(361): CodeIgniter\CodeIgniter->handleRequest()
 5 FCPATH/index.php(79): CodeIgniter\CodeIgniter->run()
CRITICAL - 2024-09-29 13:05:33 --> Attempt to read property "c_id" on null
in APPPATH/Controllers/Site_Controller.php on line 855.
 1 APPPATH/Controllers/Site_Controller.php(855): CodeIgniter\Debug\Exceptions->errorHandler()
 2 APPPATH/Controllers/Site_Controller.php(836): App\Controllers\Site_Controller->category_visedisplay_recipes()
 3 SYSTEMPATH/CodeIgniter.php(942): App\Controllers\Site_Controller->category_mapurl_preview()
 4 SYSTEMPATH/CodeIgniter.php(502): CodeIgniter\CodeIgniter->runController()
 5 SYSTEMPATH/CodeIgniter.php(361): CodeIgniter\CodeIgniter->handleRequest()
 6 FCPATH/index.php(79): CodeIgniter\CodeIgniter->run()
CRITICAL - 2024-09-29 13:09:01 --> Call to undefined method App\Models\Category_Model::backend_getrecipes_data_categoryvise
in SYSTEMPATH/Model.php on line 873.
 1 APPPATH/Controllers/Site_Controller.php(847): CodeIgniter\Model->__call()
 2 APPPATH/Controllers/Site_Controller.php(836): App\Controllers\Site_Controller->backend_data_categoryvise()
 3 SYSTEMPATH/CodeIgniter.php(942): App\Controllers\Site_Controller->category_mapurl_preview()
 4 SYSTEMPATH/CodeIgniter.php(502): CodeIgniter\CodeIgniter->runController()
 5 SYSTEMPATH/CodeIgniter.php(361): CodeIgniter\CodeIgniter->handleRequest()
 6 FCPATH/index.php(79): CodeIgniter\CodeIgniter->run()
CRITICAL - 2024-09-29 13:12:57 --> Undefined array key "allcategoryise_recipe_desending"
in APPPATH/Controllers/Site_Controller.php on line 862.
 1 APPPATH/Controllers/Site_Controller.php(862): CodeIgniter\Debug\Exceptions->errorHandler()
 2 APPPATH/Controllers/Site_Controller.php(836): App\Controllers\Site_Controller->backend_data_categoryvise()
 3 SYSTEMPATH/CodeIgniter.php(942): App\Controllers\Site_Controller->category_mapurl_preview()
 4 SYSTEMPATH/CodeIgniter.php(502): CodeIgniter\CodeIgniter->runController()
 5 SYSTEMPATH/CodeIgniter.php(361): CodeIgniter\CodeIgniter->handleRequest()
 6 FCPATH/index.php(79): CodeIgniter\CodeIgniter->run()
CRITICAL - 2024-09-29 13:17:23 --> Attempt to read property "c_id" on null
in APPPATH/Controllers/Site_Controller.php on line 841.
 1 APPPATH/Controllers/Site_Controller.php(841): CodeIgniter\Debug\Exceptions->errorHandler()
 2 APPPATH/Controllers/Site_Controller.php(419): App\Controllers\Site_Controller->category_visedisplay_recipes()
 3 SYSTEMPATH/CodeIgniter.php(942): App\Controllers\Site_Controller->recipe_or_category()
 4 SYSTEMPATH/CodeIgniter.php(502): CodeIgniter\CodeIgniter->runController()
 5 SYSTEMPATH/CodeIgniter.php(361): CodeIgniter\CodeIgniter->handleRequest()
 6 FCPATH/index.php(79): CodeIgniter\CodeIgniter->run()
CRITICAL - 2024-09-29 13:21:25 --> Attempt to read property "c_id" on null
in APPPATH/Controllers/Site_Controller.php on line 841.
 1 APPPATH/Controllers/Site_Controller.php(841): CodeIgniter\Debug\Exceptions->errorHandler()
 2 APPPATH/Controllers/Site_Controller.php(419): App\Controllers\Site_Controller->category_visedisplay_recipes()
 3 SYSTEMPATH/CodeIgniter.php(942): App\Controllers\Site_Controller->recipe_or_category()
 4 SYSTEMPATH/CodeIgniter.php(502): CodeIgniter\CodeIgniter->runController()
 5 SYSTEMPATH/CodeIgniter.php(361): CodeIgniter\CodeIgniter->handleRequest()
 6 FCPATH/index.php(79): CodeIgniter\CodeIgniter->run()
CRITICAL - 2024-09-29 08:01:52 --> Attempt to read property "popular_category" on null
in APPPATH/Views/admin/category_edit.php on line 50.
 1 APPPATH/Views/admin/category_edit.php(50): CodeIgniter\Debug\Exceptions->errorHandler()
 2 SYSTEMPATH/View/View.php(228): include('/home/u613340721/domains/gruballergy.com/public_html/app/Views/admin/category_edit.php')
 3 SYSTEMPATH/View/View.php(231): CodeIgniter\View\View->CodeIgniter\View\{closure}()
 4 SYSTEMPATH/Common.php(1190): CodeIgniter\View\View->render()
 5 APPPATH/Views/admin/admin_layout.php(9): view()
 6 SYSTEMPATH/View/View.php(228): include('/home/u613340721/domains/gruballergy.com/public_html/app/Views/admin/admin_layout.php')
 7 SYSTEMPATH/View/View.php(231): CodeIgniter\View\View->CodeIgniter\View\{closure}()
 8 SYSTEMPATH/Common.php(1190): CodeIgniter\View\View->render()
 9 APPPATH/Controllers/Admin_Controller.php(2045): view()
10 SYSTEMPATH/CodeIgniter.php(942): App\Controllers\Admin_Controller->edit_category_view()
11 SYSTEMPATH/CodeIgniter.php(502): CodeIgniter\CodeIgniter->runController()
12 SYSTEMPATH/CodeIgniter.php(361): CodeIgniter\CodeIgniter->handleRequest()
13 FCPATH/index.php(79): CodeIgniter\CodeIgniter->run()
CRITICAL - 2024-09-29 08:02:40 --> Attempt to read property "popular_category" on null
in APPPATH/Views/admin/category_edit.php on line 50.
 1 APPPATH/Views/admin/category_edit.php(50): CodeIgniter\Debug\Exceptions->errorHandler()
 2 SYSTEMPATH/View/View.php(228): include('/home/u613340721/domains/gruballergy.com/public_html/app/Views/admin/category_edit.php')
 3 SYSTEMPATH/View/View.php(231): CodeIgniter\View\View->CodeIgniter\View\{closure}()
 4 SYSTEMPATH/Common.php(1190): CodeIgniter\View\View->render()
 5 APPPATH/Views/admin/admin_layout.php(9): view()
 6 SYSTEMPATH/View/View.php(228): include('/home/u613340721/domains/gruballergy.com/public_html/app/Views/admin/admin_layout.php')
 7 SYSTEMPATH/View/View.php(231): CodeIgniter\View\View->CodeIgniter\View\{closure}()
 8 SYSTEMPATH/Common.php(1190): CodeIgniter\View\View->render()
 9 APPPATH/Controllers/Admin_Controller.php(2045): view()
10 SYSTEMPATH/CodeIgniter.php(942): App\Controllers\Admin_Controller->edit_category_view()
11 SYSTEMPATH/CodeIgniter.php(502): CodeIgniter\CodeIgniter->runController()
12 SYSTEMPATH/CodeIgniter.php(361): CodeIgniter\CodeIgniter->handleRequest()
13 FCPATH/index.php(79): CodeIgniter\CodeIgniter->run()
CRITICAL - 2024-09-29 13:33:07 --> Attempt to read property "c_id" on null
in APPPATH/Controllers/Site_Controller.php on line 841.
 1 APPPATH/Controllers/Site_Controller.php(841): CodeIgniter\Debug\Exceptions->errorHandler()
 2 APPPATH/Controllers/Site_Controller.php(419): App\Controllers\Site_Controller->category_visedisplay_recipes()
 3 SYSTEMPATH/CodeIgniter.php(942): App\Controllers\Site_Controller->recipe_or_category()
 4 SYSTEMPATH/CodeIgniter.php(502): CodeIgniter\CodeIgniter->runController()
 5 SYSTEMPATH/CodeIgniter.php(361): CodeIgniter\CodeIgniter->handleRequest()
 6 FCPATH/index.php(79): CodeIgniter\CodeIgniter->run()
CRITICAL - 2024-09-29 08:04:38 --> Attempt to read property "popular_category" on null
in APPPATH/Views/admin/category_edit.php on line 50.
 1 APPPATH/Views/admin/category_edit.php(50): CodeIgniter\Debug\Exceptions->errorHandler()
 2 SYSTEMPATH/View/View.php(228): include('/home/u613340721/domains/gruballergy.com/public_html/app/Views/admin/category_edit.php')
 3 SYSTEMPATH/View/View.php(231): CodeIgniter\View\View->CodeIgniter\View\{closure}()
 4 SYSTEMPATH/Common.php(1190): CodeIgniter\View\View->render()
 5 APPPATH/Views/admin/admin_layout.php(9): view()
 6 SYSTEMPATH/View/View.php(228): include('/home/u613340721/domains/gruballergy.com/public_html/app/Views/admin/admin_layout.php')
 7 SYSTEMPATH/View/View.php(231): CodeIgniter\View\View->CodeIgniter\View\{closure}()
 8 SYSTEMPATH/Common.php(1190): CodeIgniter\View\View->render()
 9 APPPATH/Controllers/Admin_Controller.php(2045): view()
10 SYSTEMPATH/CodeIgniter.php(942): App\Controllers\Admin_Controller->edit_category_view()
11 SYSTEMPATH/CodeIgniter.php(502): CodeIgniter\CodeIgniter->runController()
12 SYSTEMPATH/CodeIgniter.php(361): CodeIgniter\CodeIgniter->handleRequest()
13 FCPATH/index.php(79): CodeIgniter\CodeIgniter->run()
CRITICAL - 2024-09-29 14:13:01 --> Trying to access array offset on value of type null
in APPPATH/Controllers/Site_Controller.php on line 1391.
 1 APPPATH/Controllers/Site_Controller.php(1391): CodeIgniter\Debug\Exceptions->errorHandler()
 2 APPPATH/Controllers/Site_Controller.php(1364): App\Controllers\Site_Controller->blog_details()
 3 SYSTEMPATH/CodeIgniter.php(942): App\Controllers\Site_Controller->blog_mapurl()
 4 SYSTEMPATH/CodeIgniter.php(502): CodeIgniter\CodeIgniter->runController()
 5 SYSTEMPATH/CodeIgniter.php(361): CodeIgniter\CodeIgniter->handleRequest()
 6 FCPATH/index.php(79): CodeIgniter\CodeIgniter->run()
CRITICAL - 2024-09-29 15:04:55 --> Attempt to read property "c_id" on null
in APPPATH/Controllers/Site_Controller.php on line 841.
 1 APPPATH/Controllers/Site_Controller.php(841): CodeIgniter\Debug\Exceptions->errorHandler()
 2 APPPATH/Controllers/Site_Controller.php(419): App\Controllers\Site_Controller->category_visedisplay_recipes()
 3 SYSTEMPATH/CodeIgniter.php(942): App\Controllers\Site_Controller->recipe_or_category()
 4 SYSTEMPATH/CodeIgniter.php(502): CodeIgniter\CodeIgniter->runController()
 5 SYSTEMPATH/CodeIgniter.php(361): CodeIgniter\CodeIgniter->handleRequest()
 6 FCPATH/index.php(79): CodeIgniter\CodeIgniter->run()
CRITICAL - 2024-09-29 15:07:48 --> Attempt to read property "c_id" on null
in APPPATH/Controllers/Site_Controller.php on line 841.
 1 APPPATH/Controllers/Site_Controller.php(841): CodeIgniter\Debug\Exceptions->errorHandler()
 2 APPPATH/Controllers/Site_Controller.php(419): App\Controllers\Site_Controller->category_visedisplay_recipes()
 3 SYSTEMPATH/CodeIgniter.php(942): App\Controllers\Site_Controller->recipe_or_category()
 4 SYSTEMPATH/CodeIgniter.php(502): CodeIgniter\CodeIgniter->runController()
 5 SYSTEMPATH/CodeIgniter.php(361): CodeIgniter\CodeIgniter->handleRequest()
 6 FCPATH/index.php(79): CodeIgniter\CodeIgniter->run()
CRITICAL - 2024-09-29 15:12:34 --> Attempt to read property "c_id" on null
in APPPATH/Controllers/Site_Controller.php on line 841.
 1 APPPATH/Controllers/Site_Controller.php(841): CodeIgniter\Debug\Exceptions->errorHandler()
 2 APPPATH/Controllers/Site_Controller.php(419): App\Controllers\Site_Controller->category_visedisplay_recipes()
 3 SYSTEMPATH/CodeIgniter.php(942): App\Controllers\Site_Controller->recipe_or_category()
 4 SYSTEMPATH/CodeIgniter.php(502): CodeIgniter\CodeIgniter->runController()
 5 SYSTEMPATH/CodeIgniter.php(361): CodeIgniter\CodeIgniter->handleRequest()
 6 FCPATH/index.php(79): CodeIgniter\CodeIgniter->run()
CRITICAL - 2024-09-29 15:19:27 --> Trying to access array offset on value of type null
in APPPATH/Controllers/Site_Controller.php on line 1391.
 1 APPPATH/Controllers/Site_Controller.php(1391): CodeIgniter\Debug\Exceptions->errorHandler()
 2 APPPATH/Controllers/Site_Controller.php(1364): App\Controllers\Site_Controller->blog_details()
 3 SYSTEMPATH/CodeIgniter.php(942): App\Controllers\Site_Controller->blog_mapurl()
 4 SYSTEMPATH/CodeIgniter.php(502): CodeIgniter\CodeIgniter->runController()
 5 SYSTEMPATH/CodeIgniter.php(361): CodeIgniter\CodeIgniter->handleRequest()
 6 FCPATH/index.php(79): CodeIgniter\CodeIgniter->run()
CRITICAL - 2024-09-29 15:47:12 --> Trying to access array offset on value of type null
in APPPATH/Controllers/Site_Controller.php on line 1391.
 1 APPPATH/Controllers/Site_Controller.php(1391): CodeIgniter\Debug\Exceptions->errorHandler()
 2 APPPATH/Controllers/Site_Controller.php(1364): App\Controllers\Site_Controller->blog_details()
 3 SYSTEMPATH/CodeIgniter.php(942): App\Controllers\Site_Controller->blog_mapurl()
 4 SYSTEMPATH/CodeIgniter.php(502): CodeIgniter\CodeIgniter->runController()
 5 SYSTEMPATH/CodeIgniter.php(361): CodeIgniter\CodeIgniter->handleRequest()
 6 FCPATH/index.php(79): CodeIgniter\CodeIgniter->run()
CRITICAL - 2024-09-29 16:05:50 --> Too few arguments to function App\Controllers\Site_Controller::category_visedisplay_recipes(), 0 passed in /home/u613340721/domains/gruballergy.com/public_html/system/CodeIgniter.php on line 942 and exactly 1 expected
in APPPATH/Controllers/Site_Controller.php on line 834.
 1 SYSTEMPATH/CodeIgniter.php(942): App\Controllers\Site_Controller->category_visedisplay_recipes()
 2 SYSTEMPATH/CodeIgniter.php(502): CodeIgniter\CodeIgniter->runController()
 3 SYSTEMPATH/CodeIgniter.php(361): CodeIgniter\CodeIgniter->handleRequest()
 4 FCPATH/index.php(79): CodeIgniter\CodeIgniter->run()
CRITICAL - 2024-09-29 16:23:38 --> Trying to access array offset on value of type null
in APPPATH/Controllers/Site_Controller.php on line 1391.
 1 APPPATH/Controllers/Site_Controller.php(1391): CodeIgniter\Debug\Exceptions->errorHandler()
 2 APPPATH/Controllers/Site_Controller.php(1364): App\Controllers\Site_Controller->blog_details()
 3 SYSTEMPATH/CodeIgniter.php(942): App\Controllers\Site_Controller->blog_mapurl()
 4 SYSTEMPATH/CodeIgniter.php(502): CodeIgniter\CodeIgniter->runController()
 5 SYSTEMPATH/CodeIgniter.php(361): CodeIgniter\CodeIgniter->handleRequest()
 6 FCPATH/index.php(79): CodeIgniter\CodeIgniter->run()
CRITICAL - 2024-09-29 18:21:15 --> Attempt to read property "c_id" on null
in APPPATH/Controllers/Site_Controller.php on line 841.
 1 APPPATH/Controllers/Site_Controller.php(841): CodeIgniter\Debug\Exceptions->errorHandler()
 2 APPPATH/Controllers/Site_Controller.php(419): App\Controllers\Site_Controller->category_visedisplay_recipes()
 3 SYSTEMPATH/CodeIgniter.php(942): App\Controllers\Site_Controller->recipe_or_category()
 4 SYSTEMPATH/CodeIgniter.php(502): CodeIgniter\CodeIgniter->runController()
 5 SYSTEMPATH/CodeIgniter.php(361): CodeIgniter\CodeIgniter->handleRequest()
 6 FCPATH/index.php(79): CodeIgniter\CodeIgniter->run()
CRITICAL - 2024-09-29 13:08:33 --> Attempt to read property "popular_category" on null
in APPPATH/Views/admin/category_edit.php on line 50.
 1 APPPATH/Views/admin/category_edit.php(50): CodeIgniter\Debug\Exceptions->errorHandler()
 2 SYSTEMPATH/View/View.php(228): include('/home/u613340721/domains/gruballergy.com/public_html/app/Views/admin/category_edit.php')
 3 SYSTEMPATH/View/View.php(231): CodeIgniter\View\View->CodeIgniter\View\{closure}()
 4 SYSTEMPATH/Common.php(1190): CodeIgniter\View\View->render()
 5 APPPATH/Views/admin/admin_layout.php(9): view()
 6 SYSTEMPATH/View/View.php(228): include('/home/u613340721/domains/gruballergy.com/public_html/app/Views/admin/admin_layout.php')
 7 SYSTEMPATH/View/View.php(231): CodeIgniter\View\View->CodeIgniter\View\{closure}()
 8 SYSTEMPATH/Common.php(1190): CodeIgniter\View\View->render()
 9 APPPATH/Controllers/Admin_Controller.php(2045): view()
10 SYSTEMPATH/CodeIgniter.php(942): App\Controllers\Admin_Controller->edit_category_view()
11 SYSTEMPATH/CodeIgniter.php(502): CodeIgniter\CodeIgniter->runController()
12 SYSTEMPATH/CodeIgniter.php(361): CodeIgniter\CodeIgniter->handleRequest()
13 FCPATH/index.php(79): CodeIgniter\CodeIgniter->run()
CRITICAL - 2024-09-29 18:47:54 --> Trying to access array offset on value of type null
in APPPATH/Controllers/Site_Controller.php on line 1391.
 1 APPPATH/Controllers/Site_Controller.php(1391): CodeIgniter\Debug\Exceptions->errorHandler()
 2 APPPATH/Controllers/Site_Controller.php(1364): App\Controllers\Site_Controller->blog_details()
 3 SYSTEMPATH/CodeIgniter.php(942): App\Controllers\Site_Controller->blog_mapurl()
 4 SYSTEMPATH/CodeIgniter.php(502): CodeIgniter\CodeIgniter->runController()
 5 SYSTEMPATH/CodeIgniter.php(361): CodeIgniter\CodeIgniter->handleRequest()
 6 FCPATH/index.php(79): CodeIgniter\CodeIgniter->run()
CRITICAL - 2024-09-29 19:15:02 --> Attempt to read property "c_id" on null
in APPPATH/Controllers/Site_Controller.php on line 841.
 1 APPPATH/Controllers/Site_Controller.php(841): CodeIgniter\Debug\Exceptions->errorHandler()
 2 APPPATH/Controllers/Site_Controller.php(419): App\Controllers\Site_Controller->category_visedisplay_recipes()
 3 SYSTEMPATH/CodeIgniter.php(942): App\Controllers\Site_Controller->recipe_or_category()
 4 SYSTEMPATH/CodeIgniter.php(502): CodeIgniter\CodeIgniter->runController()
 5 SYSTEMPATH/CodeIgniter.php(361): CodeIgniter\CodeIgniter->handleRequest()
 6 FCPATH/index.php(79): CodeIgniter\CodeIgniter->run()
CRITICAL - 2024-09-29 14:20:14 --> Call to undefined method App\Models\Gallery_Model::serach_img_get
in SYSTEMPATH/Model.php on line 873.
 1 APPPATH/Controllers/Admin_Controller.php(5621): CodeIgniter\Model->__call()
 2 SYSTEMPATH/CodeIgniter.php(942): App\Controllers\Admin_Controller->search_gallery_all()
 3 SYSTEMPATH/CodeIgniter.php(502): CodeIgniter\CodeIgniter->runController()
 4 SYSTEMPATH/CodeIgniter.php(361): CodeIgniter\CodeIgniter->handleRequest()
 5 FCPATH/index.php(79): CodeIgniter\CodeIgniter->run()
CRITICAL - 2024-09-29 15:27:04 --> Undefined variable $pager
in APPPATH/Views/admin/gallery.php on line 126.
 1 APPPATH/Views/admin/gallery.php(126): CodeIgniter\Debug\Exceptions->errorHandler()
 2 SYSTEMPATH/View/View.php(228): include('/home/u613340721/domains/gruballergy.com/public_html/app/Views/admin/gallery.php')
 3 SYSTEMPATH/View/View.php(231): CodeIgniter\View\View->CodeIgniter\View\{closure}()
 4 SYSTEMPATH/Common.php(1190): CodeIgniter\View\View->render()
 5 APPPATH/Views/admin/admin_layout.php(9): view()
 6 SYSTEMPATH/View/View.php(228): include('/home/u613340721/domains/gruballergy.com/public_html/app/Views/admin/admin_layout.php')
 7 SYSTEMPATH/View/View.php(231): CodeIgniter\View\View->CodeIgniter\View\{closure}()
 8 SYSTEMPATH/Common.php(1190): CodeIgniter\View\View->render()
 9 APPPATH/Controllers/Admin_Controller.php(5635): view()
10 SYSTEMPATH/CodeIgniter.php(942): App\Controllers\Admin_Controller->search_gallery_all()
11 SYSTEMPATH/CodeIgniter.php(502): CodeIgniter\CodeIgniter->runController()
12 SYSTEMPATH/CodeIgniter.php(361): CodeIgniter\CodeIgniter->handleRequest()
13 FCPATH/index.php(79): CodeIgniter\CodeIgniter->run()
CRITICAL - 2024-09-29 15:27:13 --> Undefined variable $pager
in APPPATH/Views/admin/gallery.php on line 126.
 1 APPPATH/Views/admin/gallery.php(126): CodeIgniter\Debug\Exceptions->errorHandler()
 2 SYSTEMPATH/View/View.php(228): include('/home/u613340721/domains/gruballergy.com/public_html/app/Views/admin/gallery.php')
 3 SYSTEMPATH/View/View.php(231): CodeIgniter\View\View->CodeIgniter\View\{closure}()
 4 SYSTEMPATH/Common.php(1190): CodeIgniter\View\View->render()
 5 APPPATH/Views/admin/admin_layout.php(9): view()
 6 SYSTEMPATH/View/View.php(228): include('/home/u613340721/domains/gruballergy.com/public_html/app/Views/admin/admin_layout.php')
 7 SYSTEMPATH/View/View.php(231): CodeIgniter\View\View->CodeIgniter\View\{closure}()
 8 SYSTEMPATH/Common.php(1190): CodeIgniter\View\View->render()
 9 APPPATH/Controllers/Admin_Controller.php(5635): view()
10 SYSTEMPATH/CodeIgniter.php(942): App\Controllers\Admin_Controller->search_gallery_all()
11 SYSTEMPATH/CodeIgniter.php(502): CodeIgniter\CodeIgniter->runController()
12 SYSTEMPATH/CodeIgniter.php(361): CodeIgniter\CodeIgniter->handleRequest()
13 FCPATH/index.php(79): CodeIgniter\CodeIgniter->run()
CRITICAL - 2024-09-29 15:29:54 --> Undefined variable $pager
in APPPATH/Views/admin/gallery.php on line 126.
 1 APPPATH/Views/admin/gallery.php(126): CodeIgniter\Debug\Exceptions->errorHandler()
 2 SYSTEMPATH/View/View.php(228): include('/home/u613340721/domains/gruballergy.com/public_html/app/Views/admin/gallery.php')
 3 SYSTEMPATH/View/View.php(231): CodeIgniter\View\View->CodeIgniter\View\{closure}()
 4 SYSTEMPATH/Common.php(1190): CodeIgniter\View\View->render()
 5 APPPATH/Views/admin/admin_layout.php(9): view()
 6 SYSTEMPATH/View/View.php(228): include('/home/u613340721/domains/gruballergy.com/public_html/app/Views/admin/admin_layout.php')
 7 SYSTEMPATH/View/View.php(231): CodeIgniter\View\View->CodeIgniter\View\{closure}()
 8 SYSTEMPATH/Common.php(1190): CodeIgniter\View\View->render()
 9 APPPATH/Controllers/Admin_Controller.php(5635): view()
10 SYSTEMPATH/CodeIgniter.php(942): App\Controllers\Admin_Controller->search_gallery_all()
11 SYSTEMPATH/CodeIgniter.php(502): CodeIgniter\CodeIgniter->runController()
12 SYSTEMPATH/CodeIgniter.php(361): CodeIgniter\CodeIgniter->handleRequest()
13 FCPATH/index.php(79): CodeIgniter\CodeIgniter->run()
CRITICAL - 2024-09-29 15:29:57 --> Undefined array key "image"
in APPPATH/Views/admin/gallery.php on line 105.
 1 APPPATH/Views/admin/gallery.php(105): CodeIgniter\Debug\Exceptions->errorHandler()
 2 SYSTEMPATH/View/View.php(228): include('/home/u613340721/domains/gruballergy.com/public_html/app/Views/admin/gallery.php')
 3 SYSTEMPATH/View/View.php(231): CodeIgniter\View\View->CodeIgniter\View\{closure}()
 4 SYSTEMPATH/Common.php(1190): CodeIgniter\View\View->render()
 5 APPPATH/Views/admin/admin_layout.php(9): view()
 6 SYSTEMPATH/View/View.php(228): include('/home/u613340721/domains/gruballergy.com/public_html/app/Views/admin/admin_layout.php')
 7 SYSTEMPATH/View/View.php(231): CodeIgniter\View\View->CodeIgniter\View\{closure}()
 8 SYSTEMPATH/Common.php(1190): CodeIgniter\View\View->render()
 9 APPPATH/Controllers/Admin_Controller.php(5635): view()
10 SYSTEMPATH/CodeIgniter.php(942): App\Controllers\Admin_Controller->search_gallery_all()
11 SYSTEMPATH/CodeIgniter.php(502): CodeIgniter\CodeIgniter->runController()
12 SYSTEMPATH/CodeIgniter.php(361): CodeIgniter\CodeIgniter->handleRequest()
13 FCPATH/index.php(79): CodeIgniter\CodeIgniter->run()
CRITICAL - 2024-09-29 15:40:52 --> syntax error, unexpected token "public"
in APPPATH/Controllers/Admin_Controller.php on line 5673.
 1 SYSTEMPATH/Autoloader/Autoloader.php(291): CodeIgniter\Autoloader\Autoloader->includeFile()
 2 SYSTEMPATH/Autoloader/Autoloader.php(269): CodeIgniter\Autoloader\Autoloader->loadInNamespace()
 3 [internal function]: CodeIgniter\Autoloader\Autoloader->loadClass()
 4 SYSTEMPATH/CodeIgniter.php(900): class_exists()
 5 SYSTEMPATH/CodeIgniter.php(489): CodeIgniter\CodeIgniter->startController()
 6 SYSTEMPATH/CodeIgniter.php(361): CodeIgniter\CodeIgniter->handleRequest()
 7 FCPATH/index.php(79): CodeIgniter\CodeIgniter->run()
CRITICAL - 2024-09-29 15:49:59 --> Class "App\Controllers\RecursiveDirectoryIterator" not found
in APPPATH/Controllers/Admin_Controller.php on line 5619.
 1 APPPATH/Controllers/Admin_Controller.php(5659): App\Controllers\Admin_Controller->getAllImages()
 2 SYSTEMPATH/CodeIgniter.php(942): App\Controllers\Admin_Controller->gallery_view_section()
 3 SYSTEMPATH/CodeIgniter.php(502): CodeIgniter\CodeIgniter->runController()
 4 SYSTEMPATH/CodeIgniter.php(361): CodeIgniter\CodeIgniter->handleRequest()
 5 FCPATH/index.php(79): CodeIgniter\CodeIgniter->run()
CRITICAL - 2024-09-29 16:09:01 --> Undefined variable $allImages
in APPPATH/Controllers/Admin_Controller.php on line 5667.
 1 APPPATH/Controllers/Admin_Controller.php(5667): CodeIgniter\Debug\Exceptions->errorHandler()
 2 SYSTEMPATH/CodeIgniter.php(942): App\Controllers\Admin_Controller->gallery_view_section()
 3 SYSTEMPATH/CodeIgniter.php(502): CodeIgniter\CodeIgniter->runController()
 4 SYSTEMPATH/CodeIgniter.php(361): CodeIgniter\CodeIgniter->handleRequest()
 5 FCPATH/index.php(79): CodeIgniter\CodeIgniter->run()
CRITICAL - 2024-09-29 16:09:08 --> Undefined variable $allImages
in APPPATH/Controllers/Admin_Controller.php on line 5667.
 1 APPPATH/Controllers/Admin_Controller.php(5667): CodeIgniter\Debug\Exceptions->errorHandler()
 2 SYSTEMPATH/CodeIgniter.php(942): App\Controllers\Admin_Controller->gallery_view_section()
 3 SYSTEMPATH/CodeIgniter.php(502): CodeIgniter\CodeIgniter->runController()
 4 SYSTEMPATH/CodeIgniter.php(361): CodeIgniter\CodeIgniter->handleRequest()
 5 FCPATH/index.php(79): CodeIgniter\CodeIgniter->run()
CRITICAL - 2024-09-29 16:19:12 --> strpos(): Argument #1 ($haystack) must be of type string, array given
in APPPATH/Controllers/Admin_Controller.php on line 5667.
 1 APPPATH/Controllers/Admin_Controller.php(5667): strpos()
 2 SYSTEMPATH/CodeIgniter.php(942): App\Controllers\Admin_Controller->gallery_view_section()
 3 SYSTEMPATH/CodeIgniter.php(502): CodeIgniter\CodeIgniter->runController()
 4 SYSTEMPATH/CodeIgniter.php(361): CodeIgniter\CodeIgniter->handleRequest()
 5 FCPATH/index.php(79): CodeIgniter\CodeIgniter->run()
ERROR - 2024-09-29 16:42:59 --> mysqli_sql_exception: You have an error in your SQL syntax; check the manual that corresponds to your MariaDB server version for the right syntax to use near '0, 1, 2, 3, 4, 5, 6, 7, 8, 9, 10, 11, 12, 13, 14, 15, 16, 17, 18, 19, 20, 21,...' at line 1 in /home/u613340721/domains/gruballergy.com/public_html/system/Database/MySQLi/Connection.php:306
Stack trace:
#0 /home/u613340721/domains/gruballergy.com/public_html/system/Database/MySQLi/Connection.php(306): mysqli->query()
#1 /home/u613340721/domains/gruballergy.com/public_html/system/Database/BaseConnection.php(693): CodeIgniter\Database\MySQLi\Connection->execute()
#2 /home/u613340721/domains/gruballergy.com/public_html/system/Database/BaseConnection.php(607): CodeIgniter\Database\BaseConnection->simpleQuery()
#3 /home/u613340721/domains/gruballergy.com/public_html/system/Database/BaseBuilder.php(2308): CodeIgniter\Database\BaseConnection->query()
#4 /home/u613340721/domains/gruballergy.com/public_html/app/Controllers/Admin_Controller.php(5664): CodeIgniter\Database\BaseBuilder->insert()
#5 /home/u613340721/domains/gruballergy.com/public_html/app/Controllers/Admin_Controller.php(5678): App\Controllers\Admin_Controller->call_get_and_insert_img()
#6 /home/u613340721/domains/gruballergy.com/public_html/system/CodeIgniter.php(942): App\Controllers\Admin_Controller->gallery_view_section()
#7 /home/u613340721/domains/gruballergy.com/public_html/system/CodeIgniter.php(502): CodeIgniter\CodeIgniter->runController()
#8 /home/u613340721/domains/gruballergy.com/public_html/system/CodeIgniter.php(361): CodeIgniter\CodeIgniter->handleRequest()
#9 /home/u613340721/domains/gruballergy.com/public_html/index.php(79): CodeIgniter\CodeIgniter->run()
#10 {main}
CRITICAL - 2024-09-29 16:42:59 --> You have an error in your SQL syntax; check the manual that corresponds to your MariaDB server version for the right syntax to use near '0, 1, 2, 3, 4, 5, 6, 7, 8, 9, 10, 11, 12, 13, 14, 15, 16, 17, 18, 19, 20, 21,...' at line 1
in SYSTEMPATH/Database/BaseConnection.php on line 647.
 1 SYSTEMPATH/Database/BaseBuilder.php(2308): CodeIgniter\Database\BaseConnection->query()
 2 APPPATH/Controllers/Admin_Controller.php(5664): CodeIgniter\Database\BaseBuilder->insert()
 3 APPPATH/Controllers/Admin_Controller.php(5678): App\Controllers\Admin_Controller->call_get_and_insert_img()
 4 SYSTEMPATH/CodeIgniter.php(942): App\Controllers\Admin_Controller->gallery_view_section()
 5 SYSTEMPATH/CodeIgniter.php(502): CodeIgniter\CodeIgniter->runController()
 6 SYSTEMPATH/CodeIgniter.php(361): CodeIgniter\CodeIgniter->handleRequest()
 7 FCPATH/index.php(79): CodeIgniter\CodeIgniter->run()
ERROR - 2024-09-29 16:43:47 --> mysqli_sql_exception: Operand should contain 1 column(s) in /home/u613340721/domains/gruballergy.com/public_html/system/Database/MySQLi/Connection.php:306
Stack trace:
#0 /home/u613340721/domains/gruballergy.com/public_html/system/Database/MySQLi/Connection.php(306): mysqli->query()
#1 /home/u613340721/domains/gruballergy.com/public_html/system/Database/BaseConnection.php(693): CodeIgniter\Database\MySQLi\Connection->execute()
#2 /home/u613340721/domains/gruballergy.com/public_html/system/Database/BaseConnection.php(607): CodeIgniter\Database\BaseConnection->simpleQuery()
#3 /home/u613340721/domains/gruballergy.com/public_html/system/Database/BaseBuilder.php(2308): CodeIgniter\Database\BaseConnection->query()
#4 /home/u613340721/domains/gruballergy.com/public_html/app/Controllers/Admin_Controller.php(5664): CodeIgniter\Database\BaseBuilder->insert()
#5 /home/u613340721/domains/gruballergy.com/public_html/app/Controllers/Admin_Controller.php(5678): App\Controllers\Admin_Controller->call_get_and_insert_img()
#6 /home/u613340721/domains/gruballergy.com/public_html/system/CodeIgniter.php(942): App\Controllers\Admin_Controller->gallery_view_section()
#7 /home/u613340721/domains/gruballergy.com/public_html/system/CodeIgniter.php(502): CodeIgniter\CodeIgniter->runController()
#8 /home/u613340721/domains/gruballergy.com/public_html/system/CodeIgniter.php(361): CodeIgniter\CodeIgniter->handleRequest()
#9 /home/u613340721/domains/gruballergy.com/public_html/index.php(79): CodeIgniter\CodeIgniter->run()
#10 {main}
CRITICAL - 2024-09-29 16:43:47 --> Operand should contain 1 column(s)
in SYSTEMPATH/Database/BaseConnection.php on line 647.
 1 SYSTEMPATH/Database/BaseBuilder.php(2308): CodeIgniter\Database\BaseConnection->query()
 2 APPPATH/Controllers/Admin_Controller.php(5664): CodeIgniter\Database\BaseBuilder->insert()
 3 APPPATH/Controllers/Admin_Controller.php(5678): App\Controllers\Admin_Controller->call_get_and_insert_img()
 4 SYSTEMPATH/CodeIgniter.php(942): App\Controllers\Admin_Controller->gallery_view_section()
 5 SYSTEMPATH/CodeIgniter.php(502): CodeIgniter\CodeIgniter->runController()
 6 SYSTEMPATH/CodeIgniter.php(361): CodeIgniter\CodeIgniter->handleRequest()
 7 FCPATH/index.php(79): CodeIgniter\CodeIgniter->run()
CRITICAL - 2024-09-29 17:11:16 --> Object of class stdClass could not be converted to string
in APPPATH/Controllers/Admin_Controller.php on line 5683.
 1 APPPATH/Controllers/Admin_Controller.php(5702): App\Controllers\Admin_Controller->call_get_and_insert_img()
 2 SYSTEMPATH/CodeIgniter.php(942): App\Controllers\Admin_Controller->gallery_view_section()
 3 SYSTEMPATH/CodeIgniter.php(502): CodeIgniter\CodeIgniter->runController()
 4 SYSTEMPATH/CodeIgniter.php(361): CodeIgniter\CodeIgniter->handleRequest()
 5 FCPATH/index.php(79): CodeIgniter\CodeIgniter->run()
ERROR - 2024-09-29 18:50:16 --> mysqli_sql_exception: Unknown column 'all_project_images*' in 'field list' in /home/u613340721/domains/gruballergy.com/public_html/system/Database/MySQLi/Connection.php:306
Stack trace:
#0 /home/u613340721/domains/gruballergy.com/public_html/system/Database/MySQLi/Connection.php(306): mysqli->query()
#1 /home/u613340721/domains/gruballergy.com/public_html/system/Database/BaseConnection.php(693): CodeIgniter\Database\MySQLi\Connection->execute()
#2 /home/u613340721/domains/gruballergy.com/public_html/system/Database/BaseConnection.php(607): CodeIgniter\Database\BaseConnection->simpleQuery()
#3 /home/u613340721/domains/gruballergy.com/public_html/system/Database/BaseBuilder.php(1615): CodeIgniter\Database\BaseConnection->query()
#4 /home/u613340721/domains/gruballergy.com/public_html/system/Model.php(237): CodeIgniter\Database\BaseBuilder->get()
#5 /home/u613340721/domains/gruballergy.com/public_html/system/BaseModel.php(624): CodeIgniter\Model->doFindAll()
#6 /home/u613340721/domains/gruballergy.com/public_html/system/BaseModel.php(1207): CodeIgniter\BaseModel->findAll()
#7 /home/u613340721/domains/gruballergy.com/public_html/app/Models/img_all_project.php(49): CodeIgniter\BaseModel->paginate()
#8 /home/u613340721/domains/gruballergy.com/public_html/app/Controllers/Admin_Controller.php(5718): App\Models\img_all_project->all_project_search_img_get_without_paramter()
#9 /home/u613340721/domains/gruballergy.com/public_html/system/CodeIgniter.php(942): App\Controllers\Admin_Controller->gallery_view_section()
#10 /home/u613340721/domains/gruballergy.com/public_html/system/CodeIgniter.php(502): CodeIgniter\CodeIgniter->runController()
#11 /home/u613340721/domains/gruballergy.com/public_html/system/CodeIgniter.php(361): CodeIgniter\CodeIgniter->handleRequest()
#12 /home/u613340721/domains/gruballergy.com/public_html/index.php(79): CodeIgniter\CodeIgniter->run()
#13 {main}
CRITICAL - 2024-09-29 18:50:16 --> Unknown column 'all_project_images*' in 'field list'
in SYSTEMPATH/Database/BaseConnection.php on line 647.
 1 SYSTEMPATH/Database/BaseBuilder.php(1615): CodeIgniter\Database\BaseConnection->query()
 2 SYSTEMPATH/Model.php(237): CodeIgniter\Database\BaseBuilder->get()
 3 SYSTEMPATH/BaseModel.php(624): CodeIgniter\Model->doFindAll()
 4 SYSTEMPATH/BaseModel.php(1207): CodeIgniter\BaseModel->findAll()
 5 APPPATH/Models/img_all_project.php(49): CodeIgniter\BaseModel->paginate()
 6 APPPATH/Controllers/Admin_Controller.php(5718): App\Models\img_all_project->all_project_search_img_get_without_paramter()
 7 SYSTEMPATH/CodeIgniter.php(942): App\Controllers\Admin_Controller->gallery_view_section()
 8 SYSTEMPATH/CodeIgniter.php(502): CodeIgniter\CodeIgniter->runController()
 9 SYSTEMPATH/CodeIgniter.php(361): CodeIgniter\CodeIgniter->handleRequest()
10 FCPATH/index.php(79): CodeIgniter\CodeIgniter->run()
CRITICAL - 2024-09-29 18:51:03 --> Undefined array key "image"
in APPPATH/Views/admin/gallery.php on line 105.
 1 APPPATH/Views/admin/gallery.php(105): CodeIgniter\Debug\Exceptions->errorHandler()
 2 SYSTEMPATH/View/View.php(228): include('/home/u613340721/domains/gruballergy.com/public_html/app/Views/admin/gallery.php')
 3 SYSTEMPATH/View/View.php(231): CodeIgniter\View\View->CodeIgniter\View\{closure}()
 4 SYSTEMPATH/Common.php(1190): CodeIgniter\View\View->render()
 5 APPPATH/Views/admin/admin_layout.php(9): view()
 6 SYSTEMPATH/View/View.php(228): include('/home/u613340721/domains/gruballergy.com/public_html/app/Views/admin/admin_layout.php')
 7 SYSTEMPATH/View/View.php(231): CodeIgniter\View\View->CodeIgniter\View\{closure}()
 8 SYSTEMPATH/Common.php(1190): CodeIgniter\View\View->render()
 9 APPPATH/Controllers/Admin_Controller.php(5739): view()
10 SYSTEMPATH/CodeIgniter.php(942): App\Controllers\Admin_Controller->gallery_view_section()
11 SYSTEMPATH/CodeIgniter.php(502): CodeIgniter\CodeIgniter->runController()
12 SYSTEMPATH/CodeIgniter.php(361): CodeIgniter\CodeIgniter->handleRequest()
13 FCPATH/index.php(79): CodeIgniter\CodeIgniter->run()
