CRITICAL - 2024-05-12 05:56:26 --> Undefined variable $imagename
in APPPATH\Controllers\Admin_Controller.php on line 479.
 1 APPPATH\Controllers\Admin_Controller.php(479): CodeIgniter\Debug\Exceptions->errorHandler(2, 'Undefined variable $imagename', 'C:\\xampp\\htdocs\\ci4\\gruballergy\\app\\Controllers\\Admin_Controller.php', 479)
 2 SYSTEMPATH\CodeIgniter.php(942): App\Controllers\Admin_Controller->add_category()
 3 SYSTEMPATH\CodeIgniter.php(502): CodeIgniter\CodeIgniter->runController(Object(App\Controllers\Admin_Controller))
 4 SYSTEMPATH\CodeIgniter.php(361): CodeIgniter\CodeIgniter->handleRequest(null, Object(Config\Cache), false)
 5 FCPATH\index.php(79): CodeIgniter\CodeIgniter->run()
ERROR - 2024-05-12 05:56:56 --> mysqli_sql_exception: Unknown column 're_category' in 'where clause' in C:\xampp\htdocs\ci4\gruballergy\system\Database\MySQLi\Connection.php:306
Stack trace:
#0 C:\xampp\htdocs\ci4\gruballergy\system\Database\MySQLi\Connection.php(306): mysqli->query('select re_id fr...', 0)
#1 C:\xampp\htdocs\ci4\gruballergy\system\Database\BaseConnection.php(693): CodeIgniter\Database\MySQLi\Connection->execute('select re_id fr...')
#2 C:\xampp\htdocs\ci4\gruballergy\system\Database\BaseConnection.php(607): CodeIgniter\Database\BaseConnection->simpleQuery('select re_id fr...')
#3 C:\xampp\htdocs\ci4\gruballergy\app\Models\Category_Model.php(77): CodeIgniter\Database\BaseConnection->query('select re_id fr...')
#4 C:\xampp\htdocs\ci4\gruballergy\app\Controllers\Admin_Controller.php(577): App\Models\Category_Model->category_deletedata('15')
#5 C:\xampp\htdocs\ci4\gruballergy\system\CodeIgniter.php(942): App\Controllers\Admin_Controller->category_delete()
#6 C:\xampp\htdocs\ci4\gruballergy\system\CodeIgniter.php(502): CodeIgniter\CodeIgniter->runController(Object(App\Controllers\Admin_Controller))
#7 C:\xampp\htdocs\ci4\gruballergy\system\CodeIgniter.php(361): CodeIgniter\CodeIgniter->handleRequest(NULL, Object(Config\Cache), false)
#8 C:\xampp\htdocs\ci4\gruballergy\index.php(79): CodeIgniter\CodeIgniter->run()
#9 {main}
CRITICAL - 2024-05-12 05:56:56 --> Unknown column 're_category' in 'where clause'
in SYSTEMPATH\Database\BaseConnection.php on line 647.
 1 APPPATH\Models\Category_Model.php(77): CodeIgniter\Database\BaseConnection->query('select re_id from recipes where active=1 and re_category="15"')
 2 APPPATH\Controllers\Admin_Controller.php(577): App\Models\Category_Model->category_deletedata('15')
 3 SYSTEMPATH\CodeIgniter.php(942): App\Controllers\Admin_Controller->category_delete()
 4 SYSTEMPATH\CodeIgniter.php(502): CodeIgniter\CodeIgniter->runController(Object(App\Controllers\Admin_Controller))
 5 SYSTEMPATH\CodeIgniter.php(361): CodeIgniter\CodeIgniter->handleRequest(null, Object(Config\Cache), false)
 6 FCPATH\index.php(79): CodeIgniter\CodeIgniter->run()
CRITICAL - 2024-05-12 06:04:18 --> Undefined array key "re_title"
in APPPATH\Controllers\Admin_Controller.php on line 258.
 1 APPPATH\Controllers\Admin_Controller.php(258): CodeIgniter\Debug\Exceptions->errorHandler(2, 'Undefined array key "re_title"', 'C:\\xampp\\htdocs\\ci4\\gruballergy\\app\\Controllers\\Admin_Controller.php', 258)
 2 SYSTEMPATH\CodeIgniter.php(942): App\Controllers\Admin_Controller->addrecipes_insert()
 3 SYSTEMPATH\CodeIgniter.php(502): CodeIgniter\CodeIgniter->runController(Object(App\Controllers\Admin_Controller))
 4 SYSTEMPATH\CodeIgniter.php(361): CodeIgniter\CodeIgniter->handleRequest(null, Object(Config\Cache), false)
 5 FCPATH\index.php(79): CodeIgniter\CodeIgniter->run()
CRITICAL - 2024-05-12 07:19:02 --> Undefined variable $subscriber_desending
in APPPATH\Views\admin\contactus.php on line 29.
 1 APPPATH\Views\admin\contactus.php(29): CodeIgniter\Debug\Exceptions->errorHandler(2, 'Undefined variable $subscriber_desending', 'C:\\xampp\\htdocs\\ci4\\gruballergy\\app\\Views\\admin\\contactus.php', 29)
 2 SYSTEMPATH\View\View.php(228): include('C:\\xampp\\htdocs\\ci4\\gruballergy\\app\\Views\\admin\\contactus.php')
 3 SYSTEMPATH\View\View.php(231): CodeIgniter\View\View->CodeIgniter\View\{closure}()
 4 SYSTEMPATH\Common.php(1190): CodeIgniter\View\View->render('admin/contactus', [], true)
 5 APPPATH\Views\admin\admin_layout.php(9): view('admin/contactus')
 6 SYSTEMPATH\View\View.php(228): include('C:\\xampp\\htdocs\\ci4\\gruballergy\\app\\Views\\admin\\admin_layout.php')
 7 SYSTEMPATH\View\View.php(231): CodeIgniter\View\View->CodeIgniter\View\{closure}()
 8 SYSTEMPATH\Common.php(1190): CodeIgniter\View\View->render('admin/admin_layout', [], true)
 9 APPPATH\Controllers\Admin_Controller.php(1018): view('admin/admin_layout', [...])
10 SYSTEMPATH\CodeIgniter.php(942): App\Controllers\Admin_Controller->contacus()
11 SYSTEMPATH\CodeIgniter.php(502): CodeIgniter\CodeIgniter->runController(Object(App\Controllers\Admin_Controller))
12 SYSTEMPATH\CodeIgniter.php(361): CodeIgniter\CodeIgniter->handleRequest(null, Object(Config\Cache), false)
13 FCPATH\index.php(79): CodeIgniter\CodeIgniter->run()
CRITICAL - 2024-05-12 15:09:50 --> Cannot redeclare App\Controllers\Admin_Controller::add_tag()
in APPPATH\Controllers\Admin_Controller.php on line 747.
 1 [internal function]: CodeIgniter\Debug\Exceptions->shutdownHandler()
CRITICAL - 2024-05-12 15:09:56 --> Cannot redeclare App\Controllers\Admin_Controller::add_tag()
in APPPATH\Controllers\Admin_Controller.php on line 747.
 1 [internal function]: CodeIgniter\Debug\Exceptions->shutdownHandler()
CRITICAL - 2024-05-12 15:10:00 --> Cannot redeclare App\Controllers\Admin_Controller::add_tag()
in APPPATH\Controllers\Admin_Controller.php on line 747.
 1 [internal function]: CodeIgniter\Debug\Exceptions->shutdownHandler()
CRITICAL - 2024-05-12 15:13:23 --> Call to undefined method App\Models\Tag_Model::allarticle_desending
in SYSTEMPATH\Model.php on line 873.
 1 APPPATH\Controllers\Admin_Controller.php(734): CodeIgniter\Model->__call('allarticle_desending', [])
 2 SYSTEMPATH\CodeIgniter.php(942): App\Controllers\Admin_Controller->articlepage()
 3 SYSTEMPATH\CodeIgniter.php(502): CodeIgniter\CodeIgniter->runController(Object(App\Controllers\Admin_Controller))
 4 SYSTEMPATH\CodeIgniter.php(361): CodeIgniter\CodeIgniter->handleRequest(null, Object(Config\Cache), false)
 5 FCPATH\index.php(79): CodeIgniter\CodeIgniter->run()
CRITICAL - 2024-05-12 15:33:45 --> Call to undefined method App\Models\Tag_Model::allarticle_desending
in SYSTEMPATH\Model.php on line 873.
 1 APPPATH\Controllers\Admin_Controller.php(734): CodeIgniter\Model->__call('allarticle_desending', [])
 2 SYSTEMPATH\CodeIgniter.php(942): App\Controllers\Admin_Controller->articlepage()
 3 SYSTEMPATH\CodeIgniter.php(502): CodeIgniter\CodeIgniter->runController(Object(App\Controllers\Admin_Controller))
 4 SYSTEMPATH\CodeIgniter.php(361): CodeIgniter\CodeIgniter->handleRequest(null, Object(Config\Cache), false)
 5 FCPATH\index.php(79): CodeIgniter\CodeIgniter->run()
CRITICAL - 2024-05-12 16:31:17 --> Undefined array key "article_name"
in APPPATH\Controllers\Admin_Controller.php on line 757.
 1 APPPATH\Controllers\Admin_Controller.php(757): CodeIgniter\Debug\Exceptions->errorHandler(2, 'Undefined array key "article_name"', 'C:\\xampp\\htdocs\\ci4\\gruballergy\\app\\Controllers\\Admin_Controller.php', 757)
 2 SYSTEMPATH\CodeIgniter.php(942): App\Controllers\Admin_Controller->add_article()
 3 SYSTEMPATH\CodeIgniter.php(502): CodeIgniter\CodeIgniter->runController(Object(App\Controllers\Admin_Controller))
 4 SYSTEMPATH\CodeIgniter.php(361): CodeIgniter\CodeIgniter->handleRequest(null, Object(Config\Cache), false)
 5 FCPATH\index.php(79): CodeIgniter\CodeIgniter->run()
CRITICAL - 2024-05-12 16:42:21 --> Undefined variable $single_category
in APPPATH\Views\admin\edit_article.php on line 23.
 1 APPPATH\Views\admin\edit_article.php(23): CodeIgniter\Debug\Exceptions->errorHandler(2, 'Undefined variable $single_category', 'C:\\xampp\\htdocs\\ci4\\gruballergy\\app\\Views\\admin\\edit_article.php', 23)
 2 SYSTEMPATH\View\View.php(228): include('C:\\xampp\\htdocs\\ci4\\gruballergy\\app\\Views\\admin\\edit_article.php')
 3 SYSTEMPATH\View\View.php(231): CodeIgniter\View\View->CodeIgniter\View\{closure}()
 4 SYSTEMPATH\Common.php(1190): CodeIgniter\View\View->render('admin/edit_article', [], true)
 5 APPPATH\Views\admin\admin_layout.php(9): view('admin/edit_article')
 6 SYSTEMPATH\View\View.php(228): include('C:\\xampp\\htdocs\\ci4\\gruballergy\\app\\Views\\admin\\admin_layout.php')
 7 SYSTEMPATH\View\View.php(231): CodeIgniter\View\View->CodeIgniter\View\{closure}()
 8 SYSTEMPATH\Common.php(1190): CodeIgniter\View\View->render('admin/admin_layout', [], true)
 9 APPPATH\Controllers\Admin_Controller.php(759): view('admin/admin_layout', [...])
10 SYSTEMPATH\CodeIgniter.php(942): App\Controllers\Admin_Controller->add_article_view()
11 SYSTEMPATH\CodeIgniter.php(502): CodeIgniter\CodeIgniter->runController(Object(App\Controllers\Admin_Controller))
12 SYSTEMPATH\CodeIgniter.php(361): CodeIgniter\CodeIgniter->handleRequest(null, Object(Config\Cache), false)
13 FCPATH\index.php(79): CodeIgniter\CodeIgniter->run()
CRITICAL - 2024-05-12 17:38:45 --> Object of class stdClass could not be converted to string
in APPPATH\Controllers\Admin_Controller.php on line 816.
 1 SYSTEMPATH\CodeIgniter.php(942): App\Controllers\Admin_Controller->article_edit_view('test-123')
 2 SYSTEMPATH\CodeIgniter.php(502): CodeIgniter\CodeIgniter->runController(Object(App\Controllers\Admin_Controller))
 3 SYSTEMPATH\CodeIgniter.php(361): CodeIgniter\CodeIgniter->handleRequest(null, Object(Config\Cache), false)
 4 FCPATH\index.php(79): CodeIgniter\CodeIgniter->run()
CRITICAL - 2024-05-12 18:19:33 --> Object of class stdClass could not be converted to string
in APPPATH\Models\Article_Model.php on line 36.
 1 APPPATH\Controllers\Admin_Controller.php(816): App\Models\Article_Model->single_article_data(Object(stdClass))
 2 SYSTEMPATH\CodeIgniter.php(942): App\Controllers\Admin_Controller->article_edit_view('test-123')
 3 SYSTEMPATH\CodeIgniter.php(502): CodeIgniter\CodeIgniter->runController(Object(App\Controllers\Admin_Controller))
 4 SYSTEMPATH\CodeIgniter.php(361): CodeIgniter\CodeIgniter->handleRequest(null, Object(Config\Cache), false)
 5 FCPATH\index.php(79): CodeIgniter\CodeIgniter->run()
CRITICAL - 2024-05-12 18:19:38 --> Object of class stdClass could not be converted to string
in APPPATH\Models\Article_Model.php on line 36.
 1 APPPATH\Controllers\Admin_Controller.php(816): App\Models\Article_Model->single_article_data(Object(stdClass))
 2 SYSTEMPATH\CodeIgniter.php(942): App\Controllers\Admin_Controller->article_edit_view('test-123')
 3 SYSTEMPATH\CodeIgniter.php(502): CodeIgniter\CodeIgniter->runController(Object(App\Controllers\Admin_Controller))
 4 SYSTEMPATH\CodeIgniter.php(361): CodeIgniter\CodeIgniter->handleRequest(null, Object(Config\Cache), false)
 5 FCPATH\index.php(79): CodeIgniter\CodeIgniter->run()
CRITICAL - 2024-05-12 18:19:52 --> Object of class stdClass could not be converted to string
in APPPATH\Models\Article_Model.php on line 36.
 1 APPPATH\Controllers\Admin_Controller.php(816): App\Models\Article_Model->single_article_data(Object(stdClass))
 2 SYSTEMPATH\CodeIgniter.php(942): App\Controllers\Admin_Controller->article_edit_view('test-123')
 3 SYSTEMPATH\CodeIgniter.php(502): CodeIgniter\CodeIgniter->runController(Object(App\Controllers\Admin_Controller))
 4 SYSTEMPATH\CodeIgniter.php(361): CodeIgniter\CodeIgniter->handleRequest(null, Object(Config\Cache), false)
 5 FCPATH\index.php(79): CodeIgniter\CodeIgniter->run()
CRITICAL - 2024-05-12 18:23:16 --> Object of class stdClass could not be converted to string
in APPPATH\Models\Article_Model.php on line 36.
 1 APPPATH\Controllers\Admin_Controller.php(816): App\Models\Article_Model->single_article_data(Object(stdClass))
 2 SYSTEMPATH\CodeIgniter.php(942): App\Controllers\Admin_Controller->article_edit_view('test-123')
 3 SYSTEMPATH\CodeIgniter.php(502): CodeIgniter\CodeIgniter->runController(Object(App\Controllers\Admin_Controller))
 4 SYSTEMPATH\CodeIgniter.php(361): CodeIgniter\CodeIgniter->handleRequest(null, Object(Config\Cache), false)
 5 FCPATH\index.php(79): CodeIgniter\CodeIgniter->run()
CRITICAL - 2024-05-12 18:26:44 --> Object of class stdClass could not be converted to string
in APPPATH\Models\Article_Model.php on line 37.
 1 APPPATH\Controllers\Admin_Controller.php(816): App\Models\Article_Model->single_article_data(Object(stdClass))
 2 SYSTEMPATH\CodeIgniter.php(942): App\Controllers\Admin_Controller->article_edit_view('test-123')
 3 SYSTEMPATH\CodeIgniter.php(502): CodeIgniter\CodeIgniter->runController(Object(App\Controllers\Admin_Controller))
 4 SYSTEMPATH\CodeIgniter.php(361): CodeIgniter\CodeIgniter->handleRequest(null, Object(Config\Cache), false)
 5 FCPATH\index.php(79): CodeIgniter\CodeIgniter->run()
CRITICAL - 2024-05-12 18:38:36 --> Undefined array key "article_id"
in APPPATH\Controllers\Admin_Controller.php on line 839.
 1 APPPATH\Controllers\Admin_Controller.php(839): CodeIgniter\Debug\Exceptions->errorHandler(2, 'Undefined array key "article_id"', 'C:\\xampp\\htdocs\\ci4\\gruballergy\\app\\Controllers\\Admin_Controller.php', 839)
 2 SYSTEMPATH\CodeIgniter.php(942): App\Controllers\Admin_Controller->edit_article_logic()
 3 SYSTEMPATH\CodeIgniter.php(502): CodeIgniter\CodeIgniter->runController(Object(App\Controllers\Admin_Controller))
 4 SYSTEMPATH\CodeIgniter.php(361): CodeIgniter\CodeIgniter->handleRequest(null, Object(Config\Cache), false)
 5 FCPATH\index.php(79): CodeIgniter\CodeIgniter->run()
CRITICAL - 2024-05-12 18:39:20 --> Undefined variable $imagename
in APPPATH\Controllers\Admin_Controller.php on line 850.
 1 APPPATH\Controllers\Admin_Controller.php(850): CodeIgniter\Debug\Exceptions->errorHandler(2, 'Undefined variable $imagename', 'C:\\xampp\\htdocs\\ci4\\gruballergy\\app\\Controllers\\Admin_Controller.php', 850)
 2 SYSTEMPATH\CodeIgniter.php(942): App\Controllers\Admin_Controller->edit_article_logic()
 3 SYSTEMPATH\CodeIgniter.php(502): CodeIgniter\CodeIgniter->runController(Object(App\Controllers\Admin_Controller))
 4 SYSTEMPATH\CodeIgniter.php(361): CodeIgniter\CodeIgniter->handleRequest(null, Object(Config\Cache), false)
 5 FCPATH\index.php(79): CodeIgniter\CodeIgniter->run()
CRITICAL - 2024-05-12 18:40:02 --> Undefined variable $imagename
in APPPATH\Controllers\Admin_Controller.php on line 850.
 1 APPPATH\Controllers\Admin_Controller.php(850): CodeIgniter\Debug\Exceptions->errorHandler(2, 'Undefined variable $imagename', 'C:\\xampp\\htdocs\\ci4\\gruballergy\\app\\Controllers\\Admin_Controller.php', 850)
 2 SYSTEMPATH\CodeIgniter.php(942): App\Controllers\Admin_Controller->edit_article_logic()
 3 SYSTEMPATH\CodeIgniter.php(502): CodeIgniter\CodeIgniter->runController(Object(App\Controllers\Admin_Controller))
 4 SYSTEMPATH\CodeIgniter.php(361): CodeIgniter\CodeIgniter->handleRequest(null, Object(Config\Cache), false)
 5 FCPATH\index.php(79): CodeIgniter\CodeIgniter->run()
ERROR - 2024-05-12 18:43:12 --> mysqli_sql_exception: Unknown column 'article_image' in 'field list' in C:\xampp\htdocs\ci4\gruballergy\system\Database\MySQLi\Connection.php:306
Stack trace:
#0 C:\xampp\htdocs\ci4\gruballergy\system\Database\MySQLi\Connection.php(306): mysqli->query('select article_...', 0)
#1 C:\xampp\htdocs\ci4\gruballergy\system\Database\BaseConnection.php(693): CodeIgniter\Database\MySQLi\Connection->execute('select article_...')
#2 C:\xampp\htdocs\ci4\gruballergy\system\Database\BaseConnection.php(607): CodeIgniter\Database\BaseConnection->simpleQuery('select article_...')
#3 C:\xampp\htdocs\ci4\gruballergy\app\Controllers\Admin_Controller.php(848): CodeIgniter\Database\BaseConnection->query('select article_...')
#4 C:\xampp\htdocs\ci4\gruballergy\system\CodeIgniter.php(942): App\Controllers\Admin_Controller->edit_article_logic()
#5 C:\xampp\htdocs\ci4\gruballergy\system\CodeIgniter.php(502): CodeIgniter\CodeIgniter->runController(Object(App\Controllers\Admin_Controller))
#6 C:\xampp\htdocs\ci4\gruballergy\system\CodeIgniter.php(361): CodeIgniter\CodeIgniter->handleRequest(NULL, Object(Config\Cache), false)
#7 C:\xampp\htdocs\ci4\gruballergy\index.php(79): CodeIgniter\CodeIgniter->run()
#8 {main}
CRITICAL - 2024-05-12 18:43:12 --> Unknown column 'article_image' in 'field list'
in SYSTEMPATH\Database\BaseConnection.php on line 647.
 1 APPPATH\Controllers\Admin_Controller.php(848): CodeIgniter\Database\BaseConnection->query('select article_image from recipes where active=1 and article_id="1"')
 2 SYSTEMPATH\CodeIgniter.php(942): App\Controllers\Admin_Controller->edit_article_logic()
 3 SYSTEMPATH\CodeIgniter.php(502): CodeIgniter\CodeIgniter->runController(Object(App\Controllers\Admin_Controller))
 4 SYSTEMPATH\CodeIgniter.php(361): CodeIgniter\CodeIgniter->handleRequest(null, Object(Config\Cache), false)
 5 FCPATH\index.php(79): CodeIgniter\CodeIgniter->run()
ERROR - 2024-05-12 18:44:05 --> mysqli_sql_exception: Unknown column 'article_image' in 'field list' in C:\xampp\htdocs\ci4\gruballergy\system\Database\MySQLi\Connection.php:306
Stack trace:
#0 C:\xampp\htdocs\ci4\gruballergy\system\Database\MySQLi\Connection.php(306): mysqli->query('select article_...', 0)
#1 C:\xampp\htdocs\ci4\gruballergy\system\Database\BaseConnection.php(693): CodeIgniter\Database\MySQLi\Connection->execute('select article_...')
#2 C:\xampp\htdocs\ci4\gruballergy\system\Database\BaseConnection.php(607): CodeIgniter\Database\BaseConnection->simpleQuery('select article_...')
#3 C:\xampp\htdocs\ci4\gruballergy\app\Controllers\Admin_Controller.php(848): CodeIgniter\Database\BaseConnection->query('select article_...')
#4 C:\xampp\htdocs\ci4\gruballergy\system\CodeIgniter.php(942): App\Controllers\Admin_Controller->edit_article_logic()
#5 C:\xampp\htdocs\ci4\gruballergy\system\CodeIgniter.php(502): CodeIgniter\CodeIgniter->runController(Object(App\Controllers\Admin_Controller))
#6 C:\xampp\htdocs\ci4\gruballergy\system\CodeIgniter.php(361): CodeIgniter\CodeIgniter->handleRequest(NULL, Object(Config\Cache), false)
#7 C:\xampp\htdocs\ci4\gruballergy\index.php(79): CodeIgniter\CodeIgniter->run()
#8 {main}
CRITICAL - 2024-05-12 18:44:05 --> Unknown column 'article_image' in 'field list'
in SYSTEMPATH\Database\BaseConnection.php on line 647.
 1 APPPATH\Controllers\Admin_Controller.php(848): CodeIgniter\Database\BaseConnection->query('select article_image from recipes where active=1 and article_id="1"')
 2 SYSTEMPATH\CodeIgniter.php(942): App\Controllers\Admin_Controller->edit_article_logic()
 3 SYSTEMPATH\CodeIgniter.php(502): CodeIgniter\CodeIgniter->runController(Object(App\Controllers\Admin_Controller))
 4 SYSTEMPATH\CodeIgniter.php(361): CodeIgniter\CodeIgniter->handleRequest(null, Object(Config\Cache), false)
 5 FCPATH\index.php(79): CodeIgniter\CodeIgniter->run()
ERROR - 2024-05-12 18:45:52 --> mysqli_sql_exception: Unknown column 'article_image' in 'field list' in C:\xampp\htdocs\ci4\gruballergy\system\Database\MySQLi\Connection.php:306
Stack trace:
#0 C:\xampp\htdocs\ci4\gruballergy\system\Database\MySQLi\Connection.php(306): mysqli->query('select article_...', 0)
#1 C:\xampp\htdocs\ci4\gruballergy\system\Database\BaseConnection.php(693): CodeIgniter\Database\MySQLi\Connection->execute('select article_...')
#2 C:\xampp\htdocs\ci4\gruballergy\system\Database\BaseConnection.php(607): CodeIgniter\Database\BaseConnection->simpleQuery('select article_...')
#3 C:\xampp\htdocs\ci4\gruballergy\app\Controllers\Admin_Controller.php(848): CodeIgniter\Database\BaseConnection->query('select article_...')
#4 C:\xampp\htdocs\ci4\gruballergy\system\CodeIgniter.php(942): App\Controllers\Admin_Controller->edit_article_logic()
#5 C:\xampp\htdocs\ci4\gruballergy\system\CodeIgniter.php(502): CodeIgniter\CodeIgniter->runController(Object(App\Controllers\Admin_Controller))
#6 C:\xampp\htdocs\ci4\gruballergy\system\CodeIgniter.php(361): CodeIgniter\CodeIgniter->handleRequest(NULL, Object(Config\Cache), false)
#7 C:\xampp\htdocs\ci4\gruballergy\index.php(79): CodeIgniter\CodeIgniter->run()
#8 {main}
CRITICAL - 2024-05-12 18:45:52 --> Unknown column 'article_image' in 'field list'
in SYSTEMPATH\Database\BaseConnection.php on line 647.
 1 APPPATH\Controllers\Admin_Controller.php(848): CodeIgniter\Database\BaseConnection->query('select article_image from recipes where active=1 and article_id="1"')
 2 SYSTEMPATH\CodeIgniter.php(942): App\Controllers\Admin_Controller->edit_article_logic()
 3 SYSTEMPATH\CodeIgniter.php(502): CodeIgniter\CodeIgniter->runController(Object(App\Controllers\Admin_Controller))
 4 SYSTEMPATH\CodeIgniter.php(361): CodeIgniter\CodeIgniter->handleRequest(null, Object(Config\Cache), false)
 5 FCPATH\index.php(79): CodeIgniter\CodeIgniter->run()
ERROR - 2024-05-12 18:47:27 --> mysqli_sql_exception: Unknown column 'article_image' in 'field list' in C:\xampp\htdocs\ci4\gruballergy\system\Database\MySQLi\Connection.php:306
Stack trace:
#0 C:\xampp\htdocs\ci4\gruballergy\system\Database\MySQLi\Connection.php(306): mysqli->query('select article_...', 0)
#1 C:\xampp\htdocs\ci4\gruballergy\system\Database\BaseConnection.php(693): CodeIgniter\Database\MySQLi\Connection->execute('select article_...')
#2 C:\xampp\htdocs\ci4\gruballergy\system\Database\BaseConnection.php(607): CodeIgniter\Database\BaseConnection->simpleQuery('select article_...')
#3 C:\xampp\htdocs\ci4\gruballergy\app\Controllers\Admin_Controller.php(848): CodeIgniter\Database\BaseConnection->query('select article_...')
#4 C:\xampp\htdocs\ci4\gruballergy\system\CodeIgniter.php(942): App\Controllers\Admin_Controller->edit_article_logic()
#5 C:\xampp\htdocs\ci4\gruballergy\system\CodeIgniter.php(502): CodeIgniter\CodeIgniter->runController(Object(App\Controllers\Admin_Controller))
#6 C:\xampp\htdocs\ci4\gruballergy\system\CodeIgniter.php(361): CodeIgniter\CodeIgniter->handleRequest(NULL, Object(Config\Cache), false)
#7 C:\xampp\htdocs\ci4\gruballergy\index.php(79): CodeIgniter\CodeIgniter->run()
#8 {main}
CRITICAL - 2024-05-12 18:47:27 --> Unknown column 'article_image' in 'field list'
in SYSTEMPATH\Database\BaseConnection.php on line 647.
 1 APPPATH\Controllers\Admin_Controller.php(848): CodeIgniter\Database\BaseConnection->query('select article_image from recipes where active=1 and article_id="1"')
 2 SYSTEMPATH\CodeIgniter.php(942): App\Controllers\Admin_Controller->edit_article_logic()
 3 SYSTEMPATH\CodeIgniter.php(502): CodeIgniter\CodeIgniter->runController(Object(App\Controllers\Admin_Controller))
 4 SYSTEMPATH\CodeIgniter.php(361): CodeIgniter\CodeIgniter->handleRequest(null, Object(Config\Cache), false)
 5 FCPATH\index.php(79): CodeIgniter\CodeIgniter->run()
ERROR - 2024-05-12 18:50:37 --> mysqli_sql_exception: Unknown column 'article_image' in 'field list' in C:\xampp\htdocs\ci4\gruballergy\system\Database\MySQLi\Connection.php:306
Stack trace:
#0 C:\xampp\htdocs\ci4\gruballergy\system\Database\MySQLi\Connection.php(306): mysqli->query('select article_...', 0)
#1 C:\xampp\htdocs\ci4\gruballergy\system\Database\BaseConnection.php(693): CodeIgniter\Database\MySQLi\Connection->execute('select article_...')
#2 C:\xampp\htdocs\ci4\gruballergy\system\Database\BaseConnection.php(607): CodeIgniter\Database\BaseConnection->simpleQuery('select article_...')
#3 C:\xampp\htdocs\ci4\gruballergy\app\Controllers\Admin_Controller.php(849): CodeIgniter\Database\BaseConnection->query('select article_...')
#4 C:\xampp\htdocs\ci4\gruballergy\system\CodeIgniter.php(942): App\Controllers\Admin_Controller->edit_article_logic()
#5 C:\xampp\htdocs\ci4\gruballergy\system\CodeIgniter.php(502): CodeIgniter\CodeIgniter->runController(Object(App\Controllers\Admin_Controller))
#6 C:\xampp\htdocs\ci4\gruballergy\system\CodeIgniter.php(361): CodeIgniter\CodeIgniter->handleRequest(NULL, Object(Config\Cache), false)
#7 C:\xampp\htdocs\ci4\gruballergy\index.php(79): CodeIgniter\CodeIgniter->run()
#8 {main}
CRITICAL - 2024-05-12 18:50:37 --> Unknown column 'article_image' in 'field list'
in SYSTEMPATH\Database\BaseConnection.php on line 647.
 1 APPPATH\Controllers\Admin_Controller.php(849): CodeIgniter\Database\BaseConnection->query('select article_image from recipes where active=1 and article_id="1"')
 2 SYSTEMPATH\CodeIgniter.php(942): App\Controllers\Admin_Controller->edit_article_logic()
 3 SYSTEMPATH\CodeIgniter.php(502): CodeIgniter\CodeIgniter->runController(Object(App\Controllers\Admin_Controller))
 4 SYSTEMPATH\CodeIgniter.php(361): CodeIgniter\CodeIgniter->handleRequest(null, Object(Config\Cache), false)
 5 FCPATH\index.php(79): CodeIgniter\CodeIgniter->run()
ERROR - 2024-05-12 18:54:03 --> mysqli_sql_exception: Unknown column 'article_image' in 'field list' in C:\xampp\htdocs\ci4\gruballergy\system\Database\MySQLi\Connection.php:306
Stack trace:
#0 C:\xampp\htdocs\ci4\gruballergy\system\Database\MySQLi\Connection.php(306): mysqli->query('select article_...', 0)
#1 C:\xampp\htdocs\ci4\gruballergy\system\Database\BaseConnection.php(693): CodeIgniter\Database\MySQLi\Connection->execute('select article_...')
#2 C:\xampp\htdocs\ci4\gruballergy\system\Database\BaseConnection.php(607): CodeIgniter\Database\BaseConnection->simpleQuery('select article_...')
#3 C:\xampp\htdocs\ci4\gruballergy\app\Controllers\Admin_Controller.php(853): CodeIgniter\Database\BaseConnection->query('select article_...')
#4 C:\xampp\htdocs\ci4\gruballergy\system\CodeIgniter.php(942): App\Controllers\Admin_Controller->edit_article_logic()
#5 C:\xampp\htdocs\ci4\gruballergy\system\CodeIgniter.php(502): CodeIgniter\CodeIgniter->runController(Object(App\Controllers\Admin_Controller))
#6 C:\xampp\htdocs\ci4\gruballergy\system\CodeIgniter.php(361): CodeIgniter\CodeIgniter->handleRequest(NULL, Object(Config\Cache), false)
#7 C:\xampp\htdocs\ci4\gruballergy\index.php(79): CodeIgniter\CodeIgniter->run()
#8 {main}
CRITICAL - 2024-05-12 18:54:03 --> Unknown column 'article_image' in 'field list'
in SYSTEMPATH\Database\BaseConnection.php on line 647.
 1 APPPATH\Controllers\Admin_Controller.php(853): CodeIgniter\Database\BaseConnection->query('select article_image from recipes where active=1 and article_id="1"')
 2 SYSTEMPATH\CodeIgniter.php(942): App\Controllers\Admin_Controller->edit_article_logic()
 3 SYSTEMPATH\CodeIgniter.php(502): CodeIgniter\CodeIgniter->runController(Object(App\Controllers\Admin_Controller))
 4 SYSTEMPATH\CodeIgniter.php(361): CodeIgniter\CodeIgniter->handleRequest(null, Object(Config\Cache), false)
 5 FCPATH\index.php(79): CodeIgniter\CodeIgniter->run()
CRITICAL - 2024-05-12 18:58:24 --> Undefined variable $imagename
in APPPATH\Controllers\Admin_Controller.php on line 784.
 1 APPPATH\Controllers\Admin_Controller.php(784): CodeIgniter\Debug\Exceptions->errorHandler(2, 'Undefined variable $imagename', 'C:\\xampp\\htdocs\\ci4\\gruballergy\\app\\Controllers\\Admin_Controller.php', 784)
 2 SYSTEMPATH\CodeIgniter.php(942): App\Controllers\Admin_Controller->add_article_logic()
 3 SYSTEMPATH\CodeIgniter.php(502): CodeIgniter\CodeIgniter->runController(Object(App\Controllers\Admin_Controller))
 4 SYSTEMPATH\CodeIgniter.php(361): CodeIgniter\CodeIgniter->handleRequest(null, Object(Config\Cache), false)
 5 FCPATH\index.php(79): CodeIgniter\CodeIgniter->run()
