CRITICAL - 2024-07-08 05:15:59 --> Array to string conversion
in APPPATH\Views\admin\admin_home.php on line 377.
 1 APPPATH\Views\admin\admin_home.php(377): CodeIgniter\Debug\Exceptions->errorHandler(2, 'Array to string conversion', 'C:\\xampp\\htdocs\\ci4\\gruballergy\\app\\Views\\admin\\admin_home.php', 377)
 2 SYSTEMPATH\View\View.php(228): include('C:\\xampp\\htdocs\\ci4\\gruballergy\\app\\Views\\admin\\admin_home.php')
 3 SYSTEMPATH\View\View.php(231): CodeIgniter\View\View->CodeIgniter\View\{closure}()
 4 SYSTEMPATH\Common.php(1190): CodeIgniter\View\View->render('admin/admin_home', [], true)
 5 APPPATH\Views\admin\admin_layout.php(9): view('admin/admin_home')
 6 SYSTEMPATH\View\View.php(228): include('C:\\xampp\\htdocs\\ci4\\gruballergy\\app\\Views\\admin\\admin_layout.php')
 7 SYSTEMPATH\View\View.php(231): CodeIgniter\View\View->CodeIgniter\View\{closure}()
 8 SYSTEMPATH\Common.php(1190): CodeIgniter\View\View->render('admin/admin_layout', [], true)
 9 APPPATH\Controllers\Admin_Controller.php(253): view('admin/admin_layout', [...])
10 SYSTEMPATH\CodeIgniter.php(942): App\Controllers\Admin_Controller->recipes()
11 SYSTEMPATH\CodeIgniter.php(502): CodeIgniter\CodeIgniter->runController(Object(App\Controllers\Admin_Controller))
12 SYSTEMPATH\CodeIgniter.php(361): CodeIgniter\CodeIgniter->handleRequest(null, Object(Config\Cache), false)
13 FCPATH\index.php(79): CodeIgniter\CodeIgniter->run()
CRITICAL - 2024-07-08 05:16:19 --> Undefined array key "auhor_id"
in APPPATH\Views\admin\admin_home.php on line 229.
 1 APPPATH\Views\admin\admin_home.php(229): CodeIgniter\Debug\Exceptions->errorHandler(2, 'Undefined array key "auhor_id"', 'C:\\xampp\\htdocs\\ci4\\gruballergy\\app\\Views\\admin\\admin_home.php', 229)
 2 APPPATH\Views\admin\admin_home.php(377): get_author('389', [...], [...])
 3 SYSTEMPATH\View\View.php(228): include('C:\\xampp\\htdocs\\ci4\\gruballergy\\app\\Views\\admin\\admin_home.php')
 4 SYSTEMPATH\View\View.php(231): CodeIgniter\View\View->CodeIgniter\View\{closure}()
 5 SYSTEMPATH\Common.php(1190): CodeIgniter\View\View->render('admin/admin_home', [], true)
 6 APPPATH\Views\admin\admin_layout.php(9): view('admin/admin_home')
 7 SYSTEMPATH\View\View.php(228): include('C:\\xampp\\htdocs\\ci4\\gruballergy\\app\\Views\\admin\\admin_layout.php')
 8 SYSTEMPATH\View\View.php(231): CodeIgniter\View\View->CodeIgniter\View\{closure}()
 9 SYSTEMPATH\Common.php(1190): CodeIgniter\View\View->render('admin/admin_layout', [], true)
10 APPPATH\Controllers\Admin_Controller.php(253): view('admin/admin_layout', [...])
11 SYSTEMPATH\CodeIgniter.php(942): App\Controllers\Admin_Controller->recipes()
12 SYSTEMPATH\CodeIgniter.php(502): CodeIgniter\CodeIgniter->runController(Object(App\Controllers\Admin_Controller))
13 SYSTEMPATH\CodeIgniter.php(361): CodeIgniter\CodeIgniter->handleRequest(null, Object(Config\Cache), false)
14 FCPATH\index.php(79): CodeIgniter\CodeIgniter->run()
CRITICAL - 2024-07-08 05:17:52 --> Undefined array key "auhor_id"
in APPPATH\Views\admin\admin_home.php on line 229.
 1 APPPATH\Views\admin\admin_home.php(229): CodeIgniter\Debug\Exceptions->errorHandler(2, 'Undefined array key "auhor_id"', 'C:\\xampp\\htdocs\\ci4\\gruballergy\\app\\Views\\admin\\admin_home.php', 229)
 2 APPPATH\Views\admin\admin_home.php(377): get_author('389', [...], [...])
 3 SYSTEMPATH\View\View.php(228): include('C:\\xampp\\htdocs\\ci4\\gruballergy\\app\\Views\\admin\\admin_home.php')
 4 SYSTEMPATH\View\View.php(231): CodeIgniter\View\View->CodeIgniter\View\{closure}()
 5 SYSTEMPATH\Common.php(1190): CodeIgniter\View\View->render('admin/admin_home', [], true)
 6 APPPATH\Views\admin\admin_layout.php(9): view('admin/admin_home')
 7 SYSTEMPATH\View\View.php(228): include('C:\\xampp\\htdocs\\ci4\\gruballergy\\app\\Views\\admin\\admin_layout.php')
 8 SYSTEMPATH\View\View.php(231): CodeIgniter\View\View->CodeIgniter\View\{closure}()
 9 SYSTEMPATH\Common.php(1190): CodeIgniter\View\View->render('admin/admin_layout', [], true)
10 APPPATH\Controllers\Admin_Controller.php(253): view('admin/admin_layout', [...])
11 SYSTEMPATH\CodeIgniter.php(942): App\Controllers\Admin_Controller->recipes()
12 SYSTEMPATH\CodeIgniter.php(502): CodeIgniter\CodeIgniter->runController(Object(App\Controllers\Admin_Controller))
13 SYSTEMPATH\CodeIgniter.php(361): CodeIgniter\CodeIgniter->handleRequest(null, Object(Config\Cache), false)
14 FCPATH\index.php(79): CodeIgniter\CodeIgniter->run()
ERROR - 2024-07-08 07:02:10 --> mysqli_sql_exception: Unknown column 'author_id' in 'field list' in C:\xampp\htdocs\ci4\gruballergy\system\Database\MySQLi\Connection.php:306
Stack trace:
#0 C:\xampp\htdocs\ci4\gruballergy\system\Database\MySQLi\Connection.php(306): mysqli->query('select recipe_c...', 0)
#1 C:\xampp\htdocs\ci4\gruballergy\system\Database\BaseConnection.php(693): CodeIgniter\Database\MySQLi\Connection->execute('select recipe_c...')
#2 C:\xampp\htdocs\ci4\gruballergy\system\Database\BaseConnection.php(607): CodeIgniter\Database\BaseConnection->simpleQuery('select recipe_c...')
#3 C:\xampp\htdocs\ci4\gruballergy\app\Models\Recipe_Category_tag_Model.php(37): CodeIgniter\Database\BaseConnection->query('select recipe_c...')
#4 C:\xampp\htdocs\ci4\gruballergy\app\Controllers\Admin_Controller.php(470): App\Models\Recipe_Category_tag_Model->relation_category_tag_id('389')
#5 C:\xampp\htdocs\ci4\gruballergy\system\CodeIgniter.php(942): App\Controllers\Admin_Controller->editrecipes_view()
#6 C:\xampp\htdocs\ci4\gruballergy\system\CodeIgniter.php(502): CodeIgniter\CodeIgniter->runController(Object(App\Controllers\Admin_Controller))
#7 C:\xampp\htdocs\ci4\gruballergy\system\CodeIgniter.php(361): CodeIgniter\CodeIgniter->handleRequest(NULL, Object(Config\Cache), false)
#8 C:\xampp\htdocs\ci4\gruballergy\index.php(79): CodeIgniter\CodeIgniter->run()
#9 {main}
CRITICAL - 2024-07-08 07:02:10 --> Unknown column 'author_id' in 'field list'
in SYSTEMPATH\Database\BaseConnection.php on line 647.
 1 APPPATH\Models\Recipe_Category_tag_Model.php(37): CodeIgniter\Database\BaseConnection->query('select recipe_category_tag_id ,recipe_id,category_id,tag_id,author_id from recipe_category_tag where active=1 and recipe_id="389" order by recipe_id desc')
 2 APPPATH\Controllers\Admin_Controller.php(470): App\Models\Recipe_Category_tag_Model->relation_category_tag_id('389')
 3 SYSTEMPATH\CodeIgniter.php(942): App\Controllers\Admin_Controller->editrecipes_view()
 4 SYSTEMPATH\CodeIgniter.php(502): CodeIgniter\CodeIgniter->runController(Object(App\Controllers\Admin_Controller))
 5 SYSTEMPATH\CodeIgniter.php(361): CodeIgniter\CodeIgniter->handleRequest(null, Object(Config\Cache), false)
 6 FCPATH\index.php(79): CodeIgniter\CodeIgniter->run()
ERROR - 2024-07-08 07:02:43 --> mysqli_sql_exception: Unknown column 'author_id' in 'field list' in C:\xampp\htdocs\ci4\gruballergy\system\Database\MySQLi\Connection.php:306
Stack trace:
#0 C:\xampp\htdocs\ci4\gruballergy\system\Database\MySQLi\Connection.php(306): mysqli->query('select recipe_c...', 0)
#1 C:\xampp\htdocs\ci4\gruballergy\system\Database\BaseConnection.php(693): CodeIgniter\Database\MySQLi\Connection->execute('select recipe_c...')
#2 C:\xampp\htdocs\ci4\gruballergy\system\Database\BaseConnection.php(607): CodeIgniter\Database\BaseConnection->simpleQuery('select recipe_c...')
#3 C:\xampp\htdocs\ci4\gruballergy\app\Models\Recipe_Category_tag_Model.php(37): CodeIgniter\Database\BaseConnection->query('select recipe_c...')
#4 C:\xampp\htdocs\ci4\gruballergy\app\Controllers\Admin_Controller.php(470): App\Models\Recipe_Category_tag_Model->relation_category_tag_id('390')
#5 C:\xampp\htdocs\ci4\gruballergy\system\CodeIgniter.php(942): App\Controllers\Admin_Controller->editrecipes_view()
#6 C:\xampp\htdocs\ci4\gruballergy\system\CodeIgniter.php(502): CodeIgniter\CodeIgniter->runController(Object(App\Controllers\Admin_Controller))
#7 C:\xampp\htdocs\ci4\gruballergy\system\CodeIgniter.php(361): CodeIgniter\CodeIgniter->handleRequest(NULL, Object(Config\Cache), false)
#8 C:\xampp\htdocs\ci4\gruballergy\index.php(79): CodeIgniter\CodeIgniter->run()
#9 {main}
CRITICAL - 2024-07-08 07:02:43 --> Unknown column 'author_id' in 'field list'
in SYSTEMPATH\Database\BaseConnection.php on line 647.
 1 APPPATH\Models\Recipe_Category_tag_Model.php(37): CodeIgniter\Database\BaseConnection->query('select recipe_category_tag_id ,recipe_id,category_id,tag_id,author_id from recipe_category_tag where active=1 and recipe_id="390" order by recipe_id desc')
 2 APPPATH\Controllers\Admin_Controller.php(470): App\Models\Recipe_Category_tag_Model->relation_category_tag_id('390')
 3 SYSTEMPATH\CodeIgniter.php(942): App\Controllers\Admin_Controller->editrecipes_view()
 4 SYSTEMPATH\CodeIgniter.php(502): CodeIgniter\CodeIgniter->runController(Object(App\Controllers\Admin_Controller))
 5 SYSTEMPATH\CodeIgniter.php(361): CodeIgniter\CodeIgniter->handleRequest(null, Object(Config\Cache), false)
 6 FCPATH\index.php(79): CodeIgniter\CodeIgniter->run()
ERROR - 2024-07-08 07:32:58 --> mysqli_sql_exception: Unknown column 'recipes.author_id' in 'on clause' in C:\xampp\htdocs\ci4\gruballergy\system\Database\MySQLi\Connection.php:306
Stack trace:
#0 C:\xampp\htdocs\ci4\gruballergy\system\Database\MySQLi\Connection.php(306): mysqli->query('SELECT `recipes...', 0)
#1 C:\xampp\htdocs\ci4\gruballergy\system\Database\BaseConnection.php(693): CodeIgniter\Database\MySQLi\Connection->execute('SELECT `recipes...')
#2 C:\xampp\htdocs\ci4\gruballergy\system\Database\BaseConnection.php(607): CodeIgniter\Database\BaseConnection->simpleQuery('SELECT `recipes...')
#3 C:\xampp\htdocs\ci4\gruballergy\system\Database\BaseBuilder.php(1615): CodeIgniter\Database\BaseConnection->query('SELECT `recipes...', Array, false)
#4 C:\xampp\htdocs\ci4\gruballergy\app\Models\Recipes_Model.php(100): CodeIgniter\Database\BaseBuilder->get()
#5 C:\xampp\htdocs\ci4\gruballergy\app\Controllers\Admin_Controller.php(463): App\Models\Recipes_Model->editrecipes('390')
#6 C:\xampp\htdocs\ci4\gruballergy\system\CodeIgniter.php(942): App\Controllers\Admin_Controller->editrecipes_view()
#7 C:\xampp\htdocs\ci4\gruballergy\system\CodeIgniter.php(502): CodeIgniter\CodeIgniter->runController(Object(App\Controllers\Admin_Controller))
#8 C:\xampp\htdocs\ci4\gruballergy\system\CodeIgniter.php(361): CodeIgniter\CodeIgniter->handleRequest(NULL, Object(Config\Cache), false)
#9 C:\xampp\htdocs\ci4\gruballergy\index.php(79): CodeIgniter\CodeIgniter->run()
#10 {main}
CRITICAL - 2024-07-08 07:32:58 --> Unknown column 'recipes.author_id' in 'on clause'
in SYSTEMPATH\Database\BaseConnection.php on line 647.
 1 SYSTEMPATH\Database\BaseBuilder.php(1615): CodeIgniter\Database\BaseConnection->query('SELECT `recipes`.*, `author`.*
FROM `recipes`
JOIN `author` ON `recipes`.`author_id` = `author`.`author_id`
WHERE `recipes`.`active` = :recipes.active:
AND `recipes`.`re_id` = :recipes.re_id:', [...], false)
 2 APPPATH\Models\Recipes_Model.php(100): CodeIgniter\Database\BaseBuilder->get()
 3 APPPATH\Controllers\Admin_Controller.php(463): App\Models\Recipes_Model->editrecipes('390')
 4 SYSTEMPATH\CodeIgniter.php(942): App\Controllers\Admin_Controller->editrecipes_view()
 5 SYSTEMPATH\CodeIgniter.php(502): CodeIgniter\CodeIgniter->runController(Object(App\Controllers\Admin_Controller))
 6 SYSTEMPATH\CodeIgniter.php(361): CodeIgniter\CodeIgniter->handleRequest(null, Object(Config\Cache), false)
 7 FCPATH\index.php(79): CodeIgniter\CodeIgniter->run()
ERROR - 2024-07-08 07:33:13 --> mysqli_sql_exception: Unknown column 'author.author_table_id' in 'on clause' in C:\xampp\htdocs\ci4\gruballergy\system\Database\MySQLi\Connection.php:306
Stack trace:
#0 C:\xampp\htdocs\ci4\gruballergy\system\Database\MySQLi\Connection.php(306): mysqli->query('SELECT `recipes...', 0)
#1 C:\xampp\htdocs\ci4\gruballergy\system\Database\BaseConnection.php(693): CodeIgniter\Database\MySQLi\Connection->execute('SELECT `recipes...')
#2 C:\xampp\htdocs\ci4\gruballergy\system\Database\BaseConnection.php(607): CodeIgniter\Database\BaseConnection->simpleQuery('SELECT `recipes...')
#3 C:\xampp\htdocs\ci4\gruballergy\system\Database\BaseBuilder.php(1615): CodeIgniter\Database\BaseConnection->query('SELECT `recipes...', Array, false)
#4 C:\xampp\htdocs\ci4\gruballergy\app\Models\Recipes_Model.php(100): CodeIgniter\Database\BaseBuilder->get()
#5 C:\xampp\htdocs\ci4\gruballergy\app\Controllers\Admin_Controller.php(463): App\Models\Recipes_Model->editrecipes('390')
#6 C:\xampp\htdocs\ci4\gruballergy\system\CodeIgniter.php(942): App\Controllers\Admin_Controller->editrecipes_view()
#7 C:\xampp\htdocs\ci4\gruballergy\system\CodeIgniter.php(502): CodeIgniter\CodeIgniter->runController(Object(App\Controllers\Admin_Controller))
#8 C:\xampp\htdocs\ci4\gruballergy\system\CodeIgniter.php(361): CodeIgniter\CodeIgniter->handleRequest(NULL, Object(Config\Cache), false)
#9 C:\xampp\htdocs\ci4\gruballergy\index.php(79): CodeIgniter\CodeIgniter->run()
#10 {main}
CRITICAL - 2024-07-08 07:33:13 --> Unknown column 'author.author_table_id' in 'on clause'
in SYSTEMPATH\Database\BaseConnection.php on line 647.
 1 SYSTEMPATH\Database\BaseBuilder.php(1615): CodeIgniter\Database\BaseConnection->query('SELECT `recipes`.*, `author`.*
FROM `recipes`
JOIN `author` ON `recipes`.`author_table_id` = `author`.`author_table_id`
WHERE `recipes`.`active` = :recipes.active:
AND `recipes`.`re_id` = :recipes.re_id:', [...], false)
 2 APPPATH\Models\Recipes_Model.php(100): CodeIgniter\Database\BaseBuilder->get()
 3 APPPATH\Controllers\Admin_Controller.php(463): App\Models\Recipes_Model->editrecipes('390')
 4 SYSTEMPATH\CodeIgniter.php(942): App\Controllers\Admin_Controller->editrecipes_view()
 5 SYSTEMPATH\CodeIgniter.php(502): CodeIgniter\CodeIgniter->runController(Object(App\Controllers\Admin_Controller))
 6 SYSTEMPATH\CodeIgniter.php(361): CodeIgniter\CodeIgniter->handleRequest(null, Object(Config\Cache), false)
 7 FCPATH\index.php(79): CodeIgniter\CodeIgniter->run()
ERROR - 2024-07-08 07:33:17 --> mysqli_sql_exception: Unknown column 'author.author_table_id' in 'on clause' in C:\xampp\htdocs\ci4\gruballergy\system\Database\MySQLi\Connection.php:306
Stack trace:
#0 C:\xampp\htdocs\ci4\gruballergy\system\Database\MySQLi\Connection.php(306): mysqli->query('SELECT `recipes...', 0)
#1 C:\xampp\htdocs\ci4\gruballergy\system\Database\BaseConnection.php(693): CodeIgniter\Database\MySQLi\Connection->execute('SELECT `recipes...')
#2 C:\xampp\htdocs\ci4\gruballergy\system\Database\BaseConnection.php(607): CodeIgniter\Database\BaseConnection->simpleQuery('SELECT `recipes...')
#3 C:\xampp\htdocs\ci4\gruballergy\system\Database\BaseBuilder.php(1615): CodeIgniter\Database\BaseConnection->query('SELECT `recipes...', Array, false)
#4 C:\xampp\htdocs\ci4\gruballergy\app\Models\Recipes_Model.php(100): CodeIgniter\Database\BaseBuilder->get()
#5 C:\xampp\htdocs\ci4\gruballergy\app\Controllers\Admin_Controller.php(463): App\Models\Recipes_Model->editrecipes('390')
#6 C:\xampp\htdocs\ci4\gruballergy\system\CodeIgniter.php(942): App\Controllers\Admin_Controller->editrecipes_view()
#7 C:\xampp\htdocs\ci4\gruballergy\system\CodeIgniter.php(502): CodeIgniter\CodeIgniter->runController(Object(App\Controllers\Admin_Controller))
#8 C:\xampp\htdocs\ci4\gruballergy\system\CodeIgniter.php(361): CodeIgniter\CodeIgniter->handleRequest(NULL, Object(Config\Cache), false)
#9 C:\xampp\htdocs\ci4\gruballergy\index.php(79): CodeIgniter\CodeIgniter->run()
#10 {main}
CRITICAL - 2024-07-08 07:33:17 --> Unknown column 'author.author_table_id' in 'on clause'
in SYSTEMPATH\Database\BaseConnection.php on line 647.
 1 SYSTEMPATH\Database\BaseBuilder.php(1615): CodeIgniter\Database\BaseConnection->query('SELECT `recipes`.*, `author`.*
FROM `recipes`
JOIN `author` ON `recipes`.`author_table_id` = `author`.`author_table_id`
WHERE `recipes`.`active` = :recipes.active:
AND `recipes`.`re_id` = :recipes.re_id:', [...], false)
 2 APPPATH\Models\Recipes_Model.php(100): CodeIgniter\Database\BaseBuilder->get()
 3 APPPATH\Controllers\Admin_Controller.php(463): App\Models\Recipes_Model->editrecipes('390')
 4 SYSTEMPATH\CodeIgniter.php(942): App\Controllers\Admin_Controller->editrecipes_view()
 5 SYSTEMPATH\CodeIgniter.php(502): CodeIgniter\CodeIgniter->runController(Object(App\Controllers\Admin_Controller))
 6 SYSTEMPATH\CodeIgniter.php(361): CodeIgniter\CodeIgniter->handleRequest(null, Object(Config\Cache), false)
 7 FCPATH\index.php(79): CodeIgniter\CodeIgniter->run()
CRITICAL - 2024-07-08 07:37:16 --> Undefined array key "author_name"
in APPPATH\Views\admin\admin_home.php on line 344.
 1 APPPATH\Views\admin\admin_home.php(344): CodeIgniter\Debug\Exceptions->errorHandler(2, 'Undefined array key "author_name"', 'C:\\xampp\\htdocs\\ci4\\gruballergy\\app\\Views\\admin\\admin_home.php', 344)
 2 SYSTEMPATH\View\View.php(228): include('C:\\xampp\\htdocs\\ci4\\gruballergy\\app\\Views\\admin\\admin_home.php')
 3 SYSTEMPATH\View\View.php(231): CodeIgniter\View\View->CodeIgniter\View\{closure}()
 4 SYSTEMPATH\Common.php(1190): CodeIgniter\View\View->render('admin/admin_home', [], true)
 5 APPPATH\Views\admin\admin_layout.php(9): view('admin/admin_home')
 6 SYSTEMPATH\View\View.php(228): include('C:\\xampp\\htdocs\\ci4\\gruballergy\\app\\Views\\admin\\admin_layout.php')
 7 SYSTEMPATH\View\View.php(231): CodeIgniter\View\View->CodeIgniter\View\{closure}()
 8 SYSTEMPATH\Common.php(1190): CodeIgniter\View\View->render('admin/admin_layout', [], true)
 9 APPPATH\Controllers\Admin_Controller.php(250): view('admin/admin_layout', [...])
10 SYSTEMPATH\CodeIgniter.php(942): App\Controllers\Admin_Controller->recipes()
11 SYSTEMPATH\CodeIgniter.php(502): CodeIgniter\CodeIgniter->runController(Object(App\Controllers\Admin_Controller))
12 SYSTEMPATH\CodeIgniter.php(361): CodeIgniter\CodeIgniter->handleRequest(null, Object(Config\Cache), false)
13 FCPATH\index.php(79): CodeIgniter\CodeIgniter->run()
ERROR - 2024-07-08 08:32:49 --> mysqli_sql_exception: Column 'active' in where clause is ambiguous in C:\xampp\htdocs\ci4\gruballergy\system\Database\MySQLi\Connection.php:306
Stack trace:
#0 C:\xampp\htdocs\ci4\gruballergy\system\Database\MySQLi\Connection.php(306): mysqli->query('SELECT COUNT(*)...', 0)
#1 C:\xampp\htdocs\ci4\gruballergy\system\Database\BaseConnection.php(693): CodeIgniter\Database\MySQLi\Connection->execute('SELECT COUNT(*)...')
#2 C:\xampp\htdocs\ci4\gruballergy\system\Database\BaseConnection.php(607): CodeIgniter\Database\BaseConnection->simpleQuery('SELECT COUNT(*)...')
#3 C:\xampp\htdocs\ci4\gruballergy\system\Database\BaseBuilder.php(1699): CodeIgniter\Database\BaseConnection->query('SELECT COUNT(*)...', Array, false)
#4 C:\xampp\htdocs\ci4\gruballergy\system\Model.php(599): CodeIgniter\Database\BaseBuilder->countAllResults(false)
#5 C:\xampp\htdocs\ci4\gruballergy\system\BaseModel.php(1203): CodeIgniter\Model->countAllResults(false)
#6 C:\xampp\htdocs\ci4\gruballergy\app\Models\Recipes_Model.php(113): CodeIgniter\BaseModel->paginate(10)
#7 C:\xampp\htdocs\ci4\gruballergy\app\Controllers\Admin_Controller.php(222): App\Models\Recipes_Model->allrecipes('')
#8 C:\xampp\htdocs\ci4\gruballergy\system\CodeIgniter.php(942): App\Controllers\Admin_Controller->recipes()
#9 C:\xampp\htdocs\ci4\gruballergy\system\CodeIgniter.php(502): CodeIgniter\CodeIgniter->runController(Object(App\Controllers\Admin_Controller))
#10 C:\xampp\htdocs\ci4\gruballergy\system\CodeIgniter.php(361): CodeIgniter\CodeIgniter->handleRequest(NULL, Object(Config\Cache), false)
#11 C:\xampp\htdocs\ci4\gruballergy\index.php(79): CodeIgniter\CodeIgniter->run()
#12 {main}
CRITICAL - 2024-07-08 08:32:49 --> Column 'active' in where clause is ambiguous
in SYSTEMPATH\Database\BaseConnection.php on line 647.
 1 SYSTEMPATH\Database\BaseBuilder.php(1699): CodeIgniter\Database\BaseConnection->query('SELECT COUNT(*) AS `numrows`
FROM (
SELECT `recipes`.*, `author`.`author_id`, `author`.`author_name`
FROM `recipes`
JOIN `author` ON `recipes`.`author_table_id` = `author`.`author_id`
WHERE `recipes`.`active` != :recipes.active:
AND `active` != :active:
GROUP BY `recipes`.`re_title`, `re_title`
) CI_count_all_results', [...], false)
 2 SYSTEMPATH\Model.php(599): CodeIgniter\Database\BaseBuilder->countAllResults(false)
 3 SYSTEMPATH\BaseModel.php(1203): CodeIgniter\Model->countAllResults(false)
 4 APPPATH\Models\Recipes_Model.php(113): CodeIgniter\BaseModel->paginate(10)
 5 APPPATH\Controllers\Admin_Controller.php(222): App\Models\Recipes_Model->allrecipes('')
 6 SYSTEMPATH\CodeIgniter.php(942): App\Controllers\Admin_Controller->recipes()
 7 SYSTEMPATH\CodeIgniter.php(502): CodeIgniter\CodeIgniter->runController(Object(App\Controllers\Admin_Controller))
 8 SYSTEMPATH\CodeIgniter.php(361): CodeIgniter\CodeIgniter->handleRequest(null, Object(Config\Cache), false)
 9 FCPATH\index.php(79): CodeIgniter\CodeIgniter->run()
CRITICAL - 2024-07-08 08:40:02 --> Call to undefined method CodeIgniter\Database\MySQLi\Builder::paginate()
in APPPATH\Models\Recipes_Model.php on line 64.
 1 APPPATH\Controllers\Admin_Controller.php(222): App\Models\Recipes_Model->allrecipes('')
 2 SYSTEMPATH\CodeIgniter.php(942): App\Controllers\Admin_Controller->recipes()
 3 SYSTEMPATH\CodeIgniter.php(502): CodeIgniter\CodeIgniter->runController(Object(App\Controllers\Admin_Controller))
 4 SYSTEMPATH\CodeIgniter.php(361): CodeIgniter\CodeIgniter->handleRequest(null, Object(Config\Cache), false)
 5 FCPATH\index.php(79): CodeIgniter\CodeIgniter->run()
ERROR - 2024-07-08 08:46:17 --> mysqli_sql_exception: Unknown column 'authors.author_id' in 'field list' in C:\xampp\htdocs\ci4\gruballergy\system\Database\MySQLi\Connection.php:306
Stack trace:
#0 C:\xampp\htdocs\ci4\gruballergy\system\Database\MySQLi\Connection.php(306): mysqli->query('SELECT `recipes...', 0)
#1 C:\xampp\htdocs\ci4\gruballergy\system\Database\BaseConnection.php(693): CodeIgniter\Database\MySQLi\Connection->execute('SELECT `recipes...')
#2 C:\xampp\htdocs\ci4\gruballergy\system\Database\BaseConnection.php(607): CodeIgniter\Database\BaseConnection->simpleQuery('SELECT `recipes...')
#3 C:\xampp\htdocs\ci4\gruballergy\system\Database\BaseBuilder.php(1615): CodeIgniter\Database\BaseConnection->query('SELECT `recipes...', Array, false)
#4 C:\xampp\htdocs\ci4\gruballergy\system\Model.php(871): CodeIgniter\Database\BaseBuilder->get()
#5 C:\xampp\htdocs\ci4\gruballergy\app\Models\Recipes_Model.php(114): CodeIgniter\Model->__call('get', Array)
#6 C:\xampp\htdocs\ci4\gruballergy\app\Controllers\Admin_Controller.php(222): App\Models\Recipes_Model->allrecipes('')
#7 C:\xampp\htdocs\ci4\gruballergy\system\CodeIgniter.php(942): App\Controllers\Admin_Controller->recipes()
#8 C:\xampp\htdocs\ci4\gruballergy\system\CodeIgniter.php(502): CodeIgniter\CodeIgniter->runController(Object(App\Controllers\Admin_Controller))
#9 C:\xampp\htdocs\ci4\gruballergy\system\CodeIgniter.php(361): CodeIgniter\CodeIgniter->handleRequest(NULL, Object(Config\Cache), false)
#10 C:\xampp\htdocs\ci4\gruballergy\index.php(79): CodeIgniter\CodeIgniter->run()
#11 {main}
CRITICAL - 2024-07-08 08:46:17 --> Unknown column 'authors.author_id' in 'field list'
in SYSTEMPATH\Database\BaseConnection.php on line 647.
 1 SYSTEMPATH\Database\BaseBuilder.php(1615): CodeIgniter\Database\BaseConnection->query('SELECT `recipes`.*, `authors`.`author_id`, `authors`.`author_name`
FROM `recipes`
LEFT JOIN `author` ON `author`.`author_id` = `recipes`.`author_table_id`
WHERE `recipes`.`active` != :recipes.active:
GROUP BY `recipes`.`re_title`
ORDER BY `recipes`.`re_id` DESC', [...], false)
 2 SYSTEMPATH\Model.php(871): CodeIgniter\Database\BaseBuilder->get()
 3 APPPATH\Models\Recipes_Model.php(114): CodeIgniter\Model->__call('get', [])
 4 APPPATH\Controllers\Admin_Controller.php(222): App\Models\Recipes_Model->allrecipes('')
 5 SYSTEMPATH\CodeIgniter.php(942): App\Controllers\Admin_Controller->recipes()
 6 SYSTEMPATH\CodeIgniter.php(502): CodeIgniter\CodeIgniter->runController(Object(App\Controllers\Admin_Controller))
 7 SYSTEMPATH\CodeIgniter.php(361): CodeIgniter\CodeIgniter->handleRequest(null, Object(Config\Cache), false)
 8 FCPATH\index.php(79): CodeIgniter\CodeIgniter->run()
ERROR - 2024-07-08 08:46:34 --> mysqli_sql_exception: Unknown column 'authors.author_id' in 'field list' in C:\xampp\htdocs\ci4\gruballergy\system\Database\MySQLi\Connection.php:306
Stack trace:
#0 C:\xampp\htdocs\ci4\gruballergy\system\Database\MySQLi\Connection.php(306): mysqli->query('SELECT `recipes...', 0)
#1 C:\xampp\htdocs\ci4\gruballergy\system\Database\BaseConnection.php(693): CodeIgniter\Database\MySQLi\Connection->execute('SELECT `recipes...')
#2 C:\xampp\htdocs\ci4\gruballergy\system\Database\BaseConnection.php(607): CodeIgniter\Database\BaseConnection->simpleQuery('SELECT `recipes...')
#3 C:\xampp\htdocs\ci4\gruballergy\system\Database\BaseBuilder.php(1615): CodeIgniter\Database\BaseConnection->query('SELECT `recipes...', Array, false)
#4 C:\xampp\htdocs\ci4\gruballergy\system\Model.php(871): CodeIgniter\Database\BaseBuilder->get()
#5 C:\xampp\htdocs\ci4\gruballergy\app\Models\Recipes_Model.php(114): CodeIgniter\Model->__call('get', Array)
#6 C:\xampp\htdocs\ci4\gruballergy\app\Controllers\Admin_Controller.php(222): App\Models\Recipes_Model->allrecipes('')
#7 C:\xampp\htdocs\ci4\gruballergy\system\CodeIgniter.php(942): App\Controllers\Admin_Controller->recipes()
#8 C:\xampp\htdocs\ci4\gruballergy\system\CodeIgniter.php(502): CodeIgniter\CodeIgniter->runController(Object(App\Controllers\Admin_Controller))
#9 C:\xampp\htdocs\ci4\gruballergy\system\CodeIgniter.php(361): CodeIgniter\CodeIgniter->handleRequest(NULL, Object(Config\Cache), false)
#10 C:\xampp\htdocs\ci4\gruballergy\index.php(79): CodeIgniter\CodeIgniter->run()
#11 {main}
CRITICAL - 2024-07-08 08:46:34 --> Unknown column 'authors.author_id' in 'field list'
in SYSTEMPATH\Database\BaseConnection.php on line 647.
 1 SYSTEMPATH\Database\BaseBuilder.php(1615): CodeIgniter\Database\BaseConnection->query('SELECT `recipes`.*, `authors`.`author_id`, `author`.`author_name`
FROM `recipes`
LEFT JOIN `author` ON `author`.`author_id` = `recipes`.`author_table_id`
WHERE `recipes`.`active` != :recipes.active:
GROUP BY `recipes`.`re_title`
ORDER BY `recipes`.`re_id` DESC', [...], false)
 2 SYSTEMPATH\Model.php(871): CodeIgniter\Database\BaseBuilder->get()
 3 APPPATH\Models\Recipes_Model.php(114): CodeIgniter\Model->__call('get', [])
 4 APPPATH\Controllers\Admin_Controller.php(222): App\Models\Recipes_Model->allrecipes('')
 5 SYSTEMPATH\CodeIgniter.php(942): App\Controllers\Admin_Controller->recipes()
 6 SYSTEMPATH\CodeIgniter.php(502): CodeIgniter\CodeIgniter->runController(Object(App\Controllers\Admin_Controller))
 7 SYSTEMPATH\CodeIgniter.php(361): CodeIgniter\CodeIgniter->handleRequest(null, Object(Config\Cache), false)
 8 FCPATH\index.php(79): CodeIgniter\CodeIgniter->run()
CRITICAL - 2024-07-08 08:47:42 --> Call to a member function links() on null
in APPPATH\Views\admin\admin_home.php on line 385.
 1 SYSTEMPATH\View\View.php(228): include()
 2 SYSTEMPATH\View\View.php(231): CodeIgniter\View\View->CodeIgniter\View\{closure}()
 3 SYSTEMPATH\Common.php(1190): CodeIgniter\View\View->render('admin/admin_home', [], true)
 4 APPPATH\Views\admin\admin_layout.php(9): view('admin/admin_home')
 5 SYSTEMPATH\View\View.php(228): include('C:\\xampp\\htdocs\\ci4\\gruballergy\\app\\Views\\admin\\admin_layout.php')
 6 SYSTEMPATH\View\View.php(231): CodeIgniter\View\View->CodeIgniter\View\{closure}()
 7 SYSTEMPATH\Common.php(1190): CodeIgniter\View\View->render('admin/admin_layout', [], true)
 8 APPPATH\Controllers\Admin_Controller.php(254): view('admin/admin_layout', [...])
 9 SYSTEMPATH\CodeIgniter.php(942): App\Controllers\Admin_Controller->recipes()
10 SYSTEMPATH\CodeIgniter.php(502): CodeIgniter\CodeIgniter->runController(Object(App\Controllers\Admin_Controller))
11 SYSTEMPATH\CodeIgniter.php(361): CodeIgniter\CodeIgniter->handleRequest(null, Object(Config\Cache), false)
12 FCPATH\index.php(79): CodeIgniter\CodeIgniter->run()
ERROR - 2024-07-08 08:48:56 --> mysqli_sql_exception: Table 'gruballergy.authors' doesn't exist in C:\xampp\htdocs\ci4\gruballergy\system\Database\MySQLi\Connection.php:306
Stack trace:
#0 C:\xampp\htdocs\ci4\gruballergy\system\Database\MySQLi\Connection.php(306): mysqli->query('SELECT `recipes...', 0)
#1 C:\xampp\htdocs\ci4\gruballergy\system\Database\BaseConnection.php(693): CodeIgniter\Database\MySQLi\Connection->execute('SELECT `recipes...')
#2 C:\xampp\htdocs\ci4\gruballergy\system\Database\BaseConnection.php(607): CodeIgniter\Database\BaseConnection->simpleQuery('SELECT `recipes...')
#3 C:\xampp\htdocs\ci4\gruballergy\system\Database\BaseBuilder.php(1615): CodeIgniter\Database\BaseConnection->query('SELECT `recipes...', Array, false)
#4 C:\xampp\htdocs\ci4\gruballergy\system\Model.php(871): CodeIgniter\Database\BaseBuilder->get()
#5 C:\xampp\htdocs\ci4\gruballergy\app\Models\Recipes_Model.php(119): CodeIgniter\Model->__call('get', Array)
#6 C:\xampp\htdocs\ci4\gruballergy\app\Controllers\Admin_Controller.php(222): App\Models\Recipes_Model->allrecipes('')
#7 C:\xampp\htdocs\ci4\gruballergy\system\CodeIgniter.php(942): App\Controllers\Admin_Controller->recipes()
#8 C:\xampp\htdocs\ci4\gruballergy\system\CodeIgniter.php(502): CodeIgniter\CodeIgniter->runController(Object(App\Controllers\Admin_Controller))
#9 C:\xampp\htdocs\ci4\gruballergy\system\CodeIgniter.php(361): CodeIgniter\CodeIgniter->handleRequest(NULL, Object(Config\Cache), false)
#10 C:\xampp\htdocs\ci4\gruballergy\index.php(79): CodeIgniter\CodeIgniter->run()
#11 {main}
CRITICAL - 2024-07-08 08:48:56 --> Table 'gruballergy.authors' doesn't exist
in SYSTEMPATH\Database\BaseConnection.php on line 647.
 1 SYSTEMPATH\Database\BaseBuilder.php(1615): CodeIgniter\Database\BaseConnection->query('SELECT `recipes`.*, `authors`.`author_name`, `authors`.`author_email`
FROM `recipes`
LEFT JOIN `authors` ON `authors`.`author_id` = `recipes`.`author_id`
WHERE `recipes`.`active` != :recipes.active:
GROUP BY `recipes`.`re_title`
ORDER BY `recipes`.`re_id` DESC', [...], false)
 2 SYSTEMPATH\Model.php(871): CodeIgniter\Database\BaseBuilder->get()
 3 APPPATH\Models\Recipes_Model.php(119): CodeIgniter\Model->__call('get', [])
 4 APPPATH\Controllers\Admin_Controller.php(222): App\Models\Recipes_Model->allrecipes('')
 5 SYSTEMPATH\CodeIgniter.php(942): App\Controllers\Admin_Controller->recipes()
 6 SYSTEMPATH\CodeIgniter.php(502): CodeIgniter\CodeIgniter->runController(Object(App\Controllers\Admin_Controller))
 7 SYSTEMPATH\CodeIgniter.php(361): CodeIgniter\CodeIgniter->handleRequest(null, Object(Config\Cache), false)
 8 FCPATH\index.php(79): CodeIgniter\CodeIgniter->run()
CRITICAL - 2024-07-08 08:50:11 --> Call to a member function makeLinks() on null
in APPPATH\Models\Recipes_Model.php on line 123.
 1 APPPATH\Controllers\Admin_Controller.php(222): App\Models\Recipes_Model->allrecipes('')
 2 SYSTEMPATH\CodeIgniter.php(942): App\Controllers\Admin_Controller->recipes()
 3 SYSTEMPATH\CodeIgniter.php(502): CodeIgniter\CodeIgniter->runController(Object(App\Controllers\Admin_Controller))
 4 SYSTEMPATH\CodeIgniter.php(361): CodeIgniter\CodeIgniter->handleRequest(null, Object(Config\Cache), false)
 5 FCPATH\index.php(79): CodeIgniter\CodeIgniter->run()
CRITICAL - 2024-07-08 08:52:44 --> Call to a member function links() on null
in APPPATH\Views\admin\admin_home.php on line 385.
 1 SYSTEMPATH\View\View.php(228): include()
 2 SYSTEMPATH\View\View.php(231): CodeIgniter\View\View->CodeIgniter\View\{closure}()
 3 SYSTEMPATH\Common.php(1190): CodeIgniter\View\View->render('admin/admin_home', [], true)
 4 APPPATH\Views\admin\admin_layout.php(9): view('admin/admin_home')
 5 SYSTEMPATH\View\View.php(228): include('C:\\xampp\\htdocs\\ci4\\gruballergy\\app\\Views\\admin\\admin_layout.php')
 6 SYSTEMPATH\View\View.php(231): CodeIgniter\View\View->CodeIgniter\View\{closure}()
 7 SYSTEMPATH\Common.php(1190): CodeIgniter\View\View->render('admin/admin_layout', [], true)
 8 APPPATH\Controllers\Admin_Controller.php(254): view('admin/admin_layout', [...])
 9 SYSTEMPATH\CodeIgniter.php(942): App\Controllers\Admin_Controller->recipes()
10 SYSTEMPATH\CodeIgniter.php(502): CodeIgniter\CodeIgniter->runController(Object(App\Controllers\Admin_Controller))
11 SYSTEMPATH\CodeIgniter.php(361): CodeIgniter\CodeIgniter->handleRequest(null, Object(Config\Cache), false)
12 FCPATH\index.php(79): CodeIgniter\CodeIgniter->run()
CRITICAL - 2024-07-08 08:54:00 --> Call to a member function links() on string
in APPPATH\Views\admin\admin_home.php on line 385.
 1 SYSTEMPATH\View\View.php(228): include()
 2 SYSTEMPATH\View\View.php(231): CodeIgniter\View\View->CodeIgniter\View\{closure}()
 3 SYSTEMPATH\Common.php(1190): CodeIgniter\View\View->render('admin/admin_home', [], true)
 4 APPPATH\Views\admin\admin_layout.php(9): view('admin/admin_home')
 5 SYSTEMPATH\View\View.php(228): include('C:\\xampp\\htdocs\\ci4\\gruballergy\\app\\Views\\admin\\admin_layout.php')
 6 SYSTEMPATH\View\View.php(231): CodeIgniter\View\View->CodeIgniter\View\{closure}()
 7 SYSTEMPATH\Common.php(1190): CodeIgniter\View\View->render('admin/admin_layout', [], true)
 8 APPPATH\Controllers\Admin_Controller.php(254): view('admin/admin_layout', [...])
 9 SYSTEMPATH\CodeIgniter.php(942): App\Controllers\Admin_Controller->recipes()
10 SYSTEMPATH\CodeIgniter.php(502): CodeIgniter\CodeIgniter->runController(Object(App\Controllers\Admin_Controller))
11 SYSTEMPATH\CodeIgniter.php(361): CodeIgniter\CodeIgniter->handleRequest(null, Object(Config\Cache), false)
12 FCPATH\index.php(79): CodeIgniter\CodeIgniter->run()
CRITICAL - 2024-07-08 08:54:02 --> Call to a member function links() on string
in APPPATH\Views\admin\admin_home.php on line 385.
 1 SYSTEMPATH\View\View.php(228): include()
 2 SYSTEMPATH\View\View.php(231): CodeIgniter\View\View->CodeIgniter\View\{closure}()
 3 SYSTEMPATH\Common.php(1190): CodeIgniter\View\View->render('admin/admin_home', [], true)
 4 APPPATH\Views\admin\admin_layout.php(9): view('admin/admin_home')
 5 SYSTEMPATH\View\View.php(228): include('C:\\xampp\\htdocs\\ci4\\gruballergy\\app\\Views\\admin\\admin_layout.php')
 6 SYSTEMPATH\View\View.php(231): CodeIgniter\View\View->CodeIgniter\View\{closure}()
 7 SYSTEMPATH\Common.php(1190): CodeIgniter\View\View->render('admin/admin_layout', [], true)
 8 APPPATH\Controllers\Admin_Controller.php(254): view('admin/admin_layout', [...])
 9 SYSTEMPATH\CodeIgniter.php(942): App\Controllers\Admin_Controller->recipes()
10 SYSTEMPATH\CodeIgniter.php(502): CodeIgniter\CodeIgniter->runController(Object(App\Controllers\Admin_Controller))
11 SYSTEMPATH\CodeIgniter.php(361): CodeIgniter\CodeIgniter->handleRequest(null, Object(Config\Cache), false)
12 FCPATH\index.php(79): CodeIgniter\CodeIgniter->run()
CRITICAL - 2024-07-08 08:54:03 --> Call to a member function links() on string
in APPPATH\Views\admin\admin_home.php on line 385.
 1 SYSTEMPATH\View\View.php(228): include()
 2 SYSTEMPATH\View\View.php(231): CodeIgniter\View\View->CodeIgniter\View\{closure}()
 3 SYSTEMPATH\Common.php(1190): CodeIgniter\View\View->render('admin/admin_home', [], true)
 4 APPPATH\Views\admin\admin_layout.php(9): view('admin/admin_home')
 5 SYSTEMPATH\View\View.php(228): include('C:\\xampp\\htdocs\\ci4\\gruballergy\\app\\Views\\admin\\admin_layout.php')
 6 SYSTEMPATH\View\View.php(231): CodeIgniter\View\View->CodeIgniter\View\{closure}()
 7 SYSTEMPATH\Common.php(1190): CodeIgniter\View\View->render('admin/admin_layout', [], true)
 8 APPPATH\Controllers\Admin_Controller.php(254): view('admin/admin_layout', [...])
 9 SYSTEMPATH\CodeIgniter.php(942): App\Controllers\Admin_Controller->recipes()
10 SYSTEMPATH\CodeIgniter.php(502): CodeIgniter\CodeIgniter->runController(Object(App\Controllers\Admin_Controller))
11 SYSTEMPATH\CodeIgniter.php(361): CodeIgniter\CodeIgniter->handleRequest(null, Object(Config\Cache), false)
12 FCPATH\index.php(79): CodeIgniter\CodeIgniter->run()
CRITICAL - 2024-07-08 08:54:15 --> Call to a member function links() on null
in APPPATH\Views\admin\admin_home.php on line 385.
 1 SYSTEMPATH\View\View.php(228): include()
 2 SYSTEMPATH\View\View.php(231): CodeIgniter\View\View->CodeIgniter\View\{closure}()
 3 SYSTEMPATH\Common.php(1190): CodeIgniter\View\View->render('admin/admin_home', [], true)
 4 APPPATH\Views\admin\admin_layout.php(9): view('admin/admin_home')
 5 SYSTEMPATH\View\View.php(228): include('C:\\xampp\\htdocs\\ci4\\gruballergy\\app\\Views\\admin\\admin_layout.php')
 6 SYSTEMPATH\View\View.php(231): CodeIgniter\View\View->CodeIgniter\View\{closure}()
 7 SYSTEMPATH\Common.php(1190): CodeIgniter\View\View->render('admin/admin_layout', [], true)
 8 APPPATH\Controllers\Admin_Controller.php(254): view('admin/admin_layout', [...])
 9 SYSTEMPATH\CodeIgniter.php(942): App\Controllers\Admin_Controller->recipes()
10 SYSTEMPATH\CodeIgniter.php(502): CodeIgniter\CodeIgniter->runController(Object(App\Controllers\Admin_Controller))
11 SYSTEMPATH\CodeIgniter.php(361): CodeIgniter\CodeIgniter->handleRequest(null, Object(Config\Cache), false)
12 FCPATH\index.php(79): CodeIgniter\CodeIgniter->run()
CRITICAL - 2024-07-08 09:06:05 --> Call to a member function links() on null
in APPPATH\Views\admin\admin_home.php on line 385.
 1 SYSTEMPATH\View\View.php(228): include()
 2 SYSTEMPATH\View\View.php(231): CodeIgniter\View\View->CodeIgniter\View\{closure}()
 3 SYSTEMPATH\Common.php(1190): CodeIgniter\View\View->render('admin/admin_home', [], true)
 4 APPPATH\Views\admin\admin_layout.php(9): view('admin/admin_home')
 5 SYSTEMPATH\View\View.php(228): include('C:\\xampp\\htdocs\\ci4\\gruballergy\\app\\Views\\admin\\admin_layout.php')
 6 SYSTEMPATH\View\View.php(231): CodeIgniter\View\View->CodeIgniter\View\{closure}()
 7 SYSTEMPATH\Common.php(1190): CodeIgniter\View\View->render('admin/admin_layout', [], true)
 8 APPPATH\Controllers\Admin_Controller.php(254): view('admin/admin_layout', [...])
 9 SYSTEMPATH\CodeIgniter.php(942): App\Controllers\Admin_Controller->recipes()
10 SYSTEMPATH\CodeIgniter.php(502): CodeIgniter\CodeIgniter->runController(Object(App\Controllers\Admin_Controller))
11 SYSTEMPATH\CodeIgniter.php(361): CodeIgniter\CodeIgniter->handleRequest(null, Object(Config\Cache), false)
12 FCPATH\index.php(79): CodeIgniter\CodeIgniter->run()
CRITICAL - 2024-07-08 09:15:01 --> Undefined array key "author_name"
in APPPATH\Views\admin\admin_home.php on line 344.
 1 APPPATH\Views\admin\admin_home.php(344): CodeIgniter\Debug\Exceptions->errorHandler(2, 'Undefined array key "author_name"', 'C:\\xampp\\htdocs\\ci4\\gruballergy\\app\\Views\\admin\\admin_home.php', 344)
 2 SYSTEMPATH\View\View.php(228): include('C:\\xampp\\htdocs\\ci4\\gruballergy\\app\\Views\\admin\\admin_home.php')
 3 SYSTEMPATH\View\View.php(231): CodeIgniter\View\View->CodeIgniter\View\{closure}()
 4 SYSTEMPATH\Common.php(1190): CodeIgniter\View\View->render('admin/admin_home', [], true)
 5 APPPATH\Views\admin\admin_layout.php(9): view('admin/admin_home')
 6 SYSTEMPATH\View\View.php(228): include('C:\\xampp\\htdocs\\ci4\\gruballergy\\app\\Views\\admin\\admin_layout.php')
 7 SYSTEMPATH\View\View.php(231): CodeIgniter\View\View->CodeIgniter\View\{closure}()
 8 SYSTEMPATH\Common.php(1190): CodeIgniter\View\View->render('admin/admin_layout', [], true)
 9 APPPATH\Controllers\Admin_Controller.php(254): view('admin/admin_layout', [...])
10 SYSTEMPATH\CodeIgniter.php(942): App\Controllers\Admin_Controller->recipes()
11 SYSTEMPATH\CodeIgniter.php(502): CodeIgniter\CodeIgniter->runController(Object(App\Controllers\Admin_Controller))
12 SYSTEMPATH\CodeIgniter.php(361): CodeIgniter\CodeIgniter->handleRequest(null, Object(Config\Cache), false)
13 FCPATH\index.php(79): CodeIgniter\CodeIgniter->run()
ERROR - 2024-07-08 09:21:39 --> mysqli_sql_exception: Column 'active' in where clause is ambiguous in C:\xampp\htdocs\ci4\gruballergy\system\Database\MySQLi\Connection.php:306
Stack trace:
#0 C:\xampp\htdocs\ci4\gruballergy\system\Database\MySQLi\Connection.php(306): mysqli->query('SELECT `recipes...', 0)
#1 C:\xampp\htdocs\ci4\gruballergy\system\Database\BaseConnection.php(693): CodeIgniter\Database\MySQLi\Connection->execute('SELECT `recipes...')
#2 C:\xampp\htdocs\ci4\gruballergy\system\Database\BaseConnection.php(607): CodeIgniter\Database\BaseConnection->simpleQuery('SELECT `recipes...')
#3 C:\xampp\htdocs\ci4\gruballergy\system\Database\BaseBuilder.php(1615): CodeIgniter\Database\BaseConnection->query('SELECT `recipes...', Array, false)
#4 C:\xampp\htdocs\ci4\gruballergy\system\Model.php(871): CodeIgniter\Database\BaseBuilder->get()
#5 C:\xampp\htdocs\ci4\gruballergy\app\Models\Recipes_Model.php(105): CodeIgniter\Model->__call('get', Array)
#6 C:\xampp\htdocs\ci4\gruballergy\app\Controllers\Admin_Controller.php(222): App\Models\Recipes_Model->allrecipes('')
#7 C:\xampp\htdocs\ci4\gruballergy\system\CodeIgniter.php(942): App\Controllers\Admin_Controller->recipes()
#8 C:\xampp\htdocs\ci4\gruballergy\system\CodeIgniter.php(502): CodeIgniter\CodeIgniter->runController(Object(App\Controllers\Admin_Controller))
#9 C:\xampp\htdocs\ci4\gruballergy\system\CodeIgniter.php(361): CodeIgniter\CodeIgniter->handleRequest(NULL, Object(Config\Cache), false)
#10 C:\xampp\htdocs\ci4\gruballergy\index.php(79): CodeIgniter\CodeIgniter->run()
#11 {main}
CRITICAL - 2024-07-08 09:21:39 --> Column 'active' in where clause is ambiguous
in SYSTEMPATH\Database\BaseConnection.php on line 647.
 1 SYSTEMPATH\Database\BaseBuilder.php(1615): CodeIgniter\Database\BaseConnection->query('SELECT `recipes`.*, `author`.`author_id`, `author`.`author_name`
FROM `recipes`
LEFT JOIN `author` ON `author`.`author_id` = `recipes`.`author_table_id`
WHERE `recipes`.`active` != :recipes.active:
AND `active` != :active:
GROUP BY `re_title`
ORDER BY `re_id` DESC', [...], false)
 2 SYSTEMPATH\Model.php(871): CodeIgniter\Database\BaseBuilder->get()
 3 APPPATH\Models\Recipes_Model.php(105): CodeIgniter\Model->__call('get', [])
 4 APPPATH\Controllers\Admin_Controller.php(222): App\Models\Recipes_Model->allrecipes('')
 5 SYSTEMPATH\CodeIgniter.php(942): App\Controllers\Admin_Controller->recipes()
 6 SYSTEMPATH\CodeIgniter.php(502): CodeIgniter\CodeIgniter->runController(Object(App\Controllers\Admin_Controller))
 7 SYSTEMPATH\CodeIgniter.php(361): CodeIgniter\CodeIgniter->handleRequest(null, Object(Config\Cache), false)
 8 FCPATH\index.php(79): CodeIgniter\CodeIgniter->run()
ERROR - 2024-07-08 09:22:33 --> mysqli_sql_exception: Column 'active' in where clause is ambiguous in C:\xampp\htdocs\ci4\gruballergy\system\Database\MySQLi\Connection.php:306
Stack trace:
#0 C:\xampp\htdocs\ci4\gruballergy\system\Database\MySQLi\Connection.php(306): mysqli->query('SELECT `recipes...', 0)
#1 C:\xampp\htdocs\ci4\gruballergy\system\Database\BaseConnection.php(693): CodeIgniter\Database\MySQLi\Connection->execute('SELECT `recipes...')
#2 C:\xampp\htdocs\ci4\gruballergy\system\Database\BaseConnection.php(607): CodeIgniter\Database\BaseConnection->simpleQuery('SELECT `recipes...')
#3 C:\xampp\htdocs\ci4\gruballergy\system\Database\BaseBuilder.php(1615): CodeIgniter\Database\BaseConnection->query('SELECT `recipes...', Array, false)
#4 C:\xampp\htdocs\ci4\gruballergy\system\Model.php(871): CodeIgniter\Database\BaseBuilder->get()
#5 C:\xampp\htdocs\ci4\gruballergy\app\Models\Recipes_Model.php(105): CodeIgniter\Model->__call('get', Array)
#6 C:\xampp\htdocs\ci4\gruballergy\app\Controllers\Admin_Controller.php(222): App\Models\Recipes_Model->allrecipes('')
#7 C:\xampp\htdocs\ci4\gruballergy\system\CodeIgniter.php(942): App\Controllers\Admin_Controller->recipes()
#8 C:\xampp\htdocs\ci4\gruballergy\system\CodeIgniter.php(502): CodeIgniter\CodeIgniter->runController(Object(App\Controllers\Admin_Controller))
#9 C:\xampp\htdocs\ci4\gruballergy\system\CodeIgniter.php(361): CodeIgniter\CodeIgniter->handleRequest(NULL, Object(Config\Cache), false)
#10 C:\xampp\htdocs\ci4\gruballergy\index.php(79): CodeIgniter\CodeIgniter->run()
#11 {main}
CRITICAL - 2024-07-08 09:22:33 --> Column 'active' in where clause is ambiguous
in SYSTEMPATH\Database\BaseConnection.php on line 647.
 1 SYSTEMPATH\Database\BaseBuilder.php(1615): CodeIgniter\Database\BaseConnection->query('SELECT `recipes`.*, `author`.`author_id`, `author`.`author_name`
FROM `recipes`
LEFT JOIN `author` ON `author`.`author_id` = `recipes`.`author_table_id`
WHERE `recipes`.`active` != :recipes.active:
AND `active` != :active:
GROUP BY `re_title`
ORDER BY `re_id` DESC', [...], false)
 2 SYSTEMPATH\Model.php(871): CodeIgniter\Database\BaseBuilder->get()
 3 APPPATH\Models\Recipes_Model.php(105): CodeIgniter\Model->__call('get', [])
 4 APPPATH\Controllers\Admin_Controller.php(222): App\Models\Recipes_Model->allrecipes('')
 5 SYSTEMPATH\CodeIgniter.php(942): App\Controllers\Admin_Controller->recipes()
 6 SYSTEMPATH\CodeIgniter.php(502): CodeIgniter\CodeIgniter->runController(Object(App\Controllers\Admin_Controller))
 7 SYSTEMPATH\CodeIgniter.php(361): CodeIgniter\CodeIgniter->handleRequest(null, Object(Config\Cache), false)
 8 FCPATH\index.php(79): CodeIgniter\CodeIgniter->run()
ERROR - 2024-07-08 09:22:34 --> mysqli_sql_exception: Column 'active' in where clause is ambiguous in C:\xampp\htdocs\ci4\gruballergy\system\Database\MySQLi\Connection.php:306
Stack trace:
#0 C:\xampp\htdocs\ci4\gruballergy\system\Database\MySQLi\Connection.php(306): mysqli->query('SELECT `recipes...', 0)
#1 C:\xampp\htdocs\ci4\gruballergy\system\Database\BaseConnection.php(693): CodeIgniter\Database\MySQLi\Connection->execute('SELECT `recipes...')
#2 C:\xampp\htdocs\ci4\gruballergy\system\Database\BaseConnection.php(607): CodeIgniter\Database\BaseConnection->simpleQuery('SELECT `recipes...')
#3 C:\xampp\htdocs\ci4\gruballergy\system\Database\BaseBuilder.php(1615): CodeIgniter\Database\BaseConnection->query('SELECT `recipes...', Array, false)
#4 C:\xampp\htdocs\ci4\gruballergy\system\Model.php(871): CodeIgniter\Database\BaseBuilder->get()
#5 C:\xampp\htdocs\ci4\gruballergy\app\Models\Recipes_Model.php(105): CodeIgniter\Model->__call('get', Array)
#6 C:\xampp\htdocs\ci4\gruballergy\app\Controllers\Admin_Controller.php(222): App\Models\Recipes_Model->allrecipes('')
#7 C:\xampp\htdocs\ci4\gruballergy\system\CodeIgniter.php(942): App\Controllers\Admin_Controller->recipes()
#8 C:\xampp\htdocs\ci4\gruballergy\system\CodeIgniter.php(502): CodeIgniter\CodeIgniter->runController(Object(App\Controllers\Admin_Controller))
#9 C:\xampp\htdocs\ci4\gruballergy\system\CodeIgniter.php(361): CodeIgniter\CodeIgniter->handleRequest(NULL, Object(Config\Cache), false)
#10 C:\xampp\htdocs\ci4\gruballergy\index.php(79): CodeIgniter\CodeIgniter->run()
#11 {main}
CRITICAL - 2024-07-08 09:22:34 --> Column 'active' in where clause is ambiguous
in SYSTEMPATH\Database\BaseConnection.php on line 647.
 1 SYSTEMPATH\Database\BaseBuilder.php(1615): CodeIgniter\Database\BaseConnection->query('SELECT `recipes`.*, `author`.`author_id`, `author`.`author_name`
FROM `recipes`
LEFT JOIN `author` ON `author`.`author_id` = `recipes`.`author_table_id`
WHERE `recipes`.`active` != :recipes.active:
AND `active` != :active:
GROUP BY `re_title`
ORDER BY `re_id` DESC', [...], false)
 2 SYSTEMPATH\Model.php(871): CodeIgniter\Database\BaseBuilder->get()
 3 APPPATH\Models\Recipes_Model.php(105): CodeIgniter\Model->__call('get', [])
 4 APPPATH\Controllers\Admin_Controller.php(222): App\Models\Recipes_Model->allrecipes('')
 5 SYSTEMPATH\CodeIgniter.php(942): App\Controllers\Admin_Controller->recipes()
 6 SYSTEMPATH\CodeIgniter.php(502): CodeIgniter\CodeIgniter->runController(Object(App\Controllers\Admin_Controller))
 7 SYSTEMPATH\CodeIgniter.php(361): CodeIgniter\CodeIgniter->handleRequest(null, Object(Config\Cache), false)
 8 FCPATH\index.php(79): CodeIgniter\CodeIgniter->run()
CRITICAL - 2024-07-08 09:25:02 --> Call to a member function links() on null
in APPPATH\Views\admin\admin_home.php on line 385.
 1 SYSTEMPATH\View\View.php(228): include()
 2 SYSTEMPATH\View\View.php(231): CodeIgniter\View\View->CodeIgniter\View\{closure}()
 3 SYSTEMPATH\Common.php(1190): CodeIgniter\View\View->render('admin/admin_home', [], true)
 4 APPPATH\Views\admin\admin_layout.php(9): view('admin/admin_home')
 5 SYSTEMPATH\View\View.php(228): include('C:\\xampp\\htdocs\\ci4\\gruballergy\\app\\Views\\admin\\admin_layout.php')
 6 SYSTEMPATH\View\View.php(231): CodeIgniter\View\View->CodeIgniter\View\{closure}()
 7 SYSTEMPATH\Common.php(1190): CodeIgniter\View\View->render('admin/admin_layout', [], true)
 8 APPPATH\Controllers\Admin_Controller.php(252): view('admin/admin_layout', [...])
 9 SYSTEMPATH\CodeIgniter.php(942): App\Controllers\Admin_Controller->recipes()
10 SYSTEMPATH\CodeIgniter.php(502): CodeIgniter\CodeIgniter->runController(Object(App\Controllers\Admin_Controller))
11 SYSTEMPATH\CodeIgniter.php(361): CodeIgniter\CodeIgniter->handleRequest(null, Object(Config\Cache), false)
12 FCPATH\index.php(79): CodeIgniter\CodeIgniter->run()
ERROR - 2024-07-08 09:27:24 --> mysqli_sql_exception: Column 'active' in where clause is ambiguous in C:\xampp\htdocs\ci4\gruballergy\system\Database\MySQLi\Connection.php:306
Stack trace:
#0 C:\xampp\htdocs\ci4\gruballergy\system\Database\MySQLi\Connection.php(306): mysqli->query('SELECT COUNT(*)...', 0)
#1 C:\xampp\htdocs\ci4\gruballergy\system\Database\BaseConnection.php(693): CodeIgniter\Database\MySQLi\Connection->execute('SELECT COUNT(*)...')
#2 C:\xampp\htdocs\ci4\gruballergy\system\Database\BaseConnection.php(607): CodeIgniter\Database\BaseConnection->simpleQuery('SELECT COUNT(*)...')
#3 C:\xampp\htdocs\ci4\gruballergy\system\Database\BaseBuilder.php(1699): CodeIgniter\Database\BaseConnection->query('SELECT COUNT(*)...', Array, false)
#4 C:\xampp\htdocs\ci4\gruballergy\system\Model.php(599): CodeIgniter\Database\BaseBuilder->countAllResults(false)
#5 C:\xampp\htdocs\ci4\gruballergy\system\BaseModel.php(1203): CodeIgniter\Model->countAllResults(false)
#6 C:\xampp\htdocs\ci4\gruballergy\app\Models\Recipes_Model.php(75): CodeIgniter\BaseModel->paginate(10)
#7 C:\xampp\htdocs\ci4\gruballergy\app\Controllers\Admin_Controller.php(222): App\Models\Recipes_Model->allrecipes('')
#8 C:\xampp\htdocs\ci4\gruballergy\system\CodeIgniter.php(942): App\Controllers\Admin_Controller->recipes()
#9 C:\xampp\htdocs\ci4\gruballergy\system\CodeIgniter.php(502): CodeIgniter\CodeIgniter->runController(Object(App\Controllers\Admin_Controller))
#10 C:\xampp\htdocs\ci4\gruballergy\system\CodeIgniter.php(361): CodeIgniter\CodeIgniter->handleRequest(NULL, Object(Config\Cache), false)
#11 C:\xampp\htdocs\ci4\gruballergy\index.php(79): CodeIgniter\CodeIgniter->run()
#12 {main}
CRITICAL - 2024-07-08 09:27:24 --> Column 'active' in where clause is ambiguous
in SYSTEMPATH\Database\BaseConnection.php on line 647.
 1 SYSTEMPATH\Database\BaseBuilder.php(1699): CodeIgniter\Database\BaseConnection->query('SELECT COUNT(*) AS `numrows`
FROM (
SELECT `recipes`.*, `author`.`author_id`, `author`.`author_name`
FROM `recipes`
LEFT JOIN `author` ON `author`.`author_id` = `recipes`.`author_table_id`
WHERE `recipes`.`active` != :recipes.active:
AND `active` != :active:
GROUP BY `re_title`
) CI_count_all_results', [...], false)
 2 SYSTEMPATH\Model.php(599): CodeIgniter\Database\BaseBuilder->countAllResults(false)
 3 SYSTEMPATH\BaseModel.php(1203): CodeIgniter\Model->countAllResults(false)
 4 APPPATH\Models\Recipes_Model.php(75): CodeIgniter\BaseModel->paginate(10)
 5 APPPATH\Controllers\Admin_Controller.php(222): App\Models\Recipes_Model->allrecipes('')
 6 SYSTEMPATH\CodeIgniter.php(942): App\Controllers\Admin_Controller->recipes()
 7 SYSTEMPATH\CodeIgniter.php(502): CodeIgniter\CodeIgniter->runController(Object(App\Controllers\Admin_Controller))
 8 SYSTEMPATH\CodeIgniter.php(361): CodeIgniter\CodeIgniter->handleRequest(null, Object(Config\Cache), false)
 9 FCPATH\index.php(79): CodeIgniter\CodeIgniter->run()
ERROR - 2024-07-08 09:42:17 --> mysqli_sql_exception: Table 'gruballergy.authors' doesn't exist in C:\xampp\htdocs\ci4\gruballergy\system\Database\MySQLi\Connection.php:306
Stack trace:
#0 C:\xampp\htdocs\ci4\gruballergy\system\Database\MySQLi\Connection.php(306): mysqli->query('SELECT `recipes...', 0)
#1 C:\xampp\htdocs\ci4\gruballergy\system\Database\BaseConnection.php(693): CodeIgniter\Database\MySQLi\Connection->execute('SELECT `recipes...')
#2 C:\xampp\htdocs\ci4\gruballergy\system\Database\BaseConnection.php(607): CodeIgniter\Database\BaseConnection->simpleQuery('SELECT `recipes...')
#3 C:\xampp\htdocs\ci4\gruballergy\system\Database\BaseBuilder.php(1615): CodeIgniter\Database\BaseConnection->query('SELECT `recipes...', Array, false)
#4 C:\xampp\htdocs\ci4\gruballergy\app\Models\Recipes_Model.php(107): CodeIgniter\Database\BaseBuilder->get()
#5 C:\xampp\htdocs\ci4\gruballergy\app\Controllers\Admin_Controller.php(464): App\Models\Recipes_Model->editrecipes('390')
#6 C:\xampp\htdocs\ci4\gruballergy\system\CodeIgniter.php(942): App\Controllers\Admin_Controller->editrecipes_view()
#7 C:\xampp\htdocs\ci4\gruballergy\system\CodeIgniter.php(502): CodeIgniter\CodeIgniter->runController(Object(App\Controllers\Admin_Controller))
#8 C:\xampp\htdocs\ci4\gruballergy\system\CodeIgniter.php(361): CodeIgniter\CodeIgniter->handleRequest(NULL, Object(Config\Cache), false)
#9 C:\xampp\htdocs\ci4\gruballergy\index.php(79): CodeIgniter\CodeIgniter->run()
#10 {main}
CRITICAL - 2024-07-08 09:42:17 --> Table 'gruballergy.authors' doesn't exist
in SYSTEMPATH\Database\BaseConnection.php on line 647.
 1 SYSTEMPATH\Database\BaseBuilder.php(1615): CodeIgniter\Database\BaseConnection->query('SELECT `recipes`.*, `authors`.`name` AS `author_name`
FROM `recipes`
LEFT JOIN `authors` ON `recipes`.`author_id` = `authors`.`id`
WHERE `recipes`.`active` = :recipes.active:
AND `recipes`.`re_id` = :recipes.re_id:', [...], false)
 2 APPPATH\Models\Recipes_Model.php(107): CodeIgniter\Database\BaseBuilder->get()
 3 APPPATH\Controllers\Admin_Controller.php(464): App\Models\Recipes_Model->editrecipes('390')
 4 SYSTEMPATH\CodeIgniter.php(942): App\Controllers\Admin_Controller->editrecipes_view()
 5 SYSTEMPATH\CodeIgniter.php(502): CodeIgniter\CodeIgniter->runController(Object(App\Controllers\Admin_Controller))
 6 SYSTEMPATH\CodeIgniter.php(361): CodeIgniter\CodeIgniter->handleRequest(null, Object(Config\Cache), false)
 7 FCPATH\index.php(79): CodeIgniter\CodeIgniter->run()
ERROR - 2024-07-08 09:43:21 --> mysqli_sql_exception: Unknown column 'authors.name' in 'field list' in C:\xampp\htdocs\ci4\gruballergy\system\Database\MySQLi\Connection.php:306
Stack trace:
#0 C:\xampp\htdocs\ci4\gruballergy\system\Database\MySQLi\Connection.php(306): mysqli->query('SELECT `recipes...', 0)
#1 C:\xampp\htdocs\ci4\gruballergy\system\Database\BaseConnection.php(693): CodeIgniter\Database\MySQLi\Connection->execute('SELECT `recipes...')
#2 C:\xampp\htdocs\ci4\gruballergy\system\Database\BaseConnection.php(607): CodeIgniter\Database\BaseConnection->simpleQuery('SELECT `recipes...')
#3 C:\xampp\htdocs\ci4\gruballergy\system\Database\BaseBuilder.php(1615): CodeIgniter\Database\BaseConnection->query('SELECT `recipes...', Array, false)
#4 C:\xampp\htdocs\ci4\gruballergy\app\Models\Recipes_Model.php(107): CodeIgniter\Database\BaseBuilder->get()
#5 C:\xampp\htdocs\ci4\gruballergy\app\Controllers\Admin_Controller.php(464): App\Models\Recipes_Model->editrecipes('390')
#6 C:\xampp\htdocs\ci4\gruballergy\system\CodeIgniter.php(942): App\Controllers\Admin_Controller->editrecipes_view()
#7 C:\xampp\htdocs\ci4\gruballergy\system\CodeIgniter.php(502): CodeIgniter\CodeIgniter->runController(Object(App\Controllers\Admin_Controller))
#8 C:\xampp\htdocs\ci4\gruballergy\system\CodeIgniter.php(361): CodeIgniter\CodeIgniter->handleRequest(NULL, Object(Config\Cache), false)
#9 C:\xampp\htdocs\ci4\gruballergy\index.php(79): CodeIgniter\CodeIgniter->run()
#10 {main}
CRITICAL - 2024-07-08 09:43:21 --> Unknown column 'authors.name' in 'field list'
in SYSTEMPATH\Database\BaseConnection.php on line 647.
 1 SYSTEMPATH\Database\BaseBuilder.php(1615): CodeIgniter\Database\BaseConnection->query('SELECT `recipes`.*, `authors`.`name` AS `author_name`
FROM `recipes`
LEFT JOIN `author` ON `recipes`.`author_table_id` = `authors`.`id`
WHERE `recipes`.`active` = :recipes.active:
AND `recipes`.`re_id` = :recipes.re_id:', [...], false)
 2 APPPATH\Models\Recipes_Model.php(107): CodeIgniter\Database\BaseBuilder->get()
 3 APPPATH\Controllers\Admin_Controller.php(464): App\Models\Recipes_Model->editrecipes('390')
 4 SYSTEMPATH\CodeIgniter.php(942): App\Controllers\Admin_Controller->editrecipes_view()
 5 SYSTEMPATH\CodeIgniter.php(502): CodeIgniter\CodeIgniter->runController(Object(App\Controllers\Admin_Controller))
 6 SYSTEMPATH\CodeIgniter.php(361): CodeIgniter\CodeIgniter->handleRequest(null, Object(Config\Cache), false)
 7 FCPATH\index.php(79): CodeIgniter\CodeIgniter->run()
CRITICAL - 2024-07-08 10:20:40 --> whereIn() expects $values to be of type array or closure
in SYSTEMPATH\Database\BaseBuilder.php on line 939.
 1 SYSTEMPATH\Database\BaseBuilder.php(826): CodeIgniter\Database\BaseBuilder->_whereIn('recipe_id', '390', false, 'AND ', null)
 2 APPPATH\Models\Recipe_Category_tag_Model.php(102): CodeIgniter\Database\BaseBuilder->whereIn('recipe_id', '390')
 3 APPPATH\Controllers\Admin_Controller.php(593): App\Models\Recipe_Category_tag_Model->recipe_id_delete('390')
 4 SYSTEMPATH\CodeIgniter.php(942): App\Controllers\Admin_Controller->recipes_delete()
 5 SYSTEMPATH\CodeIgniter.php(502): CodeIgniter\CodeIgniter->runController(Object(App\Controllers\Admin_Controller))
 6 SYSTEMPATH\CodeIgniter.php(361): CodeIgniter\CodeIgniter->handleRequest(null, Object(Config\Cache), false)
 7 FCPATH\index.php(79): CodeIgniter\CodeIgniter->run()
CRITICAL - 2024-07-08 10:20:53 --> whereIn() expects $values to be of type array or closure
in SYSTEMPATH\Database\BaseBuilder.php on line 939.
 1 SYSTEMPATH\Database\BaseBuilder.php(826): CodeIgniter\Database\BaseBuilder->_whereIn('recipe_id', '391', false, 'AND ', null)
 2 APPPATH\Models\Recipe_Category_tag_Model.php(102): CodeIgniter\Database\BaseBuilder->whereIn('recipe_id', '391')
 3 APPPATH\Controllers\Admin_Controller.php(593): App\Models\Recipe_Category_tag_Model->recipe_id_delete('391')
 4 SYSTEMPATH\CodeIgniter.php(942): App\Controllers\Admin_Controller->recipes_delete()
 5 SYSTEMPATH\CodeIgniter.php(502): CodeIgniter\CodeIgniter->runController(Object(App\Controllers\Admin_Controller))
 6 SYSTEMPATH\CodeIgniter.php(361): CodeIgniter\CodeIgniter->handleRequest(null, Object(Config\Cache), false)
 7 FCPATH\index.php(79): CodeIgniter\CodeIgniter->run()
CRITICAL - 2024-07-08 10:22:49 --> whereIn() expects $values to be of type array or closure
in SYSTEMPATH\Database\BaseBuilder.php on line 939.
 1 SYSTEMPATH\Database\BaseBuilder.php(826): CodeIgniter\Database\BaseBuilder->_whereIn('recipe_id', '387', false, 'AND ', null)
 2 APPPATH\Models\Recipe_Category_tag_Model.php(102): CodeIgniter\Database\BaseBuilder->whereIn('recipe_id', '387')
 3 APPPATH\Controllers\Admin_Controller.php(593): App\Models\Recipe_Category_tag_Model->recipe_id_delete('387')
 4 SYSTEMPATH\CodeIgniter.php(942): App\Controllers\Admin_Controller->recipes_delete()
 5 SYSTEMPATH\CodeIgniter.php(502): CodeIgniter\CodeIgniter->runController(Object(App\Controllers\Admin_Controller))
 6 SYSTEMPATH\CodeIgniter.php(361): CodeIgniter\CodeIgniter->handleRequest(null, Object(Config\Cache), false)
 7 FCPATH\index.php(79): CodeIgniter\CodeIgniter->run()
CRITICAL - 2024-07-08 10:28:42 --> whereIn() expects $values to be of type array or closure
in SYSTEMPATH\Database\BaseBuilder.php on line 939.
 1 SYSTEMPATH\Database\BaseBuilder.php(826): CodeIgniter\Database\BaseBuilder->_whereIn('recipe_id', '392', false, 'AND ', null)
 2 APPPATH\Models\Recipe_Category_tag_Model.php(102): CodeIgniter\Database\BaseBuilder->whereIn('recipe_id', '392')
 3 APPPATH\Controllers\Admin_Controller.php(593): App\Models\Recipe_Category_tag_Model->recipe_id_delete('392')
 4 SYSTEMPATH\CodeIgniter.php(942): App\Controllers\Admin_Controller->recipes_delete()
 5 SYSTEMPATH\CodeIgniter.php(502): CodeIgniter\CodeIgniter->runController(Object(App\Controllers\Admin_Controller))
 6 SYSTEMPATH\CodeIgniter.php(361): CodeIgniter\CodeIgniter->handleRequest(null, Object(Config\Cache), false)
 7 FCPATH\index.php(79): CodeIgniter\CodeIgniter->run()
CRITICAL - 2024-07-08 10:33:40 --> whereIn() expects $values to be of type array or closure
in SYSTEMPATH\Database\BaseBuilder.php on line 939.
 1 SYSTEMPATH\Database\BaseBuilder.php(826): CodeIgniter\Database\BaseBuilder->_whereIn('recipe_id', '49', false, 'AND ', null)
 2 APPPATH\Models\Recipe_Category_tag_Model.php(102): CodeIgniter\Database\BaseBuilder->whereIn('recipe_id', '49')
 3 APPPATH\Controllers\Admin_Controller.php(596): App\Models\Recipe_Category_tag_Model->recipe_id_delete('49')
 4 SYSTEMPATH\CodeIgniter.php(942): App\Controllers\Admin_Controller->recipes_delete()
 5 SYSTEMPATH\CodeIgniter.php(502): CodeIgniter\CodeIgniter->runController(Object(App\Controllers\Admin_Controller))
 6 SYSTEMPATH\CodeIgniter.php(361): CodeIgniter\CodeIgniter->handleRequest(null, Object(Config\Cache), false)
 7 FCPATH\index.php(79): CodeIgniter\CodeIgniter->run()
CRITICAL - 2024-07-08 10:36:23 --> Undefined variable $result
in APPPATH\Controllers\Admin_Controller.php on line 388.
 1 APPPATH\Controllers\Admin_Controller.php(388): CodeIgniter\Debug\Exceptions->errorHandler(2, 'Undefined variable $result', 'C:\\xampp\\htdocs\\ci4\\gruballergy\\app\\Controllers\\Admin_Controller.php', 388)
 2 SYSTEMPATH\CodeIgniter.php(942): App\Controllers\Admin_Controller->addrecipes_insert()
 3 SYSTEMPATH\CodeIgniter.php(502): CodeIgniter\CodeIgniter->runController(Object(App\Controllers\Admin_Controller))
 4 SYSTEMPATH\CodeIgniter.php(361): CodeIgniter\CodeIgniter->handleRequest(null, Object(Config\Cache), false)
 5 FCPATH\index.php(79): CodeIgniter\CodeIgniter->run()
CRITICAL - 2024-07-08 10:36:52 --> Undefined variable $result
in APPPATH\Controllers\Admin_Controller.php on line 388.
 1 APPPATH\Controllers\Admin_Controller.php(388): CodeIgniter\Debug\Exceptions->errorHandler(2, 'Undefined variable $result', 'C:\\xampp\\htdocs\\ci4\\gruballergy\\app\\Controllers\\Admin_Controller.php', 388)
 2 SYSTEMPATH\CodeIgniter.php(942): App\Controllers\Admin_Controller->addrecipes_insert()
 3 SYSTEMPATH\CodeIgniter.php(502): CodeIgniter\CodeIgniter->runController(Object(App\Controllers\Admin_Controller))
 4 SYSTEMPATH\CodeIgniter.php(361): CodeIgniter\CodeIgniter->handleRequest(null, Object(Config\Cache), false)
 5 FCPATH\index.php(79): CodeIgniter\CodeIgniter->run()
CRITICAL - 2024-07-08 10:36:54 --> Undefined variable $result
in APPPATH\Controllers\Admin_Controller.php on line 388.
 1 APPPATH\Controllers\Admin_Controller.php(388): CodeIgniter\Debug\Exceptions->errorHandler(2, 'Undefined variable $result', 'C:\\xampp\\htdocs\\ci4\\gruballergy\\app\\Controllers\\Admin_Controller.php', 388)
 2 SYSTEMPATH\CodeIgniter.php(942): App\Controllers\Admin_Controller->addrecipes_insert()
 3 SYSTEMPATH\CodeIgniter.php(502): CodeIgniter\CodeIgniter->runController(Object(App\Controllers\Admin_Controller))
 4 SYSTEMPATH\CodeIgniter.php(361): CodeIgniter\CodeIgniter->handleRequest(null, Object(Config\Cache), false)
 5 FCPATH\index.php(79): CodeIgniter\CodeIgniter->run()
CRITICAL - 2024-07-08 10:38:19 --> Undefined variable $result
in APPPATH\Controllers\Admin_Controller.php on line 388.
 1 APPPATH\Controllers\Admin_Controller.php(388): CodeIgniter\Debug\Exceptions->errorHandler(2, 'Undefined variable $result', 'C:\\xampp\\htdocs\\ci4\\gruballergy\\app\\Controllers\\Admin_Controller.php', 388)
 2 SYSTEMPATH\CodeIgniter.php(942): App\Controllers\Admin_Controller->addrecipes_insert()
 3 SYSTEMPATH\CodeIgniter.php(502): CodeIgniter\CodeIgniter->runController(Object(App\Controllers\Admin_Controller))
 4 SYSTEMPATH\CodeIgniter.php(361): CodeIgniter\CodeIgniter->handleRequest(null, Object(Config\Cache), false)
 5 FCPATH\index.php(79): CodeIgniter\CodeIgniter->run()
CRITICAL - 2024-07-08 10:55:51 --> Undefined variable $result
in APPPATH\Controllers\Admin_Controller.php on line 388.
 1 APPPATH\Controllers\Admin_Controller.php(388): CodeIgniter\Debug\Exceptions->errorHandler(2, 'Undefined variable $result', 'C:\\xampp\\htdocs\\ci4\\gruballergy\\app\\Controllers\\Admin_Controller.php', 388)
 2 SYSTEMPATH\CodeIgniter.php(942): App\Controllers\Admin_Controller->addrecipes_insert()
 3 SYSTEMPATH\CodeIgniter.php(502): CodeIgniter\CodeIgniter->runController(Object(App\Controllers\Admin_Controller))
 4 SYSTEMPATH\CodeIgniter.php(361): CodeIgniter\CodeIgniter->handleRequest(null, Object(Config\Cache), false)
 5 FCPATH\index.php(79): CodeIgniter\CodeIgniter->run()
CRITICAL - 2024-07-08 10:59:10 --> Undefined variable $result
in APPPATH\Controllers\Admin_Controller.php on line 388.
 1 APPPATH\Controllers\Admin_Controller.php(388): CodeIgniter\Debug\Exceptions->errorHandler(2, 'Undefined variable $result', 'C:\\xampp\\htdocs\\ci4\\gruballergy\\app\\Controllers\\Admin_Controller.php', 388)
 2 SYSTEMPATH\CodeIgniter.php(942): App\Controllers\Admin_Controller->addrecipes_insert()
 3 SYSTEMPATH\CodeIgniter.php(502): CodeIgniter\CodeIgniter->runController(Object(App\Controllers\Admin_Controller))
 4 SYSTEMPATH\CodeIgniter.php(361): CodeIgniter\CodeIgniter->handleRequest(null, Object(Config\Cache), false)
 5 FCPATH\index.php(79): CodeIgniter\CodeIgniter->run()
CRITICAL - 2024-07-08 11:18:36 --> Undefined array key "re_title"
in APPPATH\Controllers\Admin_Controller.php on line 398.
 1 APPPATH\Controllers\Admin_Controller.php(398): CodeIgniter\Debug\Exceptions->errorHandler(2, 'Undefined array key "re_title"', 'C:\\xampp\\htdocs\\ci4\\gruballergy\\app\\Controllers\\Admin_Controller.php', 398)
 2 SYSTEMPATH\CodeIgniter.php(942): App\Controllers\Admin_Controller->addrecipes_insert()
 3 SYSTEMPATH\CodeIgniter.php(502): CodeIgniter\CodeIgniter->runController(Object(App\Controllers\Admin_Controller))
 4 SYSTEMPATH\CodeIgniter.php(361): CodeIgniter\CodeIgniter->handleRequest(null, Object(Config\Cache), false)
 5 FCPATH\index.php(79): CodeIgniter\CodeIgniter->run()
CRITICAL - 2024-07-08 11:19:34 --> Undefined array key "re_title"
in APPPATH\Controllers\Admin_Controller.php on line 400.
 1 APPPATH\Controllers\Admin_Controller.php(400): CodeIgniter\Debug\Exceptions->errorHandler(2, 'Undefined array key "re_title"', 'C:\\xampp\\htdocs\\ci4\\gruballergy\\app\\Controllers\\Admin_Controller.php', 400)
 2 SYSTEMPATH\CodeIgniter.php(942): App\Controllers\Admin_Controller->addrecipes_insert()
 3 SYSTEMPATH\CodeIgniter.php(502): CodeIgniter\CodeIgniter->runController(Object(App\Controllers\Admin_Controller))
 4 SYSTEMPATH\CodeIgniter.php(361): CodeIgniter\CodeIgniter->handleRequest(null, Object(Config\Cache), false)
 5 FCPATH\index.php(79): CodeIgniter\CodeIgniter->run()
CRITICAL - 2024-07-08 11:21:20 --> Undefined variable $result
in APPPATH\Controllers\Admin_Controller.php on line 395.
 1 APPPATH\Controllers\Admin_Controller.php(395): CodeIgniter\Debug\Exceptions->errorHandler(2, 'Undefined variable $result', 'C:\\xampp\\htdocs\\ci4\\gruballergy\\app\\Controllers\\Admin_Controller.php', 395)
 2 SYSTEMPATH\CodeIgniter.php(942): App\Controllers\Admin_Controller->addrecipes_insert()
 3 SYSTEMPATH\CodeIgniter.php(502): CodeIgniter\CodeIgniter->runController(Object(App\Controllers\Admin_Controller))
 4 SYSTEMPATH\CodeIgniter.php(361): CodeIgniter\CodeIgniter->handleRequest(null, Object(Config\Cache), false)
 5 FCPATH\index.php(79): CodeIgniter\CodeIgniter->run()
CRITICAL - 2024-07-08 11:25:06 --> Undefined array key "re_title"
in APPPATH\Controllers\Admin_Controller.php on line 400.
 1 APPPATH\Controllers\Admin_Controller.php(400): CodeIgniter\Debug\Exceptions->errorHandler(2, 'Undefined array key "re_title"', 'C:\\xampp\\htdocs\\ci4\\gruballergy\\app\\Controllers\\Admin_Controller.php', 400)
 2 SYSTEMPATH\CodeIgniter.php(942): App\Controllers\Admin_Controller->addrecipes_insert()
 3 SYSTEMPATH\CodeIgniter.php(502): CodeIgniter\CodeIgniter->runController(Object(App\Controllers\Admin_Controller))
 4 SYSTEMPATH\CodeIgniter.php(361): CodeIgniter\CodeIgniter->handleRequest(null, Object(Config\Cache), false)
 5 FCPATH\index.php(79): CodeIgniter\CodeIgniter->run()
CRITICAL - 2024-07-08 11:27:04 --> Undefined array key "re_title"
in APPPATH\Controllers\Admin_Controller.php on line 401.
 1 APPPATH\Controllers\Admin_Controller.php(401): CodeIgniter\Debug\Exceptions->errorHandler(2, 'Undefined array key "re_title"', 'C:\\xampp\\htdocs\\ci4\\gruballergy\\app\\Controllers\\Admin_Controller.php', 401)
 2 SYSTEMPATH\CodeIgniter.php(942): App\Controllers\Admin_Controller->addrecipes_insert()
 3 SYSTEMPATH\CodeIgniter.php(502): CodeIgniter\CodeIgniter->runController(Object(App\Controllers\Admin_Controller))
 4 SYSTEMPATH\CodeIgniter.php(361): CodeIgniter\CodeIgniter->handleRequest(null, Object(Config\Cache), false)
 5 FCPATH\index.php(79): CodeIgniter\CodeIgniter->run()
