CRITICAL - 2024-07-06 10:08:50 --> Undefined array key "faq_question"
in APPPATH\Views\site\footer.php on line 355.
 1 APPPATH\Views\site\footer.php(355): CodeIgniter\Debug\Exceptions->errorHandler(2, 'Undefined array key "faq_question"', 'C:\\xampp\\htdocs\\ci4\\gruballergy\\app\\Views\\site\\footer.php', 355)
 2 APPPATH\Views\site\layout.php(10): include('C:\\xampp\\htdocs\\ci4\\gruballergy\\app\\Views\\site\\footer.php')
 3 SYSTEMPATH\View\View.php(228): include('C:\\xampp\\htdocs\\ci4\\gruballergy\\app\\Views\\site\\layout.php')
 4 SYSTEMPATH\View\View.php(231): CodeIgniter\View\View->CodeIgniter\View\{closure}()
 5 SYSTEMPATH\Common.php(1190): CodeIgniter\View\View->render('site/layout', [], true)
 6 APPPATH\Controllers\Site_Controller.php(103): view('site/layout', [...])
 7 SYSTEMPATH\CodeIgniter.php(942): App\Controllers\Site_Controller->site_home()
 8 SYSTEMPATH\CodeIgniter.php(502): CodeIgniter\CodeIgniter->runController(Object(App\Controllers\Site_Controller))
 9 SYSTEMPATH\CodeIgniter.php(361): CodeIgniter\CodeIgniter->handleRequest(null, Object(Config\Cache), false)
10 FCPATH\index.php(79): CodeIgniter\CodeIgniter->run()
CRITICAL - 2024-07-06 10:09:48 --> Undefined variable $faqs
in APPPATH\Views\site\footer.php on line 413.
 1 APPPATH\Views\site\footer.php(413): CodeIgniter\Debug\Exceptions->errorHandler(2, 'Undefined variable $faqs', 'C:\\xampp\\htdocs\\ci4\\gruballergy\\app\\Views\\site\\footer.php', 413)
 2 APPPATH\Views\site\layout.php(10): include('C:\\xampp\\htdocs\\ci4\\gruballergy\\app\\Views\\site\\footer.php')
 3 SYSTEMPATH\View\View.php(228): include('C:\\xampp\\htdocs\\ci4\\gruballergy\\app\\Views\\site\\layout.php')
 4 SYSTEMPATH\View\View.php(231): CodeIgniter\View\View->CodeIgniter\View\{closure}()
 5 SYSTEMPATH\Common.php(1190): CodeIgniter\View\View->render('site/layout', [], true)
 6 APPPATH\Controllers\Site_Controller.php(103): view('site/layout', [...])
 7 SYSTEMPATH\CodeIgniter.php(942): App\Controllers\Site_Controller->site_home()
 8 SYSTEMPATH\CodeIgniter.php(502): CodeIgniter\CodeIgniter->runController(Object(App\Controllers\Site_Controller))
 9 SYSTEMPATH\CodeIgniter.php(361): CodeIgniter\CodeIgniter->handleRequest(null, Object(Config\Cache), false)
10 FCPATH\index.php(79): CodeIgniter\CodeIgniter->run()
CRITICAL - 2024-07-06 11:27:40 --> Invalid file: "admin/layout.php"
in SYSTEMPATH\Exceptions\FrameworkException.php on line 39.
 1 SYSTEMPATH\View\View.php(216): CodeIgniter\Exceptions\FrameworkException::forInvalidFile('admin/layout.php')
 2 SYSTEMPATH\Common.php(1190): CodeIgniter\View\View->render('admin/layout', [], true)
 3 APPPATH\Controllers\Admin_Controller.php(1007): view('admin/layout', [...])
 4 SYSTEMPATH\CodeIgniter.php(942): App\Controllers\Admin_Controller->author_view()
 5 SYSTEMPATH\CodeIgniter.php(502): CodeIgniter\CodeIgniter->runController(Object(App\Controllers\Admin_Controller))
 6 SYSTEMPATH\CodeIgniter.php(361): CodeIgniter\CodeIgniter->handleRequest(null, Object(Config\Cache), false)
 7 FCPATH\index.php(79): CodeIgniter\CodeIgniter->run()
CRITICAL - 2024-07-06 11:38:06 --> Undefined array key "article_short_description"
in APPPATH\Views\admin\author.php on line 200.
 1 APPPATH\Views\admin\author.php(200): CodeIgniter\Debug\Exceptions->errorHandler(2, 'Undefined array key "article_short_description"', 'C:\\xampp\\htdocs\\ci4\\gruballergy\\app\\Views\\admin\\author.php', 200)
 2 SYSTEMPATH\View\View.php(228): include('C:\\xampp\\htdocs\\ci4\\gruballergy\\app\\Views\\admin\\author.php')
 3 SYSTEMPATH\View\View.php(231): CodeIgniter\View\View->CodeIgniter\View\{closure}()
 4 SYSTEMPATH\Common.php(1190): CodeIgniter\View\View->render('admin/author', [], true)
 5 APPPATH\Views\admin\admin_layout.php(9): view('admin/author')
 6 SYSTEMPATH\View\View.php(228): include('C:\\xampp\\htdocs\\ci4\\gruballergy\\app\\Views\\admin\\admin_layout.php')
 7 SYSTEMPATH\View\View.php(231): CodeIgniter\View\View->CodeIgniter\View\{closure}()
 8 SYSTEMPATH\Common.php(1190): CodeIgniter\View\View->render('admin/admin_layout', [], true)
 9 APPPATH\Controllers\Admin_Controller.php(1007): view('admin/admin_layout', [...])
10 SYSTEMPATH\CodeIgniter.php(942): App\Controllers\Admin_Controller->author_view()
11 SYSTEMPATH\CodeIgniter.php(502): CodeIgniter\CodeIgniter->runController(Object(App\Controllers\Admin_Controller))
12 SYSTEMPATH\CodeIgniter.php(361): CodeIgniter\CodeIgniter->handleRequest(null, Object(Config\Cache), false)
13 FCPATH\index.php(79): CodeIgniter\CodeIgniter->run()
CRITICAL - 2024-07-06 11:39:43 --> Undefined array key "article_name_url"
in APPPATH\Views\admin\author.php on line 207.
 1 APPPATH\Views\admin\author.php(207): CodeIgniter\Debug\Exceptions->errorHandler(2, 'Undefined array key "article_name_url"', 'C:\\xampp\\htdocs\\ci4\\gruballergy\\app\\Views\\admin\\author.php', 207)
 2 SYSTEMPATH\View\View.php(228): include('C:\\xampp\\htdocs\\ci4\\gruballergy\\app\\Views\\admin\\author.php')
 3 SYSTEMPATH\View\View.php(231): CodeIgniter\View\View->CodeIgniter\View\{closure}()
 4 SYSTEMPATH\Common.php(1190): CodeIgniter\View\View->render('admin/author', [], true)
 5 APPPATH\Views\admin\admin_layout.php(9): view('admin/author')
 6 SYSTEMPATH\View\View.php(228): include('C:\\xampp\\htdocs\\ci4\\gruballergy\\app\\Views\\admin\\admin_layout.php')
 7 SYSTEMPATH\View\View.php(231): CodeIgniter\View\View->CodeIgniter\View\{closure}()
 8 SYSTEMPATH\Common.php(1190): CodeIgniter\View\View->render('admin/admin_layout', [], true)
 9 APPPATH\Controllers\Admin_Controller.php(1007): view('admin/admin_layout', [...])
10 SYSTEMPATH\CodeIgniter.php(942): App\Controllers\Admin_Controller->author_view()
11 SYSTEMPATH\CodeIgniter.php(502): CodeIgniter\CodeIgniter->runController(Object(App\Controllers\Admin_Controller))
12 SYSTEMPATH\CodeIgniter.php(361): CodeIgniter\CodeIgniter->handleRequest(null, Object(Config\Cache), false)
13 FCPATH\index.php(79): CodeIgniter\CodeIgniter->run()
CRITICAL - 2024-07-06 11:39:59 --> Undefined array key "article_id"
in APPPATH\Views\admin\author.php on line 208.
 1 APPPATH\Views\admin\author.php(208): CodeIgniter\Debug\Exceptions->errorHandler(2, 'Undefined array key "article_id"', 'C:\\xampp\\htdocs\\ci4\\gruballergy\\app\\Views\\admin\\author.php', 208)
 2 SYSTEMPATH\View\View.php(228): include('C:\\xampp\\htdocs\\ci4\\gruballergy\\app\\Views\\admin\\author.php')
 3 SYSTEMPATH\View\View.php(231): CodeIgniter\View\View->CodeIgniter\View\{closure}()
 4 SYSTEMPATH\Common.php(1190): CodeIgniter\View\View->render('admin/author', [], true)
 5 APPPATH\Views\admin\admin_layout.php(9): view('admin/author')
 6 SYSTEMPATH\View\View.php(228): include('C:\\xampp\\htdocs\\ci4\\gruballergy\\app\\Views\\admin\\admin_layout.php')
 7 SYSTEMPATH\View\View.php(231): CodeIgniter\View\View->CodeIgniter\View\{closure}()
 8 SYSTEMPATH\Common.php(1190): CodeIgniter\View\View->render('admin/admin_layout', [], true)
 9 APPPATH\Controllers\Admin_Controller.php(1007): view('admin/admin_layout', [...])
10 SYSTEMPATH\CodeIgniter.php(942): App\Controllers\Admin_Controller->author_view()
11 SYSTEMPATH\CodeIgniter.php(502): CodeIgniter\CodeIgniter->runController(Object(App\Controllers\Admin_Controller))
12 SYSTEMPATH\CodeIgniter.php(361): CodeIgniter\CodeIgniter->handleRequest(null, Object(Config\Cache), false)
13 FCPATH\index.php(79): CodeIgniter\CodeIgniter->run()
CRITICAL - 2024-07-06 11:53:51 --> Undefined array key "allauthor_desending"
in APPPATH\Controllers\Admin_Controller.php on line 1000.
 1 APPPATH\Controllers\Admin_Controller.php(1000): CodeIgniter\Debug\Exceptions->errorHandler(2, 'Undefined array key "allauthor_desending"', 'C:\\xampp\\htdocs\\ci4\\gruballergy\\app\\Controllers\\Admin_Controller.php', 1000)
 2 SYSTEMPATH\CodeIgniter.php(942): App\Controllers\Admin_Controller->author_view()
 3 SYSTEMPATH\CodeIgniter.php(502): CodeIgniter\CodeIgniter->runController(Object(App\Controllers\Admin_Controller))
 4 SYSTEMPATH\CodeIgniter.php(361): CodeIgniter\CodeIgniter->handleRequest(null, Object(Config\Cache), false)
 5 FCPATH\index.php(79): CodeIgniter\CodeIgniter->run()
CRITICAL - 2024-07-06 12:26:58 --> Undefined array key "article_id"
in APPPATH\Controllers\Admin_Controller.php on line 1147.
 1 APPPATH\Controllers\Admin_Controller.php(1147): CodeIgniter\Debug\Exceptions->errorHandler(2, 'Undefined array key "article_id"', 'C:\\xampp\\htdocs\\ci4\\gruballergy\\app\\Controllers\\Admin_Controller.php', 1147)
 2 SYSTEMPATH\CodeIgniter.php(942): App\Controllers\Admin_Controller->article_edit_view()
 3 SYSTEMPATH\CodeIgniter.php(502): CodeIgniter\CodeIgniter->runController(Object(App\Controllers\Admin_Controller))
 4 SYSTEMPATH\CodeIgniter.php(361): CodeIgniter\CodeIgniter->handleRequest(null, Object(Config\Cache), false)
 5 FCPATH\index.php(79): CodeIgniter\CodeIgniter->run()
CRITICAL - 2024-07-06 13:09:13 --> syntax error, unexpected token ")", expecting variable or "{" or "$"
in APPPATH\Controllers\Admin_Controller.php on line 1057.
 1 SYSTEMPATH\Autoloader\Autoloader.php(291): CodeIgniter\Autoloader\Autoloader->includeFile('C:\\xampp\\htdocs\\ci4\\gruballergy\\app\\Controllers\\Admin_Controller.php')
 2 SYSTEMPATH\Autoloader\Autoloader.php(269): CodeIgniter\Autoloader\Autoloader->loadInNamespace('App\\Controllers\\Admin_Controller')
 3 [internal function]: CodeIgniter\Autoloader\Autoloader->loadClass('App\\Controllers\\Admin_Controller')
 4 SYSTEMPATH\CodeIgniter.php(900): class_exists('\\App\\Controllers\\Admin_Controller', true)
 5 SYSTEMPATH\CodeIgniter.php(489): CodeIgniter\CodeIgniter->startController()
 6 SYSTEMPATH\CodeIgniter.php(361): CodeIgniter\CodeIgniter->handleRequest(null, Object(Config\Cache), false)
 7 FCPATH\index.php(79): CodeIgniter\CodeIgniter->run()
CRITICAL - 2024-07-06 13:09:15 --> syntax error, unexpected token ")", expecting variable or "{" or "$"
in APPPATH\Controllers\Admin_Controller.php on line 1057.
 1 SYSTEMPATH\Autoloader\Autoloader.php(291): CodeIgniter\Autoloader\Autoloader->includeFile('C:\\xampp\\htdocs\\ci4\\gruballergy\\app\\Controllers\\Admin_Controller.php')
 2 SYSTEMPATH\Autoloader\Autoloader.php(269): CodeIgniter\Autoloader\Autoloader->loadInNamespace('App\\Controllers\\Admin_Controller')
 3 [internal function]: CodeIgniter\Autoloader\Autoloader->loadClass('App\\Controllers\\Admin_Controller')
 4 SYSTEMPATH\CodeIgniter.php(900): class_exists('\\App\\Controllers\\Admin_Controller', true)
 5 SYSTEMPATH\CodeIgniter.php(489): CodeIgniter\CodeIgniter->startController()
 6 SYSTEMPATH\CodeIgniter.php(361): CodeIgniter\CodeIgniter->handleRequest(null, Object(Config\Cache), false)
 7 FCPATH\index.php(79): CodeIgniter\CodeIgniter->run()
CRITICAL - 2024-07-06 13:09:22 --> syntax error, unexpected token ")", expecting variable or "{" or "$"
in APPPATH\Controllers\Admin_Controller.php on line 1057.
 1 SYSTEMPATH\Autoloader\Autoloader.php(291): CodeIgniter\Autoloader\Autoloader->includeFile('C:\\xampp\\htdocs\\ci4\\gruballergy\\app\\Controllers\\Admin_Controller.php')
 2 SYSTEMPATH\Autoloader\Autoloader.php(269): CodeIgniter\Autoloader\Autoloader->loadInNamespace('App\\Controllers\\Admin_Controller')
 3 [internal function]: CodeIgniter\Autoloader\Autoloader->loadClass('App\\Controllers\\Admin_Controller')
 4 SYSTEMPATH\CodeIgniter.php(900): class_exists('\\App\\Controllers\\Admin_Controller', true)
 5 SYSTEMPATH\CodeIgniter.php(489): CodeIgniter\CodeIgniter->startController()
 6 SYSTEMPATH\CodeIgniter.php(361): CodeIgniter\CodeIgniter->handleRequest(null, Object(Config\Cache), false)
 7 FCPATH\index.php(79): CodeIgniter\CodeIgniter->run()
CRITICAL - 2024-07-06 13:09:29 --> syntax error, unexpected token ")", expecting variable or "{" or "$"
in APPPATH\Controllers\Admin_Controller.php on line 1057.
 1 SYSTEMPATH\Autoloader\Autoloader.php(291): CodeIgniter\Autoloader\Autoloader->includeFile('C:\\xampp\\htdocs\\ci4\\gruballergy\\app\\Controllers\\Admin_Controller.php')
 2 SYSTEMPATH\Autoloader\Autoloader.php(269): CodeIgniter\Autoloader\Autoloader->loadInNamespace('App\\Controllers\\Admin_Controller')
 3 [internal function]: CodeIgniter\Autoloader\Autoloader->loadClass('App\\Controllers\\Admin_Controller')
 4 SYSTEMPATH\CodeIgniter.php(900): class_exists('\\App\\Controllers\\Admin_Controller', true)
 5 SYSTEMPATH\CodeIgniter.php(489): CodeIgniter\CodeIgniter->startController()
 6 SYSTEMPATH\CodeIgniter.php(361): CodeIgniter\CodeIgniter->handleRequest(null, Object(Config\Cache), false)
 7 FCPATH\index.php(79): CodeIgniter\CodeIgniter->run()
ERROR - 2024-07-06 18:46:12 --> mysqli_sql_exception: Table 'gruballergy.d' doesn't exist in C:\xampp\htdocs\ci4\gruballergy\system\Database\MySQLi\Connection.php:306
Stack trace:
#0 C:\xampp\htdocs\ci4\gruballergy\system\Database\MySQLi\Connection.php(306): mysqli->query('INSERT INTO `d`...', 0)
#1 C:\xampp\htdocs\ci4\gruballergy\system\Database\BaseConnection.php(693): CodeIgniter\Database\MySQLi\Connection->execute('INSERT INTO `d`...')
#2 C:\xampp\htdocs\ci4\gruballergy\system\Database\BaseConnection.php(607): CodeIgniter\Database\BaseConnection->simpleQuery('INSERT INTO `d`...')
#3 C:\xampp\htdocs\ci4\gruballergy\system\Database\BaseBuilder.php(2308): CodeIgniter\Database\BaseConnection->query('INSERT INTO `d`...', Array, false)
#4 C:\xampp\htdocs\ci4\gruballergy\app\Models\Author_Model.php(52): CodeIgniter\Database\BaseBuilder->insert(Array)
#5 C:\xampp\htdocs\ci4\gruballergy\app\Controllers\Admin_Controller.php(1070): App\Models\Author_Model->insert_author_data(Array)
#6 C:\xampp\htdocs\ci4\gruballergy\system\CodeIgniter.php(942): App\Controllers\Admin_Controller->add_author_logic()
#7 C:\xampp\htdocs\ci4\gruballergy\system\CodeIgniter.php(502): CodeIgniter\CodeIgniter->runController(Object(App\Controllers\Admin_Controller))
#8 C:\xampp\htdocs\ci4\gruballergy\system\CodeIgniter.php(361): CodeIgniter\CodeIgniter->handleRequest(NULL, Object(Config\Cache), false)
#9 C:\xampp\htdocs\ci4\gruballergy\index.php(79): CodeIgniter\CodeIgniter->run()
#10 {main}
CRITICAL - 2024-07-06 18:46:12 --> Table 'gruballergy.d' doesn't exist
in SYSTEMPATH\Database\BaseConnection.php on line 647.
 1 SYSTEMPATH\Database\BaseBuilder.php(2308): CodeIgniter\Database\BaseConnection->query('INSERT INTO `d` (`author_name`, `author_short_description`, `author_profile`, `author_bannerimg`, `author_description`, `publish_date_author`) VALUES (:author_name:, :author_short_description:, :author_profile:, :author_bannerimg:, :author_description:, :publish_date_author:)', [...], false)
 2 APPPATH\Models\Author_Model.php(52): CodeIgniter\Database\BaseBuilder->insert([...])
 3 APPPATH\Controllers\Admin_Controller.php(1070): App\Models\Author_Model->insert_author_data([...])
 4 SYSTEMPATH\CodeIgniter.php(942): App\Controllers\Admin_Controller->add_author_logic()
 5 SYSTEMPATH\CodeIgniter.php(502): CodeIgniter\CodeIgniter->runController(Object(App\Controllers\Admin_Controller))
 6 SYSTEMPATH\CodeIgniter.php(361): CodeIgniter\CodeIgniter->handleRequest(null, Object(Config\Cache), false)
 7 FCPATH\index.php(79): CodeIgniter\CodeIgniter->run()
CRITICAL - 2024-07-06 14:55:27 --> Undefined variable $author_profile
in APPPATH\Views\admin\edit_author.php on line 81.
 1 APPPATH\Views\admin\edit_author.php(81): CodeIgniter\Debug\Exceptions->errorHandler(2, 'Undefined variable $author_profile', 'C:\\xampp\\htdocs\\ci4\\gruballergy\\app\\Views\\admin\\edit_author.php', 81)
 2 SYSTEMPATH\View\View.php(228): include('C:\\xampp\\htdocs\\ci4\\gruballergy\\app\\Views\\admin\\edit_author.php')
 3 SYSTEMPATH\View\View.php(231): CodeIgniter\View\View->CodeIgniter\View\{closure}()
 4 SYSTEMPATH\Common.php(1190): CodeIgniter\View\View->render('admin/edit_author', [], true)
 5 APPPATH\Views\admin\admin_layout.php(9): view('admin/edit_author')
 6 SYSTEMPATH\View\View.php(228): include('C:\\xampp\\htdocs\\ci4\\gruballergy\\app\\Views\\admin\\admin_layout.php')
 7 SYSTEMPATH\View\View.php(231): CodeIgniter\View\View->CodeIgniter\View\{closure}()
 8 SYSTEMPATH\Common.php(1190): CodeIgniter\View\View->render('admin/admin_layout', [], true)
 9 APPPATH\Controllers\Admin_Controller.php(1102): view('admin/admin_layout', [...])
10 SYSTEMPATH\CodeIgniter.php(942): App\Controllers\Admin_Controller->author_editpage_view()
11 SYSTEMPATH\CodeIgniter.php(502): CodeIgniter\CodeIgniter->runController(Object(App\Controllers\Admin_Controller))
12 SYSTEMPATH\CodeIgniter.php(361): CodeIgniter\CodeIgniter->handleRequest(null, Object(Config\Cache), false)
13 FCPATH\index.php(79): CodeIgniter\CodeIgniter->run()
CRITICAL - 2024-07-06 14:56:00 --> Undefined variable $author_profile
in APPPATH\Views\admin\edit_author.php on line 81.
 1 APPPATH\Views\admin\edit_author.php(81): CodeIgniter\Debug\Exceptions->errorHandler(2, 'Undefined variable $author_profile', 'C:\\xampp\\htdocs\\ci4\\gruballergy\\app\\Views\\admin\\edit_author.php', 81)
 2 SYSTEMPATH\View\View.php(228): include('C:\\xampp\\htdocs\\ci4\\gruballergy\\app\\Views\\admin\\edit_author.php')
 3 SYSTEMPATH\View\View.php(231): CodeIgniter\View\View->CodeIgniter\View\{closure}()
 4 SYSTEMPATH\Common.php(1190): CodeIgniter\View\View->render('admin/edit_author', [], true)
 5 APPPATH\Views\admin\admin_layout.php(9): view('admin/edit_author')
 6 SYSTEMPATH\View\View.php(228): include('C:\\xampp\\htdocs\\ci4\\gruballergy\\app\\Views\\admin\\admin_layout.php')
 7 SYSTEMPATH\View\View.php(231): CodeIgniter\View\View->CodeIgniter\View\{closure}()
 8 SYSTEMPATH\Common.php(1190): CodeIgniter\View\View->render('admin/admin_layout', [], true)
 9 APPPATH\Controllers\Admin_Controller.php(1102): view('admin/admin_layout', [...])
10 SYSTEMPATH\CodeIgniter.php(942): App\Controllers\Admin_Controller->author_editpage_view()
11 SYSTEMPATH\CodeIgniter.php(502): CodeIgniter\CodeIgniter->runController(Object(App\Controllers\Admin_Controller))
12 SYSTEMPATH\CodeIgniter.php(361): CodeIgniter\CodeIgniter->handleRequest(null, Object(Config\Cache), false)
13 FCPATH\index.php(79): CodeIgniter\CodeIgniter->run()
CRITICAL - 2024-07-06 15:11:32 --> Undefined variable $imagename1
in APPPATH\Controllers\Admin_Controller.php on line 1130.
 1 APPPATH\Controllers\Admin_Controller.php(1130): CodeIgniter\Debug\Exceptions->errorHandler(2, 'Undefined variable $imagename1', 'C:\\xampp\\htdocs\\ci4\\gruballergy\\app\\Controllers\\Admin_Controller.php', 1130)
 2 SYSTEMPATH\CodeIgniter.php(942): App\Controllers\Admin_Controller->edit_author_logic()
 3 SYSTEMPATH\CodeIgniter.php(502): CodeIgniter\CodeIgniter->runController(Object(App\Controllers\Admin_Controller))
 4 SYSTEMPATH\CodeIgniter.php(361): CodeIgniter\CodeIgniter->handleRequest(null, Object(Config\Cache), false)
 5 FCPATH\index.php(79): CodeIgniter\CodeIgniter->run()
CRITICAL - 2024-07-06 15:13:12 --> Undefined variable $imagename1
in APPPATH\Controllers\Admin_Controller.php on line 1132.
 1 APPPATH\Controllers\Admin_Controller.php(1132): CodeIgniter\Debug\Exceptions->errorHandler(2, 'Undefined variable $imagename1', 'C:\\xampp\\htdocs\\ci4\\gruballergy\\app\\Controllers\\Admin_Controller.php', 1132)
 2 SYSTEMPATH\CodeIgniter.php(942): App\Controllers\Admin_Controller->edit_author_logic()
 3 SYSTEMPATH\CodeIgniter.php(502): CodeIgniter\CodeIgniter->runController(Object(App\Controllers\Admin_Controller))
 4 SYSTEMPATH\CodeIgniter.php(361): CodeIgniter\CodeIgniter->handleRequest(null, Object(Config\Cache), false)
 5 FCPATH\index.php(79): CodeIgniter\CodeIgniter->run()
CRITICAL - 2024-07-06 15:15:22 --> Undefined variable $imagename1
in APPPATH\Controllers\Admin_Controller.php on line 1132.
 1 APPPATH\Controllers\Admin_Controller.php(1132): CodeIgniter\Debug\Exceptions->errorHandler(2, 'Undefined variable $imagename1', 'C:\\xampp\\htdocs\\ci4\\gruballergy\\app\\Controllers\\Admin_Controller.php', 1132)
 2 SYSTEMPATH\CodeIgniter.php(942): App\Controllers\Admin_Controller->edit_author_logic()
 3 SYSTEMPATH\CodeIgniter.php(502): CodeIgniter\CodeIgniter->runController(Object(App\Controllers\Admin_Controller))
 4 SYSTEMPATH\CodeIgniter.php(361): CodeIgniter\CodeIgniter->handleRequest(null, Object(Config\Cache), false)
 5 FCPATH\index.php(79): CodeIgniter\CodeIgniter->run()
CRITICAL - 2024-07-06 15:26:33 --> Call to undefined function App\Controllers\data_default_timezone_set()
in APPPATH\Controllers\Admin_Controller.php on line 1134.
 1 SYSTEMPATH\CodeIgniter.php(942): App\Controllers\Admin_Controller->edit_author_logic()
 2 SYSTEMPATH\CodeIgniter.php(502): CodeIgniter\CodeIgniter->runController(Object(App\Controllers\Admin_Controller))
 3 SYSTEMPATH\CodeIgniter.php(361): CodeIgniter\CodeIgniter->handleRequest(null, Object(Config\Cache), false)
 4 FCPATH\index.php(79): CodeIgniter\CodeIgniter->run()
CRITICAL - 2024-07-06 15:32:13 --> Undefined array key "author_id"
in APPPATH\Controllers\Admin_Controller.php on line 1114.
 1 APPPATH\Controllers\Admin_Controller.php(1114): CodeIgniter\Debug\Exceptions->errorHandler(2, 'Undefined array key "author_id"', 'C:\\xampp\\htdocs\\ci4\\gruballergy\\app\\Controllers\\Admin_Controller.php', 1114)
 2 SYSTEMPATH\CodeIgniter.php(942): App\Controllers\Admin_Controller->edit_author_logic()
 3 SYSTEMPATH\CodeIgniter.php(502): CodeIgniter\CodeIgniter->runController(Object(App\Controllers\Admin_Controller))
 4 SYSTEMPATH\CodeIgniter.php(361): CodeIgniter\CodeIgniter->handleRequest(null, Object(Config\Cache), false)
 5 FCPATH\index.php(79): CodeIgniter\CodeIgniter->run()
CRITICAL - 2024-07-06 15:32:26 --> Undefined array key "author_id"
in APPPATH\Controllers\Admin_Controller.php on line 1114.
 1 APPPATH\Controllers\Admin_Controller.php(1114): CodeIgniter\Debug\Exceptions->errorHandler(2, 'Undefined array key "author_id"', 'C:\\xampp\\htdocs\\ci4\\gruballergy\\app\\Controllers\\Admin_Controller.php', 1114)
 2 SYSTEMPATH\CodeIgniter.php(942): App\Controllers\Admin_Controller->edit_author_logic()
 3 SYSTEMPATH\CodeIgniter.php(502): CodeIgniter\CodeIgniter->runController(Object(App\Controllers\Admin_Controller))
 4 SYSTEMPATH\CodeIgniter.php(361): CodeIgniter\CodeIgniter->handleRequest(null, Object(Config\Cache), false)
 5 FCPATH\index.php(79): CodeIgniter\CodeIgniter->run()
CRITICAL - 2024-07-06 15:33:23 --> Undefined array key "author_id"
in APPPATH\Controllers\Admin_Controller.php on line 1114.
 1 APPPATH\Controllers\Admin_Controller.php(1114): CodeIgniter\Debug\Exceptions->errorHandler(2, 'Undefined array key "author_id"', 'C:\\xampp\\htdocs\\ci4\\gruballergy\\app\\Controllers\\Admin_Controller.php', 1114)
 2 SYSTEMPATH\CodeIgniter.php(942): App\Controllers\Admin_Controller->edit_author_logic()
 3 SYSTEMPATH\CodeIgniter.php(502): CodeIgniter\CodeIgniter->runController(Object(App\Controllers\Admin_Controller))
 4 SYSTEMPATH\CodeIgniter.php(361): CodeIgniter\CodeIgniter->handleRequest(null, Object(Config\Cache), false)
 5 FCPATH\index.php(79): CodeIgniter\CodeIgniter->run()
CRITICAL - 2024-07-06 15:33:33 --> Undefined array key "author_id"
in APPPATH\Controllers\Admin_Controller.php on line 1114.
 1 APPPATH\Controllers\Admin_Controller.php(1114): CodeIgniter\Debug\Exceptions->errorHandler(2, 'Undefined array key "author_id"', 'C:\\xampp\\htdocs\\ci4\\gruballergy\\app\\Controllers\\Admin_Controller.php', 1114)
 2 SYSTEMPATH\CodeIgniter.php(942): App\Controllers\Admin_Controller->edit_author_logic()
 3 SYSTEMPATH\CodeIgniter.php(502): CodeIgniter\CodeIgniter->runController(Object(App\Controllers\Admin_Controller))
 4 SYSTEMPATH\CodeIgniter.php(361): CodeIgniter\CodeIgniter->handleRequest(null, Object(Config\Cache), false)
 5 FCPATH\index.php(79): CodeIgniter\CodeIgniter->run()
CRITICAL - 2024-07-06 15:33:58 --> Undefined array key "author_id"
in APPPATH\Controllers\Admin_Controller.php on line 1114.
 1 APPPATH\Controllers\Admin_Controller.php(1114): CodeIgniter\Debug\Exceptions->errorHandler(2, 'Undefined array key "author_id"', 'C:\\xampp\\htdocs\\ci4\\gruballergy\\app\\Controllers\\Admin_Controller.php', 1114)
 2 SYSTEMPATH\CodeIgniter.php(942): App\Controllers\Admin_Controller->edit_author_logic()
 3 SYSTEMPATH\CodeIgniter.php(502): CodeIgniter\CodeIgniter->runController(Object(App\Controllers\Admin_Controller))
 4 SYSTEMPATH\CodeIgniter.php(361): CodeIgniter\CodeIgniter->handleRequest(null, Object(Config\Cache), false)
 5 FCPATH\index.php(79): CodeIgniter\CodeIgniter->run()
CRITICAL - 2024-07-06 21:13:48 --> Too few arguments to function App\Models\Author_Model::author_update(), 1 passed in C:\xampp\htdocs\ci4\gruballergy\app\Controllers\Admin_Controller.php on line 1152 and exactly 2 expected
in APPPATH\Models\Author_Model.php on line 68.
 1 APPPATH\Controllers\Admin_Controller.php(1152): App\Models\Author_Model->author_update([...])
 2 SYSTEMPATH\CodeIgniter.php(942): App\Controllers\Admin_Controller->edit_author_logic()
 3 SYSTEMPATH\CodeIgniter.php(502): CodeIgniter\CodeIgniter->runController(Object(App\Controllers\Admin_Controller))
 4 SYSTEMPATH\CodeIgniter.php(361): CodeIgniter\CodeIgniter->handleRequest(null, Object(Config\Cache), false)
 5 FCPATH\index.php(79): CodeIgniter\CodeIgniter->run()
CRITICAL - 2024-07-06 18:17:06 --> Undefined array key "$author_id"
in APPPATH\Controllers\Admin_Controller.php on line 1185.
 1 APPPATH\Controllers\Admin_Controller.php(1185): CodeIgniter\Debug\Exceptions->errorHandler(2, 'Undefined array key "$author_id"', 'C:\\xampp\\htdocs\\ci4\\gruballergy\\app\\Controllers\\Admin_Controller.php', 1185)
 2 SYSTEMPATH\CodeIgniter.php(942): App\Controllers\Admin_Controller->author_delete()
 3 SYSTEMPATH\CodeIgniter.php(502): CodeIgniter\CodeIgniter->runController(Object(App\Controllers\Admin_Controller))
 4 SYSTEMPATH\CodeIgniter.php(361): CodeIgniter\CodeIgniter->handleRequest(null, Object(Config\Cache), false)
 5 FCPATH\index.php(79): CodeIgniter\CodeIgniter->run()
CRITICAL - 2024-07-06 18:18:52 --> Undefined array key "$author_id"
in APPPATH\Controllers\Admin_Controller.php on line 1185.
 1 APPPATH\Controllers\Admin_Controller.php(1185): CodeIgniter\Debug\Exceptions->errorHandler(2, 'Undefined array key "$author_id"', 'C:\\xampp\\htdocs\\ci4\\gruballergy\\app\\Controllers\\Admin_Controller.php', 1185)
 2 SYSTEMPATH\CodeIgniter.php(942): App\Controllers\Admin_Controller->author_delete()
 3 SYSTEMPATH\CodeIgniter.php(502): CodeIgniter\CodeIgniter->runController(Object(App\Controllers\Admin_Controller))
 4 SYSTEMPATH\CodeIgniter.php(361): CodeIgniter\CodeIgniter->handleRequest(null, Object(Config\Cache), false)
 5 FCPATH\index.php(79): CodeIgniter\CodeIgniter->run()
CRITICAL - 2024-07-06 18:21:00 --> Undefined array key "$author_id"
in APPPATH\Controllers\Admin_Controller.php on line 1185.
 1 APPPATH\Controllers\Admin_Controller.php(1185): CodeIgniter\Debug\Exceptions->errorHandler(2, 'Undefined array key "$author_id"', 'C:\\xampp\\htdocs\\ci4\\gruballergy\\app\\Controllers\\Admin_Controller.php', 1185)
 2 SYSTEMPATH\CodeIgniter.php(942): App\Controllers\Admin_Controller->author_delete()
 3 SYSTEMPATH\CodeIgniter.php(502): CodeIgniter\CodeIgniter->runController(Object(App\Controllers\Admin_Controller))
 4 SYSTEMPATH\CodeIgniter.php(361): CodeIgniter\CodeIgniter->handleRequest(null, Object(Config\Cache), false)
 5 FCPATH\index.php(79): CodeIgniter\CodeIgniter->run()
CRITICAL - 2024-07-06 18:22:11 --> Undefined array key "$author_id"
in APPPATH\Controllers\Admin_Controller.php on line 1185.
 1 APPPATH\Controllers\Admin_Controller.php(1185): CodeIgniter\Debug\Exceptions->errorHandler(2, 'Undefined array key "$author_id"', 'C:\\xampp\\htdocs\\ci4\\gruballergy\\app\\Controllers\\Admin_Controller.php', 1185)
 2 SYSTEMPATH\CodeIgniter.php(942): App\Controllers\Admin_Controller->author_delete()
 3 SYSTEMPATH\CodeIgniter.php(502): CodeIgniter\CodeIgniter->runController(Object(App\Controllers\Admin_Controller))
 4 SYSTEMPATH\CodeIgniter.php(361): CodeIgniter\CodeIgniter->handleRequest(null, Object(Config\Cache), false)
 5 FCPATH\index.php(79): CodeIgniter\CodeIgniter->run()
