CRITICAL - 2024-05-13 05:39:32 --> Undefined array key "allrecipes"
in APPPATH\Controllers\Admin_Controller.php on line 196.
 1 APPPATH\Controllers\Admin_Controller.php(196): CodeIgniter\Debug\Exceptions->errorHandler(2, 'Undefined array key "allrecipes"', 'C:\\xampp\\htdocs\\ci4\\gruballergy\\app\\Controllers\\Admin_Controller.php', 196)
 2 SYSTEMPATH\CodeIgniter.php(942): App\Controllers\Admin_Controller->recipes()
 3 SYSTEMPATH\CodeIgniter.php(502): CodeIgniter\CodeIgniter->runController(Object(App\Controllers\Admin_Controller))
 4 SYSTEMPATH\CodeIgniter.php(361): CodeIgniter\CodeIgniter->handleRequest(null, Object(Config\Cache), false)
 5 FCPATH\index.php(79): CodeIgniter\CodeIgniter->run()
CRITICAL - 2024-05-13 05:42:30 --> Undefined array key "allrecipes"
in APPPATH\Controllers\Admin_Controller.php on line 196.
 1 APPPATH\Controllers\Admin_Controller.php(196): CodeIgniter\Debug\Exceptions->errorHandler(2, 'Undefined array key "allrecipes"', 'C:\\xampp\\htdocs\\ci4\\gruballergy\\app\\Controllers\\Admin_Controller.php', 196)
 2 SYSTEMPATH\CodeIgniter.php(942): App\Controllers\Admin_Controller->recipes()
 3 SYSTEMPATH\CodeIgniter.php(502): CodeIgniter\CodeIgniter->runController(Object(App\Controllers\Admin_Controller))
 4 SYSTEMPATH\CodeIgniter.php(361): CodeIgniter\CodeIgniter->handleRequest(null, Object(Config\Cache), false)
 5 FCPATH\index.php(79): CodeIgniter\CodeIgniter->run()
CRITICAL - 2024-05-13 05:42:31 --> Undefined array key "allrecipes"
in APPPATH\Controllers\Admin_Controller.php on line 196.
 1 APPPATH\Controllers\Admin_Controller.php(196): CodeIgniter\Debug\Exceptions->errorHandler(2, 'Undefined array key "allrecipes"', 'C:\\xampp\\htdocs\\ci4\\gruballergy\\app\\Controllers\\Admin_Controller.php', 196)
 2 SYSTEMPATH\CodeIgniter.php(942): App\Controllers\Admin_Controller->recipes()
 3 SYSTEMPATH\CodeIgniter.php(502): CodeIgniter\CodeIgniter->runController(Object(App\Controllers\Admin_Controller))
 4 SYSTEMPATH\CodeIgniter.php(361): CodeIgniter\CodeIgniter->handleRequest(null, Object(Config\Cache), false)
 5 FCPATH\index.php(79): CodeIgniter\CodeIgniter->run()
CRITICAL - 2024-05-13 05:42:31 --> Undefined array key "allrecipes"
in APPPATH\Controllers\Admin_Controller.php on line 196.
 1 APPPATH\Controllers\Admin_Controller.php(196): CodeIgniter\Debug\Exceptions->errorHandler(2, 'Undefined array key "allrecipes"', 'C:\\xampp\\htdocs\\ci4\\gruballergy\\app\\Controllers\\Admin_Controller.php', 196)
 2 SYSTEMPATH\CodeIgniter.php(942): App\Controllers\Admin_Controller->recipes()
 3 SYSTEMPATH\CodeIgniter.php(502): CodeIgniter\CodeIgniter->runController(Object(App\Controllers\Admin_Controller))
 4 SYSTEMPATH\CodeIgniter.php(361): CodeIgniter\CodeIgniter->handleRequest(null, Object(Config\Cache), false)
 5 FCPATH\index.php(79): CodeIgniter\CodeIgniter->run()
CRITICAL - 2024-05-13 06:19:00 --> Undefined array key "allarticle_desending"
in APPPATH\Controllers\Admin_Controller.php on line 745.
 1 APPPATH\Controllers\Admin_Controller.php(745): CodeIgniter\Debug\Exceptions->errorHandler(2, 'Undefined array key "allarticle_desending"', 'C:\\xampp\\htdocs\\ci4\\gruballergy\\app\\Controllers\\Admin_Controller.php', 745)
 2 SYSTEMPATH\CodeIgniter.php(942): App\Controllers\Admin_Controller->articlepage()
 3 SYSTEMPATH\CodeIgniter.php(502): CodeIgniter\CodeIgniter->runController(Object(App\Controllers\Admin_Controller))
 4 SYSTEMPATH\CodeIgniter.php(361): CodeIgniter\CodeIgniter->handleRequest(null, Object(Config\Cache), false)
 5 FCPATH\index.php(79): CodeIgniter\CodeIgniter->run()
CRITICAL - 2024-05-13 06:19:33 --> Undefined array key "allarticle_desending"
in APPPATH\Controllers\Admin_Controller.php on line 745.
 1 APPPATH\Controllers\Admin_Controller.php(745): CodeIgniter\Debug\Exceptions->errorHandler(2, 'Undefined array key "allarticle_desending"', 'C:\\xampp\\htdocs\\ci4\\gruballergy\\app\\Controllers\\Admin_Controller.php', 745)
 2 SYSTEMPATH\CodeIgniter.php(942): App\Controllers\Admin_Controller->articlepage()
 3 SYSTEMPATH\CodeIgniter.php(502): CodeIgniter\CodeIgniter->runController(Object(App\Controllers\Admin_Controller))
 4 SYSTEMPATH\CodeIgniter.php(361): CodeIgniter\CodeIgniter->handleRequest(null, Object(Config\Cache), false)
 5 FCPATH\index.php(79): CodeIgniter\CodeIgniter->run()
CRITICAL - 2024-05-13 06:19:34 --> Undefined array key "allarticle_desending"
in APPPATH\Controllers\Admin_Controller.php on line 745.
 1 APPPATH\Controllers\Admin_Controller.php(745): CodeIgniter\Debug\Exceptions->errorHandler(2, 'Undefined array key "allarticle_desending"', 'C:\\xampp\\htdocs\\ci4\\gruballergy\\app\\Controllers\\Admin_Controller.php', 745)
 2 SYSTEMPATH\CodeIgniter.php(942): App\Controllers\Admin_Controller->articlepage()
 3 SYSTEMPATH\CodeIgniter.php(502): CodeIgniter\CodeIgniter->runController(Object(App\Controllers\Admin_Controller))
 4 SYSTEMPATH\CodeIgniter.php(361): CodeIgniter\CodeIgniter->handleRequest(null, Object(Config\Cache), false)
 5 FCPATH\index.php(79): CodeIgniter\CodeIgniter->run()
CRITICAL - 2024-05-13 06:19:35 --> Undefined array key "allarticle_desending"
in APPPATH\Controllers\Admin_Controller.php on line 745.
 1 APPPATH\Controllers\Admin_Controller.php(745): CodeIgniter\Debug\Exceptions->errorHandler(2, 'Undefined array key "allarticle_desending"', 'C:\\xampp\\htdocs\\ci4\\gruballergy\\app\\Controllers\\Admin_Controller.php', 745)
 2 SYSTEMPATH\CodeIgniter.php(942): App\Controllers\Admin_Controller->articlepage()
 3 SYSTEMPATH\CodeIgniter.php(502): CodeIgniter\CodeIgniter->runController(Object(App\Controllers\Admin_Controller))
 4 SYSTEMPATH\CodeIgniter.php(361): CodeIgniter\CodeIgniter->handleRequest(null, Object(Config\Cache), false)
 5 FCPATH\index.php(79): CodeIgniter\CodeIgniter->run()
CRITICAL - 2024-05-13 07:43:37 --> Too few arguments to function App\Models\Recipes_Model::allrecipes(), 0 passed in C:\xampp\htdocs\ci4\gruballergy\app\Controllers\Admin_Controller.php on line 194 and exactly 1 expected
in APPPATH\Models\Recipes_Model.php on line 44.
 1 APPPATH\Controllers\Admin_Controller.php(194): App\Models\Recipes_Model->allrecipes()
 2 SYSTEMPATH\CodeIgniter.php(942): App\Controllers\Admin_Controller->recipes()
 3 SYSTEMPATH\CodeIgniter.php(502): CodeIgniter\CodeIgniter->runController(Object(App\Controllers\Admin_Controller))
 4 SYSTEMPATH\CodeIgniter.php(361): CodeIgniter\CodeIgniter->handleRequest(null, Object(Config\Cache), false)
 5 FCPATH\index.php(79): CodeIgniter\CodeIgniter->run()
CRITICAL - 2024-05-13 07:45:11 --> Too few arguments to function App\Models\Recipes_Model::allrecipes(), 0 passed in C:\xampp\htdocs\ci4\gruballergy\app\Controllers\Admin_Controller.php on line 194 and exactly 1 expected
in APPPATH\Models\Recipes_Model.php on line 44.
 1 APPPATH\Controllers\Admin_Controller.php(194): App\Models\Recipes_Model->allrecipes()
 2 SYSTEMPATH\CodeIgniter.php(942): App\Controllers\Admin_Controller->recipes()
 3 SYSTEMPATH\CodeIgniter.php(502): CodeIgniter\CodeIgniter->runController(Object(App\Controllers\Admin_Controller))
 4 SYSTEMPATH\CodeIgniter.php(361): CodeIgniter\CodeIgniter->handleRequest(null, Object(Config\Cache), false)
 5 FCPATH\index.php(79): CodeIgniter\CodeIgniter->run()
CRITICAL - 2024-05-13 07:46:18 --> Too few arguments to function App\Models\Recipes_Model::allrecipes(), 0 passed in C:\xampp\htdocs\ci4\gruballergy\app\Controllers\Admin_Controller.php on line 194 and exactly 1 expected
in APPPATH\Models\Recipes_Model.php on line 44.
 1 APPPATH\Controllers\Admin_Controller.php(194): App\Models\Recipes_Model->allrecipes()
 2 SYSTEMPATH\CodeIgniter.php(942): App\Controllers\Admin_Controller->recipes()
 3 SYSTEMPATH\CodeIgniter.php(502): CodeIgniter\CodeIgniter->runController(Object(App\Controllers\Admin_Controller))
 4 SYSTEMPATH\CodeIgniter.php(361): CodeIgniter\CodeIgniter->handleRequest(null, Object(Config\Cache), false)
 5 FCPATH\index.php(79): CodeIgniter\CodeIgniter->run()
CRITICAL - 2024-05-13 09:15:35 --> Undefined array key "re_title"
in APPPATH\Controllers\Admin_Controller.php on line 280.
 1 APPPATH\Controllers\Admin_Controller.php(280): CodeIgniter\Debug\Exceptions->errorHandler(2, 'Undefined array key "re_title"', 'C:\\xampp\\htdocs\\ci4\\gruballergy\\app\\Controllers\\Admin_Controller.php', 280)
 2 SYSTEMPATH\CodeIgniter.php(942): App\Controllers\Admin_Controller->addrecipes_insert()
 3 SYSTEMPATH\CodeIgniter.php(502): CodeIgniter\CodeIgniter->runController(Object(App\Controllers\Admin_Controller))
 4 SYSTEMPATH\CodeIgniter.php(361): CodeIgniter\CodeIgniter->handleRequest(null, Object(Config\Cache), false)
 5 FCPATH\index.php(79): CodeIgniter\CodeIgniter->run()
ERROR - 2024-05-13 09:42:17 --> mysqli_sql_exception: Unknown column 're_category' in 'where clause' in C:\xampp\htdocs\ci4\gruballergy\system\Database\MySQLi\Connection.php:306
Stack trace:
#0 C:\xampp\htdocs\ci4\gruballergy\system\Database\MySQLi\Connection.php(306): mysqli->query('select re_id fr...', 0)
#1 C:\xampp\htdocs\ci4\gruballergy\system\Database\BaseConnection.php(693): CodeIgniter\Database\MySQLi\Connection->execute('select re_id fr...')
#2 C:\xampp\htdocs\ci4\gruballergy\system\Database\BaseConnection.php(607): CodeIgniter\Database\BaseConnection->simpleQuery('select re_id fr...')
#3 C:\xampp\htdocs\ci4\gruballergy\app\Models\Category_Model.php(77): CodeIgniter\Database\BaseConnection->query('select re_id fr...')
#4 C:\xampp\htdocs\ci4\gruballergy\app\Controllers\Admin_Controller.php(601): App\Models\Category_Model->category_deletedata('12')
#5 C:\xampp\htdocs\ci4\gruballergy\system\CodeIgniter.php(942): App\Controllers\Admin_Controller->category_delete()
#6 C:\xampp\htdocs\ci4\gruballergy\system\CodeIgniter.php(502): CodeIgniter\CodeIgniter->runController(Object(App\Controllers\Admin_Controller))
#7 C:\xampp\htdocs\ci4\gruballergy\system\CodeIgniter.php(361): CodeIgniter\CodeIgniter->handleRequest(NULL, Object(Config\Cache), false)
#8 C:\xampp\htdocs\ci4\gruballergy\index.php(79): CodeIgniter\CodeIgniter->run()
#9 {main}
CRITICAL - 2024-05-13 09:42:17 --> Unknown column 're_category' in 'where clause'
in SYSTEMPATH\Database\BaseConnection.php on line 647.
 1 APPPATH\Models\Category_Model.php(77): CodeIgniter\Database\BaseConnection->query('select re_id from recipes where active=1 and re_category="12"')
 2 APPPATH\Controllers\Admin_Controller.php(601): App\Models\Category_Model->category_deletedata('12')
 3 SYSTEMPATH\CodeIgniter.php(942): App\Controllers\Admin_Controller->category_delete()
 4 SYSTEMPATH\CodeIgniter.php(502): CodeIgniter\CodeIgniter->runController(Object(App\Controllers\Admin_Controller))
 5 SYSTEMPATH\CodeIgniter.php(361): CodeIgniter\CodeIgniter->handleRequest(null, Object(Config\Cache), false)
 6 FCPATH\index.php(79): CodeIgniter\CodeIgniter->run()
CRITICAL - 2024-05-13 10:28:28 --> Undefined array key "re_tag"
in APPPATH\Controllers\Admin_Controller.php on line 385.
 1 APPPATH\Controllers\Admin_Controller.php(385): CodeIgniter\Debug\Exceptions->errorHandler(2, 'Undefined array key "re_tag"', 'C:\\xampp\\htdocs\\ci4\\gruballergy\\app\\Controllers\\Admin_Controller.php', 385)
 2 SYSTEMPATH\CodeIgniter.php(942): App\Controllers\Admin_Controller->editrecipes_logic()
 3 SYSTEMPATH\CodeIgniter.php(502): CodeIgniter\CodeIgniter->runController(Object(App\Controllers\Admin_Controller))
 4 SYSTEMPATH\CodeIgniter.php(361): CodeIgniter\CodeIgniter->handleRequest(null, Object(Config\Cache), false)
 5 FCPATH\index.php(79): CodeIgniter\CodeIgniter->run()
CRITICAL - 2024-05-13 10:28:43 --> Undefined array key "re_tag"
in APPPATH\Controllers\Admin_Controller.php on line 385.
 1 APPPATH\Controllers\Admin_Controller.php(385): CodeIgniter\Debug\Exceptions->errorHandler(2, 'Undefined array key "re_tag"', 'C:\\xampp\\htdocs\\ci4\\gruballergy\\app\\Controllers\\Admin_Controller.php', 385)
 2 SYSTEMPATH\CodeIgniter.php(942): App\Controllers\Admin_Controller->editrecipes_logic()
 3 SYSTEMPATH\CodeIgniter.php(502): CodeIgniter\CodeIgniter->runController(Object(App\Controllers\Admin_Controller))
 4 SYSTEMPATH\CodeIgniter.php(361): CodeIgniter\CodeIgniter->handleRequest(null, Object(Config\Cache), false)
 5 FCPATH\index.php(79): CodeIgniter\CodeIgniter->run()
CRITICAL - 2024-05-13 10:29:49 --> Undefined array key "re_category"
in APPPATH\Controllers\Admin_Controller.php on line 406.
 1 APPPATH\Controllers\Admin_Controller.php(406): CodeIgniter\Debug\Exceptions->errorHandler(2, 'Undefined array key "re_category"', 'C:\\xampp\\htdocs\\ci4\\gruballergy\\app\\Controllers\\Admin_Controller.php', 406)
 2 SYSTEMPATH\CodeIgniter.php(942): App\Controllers\Admin_Controller->editrecipes_logic()
 3 SYSTEMPATH\CodeIgniter.php(502): CodeIgniter\CodeIgniter->runController(Object(App\Controllers\Admin_Controller))
 4 SYSTEMPATH\CodeIgniter.php(361): CodeIgniter\CodeIgniter->handleRequest(null, Object(Config\Cache), false)
 5 FCPATH\index.php(79): CodeIgniter\CodeIgniter->run()
CRITICAL - 2024-05-13 10:30:31 --> Undefined array key "re_category"
in APPPATH\Controllers\Admin_Controller.php on line 406.
 1 APPPATH\Controllers\Admin_Controller.php(406): CodeIgniter\Debug\Exceptions->errorHandler(2, 'Undefined array key "re_category"', 'C:\\xampp\\htdocs\\ci4\\gruballergy\\app\\Controllers\\Admin_Controller.php', 406)
 2 SYSTEMPATH\CodeIgniter.php(942): App\Controllers\Admin_Controller->editrecipes_logic()
 3 SYSTEMPATH\CodeIgniter.php(502): CodeIgniter\CodeIgniter->runController(Object(App\Controllers\Admin_Controller))
 4 SYSTEMPATH\CodeIgniter.php(361): CodeIgniter\CodeIgniter->handleRequest(null, Object(Config\Cache), false)
 5 FCPATH\index.php(79): CodeIgniter\CodeIgniter->run()
CRITICAL - 2024-05-13 10:31:51 --> Undefined array key "re_category"
in APPPATH\Controllers\Admin_Controller.php on line 406.
 1 APPPATH\Controllers\Admin_Controller.php(406): CodeIgniter\Debug\Exceptions->errorHandler(2, 'Undefined array key "re_category"', 'C:\\xampp\\htdocs\\ci4\\gruballergy\\app\\Controllers\\Admin_Controller.php', 406)
 2 SYSTEMPATH\CodeIgniter.php(942): App\Controllers\Admin_Controller->editrecipes_logic()
 3 SYSTEMPATH\CodeIgniter.php(502): CodeIgniter\CodeIgniter->runController(Object(App\Controllers\Admin_Controller))
 4 SYSTEMPATH\CodeIgniter.php(361): CodeIgniter\CodeIgniter->handleRequest(null, Object(Config\Cache), false)
 5 FCPATH\index.php(79): CodeIgniter\CodeIgniter->run()
CRITICAL - 2024-05-13 11:30:29 --> Undefined array key "re_category"
in APPPATH\Controllers\Admin_Controller.php on line 406.
 1 APPPATH\Controllers\Admin_Controller.php(406): CodeIgniter\Debug\Exceptions->errorHandler(2, 'Undefined array key "re_category"', 'C:\\xampp\\htdocs\\ci4\\gruballergy\\app\\Controllers\\Admin_Controller.php', 406)
 2 SYSTEMPATH\CodeIgniter.php(942): App\Controllers\Admin_Controller->editrecipes_logic()
 3 SYSTEMPATH\CodeIgniter.php(502): CodeIgniter\CodeIgniter->runController(Object(App\Controllers\Admin_Controller))
 4 SYSTEMPATH\CodeIgniter.php(361): CodeIgniter\CodeIgniter->handleRequest(null, Object(Config\Cache), false)
 5 FCPATH\index.php(79): CodeIgniter\CodeIgniter->run()
CRITICAL - 2024-05-13 17:33:00 --> Undefined array key "tag_data"
in APPPATH\Controllers\Admin_Controller.php on line 324.
 1 APPPATH\Controllers\Admin_Controller.php(324): CodeIgniter\Debug\Exceptions->errorHandler(2, 'Undefined array key "tag_data"', 'C:\\xampp\\htdocs\\ci4\\gruballergy\\app\\Controllers\\Admin_Controller.php', 324)
 2 SYSTEMPATH\CodeIgniter.php(942): App\Controllers\Admin_Controller->addrecipes_insert()
 3 SYSTEMPATH\CodeIgniter.php(502): CodeIgniter\CodeIgniter->runController(Object(App\Controllers\Admin_Controller))
 4 SYSTEMPATH\CodeIgniter.php(361): CodeIgniter\CodeIgniter->handleRequest(null, Object(Config\Cache), false)
 5 FCPATH\index.php(79): CodeIgniter\CodeIgniter->run()
CRITICAL - 2024-05-13 17:33:54 --> Undefined variable $imagename
in APPPATH\Controllers\Admin_Controller.php on line 294.
 1 APPPATH\Controllers\Admin_Controller.php(294): CodeIgniter\Debug\Exceptions->errorHandler(2, 'Undefined variable $imagename', 'C:\\xampp\\htdocs\\ci4\\gruballergy\\app\\Controllers\\Admin_Controller.php', 294)
 2 SYSTEMPATH\CodeIgniter.php(942): App\Controllers\Admin_Controller->addrecipes_insert()
 3 SYSTEMPATH\CodeIgniter.php(502): CodeIgniter\CodeIgniter->runController(Object(App\Controllers\Admin_Controller))
 4 SYSTEMPATH\CodeIgniter.php(361): CodeIgniter\CodeIgniter->handleRequest(null, Object(Config\Cache), false)
 5 FCPATH\index.php(79): CodeIgniter\CodeIgniter->run()
CRITICAL - 2024-05-13 12:14:37 --> Attempt to read property "category_id" on array
in APPPATH\Views\admin\editrecipes.php on line 88.
 1 APPPATH\Views\admin\editrecipes.php(88): CodeIgniter\Debug\Exceptions->errorHandler(2, 'Attempt to read property "category_id" on array', 'C:\\xampp\\htdocs\\ci4\\gruballergy\\app\\Views\\admin\\editrecipes.php', 88)
 2 SYSTEMPATH\View\View.php(228): include('C:\\xampp\\htdocs\\ci4\\gruballergy\\app\\Views\\admin\\editrecipes.php')
 3 SYSTEMPATH\View\View.php(231): CodeIgniter\View\View->CodeIgniter\View\{closure}()
 4 SYSTEMPATH\Common.php(1190): CodeIgniter\View\View->render('admin/editrecipes', [], true)
 5 APPPATH\Views\admin\admin_layout.php(9): view('admin/editrecipes')
 6 SYSTEMPATH\View\View.php(228): include('C:\\xampp\\htdocs\\ci4\\gruballergy\\app\\Views\\admin\\admin_layout.php')
 7 SYSTEMPATH\View\View.php(231): CodeIgniter\View\View->CodeIgniter\View\{closure}()
 8 SYSTEMPATH\Common.php(1190): CodeIgniter\View\View->render('admin/admin_layout', [], true)
 9 APPPATH\Controllers\Admin_Controller.php(377): view('admin/admin_layout', [...])
10 SYSTEMPATH\CodeIgniter.php(942): App\Controllers\Admin_Controller->editrecipes_view('recipe-name')
11 SYSTEMPATH\CodeIgniter.php(502): CodeIgniter\CodeIgniter->runController(Object(App\Controllers\Admin_Controller))
12 SYSTEMPATH\CodeIgniter.php(361): CodeIgniter\CodeIgniter->handleRequest(null, Object(Config\Cache), false)
13 FCPATH\index.php(79): CodeIgniter\CodeIgniter->run()
CRITICAL - 2024-05-13 17:51:21 --> implode(): Argument #2 ($array) must be of type ?array, string given
in APPPATH\Controllers\Admin_Controller.php on line 314.
 1 APPPATH\Controllers\Admin_Controller.php(314): implode(' ', '18')
 2 SYSTEMPATH\CodeIgniter.php(942): App\Controllers\Admin_Controller->addrecipes_insert()
 3 SYSTEMPATH\CodeIgniter.php(502): CodeIgniter\CodeIgniter->runController(Object(App\Controllers\Admin_Controller))
 4 SYSTEMPATH\CodeIgniter.php(361): CodeIgniter\CodeIgniter->handleRequest(null, Object(Config\Cache), false)
 5 FCPATH\index.php(79): CodeIgniter\CodeIgniter->run()
CRITICAL - 2024-05-13 17:52:02 --> implode(): Argument #2 ($array) must be of type ?array, string given
in APPPATH\Controllers\Admin_Controller.php on line 314.
 1 APPPATH\Controllers\Admin_Controller.php(314): implode(',', '18')
 2 SYSTEMPATH\CodeIgniter.php(942): App\Controllers\Admin_Controller->addrecipes_insert()
 3 SYSTEMPATH\CodeIgniter.php(502): CodeIgniter\CodeIgniter->runController(Object(App\Controllers\Admin_Controller))
 4 SYSTEMPATH\CodeIgniter.php(361): CodeIgniter\CodeIgniter->handleRequest(null, Object(Config\Cache), false)
 5 FCPATH\index.php(79): CodeIgniter\CodeIgniter->run()
CRITICAL - 2024-05-13 12:28:33 --> syntax error, unexpected token "else", expecting "function" or "const"
in APPPATH\Controllers\Admin_Controller.php on line 348.
 1 SYSTEMPATH\Autoloader\Autoloader.php(291): CodeIgniter\Autoloader\Autoloader->includeFile('C:\\xampp\\htdocs\\ci4\\gruballergy\\app\\Controllers\\Admin_Controller.php')
 2 SYSTEMPATH\Autoloader\Autoloader.php(269): CodeIgniter\Autoloader\Autoloader->loadInNamespace('App\\Controllers\\Admin_Controller')
 3 [internal function]: CodeIgniter\Autoloader\Autoloader->loadClass('App\\Controllers\\Admin_Controller')
 4 SYSTEMPATH\CodeIgniter.php(900): class_exists('\\App\\Controllers\\Admin_Controller', true)
 5 SYSTEMPATH\CodeIgniter.php(489): CodeIgniter\CodeIgniter->startController()
 6 SYSTEMPATH\CodeIgniter.php(361): CodeIgniter\CodeIgniter->handleRequest(null, Object(Config\Cache), false)
 7 FCPATH\index.php(79): CodeIgniter\CodeIgniter->run()
CRITICAL - 2024-05-13 12:28:52 --> syntax error, unexpected token "else", expecting "function" or "const"
in APPPATH\Controllers\Admin_Controller.php on line 348.
 1 SYSTEMPATH\Autoloader\Autoloader.php(291): CodeIgniter\Autoloader\Autoloader->includeFile('C:\\xampp\\htdocs\\ci4\\gruballergy\\app\\Controllers\\Admin_Controller.php')
 2 SYSTEMPATH\Autoloader\Autoloader.php(269): CodeIgniter\Autoloader\Autoloader->loadInNamespace('App\\Controllers\\Admin_Controller')
 3 [internal function]: CodeIgniter\Autoloader\Autoloader->loadClass('App\\Controllers\\Admin_Controller')
 4 SYSTEMPATH\CodeIgniter.php(900): class_exists('\\App\\Controllers\\Admin_Controller', true)
 5 SYSTEMPATH\CodeIgniter.php(489): CodeIgniter\CodeIgniter->startController()
 6 SYSTEMPATH\CodeIgniter.php(361): CodeIgniter\CodeIgniter->handleRequest(null, Object(Config\Cache), false)
 7 FCPATH\index.php(79): CodeIgniter\CodeIgniter->run()
CRITICAL - 2024-05-13 12:38:32 --> explode(): Argument #2 ($string) must be of type string, array given
in APPPATH\Views\admin\editrecipes.php on line 82.
 1 APPPATH\Views\admin\editrecipes.php(82): explode(',', [...])
 2 SYSTEMPATH\View\View.php(228): include('C:\\xampp\\htdocs\\ci4\\gruballergy\\app\\Views\\admin\\editrecipes.php')
 3 SYSTEMPATH\View\View.php(231): CodeIgniter\View\View->CodeIgniter\View\{closure}()
 4 SYSTEMPATH\Common.php(1190): CodeIgniter\View\View->render('admin/editrecipes', [], true)
 5 APPPATH\Views\admin\admin_layout.php(9): view('admin/editrecipes')
 6 SYSTEMPATH\View\View.php(228): include('C:\\xampp\\htdocs\\ci4\\gruballergy\\app\\Views\\admin\\admin_layout.php')
 7 SYSTEMPATH\View\View.php(231): CodeIgniter\View\View->CodeIgniter\View\{closure}()
 8 SYSTEMPATH\Common.php(1190): CodeIgniter\View\View->render('admin/admin_layout', [], true)
 9 APPPATH\Controllers\Admin_Controller.php(379): view('admin/admin_layout', [...])
10 SYSTEMPATH\CodeIgniter.php(942): App\Controllers\Admin_Controller->editrecipes_view('last-test')
11 SYSTEMPATH\CodeIgniter.php(502): CodeIgniter\CodeIgniter->runController(Object(App\Controllers\Admin_Controller))
12 SYSTEMPATH\CodeIgniter.php(361): CodeIgniter\CodeIgniter->handleRequest(null, Object(Config\Cache), false)
13 FCPATH\index.php(79): CodeIgniter\CodeIgniter->run()
CRITICAL - 2024-05-13 12:38:57 --> explode(): Argument #2 ($string) must be of type string, array given
in APPPATH\Views\admin\editrecipes.php on line 82.
 1 APPPATH\Views\admin\editrecipes.php(82): explode(',', [...])
 2 SYSTEMPATH\View\View.php(228): include('C:\\xampp\\htdocs\\ci4\\gruballergy\\app\\Views\\admin\\editrecipes.php')
 3 SYSTEMPATH\View\View.php(231): CodeIgniter\View\View->CodeIgniter\View\{closure}()
 4 SYSTEMPATH\Common.php(1190): CodeIgniter\View\View->render('admin/editrecipes', [], true)
 5 APPPATH\Views\admin\admin_layout.php(9): view('admin/editrecipes')
 6 SYSTEMPATH\View\View.php(228): include('C:\\xampp\\htdocs\\ci4\\gruballergy\\app\\Views\\admin\\admin_layout.php')
 7 SYSTEMPATH\View\View.php(231): CodeIgniter\View\View->CodeIgniter\View\{closure}()
 8 SYSTEMPATH\Common.php(1190): CodeIgniter\View\View->render('admin/admin_layout', [], true)
 9 APPPATH\Controllers\Admin_Controller.php(379): view('admin/admin_layout', [...])
10 SYSTEMPATH\CodeIgniter.php(942): App\Controllers\Admin_Controller->editrecipes_view('last-test')
11 SYSTEMPATH\CodeIgniter.php(502): CodeIgniter\CodeIgniter->runController(Object(App\Controllers\Admin_Controller))
12 SYSTEMPATH\CodeIgniter.php(361): CodeIgniter\CodeIgniter->handleRequest(null, Object(Config\Cache), false)
13 FCPATH\index.php(79): CodeIgniter\CodeIgniter->run()
CRITICAL - 2024-05-13 12:39:07 --> explode(): Argument #2 ($string) must be of type string, array given
in APPPATH\Views\admin\editrecipes.php on line 82.
 1 APPPATH\Views\admin\editrecipes.php(82): explode(',', [...])
 2 SYSTEMPATH\View\View.php(228): include('C:\\xampp\\htdocs\\ci4\\gruballergy\\app\\Views\\admin\\editrecipes.php')
 3 SYSTEMPATH\View\View.php(231): CodeIgniter\View\View->CodeIgniter\View\{closure}()
 4 SYSTEMPATH\Common.php(1190): CodeIgniter\View\View->render('admin/editrecipes', [], true)
 5 APPPATH\Views\admin\admin_layout.php(9): view('admin/editrecipes')
 6 SYSTEMPATH\View\View.php(228): include('C:\\xampp\\htdocs\\ci4\\gruballergy\\app\\Views\\admin\\admin_layout.php')
 7 SYSTEMPATH\View\View.php(231): CodeIgniter\View\View->CodeIgniter\View\{closure}()
 8 SYSTEMPATH\Common.php(1190): CodeIgniter\View\View->render('admin/admin_layout', [], true)
 9 APPPATH\Controllers\Admin_Controller.php(379): view('admin/admin_layout', [...])
10 SYSTEMPATH\CodeIgniter.php(942): App\Controllers\Admin_Controller->editrecipes_view('last-test')
11 SYSTEMPATH\CodeIgniter.php(502): CodeIgniter\CodeIgniter->runController(Object(App\Controllers\Admin_Controller))
12 SYSTEMPATH\CodeIgniter.php(361): CodeIgniter\CodeIgniter->handleRequest(null, Object(Config\Cache), false)
13 FCPATH\index.php(79): CodeIgniter\CodeIgniter->run()
CRITICAL - 2024-05-13 12:39:08 --> explode(): Argument #2 ($string) must be of type string, array given
in APPPATH\Views\admin\editrecipes.php on line 82.
 1 APPPATH\Views\admin\editrecipes.php(82): explode(',', [...])
 2 SYSTEMPATH\View\View.php(228): include('C:\\xampp\\htdocs\\ci4\\gruballergy\\app\\Views\\admin\\editrecipes.php')
 3 SYSTEMPATH\View\View.php(231): CodeIgniter\View\View->CodeIgniter\View\{closure}()
 4 SYSTEMPATH\Common.php(1190): CodeIgniter\View\View->render('admin/editrecipes', [], true)
 5 APPPATH\Views\admin\admin_layout.php(9): view('admin/editrecipes')
 6 SYSTEMPATH\View\View.php(228): include('C:\\xampp\\htdocs\\ci4\\gruballergy\\app\\Views\\admin\\admin_layout.php')
 7 SYSTEMPATH\View\View.php(231): CodeIgniter\View\View->CodeIgniter\View\{closure}()
 8 SYSTEMPATH\Common.php(1190): CodeIgniter\View\View->render('admin/admin_layout', [], true)
 9 APPPATH\Controllers\Admin_Controller.php(379): view('admin/admin_layout', [...])
10 SYSTEMPATH\CodeIgniter.php(942): App\Controllers\Admin_Controller->editrecipes_view('last-test')
11 SYSTEMPATH\CodeIgniter.php(502): CodeIgniter\CodeIgniter->runController(Object(App\Controllers\Admin_Controller))
12 SYSTEMPATH\CodeIgniter.php(361): CodeIgniter\CodeIgniter->handleRequest(null, Object(Config\Cache), false)
13 FCPATH\index.php(79): CodeIgniter\CodeIgniter->run()
CRITICAL - 2024-05-13 12:49:56 --> Cannot access offset of type string on string
in APPPATH\Views\admin\editrecipes.php on line 90.
 1 SYSTEMPATH\View\View.php(228): include()
 2 SYSTEMPATH\View\View.php(231): CodeIgniter\View\View->CodeIgniter\View\{closure}()
 3 SYSTEMPATH\Common.php(1190): CodeIgniter\View\View->render('admin/editrecipes', [], true)
 4 APPPATH\Views\admin\admin_layout.php(9): view('admin/editrecipes')
 5 SYSTEMPATH\View\View.php(228): include('C:\\xampp\\htdocs\\ci4\\gruballergy\\app\\Views\\admin\\admin_layout.php')
 6 SYSTEMPATH\View\View.php(231): CodeIgniter\View\View->CodeIgniter\View\{closure}()
 7 SYSTEMPATH\Common.php(1190): CodeIgniter\View\View->render('admin/admin_layout', [], true)
 8 APPPATH\Controllers\Admin_Controller.php(379): view('admin/admin_layout', [...])
 9 SYSTEMPATH\CodeIgniter.php(942): App\Controllers\Admin_Controller->editrecipes_view('last-test')
10 SYSTEMPATH\CodeIgniter.php(502): CodeIgniter\CodeIgniter->runController(Object(App\Controllers\Admin_Controller))
11 SYSTEMPATH\CodeIgniter.php(361): CodeIgniter\CodeIgniter->handleRequest(null, Object(Config\Cache), false)
12 FCPATH\index.php(79): CodeIgniter\CodeIgniter->run()
ERROR - 2024-05-13 13:00:20 --> mysqli_sql_exception: Unknown column 'recipe_category_id' in 'field list' in C:\xampp\htdocs\ci4\gruballergy\system\Database\MySQLi\Connection.php:306
Stack trace:
#0 C:\xampp\htdocs\ci4\gruballergy\system\Database\MySQLi\Connection.php(306): mysqli->query('select recipe_c...', 0)
#1 C:\xampp\htdocs\ci4\gruballergy\system\Database\BaseConnection.php(693): CodeIgniter\Database\MySQLi\Connection->execute('select recipe_c...')
#2 C:\xampp\htdocs\ci4\gruballergy\system\Database\BaseConnection.php(607): CodeIgniter\Database\BaseConnection->simpleQuery('select recipe_c...')
#3 C:\xampp\htdocs\ci4\gruballergy\app\Models\Recipe_Tag_Model.php(36): CodeIgniter\Database\BaseConnection->query('select recipe_c...')
#4 C:\xampp\htdocs\ci4\gruballergy\app\Controllers\Admin_Controller.php(375): App\Models\Recipe_Tag_Model->relational_tag_id('49')
#5 C:\xampp\htdocs\ci4\gruballergy\system\CodeIgniter.php(942): App\Controllers\Admin_Controller->editrecipes_view('last-test')
#6 C:\xampp\htdocs\ci4\gruballergy\system\CodeIgniter.php(502): CodeIgniter\CodeIgniter->runController(Object(App\Controllers\Admin_Controller))
#7 C:\xampp\htdocs\ci4\gruballergy\system\CodeIgniter.php(361): CodeIgniter\CodeIgniter->handleRequest(NULL, Object(Config\Cache), false)
#8 C:\xampp\htdocs\ci4\gruballergy\index.php(79): CodeIgniter\CodeIgniter->run()
#9 {main}
CRITICAL - 2024-05-13 13:00:20 --> Unknown column 'recipe_category_id' in 'field list'
in SYSTEMPATH\Database\BaseConnection.php on line 647.
 1 APPPATH\Models\Recipe_Tag_Model.php(36): CodeIgniter\Database\BaseConnection->query('select recipe_category_id,recipe_id,tag_id from recipe_tag where active=1 and recipe_id="49"')
 2 APPPATH\Controllers\Admin_Controller.php(375): App\Models\Recipe_Tag_Model->relational_tag_id('49')
 3 SYSTEMPATH\CodeIgniter.php(942): App\Controllers\Admin_Controller->editrecipes_view('last-test')
 4 SYSTEMPATH\CodeIgniter.php(502): CodeIgniter\CodeIgniter->runController(Object(App\Controllers\Admin_Controller))
 5 SYSTEMPATH\CodeIgniter.php(361): CodeIgniter\CodeIgniter->handleRequest(null, Object(Config\Cache), false)
 6 FCPATH\index.php(79): CodeIgniter\CodeIgniter->run()
CRITICAL - 2024-05-13 13:01:28 --> Undefined array key "re_category"
in APPPATH\Controllers\Admin_Controller.php on line 413.
 1 APPPATH\Controllers\Admin_Controller.php(413): CodeIgniter\Debug\Exceptions->errorHandler(2, 'Undefined array key "re_category"', 'C:\\xampp\\htdocs\\ci4\\gruballergy\\app\\Controllers\\Admin_Controller.php', 413)
 2 SYSTEMPATH\CodeIgniter.php(942): App\Controllers\Admin_Controller->editrecipes_logic()
 3 SYSTEMPATH\CodeIgniter.php(502): CodeIgniter\CodeIgniter->runController(Object(App\Controllers\Admin_Controller))
 4 SYSTEMPATH\CodeIgniter.php(361): CodeIgniter\CodeIgniter->handleRequest(null, Object(Config\Cache), false)
 5 FCPATH\index.php(79): CodeIgniter\CodeIgniter->run()
CRITICAL - 2024-05-13 13:02:43 --> Undefined array key "re_tag"
in APPPATH\Controllers\Admin_Controller.php on line 414.
 1 APPPATH\Controllers\Admin_Controller.php(414): CodeIgniter\Debug\Exceptions->errorHandler(2, 'Undefined array key "re_tag"', 'C:\\xampp\\htdocs\\ci4\\gruballergy\\app\\Controllers\\Admin_Controller.php', 414)
 2 SYSTEMPATH\CodeIgniter.php(942): App\Controllers\Admin_Controller->editrecipes_logic()
 3 SYSTEMPATH\CodeIgniter.php(502): CodeIgniter\CodeIgniter->runController(Object(App\Controllers\Admin_Controller))
 4 SYSTEMPATH\CodeIgniter.php(361): CodeIgniter\CodeIgniter->handleRequest(null, Object(Config\Cache), false)
 5 FCPATH\index.php(79): CodeIgniter\CodeIgniter->run()
ERROR - 2024-05-13 13:03:11 --> mysqli_sql_exception: Unknown column 're_category' in 'field list' in C:\xampp\htdocs\ci4\gruballergy\system\Database\MySQLi\Connection.php:306
Stack trace:
#0 C:\xampp\htdocs\ci4\gruballergy\system\Database\MySQLi\Connection.php(306): mysqli->query('UPDATE `recipes...', 0)
#1 C:\xampp\htdocs\ci4\gruballergy\system\Database\BaseConnection.php(693): CodeIgniter\Database\MySQLi\Connection->execute('UPDATE `recipes...')
#2 C:\xampp\htdocs\ci4\gruballergy\system\Database\BaseConnection.php(607): CodeIgniter\Database\BaseConnection->simpleQuery('UPDATE `recipes...')
#3 C:\xampp\htdocs\ci4\gruballergy\system\Database\BaseBuilder.php(2475): CodeIgniter\Database\BaseConnection->query('UPDATE `recipes...', Array, false)
#4 C:\xampp\htdocs\ci4\gruballergy\app\Models\Recipes_Model.php(86): CodeIgniter\Database\BaseBuilder->update(Array)
#5 C:\xampp\htdocs\ci4\gruballergy\app\Controllers\Admin_Controller.php(420): App\Models\Recipes_Model->editrecipes_logicdata(Array, '49')
#6 C:\xampp\htdocs\ci4\gruballergy\system\CodeIgniter.php(942): App\Controllers\Admin_Controller->editrecipes_logic()
#7 C:\xampp\htdocs\ci4\gruballergy\system\CodeIgniter.php(502): CodeIgniter\CodeIgniter->runController(Object(App\Controllers\Admin_Controller))
#8 C:\xampp\htdocs\ci4\gruballergy\system\CodeIgniter.php(361): CodeIgniter\CodeIgniter->handleRequest(NULL, Object(Config\Cache), false)
#9 C:\xampp\htdocs\ci4\gruballergy\index.php(79): CodeIgniter\CodeIgniter->run()
#10 {main}
CRITICAL - 2024-05-13 13:03:11 --> Unknown column 're_category' in 'field list'
in SYSTEMPATH\Database\BaseConnection.php on line 647.
 1 SYSTEMPATH\Database\BaseBuilder.php(2475): CodeIgniter\Database\BaseConnection->query('UPDATE `recipes` SET `re_title` = :re_title:, `re_titleurl` = :re_titleurl:, `re_popular_recipe` = :re_popular_recipe:, `re_images` = :re_images:, `re_shortdescription` = :re_shortdescription:, `re_category` = :re_category:, `re_tag` = :re_tag:, `re_description` = :re_description:, `video_url` = :video_url:
WHERE `re_id` = :re_id:', [...], false)
 2 APPPATH\Models\Recipes_Model.php(86): CodeIgniter\Database\BaseBuilder->update([...])
 3 APPPATH\Controllers\Admin_Controller.php(420): App\Models\Recipes_Model->editrecipes_logicdata([...], '49')
 4 SYSTEMPATH\CodeIgniter.php(942): App\Controllers\Admin_Controller->editrecipes_logic()
 5 SYSTEMPATH\CodeIgniter.php(502): CodeIgniter\CodeIgniter->runController(Object(App\Controllers\Admin_Controller))
 6 SYSTEMPATH\CodeIgniter.php(361): CodeIgniter\CodeIgniter->handleRequest(null, Object(Config\Cache), false)
 7 FCPATH\index.php(79): CodeIgniter\CodeIgniter->run()
ERROR - 2024-05-13 13:06:26 --> mysqli_sql_exception: Unknown column 're_category' in 'field list' in C:\xampp\htdocs\ci4\gruballergy\system\Database\MySQLi\Connection.php:306
Stack trace:
#0 C:\xampp\htdocs\ci4\gruballergy\system\Database\MySQLi\Connection.php(306): mysqli->query('UPDATE `recipes...', 0)
#1 C:\xampp\htdocs\ci4\gruballergy\system\Database\BaseConnection.php(693): CodeIgniter\Database\MySQLi\Connection->execute('UPDATE `recipes...')
#2 C:\xampp\htdocs\ci4\gruballergy\system\Database\BaseConnection.php(607): CodeIgniter\Database\BaseConnection->simpleQuery('UPDATE `recipes...')
#3 C:\xampp\htdocs\ci4\gruballergy\system\Database\BaseBuilder.php(2475): CodeIgniter\Database\BaseConnection->query('UPDATE `recipes...', Array, false)
#4 C:\xampp\htdocs\ci4\gruballergy\app\Models\Recipes_Model.php(86): CodeIgniter\Database\BaseBuilder->update(Array)
#5 C:\xampp\htdocs\ci4\gruballergy\app\Controllers\Admin_Controller.php(420): App\Models\Recipes_Model->editrecipes_logicdata(Array, '49')
#6 C:\xampp\htdocs\ci4\gruballergy\system\CodeIgniter.php(942): App\Controllers\Admin_Controller->editrecipes_logic()
#7 C:\xampp\htdocs\ci4\gruballergy\system\CodeIgniter.php(502): CodeIgniter\CodeIgniter->runController(Object(App\Controllers\Admin_Controller))
#8 C:\xampp\htdocs\ci4\gruballergy\system\CodeIgniter.php(361): CodeIgniter\CodeIgniter->handleRequest(NULL, Object(Config\Cache), false)
#9 C:\xampp\htdocs\ci4\gruballergy\index.php(79): CodeIgniter\CodeIgniter->run()
#10 {main}
CRITICAL - 2024-05-13 13:06:26 --> Unknown column 're_category' in 'field list'
in SYSTEMPATH\Database\BaseConnection.php on line 647.
 1 SYSTEMPATH\Database\BaseBuilder.php(2475): CodeIgniter\Database\BaseConnection->query('UPDATE `recipes` SET `re_title` = :re_title:, `re_titleurl` = :re_titleurl:, `re_popular_recipe` = :re_popular_recipe:, `re_images` = :re_images:, `re_shortdescription` = :re_shortdescription:, `re_category` = :re_category:, `re_tag` = :re_tag:, `re_description` = :re_description:, `video_url` = :video_url:
WHERE `re_id` = :re_id:', [...], false)
 2 APPPATH\Models\Recipes_Model.php(86): CodeIgniter\Database\BaseBuilder->update([...])
 3 APPPATH\Controllers\Admin_Controller.php(420): App\Models\Recipes_Model->editrecipes_logicdata([...], '49')
 4 SYSTEMPATH\CodeIgniter.php(942): App\Controllers\Admin_Controller->editrecipes_logic()
 5 SYSTEMPATH\CodeIgniter.php(502): CodeIgniter\CodeIgniter->runController(Object(App\Controllers\Admin_Controller))
 6 SYSTEMPATH\CodeIgniter.php(361): CodeIgniter\CodeIgniter->handleRequest(null, Object(Config\Cache), false)
 7 FCPATH\index.php(79): CodeIgniter\CodeIgniter->run()
ERROR - 2024-05-13 13:09:57 --> mysqli_sql_exception: Unknown column 're_category' in 'field list' in C:\xampp\htdocs\ci4\gruballergy\system\Database\MySQLi\Connection.php:306
Stack trace:
#0 C:\xampp\htdocs\ci4\gruballergy\system\Database\MySQLi\Connection.php(306): mysqli->query('UPDATE `recipes...', 0)
#1 C:\xampp\htdocs\ci4\gruballergy\system\Database\BaseConnection.php(693): CodeIgniter\Database\MySQLi\Connection->execute('UPDATE `recipes...')
#2 C:\xampp\htdocs\ci4\gruballergy\system\Database\BaseConnection.php(607): CodeIgniter\Database\BaseConnection->simpleQuery('UPDATE `recipes...')
#3 C:\xampp\htdocs\ci4\gruballergy\system\Database\BaseBuilder.php(2475): CodeIgniter\Database\BaseConnection->query('UPDATE `recipes...', Array, false)
#4 C:\xampp\htdocs\ci4\gruballergy\app\Models\Recipes_Model.php(86): CodeIgniter\Database\BaseBuilder->update(Array)
#5 C:\xampp\htdocs\ci4\gruballergy\app\Controllers\Admin_Controller.php(420): App\Models\Recipes_Model->editrecipes_logicdata(Array, '49')
#6 C:\xampp\htdocs\ci4\gruballergy\system\CodeIgniter.php(942): App\Controllers\Admin_Controller->editrecipes_logic()
#7 C:\xampp\htdocs\ci4\gruballergy\system\CodeIgniter.php(502): CodeIgniter\CodeIgniter->runController(Object(App\Controllers\Admin_Controller))
#8 C:\xampp\htdocs\ci4\gruballergy\system\CodeIgniter.php(361): CodeIgniter\CodeIgniter->handleRequest(NULL, Object(Config\Cache), false)
#9 C:\xampp\htdocs\ci4\gruballergy\index.php(79): CodeIgniter\CodeIgniter->run()
#10 {main}
CRITICAL - 2024-05-13 13:09:57 --> Unknown column 're_category' in 'field list'
in SYSTEMPATH\Database\BaseConnection.php on line 647.
 1 SYSTEMPATH\Database\BaseBuilder.php(2475): CodeIgniter\Database\BaseConnection->query('UPDATE `recipes` SET `re_title` = :re_title:, `re_titleurl` = :re_titleurl:, `re_popular_recipe` = :re_popular_recipe:, `re_images` = :re_images:, `re_shortdescription` = :re_shortdescription:, `re_category` = :re_category:, `re_tag` = :re_tag:, `re_description` = :re_description:, `video_url` = :video_url:
WHERE `re_id` = :re_id:', [...], false)
 2 APPPATH\Models\Recipes_Model.php(86): CodeIgniter\Database\BaseBuilder->update([...])
 3 APPPATH\Controllers\Admin_Controller.php(420): App\Models\Recipes_Model->editrecipes_logicdata([...], '49')
 4 SYSTEMPATH\CodeIgniter.php(942): App\Controllers\Admin_Controller->editrecipes_logic()
 5 SYSTEMPATH\CodeIgniter.php(502): CodeIgniter\CodeIgniter->runController(Object(App\Controllers\Admin_Controller))
 6 SYSTEMPATH\CodeIgniter.php(361): CodeIgniter\CodeIgniter->handleRequest(null, Object(Config\Cache), false)
 7 FCPATH\index.php(79): CodeIgniter\CodeIgniter->run()
ERROR - 2024-05-13 13:10:10 --> mysqli_sql_exception: Unknown column 're_category' in 'field list' in C:\xampp\htdocs\ci4\gruballergy\system\Database\MySQLi\Connection.php:306
Stack trace:
#0 C:\xampp\htdocs\ci4\gruballergy\system\Database\MySQLi\Connection.php(306): mysqli->query('UPDATE `recipes...', 0)
#1 C:\xampp\htdocs\ci4\gruballergy\system\Database\BaseConnection.php(693): CodeIgniter\Database\MySQLi\Connection->execute('UPDATE `recipes...')
#2 C:\xampp\htdocs\ci4\gruballergy\system\Database\BaseConnection.php(607): CodeIgniter\Database\BaseConnection->simpleQuery('UPDATE `recipes...')
#3 C:\xampp\htdocs\ci4\gruballergy\system\Database\BaseBuilder.php(2475): CodeIgniter\Database\BaseConnection->query('UPDATE `recipes...', Array, false)
#4 C:\xampp\htdocs\ci4\gruballergy\app\Models\Recipes_Model.php(86): CodeIgniter\Database\BaseBuilder->update(Array)
#5 C:\xampp\htdocs\ci4\gruballergy\app\Controllers\Admin_Controller.php(420): App\Models\Recipes_Model->editrecipes_logicdata(Array, '49')
#6 C:\xampp\htdocs\ci4\gruballergy\system\CodeIgniter.php(942): App\Controllers\Admin_Controller->editrecipes_logic()
#7 C:\xampp\htdocs\ci4\gruballergy\system\CodeIgniter.php(502): CodeIgniter\CodeIgniter->runController(Object(App\Controllers\Admin_Controller))
#8 C:\xampp\htdocs\ci4\gruballergy\system\CodeIgniter.php(361): CodeIgniter\CodeIgniter->handleRequest(NULL, Object(Config\Cache), false)
#9 C:\xampp\htdocs\ci4\gruballergy\index.php(79): CodeIgniter\CodeIgniter->run()
#10 {main}
CRITICAL - 2024-05-13 13:10:10 --> Unknown column 're_category' in 'field list'
in SYSTEMPATH\Database\BaseConnection.php on line 647.
 1 SYSTEMPATH\Database\BaseBuilder.php(2475): CodeIgniter\Database\BaseConnection->query('UPDATE `recipes` SET `re_title` = :re_title:, `re_titleurl` = :re_titleurl:, `re_popular_recipe` = :re_popular_recipe:, `re_images` = :re_images:, `re_shortdescription` = :re_shortdescription:, `re_category` = :re_category:, `re_tag` = :re_tag:, `re_description` = :re_description:, `video_url` = :video_url:
WHERE `re_id` = :re_id:', [...], false)
 2 APPPATH\Models\Recipes_Model.php(86): CodeIgniter\Database\BaseBuilder->update([...])
 3 APPPATH\Controllers\Admin_Controller.php(420): App\Models\Recipes_Model->editrecipes_logicdata([...], '49')
 4 SYSTEMPATH\CodeIgniter.php(942): App\Controllers\Admin_Controller->editrecipes_logic()
 5 SYSTEMPATH\CodeIgniter.php(502): CodeIgniter\CodeIgniter->runController(Object(App\Controllers\Admin_Controller))
 6 SYSTEMPATH\CodeIgniter.php(361): CodeIgniter\CodeIgniter->handleRequest(null, Object(Config\Cache), false)
 7 FCPATH\index.php(79): CodeIgniter\CodeIgniter->run()
CRITICAL - 2024-05-13 13:53:26 --> Call to undefined method App\Models\Recipe_Category_tag_Model::allcategory_id
in SYSTEMPATH\Model.php on line 873.
 1 APPPATH\Controllers\Admin_Controller.php(207): CodeIgniter\Model->__call('allcategory_id', [])
 2 SYSTEMPATH\CodeIgniter.php(942): App\Controllers\Admin_Controller->recipes()
 3 SYSTEMPATH\CodeIgniter.php(502): CodeIgniter\CodeIgniter->runController(Object(App\Controllers\Admin_Controller))
 4 SYSTEMPATH\CodeIgniter.php(361): CodeIgniter\CodeIgniter->handleRequest(null, Object(Config\Cache), false)
 5 FCPATH\index.php(79): CodeIgniter\CodeIgniter->run()
ERROR - 2024-05-13 13:56:05 --> mysqli_sql_exception: Unknown column 'recipe_category_id' in 'field list' in C:\xampp\htdocs\ci4\gruballergy\system\Database\MySQLi\Connection.php:306
Stack trace:
#0 C:\xampp\htdocs\ci4\gruballergy\system\Database\MySQLi\Connection.php(306): mysqli->query('select recipe_c...', 0)
#1 C:\xampp\htdocs\ci4\gruballergy\system\Database\BaseConnection.php(693): CodeIgniter\Database\MySQLi\Connection->execute('select recipe_c...')
#2 C:\xampp\htdocs\ci4\gruballergy\system\Database\BaseConnection.php(607): CodeIgniter\Database\BaseConnection->simpleQuery('select recipe_c...')
#3 C:\xampp\htdocs\ci4\gruballergy\app\Models\Recipe_Category_tag_Model.php(37): CodeIgniter\Database\BaseConnection->query('select recipe_c...')
#4 C:\xampp\htdocs\ci4\gruballergy\app\Controllers\Admin_Controller.php(356): App\Models\Recipe_Category_tag_Model->relation_category_tag_id('50')
#5 C:\xampp\htdocs\ci4\gruballergy\system\CodeIgniter.php(942): App\Controllers\Admin_Controller->editrecipes_view('ad')
#6 C:\xampp\htdocs\ci4\gruballergy\system\CodeIgniter.php(502): CodeIgniter\CodeIgniter->runController(Object(App\Controllers\Admin_Controller))
#7 C:\xampp\htdocs\ci4\gruballergy\system\CodeIgniter.php(361): CodeIgniter\CodeIgniter->handleRequest(NULL, Object(Config\Cache), false)
#8 C:\xampp\htdocs\ci4\gruballergy\index.php(79): CodeIgniter\CodeIgniter->run()
#9 {main}
CRITICAL - 2024-05-13 13:56:05 --> Unknown column 'recipe_category_id' in 'field list'
in SYSTEMPATH\Database\BaseConnection.php on line 647.
 1 APPPATH\Models\Recipe_Category_tag_Model.php(37): CodeIgniter\Database\BaseConnection->query('select recipe_category_id,recipe_id,category_id,tag_id from recipe_category_tag where active=1 and recipe_id="50"')
 2 APPPATH\Controllers\Admin_Controller.php(356): App\Models\Recipe_Category_tag_Model->relation_category_tag_id('50')
 3 SYSTEMPATH\CodeIgniter.php(942): App\Controllers\Admin_Controller->editrecipes_view('ad')
 4 SYSTEMPATH\CodeIgniter.php(502): CodeIgniter\CodeIgniter->runController(Object(App\Controllers\Admin_Controller))
 5 SYSTEMPATH\CodeIgniter.php(361): CodeIgniter\CodeIgniter->handleRequest(null, Object(Config\Cache), false)
 6 FCPATH\index.php(79): CodeIgniter\CodeIgniter->run()
CRITICAL - 2024-05-13 15:53:31 --> Undefined array key "re_title"
in APPPATH\Controllers\Admin_Controller.php on line 273.
 1 APPPATH\Controllers\Admin_Controller.php(273): CodeIgniter\Debug\Exceptions->errorHandler(2, 'Undefined array key "re_title"', 'C:\\xampp\\htdocs\\ci4\\gruballergy\\app\\Controllers\\Admin_Controller.php', 273)
 2 SYSTEMPATH\CodeIgniter.php(942): App\Controllers\Admin_Controller->addrecipes_insert()
 3 SYSTEMPATH\CodeIgniter.php(502): CodeIgniter\CodeIgniter->runController(Object(App\Controllers\Admin_Controller))
 4 SYSTEMPATH\CodeIgniter.php(361): CodeIgniter\CodeIgniter->handleRequest(null, Object(Config\Cache), false)
 5 FCPATH\index.php(79): CodeIgniter\CodeIgniter->run()
CRITICAL - 2024-05-13 19:17:31 --> Too few arguments to function App\Models\Recipe_Category_tag_Model::relation_category_tag_id(), 0 passed in C:\xampp\htdocs\ci4\gruballergy\app\Controllers\Admin_Controller.php on line 209 and exactly 1 expected
in APPPATH\Models\Recipe_Category_tag_Model.php on line 35.
 1 APPPATH\Controllers\Admin_Controller.php(209): App\Models\Recipe_Category_tag_Model->relation_category_tag_id()
 2 SYSTEMPATH\CodeIgniter.php(942): App\Controllers\Admin_Controller->recipes()
 3 SYSTEMPATH\CodeIgniter.php(502): CodeIgniter\CodeIgniter->runController(Object(App\Controllers\Admin_Controller))
 4 SYSTEMPATH\CodeIgniter.php(361): CodeIgniter\CodeIgniter->handleRequest(null, Object(Config\Cache), false)
 5 FCPATH\index.php(79): CodeIgniter\CodeIgniter->run()
CRITICAL - 2024-05-13 19:17:45 --> Too few arguments to function App\Models\Recipe_Category_tag_Model::relation_category_tag_id(), 0 passed in C:\xampp\htdocs\ci4\gruballergy\app\Controllers\Admin_Controller.php on line 209 and exactly 1 expected
in APPPATH\Models\Recipe_Category_tag_Model.php on line 35.
 1 APPPATH\Controllers\Admin_Controller.php(209): App\Models\Recipe_Category_tag_Model->relation_category_tag_id()
 2 SYSTEMPATH\CodeIgniter.php(942): App\Controllers\Admin_Controller->recipes()
 3 SYSTEMPATH\CodeIgniter.php(502): CodeIgniter\CodeIgniter->runController(Object(App\Controllers\Admin_Controller))
 4 SYSTEMPATH\CodeIgniter.php(361): CodeIgniter\CodeIgniter->handleRequest(null, Object(Config\Cache), false)
 5 FCPATH\index.php(79): CodeIgniter\CodeIgniter->run()
CRITICAL - 2024-05-13 19:17:46 --> Too few arguments to function App\Models\Recipe_Category_tag_Model::relation_category_tag_id(), 0 passed in C:\xampp\htdocs\ci4\gruballergy\app\Controllers\Admin_Controller.php on line 209 and exactly 1 expected
in APPPATH\Models\Recipe_Category_tag_Model.php on line 35.
 1 APPPATH\Controllers\Admin_Controller.php(209): App\Models\Recipe_Category_tag_Model->relation_category_tag_id()
 2 SYSTEMPATH\CodeIgniter.php(942): App\Controllers\Admin_Controller->recipes()
 3 SYSTEMPATH\CodeIgniter.php(502): CodeIgniter\CodeIgniter->runController(Object(App\Controllers\Admin_Controller))
 4 SYSTEMPATH\CodeIgniter.php(361): CodeIgniter\CodeIgniter->handleRequest(null, Object(Config\Cache), false)
 5 FCPATH\index.php(79): CodeIgniter\CodeIgniter->run()
CRITICAL - 2024-05-13 19:17:47 --> Too few arguments to function App\Models\Recipe_Category_tag_Model::relation_category_tag_id(), 0 passed in C:\xampp\htdocs\ci4\gruballergy\app\Controllers\Admin_Controller.php on line 209 and exactly 1 expected
in APPPATH\Models\Recipe_Category_tag_Model.php on line 35.
 1 APPPATH\Controllers\Admin_Controller.php(209): App\Models\Recipe_Category_tag_Model->relation_category_tag_id()
 2 SYSTEMPATH\CodeIgniter.php(942): App\Controllers\Admin_Controller->recipes()
 3 SYSTEMPATH\CodeIgniter.php(502): CodeIgniter\CodeIgniter->runController(Object(App\Controllers\Admin_Controller))
 4 SYSTEMPATH\CodeIgniter.php(361): CodeIgniter\CodeIgniter->handleRequest(null, Object(Config\Cache), false)
 5 FCPATH\index.php(79): CodeIgniter\CodeIgniter->run()
CRITICAL - 2024-05-13 19:18:04 --> Too few arguments to function App\Models\Recipe_Category_tag_Model::relation_category_tag_id(), 0 passed in C:\xampp\htdocs\ci4\gruballergy\app\Controllers\Admin_Controller.php on line 209 and exactly 1 expected
in APPPATH\Models\Recipe_Category_tag_Model.php on line 35.
 1 APPPATH\Controllers\Admin_Controller.php(209): App\Models\Recipe_Category_tag_Model->relation_category_tag_id()
 2 SYSTEMPATH\CodeIgniter.php(942): App\Controllers\Admin_Controller->recipes()
 3 SYSTEMPATH\CodeIgniter.php(502): CodeIgniter\CodeIgniter->runController(Object(App\Controllers\Admin_Controller))
 4 SYSTEMPATH\CodeIgniter.php(361): CodeIgniter\CodeIgniter->handleRequest(null, Object(Config\Cache), false)
 5 FCPATH\index.php(79): CodeIgniter\CodeIgniter->run()
CRITICAL - 2024-05-13 19:18:05 --> Too few arguments to function App\Models\Recipe_Category_tag_Model::relation_category_tag_id(), 0 passed in C:\xampp\htdocs\ci4\gruballergy\app\Controllers\Admin_Controller.php on line 209 and exactly 1 expected
in APPPATH\Models\Recipe_Category_tag_Model.php on line 35.
 1 APPPATH\Controllers\Admin_Controller.php(209): App\Models\Recipe_Category_tag_Model->relation_category_tag_id()
 2 SYSTEMPATH\CodeIgniter.php(942): App\Controllers\Admin_Controller->recipes()
 3 SYSTEMPATH\CodeIgniter.php(502): CodeIgniter\CodeIgniter->runController(Object(App\Controllers\Admin_Controller))
 4 SYSTEMPATH\CodeIgniter.php(361): CodeIgniter\CodeIgniter->handleRequest(null, Object(Config\Cache), false)
 5 FCPATH\index.php(79): CodeIgniter\CodeIgniter->run()
CRITICAL - 2024-05-13 19:18:05 --> Too few arguments to function App\Models\Recipe_Category_tag_Model::relation_category_tag_id(), 0 passed in C:\xampp\htdocs\ci4\gruballergy\app\Controllers\Admin_Controller.php on line 209 and exactly 1 expected
in APPPATH\Models\Recipe_Category_tag_Model.php on line 35.
 1 APPPATH\Controllers\Admin_Controller.php(209): App\Models\Recipe_Category_tag_Model->relation_category_tag_id()
 2 SYSTEMPATH\CodeIgniter.php(942): App\Controllers\Admin_Controller->recipes()
 3 SYSTEMPATH\CodeIgniter.php(502): CodeIgniter\CodeIgniter->runController(Object(App\Controllers\Admin_Controller))
 4 SYSTEMPATH\CodeIgniter.php(361): CodeIgniter\CodeIgniter->handleRequest(null, Object(Config\Cache), false)
 5 FCPATH\index.php(79): CodeIgniter\CodeIgniter->run()
CRITICAL - 2024-05-13 19:18:06 --> Too few arguments to function App\Models\Recipe_Category_tag_Model::relation_category_tag_id(), 0 passed in C:\xampp\htdocs\ci4\gruballergy\app\Controllers\Admin_Controller.php on line 209 and exactly 1 expected
in APPPATH\Models\Recipe_Category_tag_Model.php on line 35.
 1 APPPATH\Controllers\Admin_Controller.php(209): App\Models\Recipe_Category_tag_Model->relation_category_tag_id()
 2 SYSTEMPATH\CodeIgniter.php(942): App\Controllers\Admin_Controller->recipes()
 3 SYSTEMPATH\CodeIgniter.php(502): CodeIgniter\CodeIgniter->runController(Object(App\Controllers\Admin_Controller))
 4 SYSTEMPATH\CodeIgniter.php(361): CodeIgniter\CodeIgniter->handleRequest(null, Object(Config\Cache), false)
 5 FCPATH\index.php(79): CodeIgniter\CodeIgniter->run()
CRITICAL - 2024-05-13 19:18:06 --> Too few arguments to function App\Models\Recipe_Category_tag_Model::relation_category_tag_id(), 0 passed in C:\xampp\htdocs\ci4\gruballergy\app\Controllers\Admin_Controller.php on line 209 and exactly 1 expected
in APPPATH\Models\Recipe_Category_tag_Model.php on line 35.
 1 APPPATH\Controllers\Admin_Controller.php(209): App\Models\Recipe_Category_tag_Model->relation_category_tag_id()
 2 SYSTEMPATH\CodeIgniter.php(942): App\Controllers\Admin_Controller->recipes()
 3 SYSTEMPATH\CodeIgniter.php(502): CodeIgniter\CodeIgniter->runController(Object(App\Controllers\Admin_Controller))
 4 SYSTEMPATH\CodeIgniter.php(361): CodeIgniter\CodeIgniter->handleRequest(null, Object(Config\Cache), false)
 5 FCPATH\index.php(79): CodeIgniter\CodeIgniter->run()
CRITICAL - 2024-05-13 19:57:51 --> Cannot access offset of type string on string
in APPPATH\Views\admin\logo_info.php on line 166.
 1 SYSTEMPATH\View\View.php(228): include()
 2 SYSTEMPATH\View\View.php(231): CodeIgniter\View\View->CodeIgniter\View\{closure}()
 3 SYSTEMPATH\Common.php(1190): CodeIgniter\View\View->render('admin/logo_info', [], true)
 4 APPPATH\Views\admin\admin_layout.php(9): view('admin/logo_info')
 5 SYSTEMPATH\View\View.php(228): include('C:\\xampp\\htdocs\\ci4\\gruballergy\\app\\Views\\admin\\admin_layout.php')
 6 SYSTEMPATH\View\View.php(231): CodeIgniter\View\View->CodeIgniter\View\{closure}()
 7 SYSTEMPATH\Common.php(1190): CodeIgniter\View\View->render('admin/admin_layout', [], true)
 8 APPPATH\Controllers\Admin_Controller.php(1190): view('admin/admin_layout', [...])
 9 SYSTEMPATH\CodeIgniter.php(942): App\Controllers\Admin_Controller->logo_info()
10 SYSTEMPATH\CodeIgniter.php(502): CodeIgniter\CodeIgniter->runController(Object(App\Controllers\Admin_Controller))
11 SYSTEMPATH\CodeIgniter.php(361): CodeIgniter\CodeIgniter->handleRequest(null, Object(Config\Cache), false)
12 FCPATH\index.php(79): CodeIgniter\CodeIgniter->run()
CRITICAL - 2024-05-13 20:02:00 --> Unmatched '}'
in APPPATH\Views\admin\logo_info.php on line 264.
 1 SYSTEMPATH\View\View.php(231): CodeIgniter\View\View->CodeIgniter\View\{closure}()
 2 SYSTEMPATH\Common.php(1190): CodeIgniter\View\View->render('admin/logo_info', [], true)
 3 APPPATH\Views\admin\admin_layout.php(9): view('admin/logo_info')
 4 SYSTEMPATH\View\View.php(228): include('C:\\xampp\\htdocs\\ci4\\gruballergy\\app\\Views\\admin\\admin_layout.php')
 5 SYSTEMPATH\View\View.php(231): CodeIgniter\View\View->CodeIgniter\View\{closure}()
 6 SYSTEMPATH\Common.php(1190): CodeIgniter\View\View->render('admin/admin_layout', [], true)
 7 APPPATH\Controllers\Admin_Controller.php(1190): view('admin/admin_layout', [...])
 8 SYSTEMPATH\CodeIgniter.php(942): App\Controllers\Admin_Controller->logo_info()
 9 SYSTEMPATH\CodeIgniter.php(502): CodeIgniter\CodeIgniter->runController(Object(App\Controllers\Admin_Controller))
10 SYSTEMPATH\CodeIgniter.php(361): CodeIgniter\CodeIgniter->handleRequest(null, Object(Config\Cache), false)
11 FCPATH\index.php(79): CodeIgniter\CodeIgniter->run()
