CRITICAL - 2024-09-27 01:08:19 --> Attempt to read property "blog_id" on null
in APPPATH/Models/Blog_Model.php on line 295.
 1 APPPATH/Models/Blog_Model.php(295): CodeIgniter\Debug\Exceptions->errorHandler()
 2 APPPATH/Controllers/Site_Controller.php(1365): App\Models\Blog_Model->single_details_blog()
 3 APPPATH/Controllers/Site_Controller.php(1348): App\Controllers\Site_Controller->blog_details()
 4 SYSTEMPATH/CodeIgniter.php(942): App\Controllers\Site_Controller->blog_mapurl()
 5 SYSTEMPATH/CodeIgniter.php(502): CodeIgniter\CodeIgniter->runController()
 6 SYSTEMPATH/CodeIgniter.php(361): CodeIgniter\CodeIgniter->handleRequest()
 7 FCPATH/index.php(79): CodeIgniter\CodeIgniter->run()
CRITICAL - 2024-09-27 01:52:21 --> Attempt to read property "blog_id" on null
in APPPATH/Models/Blog_Model.php on line 295.
 1 APPPATH/Models/Blog_Model.php(295): CodeIgniter\Debug\Exceptions->errorHandler()
 2 APPPATH/Controllers/Site_Controller.php(1365): App\Models\Blog_Model->single_details_blog()
 3 APPPATH/Controllers/Site_Controller.php(1348): App\Controllers\Site_Controller->blog_details()
 4 SYSTEMPATH/CodeIgniter.php(942): App\Controllers\Site_Controller->blog_mapurl()
 5 SYSTEMPATH/CodeIgniter.php(502): CodeIgniter\CodeIgniter->runController()
 6 SYSTEMPATH/CodeIgniter.php(361): CodeIgniter\CodeIgniter->handleRequest()
 7 FCPATH/index.php(79): CodeIgniter\CodeIgniter->run()
CRITICAL - 2024-09-27 03:37:30 --> Attempt to read property "blog_id" on null
in APPPATH/Models/Blog_Model.php on line 295.
 1 APPPATH/Models/Blog_Model.php(295): CodeIgniter\Debug\Exceptions->errorHandler()
 2 APPPATH/Controllers/Site_Controller.php(1365): App\Models\Blog_Model->single_details_blog()
 3 APPPATH/Controllers/Site_Controller.php(1348): App\Controllers\Site_Controller->blog_details()
 4 SYSTEMPATH/CodeIgniter.php(942): App\Controllers\Site_Controller->blog_mapurl()
 5 SYSTEMPATH/CodeIgniter.php(502): CodeIgniter\CodeIgniter->runController()
 6 SYSTEMPATH/CodeIgniter.php(361): CodeIgniter\CodeIgniter->handleRequest()
 7 FCPATH/index.php(79): CodeIgniter\CodeIgniter->run()
CRITICAL - 2024-09-27 05:11:11 --> Attempt to read property "blog_id" on null
in APPPATH/Models/Blog_Model.php on line 295.
 1 APPPATH/Models/Blog_Model.php(295): CodeIgniter\Debug\Exceptions->errorHandler()
 2 APPPATH/Controllers/Site_Controller.php(1365): App\Models\Blog_Model->single_details_blog()
 3 APPPATH/Controllers/Site_Controller.php(1348): App\Controllers\Site_Controller->blog_details()
 4 SYSTEMPATH/CodeIgniter.php(942): App\Controllers\Site_Controller->blog_mapurl()
 5 SYSTEMPATH/CodeIgniter.php(502): CodeIgniter\CodeIgniter->runController()
 6 SYSTEMPATH/CodeIgniter.php(361): CodeIgniter\CodeIgniter->handleRequest()
 7 FCPATH/index.php(79): CodeIgniter\CodeIgniter->run()
CRITICAL - 2024-09-27 08:28:14 --> Attempt to read property "blog_id" on null
in APPPATH/Models/Blog_Model.php on line 295.
 1 APPPATH/Models/Blog_Model.php(295): CodeIgniter\Debug\Exceptions->errorHandler()
 2 APPPATH/Controllers/Site_Controller.php(1365): App\Models\Blog_Model->single_details_blog()
 3 APPPATH/Controllers/Site_Controller.php(1348): App\Controllers\Site_Controller->blog_details()
 4 SYSTEMPATH/CodeIgniter.php(942): App\Controllers\Site_Controller->blog_mapurl()
 5 SYSTEMPATH/CodeIgniter.php(502): CodeIgniter\CodeIgniter->runController()
 6 SYSTEMPATH/CodeIgniter.php(361): CodeIgniter\CodeIgniter->handleRequest()
 7 FCPATH/index.php(79): CodeIgniter\CodeIgniter->run()
CRITICAL - 2024-09-27 10:06:18 --> Attempt to read property "blog_id" on null
in APPPATH/Models/Blog_Model.php on line 295.
 1 APPPATH/Models/Blog_Model.php(295): CodeIgniter\Debug\Exceptions->errorHandler()
 2 APPPATH/Controllers/Site_Controller.php(1365): App\Models\Blog_Model->single_details_blog()
 3 APPPATH/Controllers/Site_Controller.php(1348): App\Controllers\Site_Controller->blog_details()
 4 SYSTEMPATH/CodeIgniter.php(942): App\Controllers\Site_Controller->blog_mapurl()
 5 SYSTEMPATH/CodeIgniter.php(502): CodeIgniter\CodeIgniter->runController()
 6 SYSTEMPATH/CodeIgniter.php(361): CodeIgniter\CodeIgniter->handleRequest()
 7 FCPATH/index.php(79): CodeIgniter\CodeIgniter->run()
CRITICAL - 2024-09-27 10:33:32 --> Attempt to read property "blog_id" on null
in APPPATH/Models/Blog_Model.php on line 295.
 1 APPPATH/Models/Blog_Model.php(295): CodeIgniter\Debug\Exceptions->errorHandler()
 2 APPPATH/Controllers/Site_Controller.php(1365): App\Models\Blog_Model->single_details_blog()
 3 APPPATH/Controllers/Site_Controller.php(1348): App\Controllers\Site_Controller->blog_details()
 4 SYSTEMPATH/CodeIgniter.php(942): App\Controllers\Site_Controller->blog_mapurl()
 5 SYSTEMPATH/CodeIgniter.php(502): CodeIgniter\CodeIgniter->runController()
 6 SYSTEMPATH/CodeIgniter.php(361): CodeIgniter\CodeIgniter->handleRequest()
 7 FCPATH/index.php(79): CodeIgniter\CodeIgniter->run()
CRITICAL - 2024-09-27 06:32:41 --> Undefined variable $faq_output
in APPPATH/Controllers/Admin_Controller.php on line 1245.
 1 APPPATH/Controllers/Admin_Controller.php(1245): CodeIgniter\Debug\Exceptions->errorHandler()
 2 SYSTEMPATH/CodeIgniter.php(942): App\Controllers\Admin_Controller->editblog_logic()
 3 SYSTEMPATH/CodeIgniter.php(502): CodeIgniter\CodeIgniter->runController()
 4 SYSTEMPATH/CodeIgniter.php(361): CodeIgniter\CodeIgniter->handleRequest()
 5 FCPATH/index.php(79): CodeIgniter\CodeIgniter->run()
CRITICAL - 2024-09-27 12:22:36 --> Attempt to read property "blog_id" on null
in APPPATH/Models/Blog_Model.php on line 295.
 1 APPPATH/Models/Blog_Model.php(295): CodeIgniter\Debug\Exceptions->errorHandler()
 2 APPPATH/Controllers/Site_Controller.php(1365): App\Models\Blog_Model->single_details_blog()
 3 APPPATH/Controllers/Site_Controller.php(1348): App\Controllers\Site_Controller->blog_details()
 4 SYSTEMPATH/CodeIgniter.php(942): App\Controllers\Site_Controller->blog_mapurl()
 5 SYSTEMPATH/CodeIgniter.php(502): CodeIgniter\CodeIgniter->runController()
 6 SYSTEMPATH/CodeIgniter.php(361): CodeIgniter\CodeIgniter->handleRequest()
 7 FCPATH/index.php(79): CodeIgniter\CodeIgniter->run()
CRITICAL - 2024-09-27 12:22:55 --> Attempt to read property "blog_id" on null
in APPPATH/Models/Blog_Model.php on line 295.
 1 APPPATH/Models/Blog_Model.php(295): CodeIgniter\Debug\Exceptions->errorHandler()
 2 APPPATH/Controllers/Site_Controller.php(1365): App\Models\Blog_Model->single_details_blog()
 3 APPPATH/Controllers/Site_Controller.php(1348): App\Controllers\Site_Controller->blog_details()
 4 SYSTEMPATH/CodeIgniter.php(942): App\Controllers\Site_Controller->blog_mapurl()
 5 SYSTEMPATH/CodeIgniter.php(502): CodeIgniter\CodeIgniter->runController()
 6 SYSTEMPATH/CodeIgniter.php(361): CodeIgniter\CodeIgniter->handleRequest()
 7 FCPATH/index.php(79): CodeIgniter\CodeIgniter->run()
CRITICAL - 2024-09-27 12:23:21 --> Attempt to read property "blog_id" on null
in APPPATH/Models/Blog_Model.php on line 295.
 1 APPPATH/Models/Blog_Model.php(295): CodeIgniter\Debug\Exceptions->errorHandler()
 2 APPPATH/Controllers/Site_Controller.php(1365): App\Models\Blog_Model->single_details_blog()
 3 APPPATH/Controllers/Site_Controller.php(1348): App\Controllers\Site_Controller->blog_details()
 4 SYSTEMPATH/CodeIgniter.php(942): App\Controllers\Site_Controller->blog_mapurl()
 5 SYSTEMPATH/CodeIgniter.php(502): CodeIgniter\CodeIgniter->runController()
 6 SYSTEMPATH/CodeIgniter.php(361): CodeIgniter\CodeIgniter->handleRequest()
 7 FCPATH/index.php(79): CodeIgniter\CodeIgniter->run()
CRITICAL - 2024-09-27 12:26:16 --> Trying to access array offset on value of type null
in APPPATH/Controllers/Site_Controller.php on line 1372.
 1 APPPATH/Controllers/Site_Controller.php(1372): CodeIgniter\Debug\Exceptions->errorHandler()
 2 APPPATH/Controllers/Site_Controller.php(1348): App\Controllers\Site_Controller->blog_details()
 3 SYSTEMPATH/CodeIgniter.php(942): App\Controllers\Site_Controller->blog_mapurl()
 4 SYSTEMPATH/CodeIgniter.php(502): CodeIgniter\CodeIgniter->runController()
 5 SYSTEMPATH/CodeIgniter.php(361): CodeIgniter\CodeIgniter->handleRequest()
 6 FCPATH/index.php(79): CodeIgniter\CodeIgniter->run()
CRITICAL - 2024-09-27 12:35:15 --> Trying to access array offset on value of type null
in APPPATH/Controllers/Site_Controller.php on line 1372.
 1 APPPATH/Controllers/Site_Controller.php(1372): CodeIgniter\Debug\Exceptions->errorHandler()
 2 APPPATH/Controllers/Site_Controller.php(1348): App\Controllers\Site_Controller->blog_details()
 3 SYSTEMPATH/CodeIgniter.php(942): App\Controllers\Site_Controller->blog_mapurl()
 4 SYSTEMPATH/CodeIgniter.php(502): CodeIgniter\CodeIgniter->runController()
 5 SYSTEMPATH/CodeIgniter.php(361): CodeIgniter\CodeIgniter->handleRequest()
 6 FCPATH/index.php(79): CodeIgniter\CodeIgniter->run()
CRITICAL - 2024-09-27 12:57:22 --> Trying to access array offset on value of type null
in APPPATH/Controllers/Site_Controller.php on line 1374.
 1 APPPATH/Controllers/Site_Controller.php(1374): CodeIgniter\Debug\Exceptions->errorHandler()
 2 APPPATH/Controllers/Site_Controller.php(1348): App\Controllers\Site_Controller->blog_details()
 3 SYSTEMPATH/CodeIgniter.php(942): App\Controllers\Site_Controller->blog_mapurl()
 4 SYSTEMPATH/CodeIgniter.php(502): CodeIgniter\CodeIgniter->runController()
 5 SYSTEMPATH/CodeIgniter.php(361): CodeIgniter\CodeIgniter->handleRequest()
 6 FCPATH/index.php(79): CodeIgniter\CodeIgniter->run()
CRITICAL - 2024-09-27 12:57:59 --> Trying to access array offset on value of type null
in APPPATH/Controllers/Site_Controller.php on line 1374.
 1 APPPATH/Controllers/Site_Controller.php(1374): CodeIgniter\Debug\Exceptions->errorHandler()
 2 APPPATH/Controllers/Site_Controller.php(1348): App\Controllers\Site_Controller->blog_details()
 3 SYSTEMPATH/CodeIgniter.php(942): App\Controllers\Site_Controller->blog_mapurl()
 4 SYSTEMPATH/CodeIgniter.php(502): CodeIgniter\CodeIgniter->runController()
 5 SYSTEMPATH/CodeIgniter.php(361): CodeIgniter\CodeIgniter->handleRequest()
 6 FCPATH/index.php(79): CodeIgniter\CodeIgniter->run()
CRITICAL - 2024-09-27 07:56:30 --> Undefined array key "faq_blog_id"
in APPPATH/Controllers/Admin_Controller.php on line 1536.
 1 APPPATH/Controllers/Admin_Controller.php(1536): CodeIgniter\Debug\Exceptions->errorHandler()
 2 SYSTEMPATH/CodeIgniter.php(942): App\Controllers\Admin_Controller->faq_blog_delete()
 3 SYSTEMPATH/CodeIgniter.php(502): CodeIgniter\CodeIgniter->runController()
 4 SYSTEMPATH/CodeIgniter.php(361): CodeIgniter\CodeIgniter->handleRequest()
 5 FCPATH/index.php(79): CodeIgniter\CodeIgniter->run()
CRITICAL - 2024-09-27 07:56:54 --> Undefined array key "faq_blog_id"
in APPPATH/Controllers/Admin_Controller.php on line 1536.
 1 APPPATH/Controllers/Admin_Controller.php(1536): CodeIgniter\Debug\Exceptions->errorHandler()
 2 SYSTEMPATH/CodeIgniter.php(942): App\Controllers\Admin_Controller->faq_blog_delete()
 3 SYSTEMPATH/CodeIgniter.php(502): CodeIgniter\CodeIgniter->runController()
 4 SYSTEMPATH/CodeIgniter.php(361): CodeIgniter\CodeIgniter->handleRequest()
 5 FCPATH/index.php(79): CodeIgniter\CodeIgniter->run()
CRITICAL - 2024-09-27 07:57:15 --> Undefined array key "faq_blog_id"
in APPPATH/Controllers/Admin_Controller.php on line 1536.
 1 APPPATH/Controllers/Admin_Controller.php(1536): CodeIgniter\Debug\Exceptions->errorHandler()
 2 SYSTEMPATH/CodeIgniter.php(942): App\Controllers\Admin_Controller->faq_blog_delete()
 3 SYSTEMPATH/CodeIgniter.php(502): CodeIgniter\CodeIgniter->runController()
 4 SYSTEMPATH/CodeIgniter.php(361): CodeIgniter\CodeIgniter->handleRequest()
 5 FCPATH/index.php(79): CodeIgniter\CodeIgniter->run()
CRITICAL - 2024-09-27 07:59:29 --> Undefined array key "faq_question"
in APPPATH/Controllers/Admin_Controller.php on line 1324.
 1 APPPATH/Controllers/Admin_Controller.php(1324): CodeIgniter\Debug\Exceptions->errorHandler()
 2 SYSTEMPATH/CodeIgniter.php(942): App\Controllers\Admin_Controller->editblog_logic()
 3 SYSTEMPATH/CodeIgniter.php(502): CodeIgniter\CodeIgniter->runController()
 4 SYSTEMPATH/CodeIgniter.php(361): CodeIgniter\CodeIgniter->handleRequest()
 5 FCPATH/index.php(79): CodeIgniter\CodeIgniter->run()
CRITICAL - 2024-09-27 08:00:42 --> Undefined array key "faq_answer"
in APPPATH/Controllers/Admin_Controller.php on line 1325.
 1 APPPATH/Controllers/Admin_Controller.php(1325): CodeIgniter\Debug\Exceptions->errorHandler()
 2 SYSTEMPATH/CodeIgniter.php(942): App\Controllers\Admin_Controller->editblog_logic()
 3 SYSTEMPATH/CodeIgniter.php(502): CodeIgniter\CodeIgniter->runController()
 4 SYSTEMPATH/CodeIgniter.php(361): CodeIgniter\CodeIgniter->handleRequest()
 5 FCPATH/index.php(79): CodeIgniter\CodeIgniter->run()
CRITICAL - 2024-09-27 08:01:50 --> count(): Argument #1 ($value) must be of type Countable|array, string given
in APPPATH/Controllers/Admin_Controller.php on line 1332.
 1 APPPATH/Controllers/Admin_Controller.php(1332): count()
 2 SYSTEMPATH/CodeIgniter.php(942): App\Controllers\Admin_Controller->editblog_logic()
 3 SYSTEMPATH/CodeIgniter.php(502): CodeIgniter\CodeIgniter->runController()
 4 SYSTEMPATH/CodeIgniter.php(361): CodeIgniter\CodeIgniter->handleRequest()
 5 FCPATH/index.php(79): CodeIgniter\CodeIgniter->run()
CRITICAL - 2024-09-27 08:02:45 --> count(): Argument #1 ($value) must be of type Countable|array, string given
in APPPATH/Controllers/Admin_Controller.php on line 1337.
 1 APPPATH/Controllers/Admin_Controller.php(1337): count()
 2 SYSTEMPATH/CodeIgniter.php(942): App\Controllers\Admin_Controller->editblog_logic()
 3 SYSTEMPATH/CodeIgniter.php(502): CodeIgniter\CodeIgniter->runController()
 4 SYSTEMPATH/CodeIgniter.php(361): CodeIgniter\CodeIgniter->handleRequest()
 5 FCPATH/index.php(79): CodeIgniter\CodeIgniter->run()
CRITICAL - 2024-09-27 08:04:41 --> count(): Argument #1 ($value) must be of type Countable|array, string given
in APPPATH/Controllers/Admin_Controller.php on line 1339.
 1 APPPATH/Controllers/Admin_Controller.php(1339): count()
 2 SYSTEMPATH/CodeIgniter.php(942): App\Controllers\Admin_Controller->editblog_logic()
 3 SYSTEMPATH/CodeIgniter.php(502): CodeIgniter\CodeIgniter->runController()
 4 SYSTEMPATH/CodeIgniter.php(361): CodeIgniter\CodeIgniter->handleRequest()
 5 FCPATH/index.php(79): CodeIgniter\CodeIgniter->run()
CRITICAL - 2024-09-27 08:04:44 --> count(): Argument #1 ($value) must be of type Countable|array, string given
in APPPATH/Controllers/Admin_Controller.php on line 1339.
 1 APPPATH/Controllers/Admin_Controller.php(1339): count()
 2 SYSTEMPATH/CodeIgniter.php(942): App\Controllers\Admin_Controller->editblog_logic()
 3 SYSTEMPATH/CodeIgniter.php(502): CodeIgniter\CodeIgniter->runController()
 4 SYSTEMPATH/CodeIgniter.php(361): CodeIgniter\CodeIgniter->handleRequest()
 5 FCPATH/index.php(79): CodeIgniter\CodeIgniter->run()
CRITICAL - 2024-09-27 08:29:12 --> count(): Argument #1 ($value) must be of type Countable|array, string given
in APPPATH/Controllers/Admin_Controller.php on line 1332.
 1 APPPATH/Controllers/Admin_Controller.php(1332): count()
 2 SYSTEMPATH/CodeIgniter.php(942): App\Controllers\Admin_Controller->editblog_logic()
 3 SYSTEMPATH/CodeIgniter.php(502): CodeIgniter\CodeIgniter->runController()
 4 SYSTEMPATH/CodeIgniter.php(361): CodeIgniter\CodeIgniter->handleRequest()
 5 FCPATH/index.php(79): CodeIgniter\CodeIgniter->run()
CRITICAL - 2024-09-27 08:29:35 --> Undefined array key "faq_blog_id"
in APPPATH/Controllers/Admin_Controller.php on line 1536.
 1 APPPATH/Controllers/Admin_Controller.php(1536): CodeIgniter\Debug\Exceptions->errorHandler()
 2 SYSTEMPATH/CodeIgniter.php(942): App\Controllers\Admin_Controller->faq_blog_delete()
 3 SYSTEMPATH/CodeIgniter.php(502): CodeIgniter\CodeIgniter->runController()
 4 SYSTEMPATH/CodeIgniter.php(361): CodeIgniter\CodeIgniter->handleRequest()
 5 FCPATH/index.php(79): CodeIgniter\CodeIgniter->run()
CRITICAL - 2024-09-27 08:32:10 --> Undefined array key "faq_question"
in APPPATH/Controllers/Admin_Controller.php on line 698.
 1 APPPATH/Controllers/Admin_Controller.php(698): CodeIgniter\Debug\Exceptions->errorHandler()
 2 SYSTEMPATH/CodeIgniter.php(942): App\Controllers\Admin_Controller->editrecipes_logic()
 3 SYSTEMPATH/CodeIgniter.php(502): CodeIgniter\CodeIgniter->runController()
 4 SYSTEMPATH/CodeIgniter.php(361): CodeIgniter\CodeIgniter->handleRequest()
 5 FCPATH/index.php(79): CodeIgniter\CodeIgniter->run()
CRITICAL - 2024-09-27 08:32:39 --> Undefined array key "faq_recipe_id"
in APPPATH/Controllers/Admin_Controller.php on line 908.
 1 APPPATH/Controllers/Admin_Controller.php(908): CodeIgniter\Debug\Exceptions->errorHandler()
 2 SYSTEMPATH/CodeIgniter.php(942): App\Controllers\Admin_Controller->faq_recipe_delete()
 3 SYSTEMPATH/CodeIgniter.php(502): CodeIgniter\CodeIgniter->runController()
 4 SYSTEMPATH/CodeIgniter.php(361): CodeIgniter\CodeIgniter->handleRequest()
 5 FCPATH/index.php(79): CodeIgniter\CodeIgniter->run()
CRITICAL - 2024-09-27 14:05:22 --> Trying to access array offset on value of type null
in APPPATH/Controllers/Site_Controller.php on line 1374.
 1 APPPATH/Controllers/Site_Controller.php(1374): CodeIgniter\Debug\Exceptions->errorHandler()
 2 APPPATH/Controllers/Site_Controller.php(1348): App\Controllers\Site_Controller->blog_details()
 3 SYSTEMPATH/CodeIgniter.php(942): App\Controllers\Site_Controller->blog_mapurl()
 4 SYSTEMPATH/CodeIgniter.php(502): CodeIgniter\CodeIgniter->runController()
 5 SYSTEMPATH/CodeIgniter.php(361): CodeIgniter\CodeIgniter->handleRequest()
 6 FCPATH/index.php(79): CodeIgniter\CodeIgniter->run()
CRITICAL - 2024-09-27 14:37:08 --> Trying to access array offset on value of type null
in APPPATH/Controllers/Site_Controller.php on line 1374.
 1 APPPATH/Controllers/Site_Controller.php(1374): CodeIgniter\Debug\Exceptions->errorHandler()
 2 APPPATH/Controllers/Site_Controller.php(1348): App\Controllers\Site_Controller->blog_details()
 3 SYSTEMPATH/CodeIgniter.php(942): App\Controllers\Site_Controller->blog_mapurl()
 4 SYSTEMPATH/CodeIgniter.php(502): CodeIgniter\CodeIgniter->runController()
 5 SYSTEMPATH/CodeIgniter.php(361): CodeIgniter\CodeIgniter->handleRequest()
 6 FCPATH/index.php(79): CodeIgniter\CodeIgniter->run()
CRITICAL - 2024-09-27 14:37:19 --> Trying to access array offset on value of type null
in APPPATH/Controllers/Site_Controller.php on line 1374.
 1 APPPATH/Controllers/Site_Controller.php(1374): CodeIgniter\Debug\Exceptions->errorHandler()
 2 APPPATH/Controllers/Site_Controller.php(1348): App\Controllers\Site_Controller->blog_details()
 3 SYSTEMPATH/CodeIgniter.php(942): App\Controllers\Site_Controller->blog_mapurl()
 4 SYSTEMPATH/CodeIgniter.php(502): CodeIgniter\CodeIgniter->runController()
 5 SYSTEMPATH/CodeIgniter.php(361): CodeIgniter\CodeIgniter->handleRequest()
 6 FCPATH/index.php(79): CodeIgniter\CodeIgniter->run()
CRITICAL - 2024-09-27 15:07:05 --> Trying to access array offset on value of type null
in APPPATH/Controllers/Site_Controller.php on line 1374.
 1 APPPATH/Controllers/Site_Controller.php(1374): CodeIgniter\Debug\Exceptions->errorHandler()
 2 APPPATH/Controllers/Site_Controller.php(1348): App\Controllers\Site_Controller->blog_details()
 3 SYSTEMPATH/CodeIgniter.php(942): App\Controllers\Site_Controller->blog_mapurl()
 4 SYSTEMPATH/CodeIgniter.php(502): CodeIgniter\CodeIgniter->runController()
 5 SYSTEMPATH/CodeIgniter.php(361): CodeIgniter\CodeIgniter->handleRequest()
 6 FCPATH/index.php(79): CodeIgniter\CodeIgniter->run()
CRITICAL - 2024-09-27 15:39:55 --> Trying to access array offset on value of type null
in APPPATH/Controllers/Site_Controller.php on line 1374.
 1 APPPATH/Controllers/Site_Controller.php(1374): CodeIgniter\Debug\Exceptions->errorHandler()
 2 APPPATH/Controllers/Site_Controller.php(1348): App\Controllers\Site_Controller->blog_details()
 3 SYSTEMPATH/CodeIgniter.php(942): App\Controllers\Site_Controller->blog_mapurl()
 4 SYSTEMPATH/CodeIgniter.php(502): CodeIgniter\CodeIgniter->runController()
 5 SYSTEMPATH/CodeIgniter.php(361): CodeIgniter\CodeIgniter->handleRequest()
 6 FCPATH/index.php(79): CodeIgniter\CodeIgniter->run()
CRITICAL - 2024-09-27 17:00:32 --> Trying to access array offset on value of type null
in APPPATH/Controllers/Site_Controller.php on line 1374.
 1 APPPATH/Controllers/Site_Controller.php(1374): CodeIgniter\Debug\Exceptions->errorHandler()
 2 APPPATH/Controllers/Site_Controller.php(1348): App\Controllers\Site_Controller->blog_details()
 3 SYSTEMPATH/CodeIgniter.php(942): App\Controllers\Site_Controller->blog_mapurl()
 4 SYSTEMPATH/CodeIgniter.php(502): CodeIgniter\CodeIgniter->runController()
 5 SYSTEMPATH/CodeIgniter.php(361): CodeIgniter\CodeIgniter->handleRequest()
 6 FCPATH/index.php(79): CodeIgniter\CodeIgniter->run()
CRITICAL - 2024-09-27 17:18:43 --> Trying to access array offset on value of type null
in APPPATH/Controllers/Site_Controller.php on line 1374.
 1 APPPATH/Controllers/Site_Controller.php(1374): CodeIgniter\Debug\Exceptions->errorHandler()
 2 APPPATH/Controllers/Site_Controller.php(1348): App\Controllers\Site_Controller->blog_details()
 3 SYSTEMPATH/CodeIgniter.php(942): App\Controllers\Site_Controller->blog_mapurl()
 4 SYSTEMPATH/CodeIgniter.php(502): CodeIgniter\CodeIgniter->runController()
 5 SYSTEMPATH/CodeIgniter.php(361): CodeIgniter\CodeIgniter->handleRequest()
 6 FCPATH/index.php(79): CodeIgniter\CodeIgniter->run()
CRITICAL - 2024-09-27 17:19:11 --> Trying to access array offset on value of type null
in APPPATH/Controllers/Site_Controller.php on line 1374.
 1 APPPATH/Controllers/Site_Controller.php(1374): CodeIgniter\Debug\Exceptions->errorHandler()
 2 APPPATH/Controllers/Site_Controller.php(1348): App\Controllers\Site_Controller->blog_details()
 3 SYSTEMPATH/CodeIgniter.php(942): App\Controllers\Site_Controller->blog_mapurl()
 4 SYSTEMPATH/CodeIgniter.php(502): CodeIgniter\CodeIgniter->runController()
 5 SYSTEMPATH/CodeIgniter.php(361): CodeIgniter\CodeIgniter->handleRequest()
 6 FCPATH/index.php(79): CodeIgniter\CodeIgniter->run()
CRITICAL - 2024-09-27 11:54:45 --> Undefined variable $faq_website_data
in APPPATH/Views/site/details_page.php on line 536.
 1 APPPATH/Views/site/details_page.php(536): CodeIgniter\Debug\Exceptions->errorHandler()
 2 SYSTEMPATH/View/View.php(228): include('/home/u613340721/domains/gruballergy.com/public_html/app/Views/site/details_page.php')
 3 SYSTEMPATH/View/View.php(231): CodeIgniter\View\View->CodeIgniter\View\{closure}()
 4 SYSTEMPATH/Common.php(1190): CodeIgniter\View\View->render()
 5 APPPATH/Views/site/layout.php(7): view()
 6 SYSTEMPATH/View/View.php(228): include('/home/u613340721/domains/gruballergy.com/public_html/app/Views/site/layout.php')
 7 SYSTEMPATH/View/View.php(231): CodeIgniter\View\View->CodeIgniter\View\{closure}()
 8 SYSTEMPATH/Common.php(1190): CodeIgniter\View\View->render()
 9 APPPATH/Controllers/Admin_Controller.php(1187): view()
10 APPPATH/Controllers/Admin_Controller.php(1038): App\Controllers\Admin_Controller->preview_recipe_details()
11 SYSTEMPATH/CodeIgniter.php(942): App\Controllers\Admin_Controller->recipe_mapurl_preview()
12 SYSTEMPATH/CodeIgniter.php(502): CodeIgniter\CodeIgniter->runController()
13 SYSTEMPATH/CodeIgniter.php(361): CodeIgniter\CodeIgniter->handleRequest()
14 FCPATH/index.php(79): CodeIgniter\CodeIgniter->run()
CRITICAL - 2024-09-27 17:24:59 --> Undefined variable $faq_website_data
in APPPATH/Views/site/details_page.php on line 536.
 1 APPPATH/Views/site/details_page.php(536): CodeIgniter\Debug\Exceptions->errorHandler()
 2 SYSTEMPATH/View/View.php(228): include('/home/u613340721/domains/gruballergy.com/public_html/app/Views/site/details_page.php')
 3 SYSTEMPATH/View/View.php(231): CodeIgniter\View\View->CodeIgniter\View\{closure}()
 4 SYSTEMPATH/Common.php(1190): CodeIgniter\View\View->render()
 5 APPPATH/Views/site/layout.php(7): view()
 6 SYSTEMPATH/View/View.php(228): include('/home/u613340721/domains/gruballergy.com/public_html/app/Views/site/layout.php')
 7 SYSTEMPATH/View/View.php(231): CodeIgniter\View\View->CodeIgniter\View\{closure}()
 8 SYSTEMPATH/Common.php(1190): CodeIgniter\View\View->render()
 9 APPPATH/Controllers/Site_Controller.php(781): view()
10 APPPATH/Controllers/Site_Controller.php(430): App\Controllers\Site_Controller->details_page()
11 SYSTEMPATH/CodeIgniter.php(942): App\Controllers\Site_Controller->recipe_or_category()
12 SYSTEMPATH/CodeIgniter.php(502): CodeIgniter\CodeIgniter->runController()
13 SYSTEMPATH/CodeIgniter.php(361): CodeIgniter\CodeIgniter->handleRequest()
14 FCPATH/index.php(79): CodeIgniter\CodeIgniter->run()
CRITICAL - 2024-09-27 17:57:36 --> Attempt to read property "c_id" on null
in APPPATH/Controllers/Site_Controller.php on line 825.
 1 APPPATH/Controllers/Site_Controller.php(825): CodeIgniter\Debug\Exceptions->errorHandler()
 2 APPPATH/Controllers/Site_Controller.php(419): App\Controllers\Site_Controller->category_visedisplay_recipes()
 3 SYSTEMPATH/CodeIgniter.php(942): App\Controllers\Site_Controller->recipe_or_category()
 4 SYSTEMPATH/CodeIgniter.php(502): CodeIgniter\CodeIgniter->runController()
 5 SYSTEMPATH/CodeIgniter.php(361): CodeIgniter\CodeIgniter->handleRequest()
 6 FCPATH/index.php(79): CodeIgniter\CodeIgniter->run()
CRITICAL - 2024-09-27 18:01:34 --> Attempt to read property "c_id" on null
in APPPATH/Controllers/Site_Controller.php on line 825.
 1 APPPATH/Controllers/Site_Controller.php(825): CodeIgniter\Debug\Exceptions->errorHandler()
 2 APPPATH/Controllers/Site_Controller.php(419): App\Controllers\Site_Controller->category_visedisplay_recipes()
 3 SYSTEMPATH/CodeIgniter.php(942): App\Controllers\Site_Controller->recipe_or_category()
 4 SYSTEMPATH/CodeIgniter.php(502): CodeIgniter\CodeIgniter->runController()
 5 SYSTEMPATH/CodeIgniter.php(361): CodeIgniter\CodeIgniter->handleRequest()
 6 FCPATH/index.php(79): CodeIgniter\CodeIgniter->run()
CRITICAL - 2024-09-27 23:56:24 --> Attempt to read property "c_id" on null
in APPPATH/Controllers/Site_Controller.php on line 825.
 1 APPPATH/Controllers/Site_Controller.php(825): CodeIgniter\Debug\Exceptions->errorHandler()
 2 APPPATH/Controllers/Site_Controller.php(419): App\Controllers\Site_Controller->category_visedisplay_recipes()
 3 SYSTEMPATH/CodeIgniter.php(942): App\Controllers\Site_Controller->recipe_or_category()
 4 SYSTEMPATH/CodeIgniter.php(502): CodeIgniter\CodeIgniter->runController()
 5 SYSTEMPATH/CodeIgniter.php(361): CodeIgniter\CodeIgniter->handleRequest()
 6 FCPATH/index.php(79): CodeIgniter\CodeIgniter->run()
CRITICAL - 2024-09-27 23:59:43 --> Attempt to read property "c_id" on null
in APPPATH/Controllers/Site_Controller.php on line 825.
 1 APPPATH/Controllers/Site_Controller.php(825): CodeIgniter\Debug\Exceptions->errorHandler()
 2 APPPATH/Controllers/Site_Controller.php(419): App\Controllers\Site_Controller->category_visedisplay_recipes()
 3 SYSTEMPATH/CodeIgniter.php(942): App\Controllers\Site_Controller->recipe_or_category()
 4 SYSTEMPATH/CodeIgniter.php(502): CodeIgniter\CodeIgniter->runController()
 5 SYSTEMPATH/CodeIgniter.php(361): CodeIgniter\CodeIgniter->handleRequest()
 6 FCPATH/index.php(79): CodeIgniter\CodeIgniter->run()
CRITICAL - 2024-09-27 18:34:36 --> Call to undefined method App\Controllers\Admin_Controller::category_visedisplay_recipes()
in APPPATH/Controllers/Admin_Controller.php on line 2181.
 1 APPPATH/Controllers/Admin_Controller.php(2160): App\Controllers\Admin_Controller->backend_recipe_or_category()
 2 SYSTEMPATH/CodeIgniter.php(942): App\Controllers\Admin_Controller->category_mapurl_preview()
 3 SYSTEMPATH/CodeIgniter.php(502): CodeIgniter\CodeIgniter->runController()
 4 SYSTEMPATH/CodeIgniter.php(361): CodeIgniter\CodeIgniter->handleRequest()
 5 FCPATH/index.php(79): CodeIgniter\CodeIgniter->run()
CRITICAL - 2024-09-27 18:37:54 --> Attempt to read property "c_id" on null
in APPPATH/Controllers/Admin_Controller.php on line 2174.
 1 APPPATH/Controllers/Admin_Controller.php(2174): CodeIgniter\Debug\Exceptions->errorHandler()
 2 APPPATH/Controllers/Admin_Controller.php(2160): App\Controllers\Admin_Controller->backend_category_visedisplay_recipes()
 3 SYSTEMPATH/CodeIgniter.php(942): App\Controllers\Admin_Controller->category_mapurl_preview()
 4 SYSTEMPATH/CodeIgniter.php(502): CodeIgniter\CodeIgniter->runController()
 5 SYSTEMPATH/CodeIgniter.php(361): CodeIgniter\CodeIgniter->handleRequest()
 6 FCPATH/index.php(79): CodeIgniter\CodeIgniter->run()
CRITICAL - 2024-09-27 18:41:29 --> Undefined property: App\Controllers\Admin_Controller::$Relation_recipe_category_tag_Model
in APPPATH/Controllers/Admin_Controller.php on line 2192.
 1 APPPATH/Controllers/Admin_Controller.php(2192): CodeIgniter\Debug\Exceptions->errorHandler()
 2 APPPATH/Controllers/Admin_Controller.php(2160): App\Controllers\Admin_Controller->backend_category_visedisplay_recipes()
 3 SYSTEMPATH/CodeIgniter.php(942): App\Controllers\Admin_Controller->category_mapurl_preview()
 4 SYSTEMPATH/CodeIgniter.php(502): CodeIgniter\CodeIgniter->runController()
 5 SYSTEMPATH/CodeIgniter.php(361): CodeIgniter\CodeIgniter->handleRequest()
 6 FCPATH/index.php(79): CodeIgniter\CodeIgniter->run()
CRITICAL - 2024-09-27 19:07:32 --> Undefined array key "faq_recipe_id"
in APPPATH/Controllers/Admin_Controller.php on line 971.
 1 APPPATH/Controllers/Admin_Controller.php(971): CodeIgniter\Debug\Exceptions->errorHandler()
 2 SYSTEMPATH/CodeIgniter.php(942): App\Controllers\Admin_Controller->faq_recipe_delete()
 3 SYSTEMPATH/CodeIgniter.php(502): CodeIgniter\CodeIgniter->runController()
 4 SYSTEMPATH/CodeIgniter.php(361): CodeIgniter\CodeIgniter->handleRequest()
 5 FCPATH/index.php(79): CodeIgniter\CodeIgniter->run()
CRITICAL - 2024-09-27 19:07:37 --> Undefined array key "faq_recipe_id"
in APPPATH/Controllers/Admin_Controller.php on line 971.
 1 APPPATH/Controllers/Admin_Controller.php(971): CodeIgniter\Debug\Exceptions->errorHandler()
 2 SYSTEMPATH/CodeIgniter.php(942): App\Controllers\Admin_Controller->faq_recipe_delete()
 3 SYSTEMPATH/CodeIgniter.php(502): CodeIgniter\CodeIgniter->runController()
 4 SYSTEMPATH/CodeIgniter.php(361): CodeIgniter\CodeIgniter->handleRequest()
 5 FCPATH/index.php(79): CodeIgniter\CodeIgniter->run()
CRITICAL - 2024-09-27 19:08:24 --> Too few arguments to function App\Models\faq_recipe_Model::faq_recipe_desending(), 0 passed in /home/u613340721/domains/gruballergy.com/public_html/app/Controllers/Admin_Controller.php on line 1182 and exactly 1 expected
in APPPATH/Models/faq_recipe_Model.php on line 59.
 1 APPPATH/Controllers/Admin_Controller.php(1182): App\Models\faq_recipe_Model->faq_recipe_desending()
 2 APPPATH/Controllers/Admin_Controller.php(1043): App\Controllers\Admin_Controller->preview_recipe_details()
 3 SYSTEMPATH/CodeIgniter.php(942): App\Controllers\Admin_Controller->recipe_mapurl_preview()
 4 SYSTEMPATH/CodeIgniter.php(502): CodeIgniter\CodeIgniter->runController()
 5 SYSTEMPATH/CodeIgniter.php(361): CodeIgniter\CodeIgniter->handleRequest()
 6 FCPATH/index.php(79): CodeIgniter\CodeIgniter->run()
CRITICAL - 2024-09-27 19:08:44 --> Too few arguments to function App\Models\faq_recipe_Model::faq_recipe_desending(), 0 passed in /home/u613340721/domains/gruballergy.com/public_html/app/Controllers/Admin_Controller.php on line 1116 and exactly 1 expected
in APPPATH/Models/faq_recipe_Model.php on line 59.
 1 APPPATH/Controllers/Admin_Controller.php(1116): App\Models\faq_recipe_Model->faq_recipe_desending()
 2 APPPATH/Controllers/Admin_Controller.php(1043): App\Controllers\Admin_Controller->preview_recipe_details()
 3 SYSTEMPATH/CodeIgniter.php(942): App\Controllers\Admin_Controller->recipe_mapurl_preview()
 4 SYSTEMPATH/CodeIgniter.php(502): CodeIgniter\CodeIgniter->runController()
 5 SYSTEMPATH/CodeIgniter.php(361): CodeIgniter\CodeIgniter->handleRequest()
 6 FCPATH/index.php(79): CodeIgniter\CodeIgniter->run()
CRITICAL - 2024-09-27 19:10:12 --> Too few arguments to function App\Models\faq_recipe_Model::faq_recipe_desending(), 0 passed in /home/u613340721/domains/gruballergy.com/public_html/app/Controllers/Admin_Controller.php on line 1182 and exactly 1 expected
in APPPATH/Models/faq_recipe_Model.php on line 59.
 1 APPPATH/Controllers/Admin_Controller.php(1182): App\Models\faq_recipe_Model->faq_recipe_desending()
 2 APPPATH/Controllers/Admin_Controller.php(1043): App\Controllers\Admin_Controller->preview_recipe_details()
 3 SYSTEMPATH/CodeIgniter.php(942): App\Controllers\Admin_Controller->recipe_mapurl_preview()
 4 SYSTEMPATH/CodeIgniter.php(502): CodeIgniter\CodeIgniter->runController()
 5 SYSTEMPATH/CodeIgniter.php(361): CodeIgniter\CodeIgniter->handleRequest()
 6 FCPATH/index.php(79): CodeIgniter\CodeIgniter->run()
CRITICAL - 2024-09-27 19:11:17 --> Too few arguments to function App\Models\faq_recipe_Model::faq_recipe_desending(), 0 passed in /home/u613340721/domains/gruballergy.com/public_html/app/Controllers/Admin_Controller.php on line 1182 and exactly 1 expected
in APPPATH/Models/faq_recipe_Model.php on line 59.
 1 APPPATH/Controllers/Admin_Controller.php(1182): App\Models\faq_recipe_Model->faq_recipe_desending()
 2 APPPATH/Controllers/Admin_Controller.php(1043): App\Controllers\Admin_Controller->preview_recipe_details()
 3 SYSTEMPATH/CodeIgniter.php(942): App\Controllers\Admin_Controller->recipe_mapurl_preview()
 4 SYSTEMPATH/CodeIgniter.php(502): CodeIgniter\CodeIgniter->runController()
 5 SYSTEMPATH/CodeIgniter.php(361): CodeIgniter\CodeIgniter->handleRequest()
 6 FCPATH/index.php(79): CodeIgniter\CodeIgniter->run()
CRITICAL - 2024-09-27 19:13:29 --> Too few arguments to function App\Models\faq_recipe_Model::faq_recipe_desending(), 0 passed in /home/u613340721/domains/gruballergy.com/public_html/app/Controllers/Admin_Controller.php on line 1182 and exactly 1 expected
in APPPATH/Models/faq_recipe_Model.php on line 59.
 1 APPPATH/Controllers/Admin_Controller.php(1182): App\Models\faq_recipe_Model->faq_recipe_desending()
 2 APPPATH/Controllers/Admin_Controller.php(1043): App\Controllers\Admin_Controller->preview_recipe_details()
 3 SYSTEMPATH/CodeIgniter.php(942): App\Controllers\Admin_Controller->recipe_mapurl_preview()
 4 SYSTEMPATH/CodeIgniter.php(502): CodeIgniter\CodeIgniter->runController()
 5 SYSTEMPATH/CodeIgniter.php(361): CodeIgniter\CodeIgniter->handleRequest()
 6 FCPATH/index.php(79): CodeIgniter\CodeIgniter->run()
CRITICAL - 2024-09-27 19:13:43 --> Too few arguments to function App\Models\faq_recipe_Model::faq_recipe_desending(), 0 passed in /home/u613340721/domains/gruballergy.com/public_html/app/Controllers/Admin_Controller.php on line 1182 and exactly 1 expected
in APPPATH/Models/faq_recipe_Model.php on line 59.
 1 APPPATH/Controllers/Admin_Controller.php(1182): App\Models\faq_recipe_Model->faq_recipe_desending()
 2 APPPATH/Controllers/Admin_Controller.php(1043): App\Controllers\Admin_Controller->preview_recipe_details()
 3 SYSTEMPATH/CodeIgniter.php(942): App\Controllers\Admin_Controller->recipe_mapurl_preview()
 4 SYSTEMPATH/CodeIgniter.php(502): CodeIgniter\CodeIgniter->runController()
 5 SYSTEMPATH/CodeIgniter.php(361): CodeIgniter\CodeIgniter->handleRequest()
 6 FCPATH/index.php(79): CodeIgniter\CodeIgniter->run()
CRITICAL - 2024-09-27 19:14:15 --> Too few arguments to function App\Models\faq_recipe_Model::faq_recipe_desending(), 0 passed in /home/u613340721/domains/gruballergy.com/public_html/app/Controllers/Admin_Controller.php on line 1182 and exactly 1 expected
in APPPATH/Models/faq_recipe_Model.php on line 59.
 1 APPPATH/Controllers/Admin_Controller.php(1182): App\Models\faq_recipe_Model->faq_recipe_desending()
 2 APPPATH/Controllers/Admin_Controller.php(1043): App\Controllers\Admin_Controller->preview_recipe_details()
 3 SYSTEMPATH/CodeIgniter.php(942): App\Controllers\Admin_Controller->recipe_mapurl_preview()
 4 SYSTEMPATH/CodeIgniter.php(502): CodeIgniter\CodeIgniter->runController()
 5 SYSTEMPATH/CodeIgniter.php(361): CodeIgniter\CodeIgniter->handleRequest()
 6 FCPATH/index.php(79): CodeIgniter\CodeIgniter->run()
CRITICAL - 2024-09-27 19:18:25 --> Too few arguments to function App\Models\faq_recipe_Model::faq_recipe_desending(), 0 passed in /home/u613340721/domains/gruballergy.com/public_html/app/Controllers/Admin_Controller.php on line 1182 and exactly 1 expected
in APPPATH/Models/faq_recipe_Model.php on line 59.
 1 APPPATH/Controllers/Admin_Controller.php(1182): App\Models\faq_recipe_Model->faq_recipe_desending()
 2 APPPATH/Controllers/Admin_Controller.php(1043): App\Controllers\Admin_Controller->preview_recipe_details()
 3 SYSTEMPATH/CodeIgniter.php(942): App\Controllers\Admin_Controller->recipe_mapurl_preview()
 4 SYSTEMPATH/CodeIgniter.php(502): CodeIgniter\CodeIgniter->runController()
 5 SYSTEMPATH/CodeIgniter.php(361): CodeIgniter\CodeIgniter->handleRequest()
 6 FCPATH/index.php(79): CodeIgniter\CodeIgniter->run()
CRITICAL - 2024-09-27 19:18:42 --> Too few arguments to function App\Models\faq_recipe_Model::faq_recipe_desending(), 0 passed in /home/u613340721/domains/gruballergy.com/public_html/app/Controllers/Admin_Controller.php on line 1182 and exactly 1 expected
in APPPATH/Models/faq_recipe_Model.php on line 59.
 1 APPPATH/Controllers/Admin_Controller.php(1182): App\Models\faq_recipe_Model->faq_recipe_desending()
 2 APPPATH/Controllers/Admin_Controller.php(1043): App\Controllers\Admin_Controller->preview_recipe_details()
 3 SYSTEMPATH/CodeIgniter.php(942): App\Controllers\Admin_Controller->recipe_mapurl_preview()
 4 SYSTEMPATH/CodeIgniter.php(502): CodeIgniter\CodeIgniter->runController()
 5 SYSTEMPATH/CodeIgniter.php(361): CodeIgniter\CodeIgniter->handleRequest()
 6 FCPATH/index.php(79): CodeIgniter\CodeIgniter->run()
CRITICAL - 2024-09-27 19:23:04 --> Too few arguments to function App\Models\faq_recipe_Model::faq_recipe_desending(), 0 passed in /home/u613340721/domains/gruballergy.com/public_html/app/Controllers/Admin_Controller.php on line 1182 and exactly 1 expected
in APPPATH/Models/faq_recipe_Model.php on line 59.
 1 APPPATH/Controllers/Admin_Controller.php(1182): App\Models\faq_recipe_Model->faq_recipe_desending()
 2 APPPATH/Controllers/Admin_Controller.php(1043): App\Controllers\Admin_Controller->preview_recipe_details()
 3 SYSTEMPATH/CodeIgniter.php(942): App\Controllers\Admin_Controller->recipe_mapurl_preview()
 4 SYSTEMPATH/CodeIgniter.php(502): CodeIgniter\CodeIgniter->runController()
 5 SYSTEMPATH/CodeIgniter.php(361): CodeIgniter\CodeIgniter->handleRequest()
 6 FCPATH/index.php(79): CodeIgniter\CodeIgniter->run()
CRITICAL - 2024-09-27 19:23:06 --> Too few arguments to function App\Models\faq_recipe_Model::faq_recipe_desending(), 0 passed in /home/u613340721/domains/gruballergy.com/public_html/app/Controllers/Admin_Controller.php on line 1182 and exactly 1 expected
in APPPATH/Models/faq_recipe_Model.php on line 59.
 1 APPPATH/Controllers/Admin_Controller.php(1182): App\Models\faq_recipe_Model->faq_recipe_desending()
 2 APPPATH/Controllers/Admin_Controller.php(1043): App\Controllers\Admin_Controller->preview_recipe_details()
 3 SYSTEMPATH/CodeIgniter.php(942): App\Controllers\Admin_Controller->recipe_mapurl_preview()
 4 SYSTEMPATH/CodeIgniter.php(502): CodeIgniter\CodeIgniter->runController()
 5 SYSTEMPATH/CodeIgniter.php(361): CodeIgniter\CodeIgniter->handleRequest()
 6 FCPATH/index.php(79): CodeIgniter\CodeIgniter->run()
CRITICAL - 2024-09-27 19:23:07 --> Too few arguments to function App\Models\faq_recipe_Model::faq_recipe_desending(), 0 passed in /home/u613340721/domains/gruballergy.com/public_html/app/Controllers/Admin_Controller.php on line 1182 and exactly 1 expected
in APPPATH/Models/faq_recipe_Model.php on line 59.
 1 APPPATH/Controllers/Admin_Controller.php(1182): App\Models\faq_recipe_Model->faq_recipe_desending()
 2 APPPATH/Controllers/Admin_Controller.php(1043): App\Controllers\Admin_Controller->preview_recipe_details()
 3 SYSTEMPATH/CodeIgniter.php(942): App\Controllers\Admin_Controller->recipe_mapurl_preview()
 4 SYSTEMPATH/CodeIgniter.php(502): CodeIgniter\CodeIgniter->runController()
 5 SYSTEMPATH/CodeIgniter.php(361): CodeIgniter\CodeIgniter->handleRequest()
 6 FCPATH/index.php(79): CodeIgniter\CodeIgniter->run()
CRITICAL - 2024-09-27 19:23:08 --> Too few arguments to function App\Models\faq_recipe_Model::faq_recipe_desending(), 0 passed in /home/u613340721/domains/gruballergy.com/public_html/app/Controllers/Admin_Controller.php on line 1182 and exactly 1 expected
in APPPATH/Models/faq_recipe_Model.php on line 59.
 1 APPPATH/Controllers/Admin_Controller.php(1182): App\Models\faq_recipe_Model->faq_recipe_desending()
 2 APPPATH/Controllers/Admin_Controller.php(1043): App\Controllers\Admin_Controller->preview_recipe_details()
 3 SYSTEMPATH/CodeIgniter.php(942): App\Controllers\Admin_Controller->recipe_mapurl_preview()
 4 SYSTEMPATH/CodeIgniter.php(502): CodeIgniter\CodeIgniter->runController()
 5 SYSTEMPATH/CodeIgniter.php(361): CodeIgniter\CodeIgniter->handleRequest()
 6 FCPATH/index.php(79): CodeIgniter\CodeIgniter->run()
CRITICAL - 2024-09-27 19:23:08 --> Too few arguments to function App\Models\faq_recipe_Model::faq_recipe_desending(), 0 passed in /home/u613340721/domains/gruballergy.com/public_html/app/Controllers/Admin_Controller.php on line 1182 and exactly 1 expected
in APPPATH/Models/faq_recipe_Model.php on line 59.
 1 APPPATH/Controllers/Admin_Controller.php(1182): App\Models\faq_recipe_Model->faq_recipe_desending()
 2 APPPATH/Controllers/Admin_Controller.php(1043): App\Controllers\Admin_Controller->preview_recipe_details()
 3 SYSTEMPATH/CodeIgniter.php(942): App\Controllers\Admin_Controller->recipe_mapurl_preview()
 4 SYSTEMPATH/CodeIgniter.php(502): CodeIgniter\CodeIgniter->runController()
 5 SYSTEMPATH/CodeIgniter.php(361): CodeIgniter\CodeIgniter->handleRequest()
 6 FCPATH/index.php(79): CodeIgniter\CodeIgniter->run()
CRITICAL - 2024-09-27 19:23:09 --> Too few arguments to function App\Models\faq_recipe_Model::faq_recipe_desending(), 0 passed in /home/u613340721/domains/gruballergy.com/public_html/app/Controllers/Admin_Controller.php on line 1182 and exactly 1 expected
in APPPATH/Models/faq_recipe_Model.php on line 59.
 1 APPPATH/Controllers/Admin_Controller.php(1182): App\Models\faq_recipe_Model->faq_recipe_desending()
 2 APPPATH/Controllers/Admin_Controller.php(1043): App\Controllers\Admin_Controller->preview_recipe_details()
 3 SYSTEMPATH/CodeIgniter.php(942): App\Controllers\Admin_Controller->recipe_mapurl_preview()
 4 SYSTEMPATH/CodeIgniter.php(502): CodeIgniter\CodeIgniter->runController()
 5 SYSTEMPATH/CodeIgniter.php(361): CodeIgniter\CodeIgniter->handleRequest()
 6 FCPATH/index.php(79): CodeIgniter\CodeIgniter->run()
CRITICAL - 2024-09-27 19:24:01 --> Too few arguments to function App\Models\faq_recipe_Model::faq_recipe_desending(), 0 passed in /home/u613340721/domains/gruballergy.com/public_html/app/Controllers/Admin_Controller.php on line 1182 and exactly 1 expected
in APPPATH/Models/faq_recipe_Model.php on line 59.
 1 APPPATH/Controllers/Admin_Controller.php(1182): App\Models\faq_recipe_Model->faq_recipe_desending()
 2 APPPATH/Controllers/Admin_Controller.php(1043): App\Controllers\Admin_Controller->preview_recipe_details()
 3 SYSTEMPATH/CodeIgniter.php(942): App\Controllers\Admin_Controller->recipe_mapurl_preview()
 4 SYSTEMPATH/CodeIgniter.php(502): CodeIgniter\CodeIgniter->runController()
 5 SYSTEMPATH/CodeIgniter.php(361): CodeIgniter\CodeIgniter->handleRequest()
 6 FCPATH/index.php(79): CodeIgniter\CodeIgniter->run()
CRITICAL - 2024-09-27 19:27:05 --> Too few arguments to function App\Models\faq_recipe_Model::faq_recipe_desending(), 0 passed in /home/u613340721/domains/gruballergy.com/public_html/app/Controllers/Admin_Controller.php on line 1182 and exactly 1 expected
in APPPATH/Models/faq_recipe_Model.php on line 59.
 1 APPPATH/Controllers/Admin_Controller.php(1182): App\Models\faq_recipe_Model->faq_recipe_desending()
 2 APPPATH/Controllers/Admin_Controller.php(1043): App\Controllers\Admin_Controller->preview_recipe_details()
 3 SYSTEMPATH/CodeIgniter.php(942): App\Controllers\Admin_Controller->recipe_mapurl_preview()
 4 SYSTEMPATH/CodeIgniter.php(502): CodeIgniter\CodeIgniter->runController()
 5 SYSTEMPATH/CodeIgniter.php(361): CodeIgniter\CodeIgniter->handleRequest()
 6 FCPATH/index.php(79): CodeIgniter\CodeIgniter->run()
CRITICAL - 2024-09-27 19:27:07 --> Too few arguments to function App\Models\faq_recipe_Model::faq_recipe_desending(), 0 passed in /home/u613340721/domains/gruballergy.com/public_html/app/Controllers/Admin_Controller.php on line 1182 and exactly 1 expected
in APPPATH/Models/faq_recipe_Model.php on line 59.
 1 APPPATH/Controllers/Admin_Controller.php(1182): App\Models\faq_recipe_Model->faq_recipe_desending()
 2 APPPATH/Controllers/Admin_Controller.php(1043): App\Controllers\Admin_Controller->preview_recipe_details()
 3 SYSTEMPATH/CodeIgniter.php(942): App\Controllers\Admin_Controller->recipe_mapurl_preview()
 4 SYSTEMPATH/CodeIgniter.php(502): CodeIgniter\CodeIgniter->runController()
 5 SYSTEMPATH/CodeIgniter.php(361): CodeIgniter\CodeIgniter->handleRequest()
 6 FCPATH/index.php(79): CodeIgniter\CodeIgniter->run()
CRITICAL - 2024-09-27 19:27:31 --> Call to undefined method App\Models\faq_recipe_Model::faq_recipe_desending
in SYSTEMPATH/Model.php on line 873.
 1 APPPATH/Controllers/Admin_Controller.php(1182): CodeIgniter\Model->__call()
 2 APPPATH/Controllers/Admin_Controller.php(1043): App\Controllers\Admin_Controller->preview_recipe_details()
 3 SYSTEMPATH/CodeIgniter.php(942): App\Controllers\Admin_Controller->recipe_mapurl_preview()
 4 SYSTEMPATH/CodeIgniter.php(502): CodeIgniter\CodeIgniter->runController()
 5 SYSTEMPATH/CodeIgniter.php(361): CodeIgniter\CodeIgniter->handleRequest()
 6 FCPATH/index.php(79): CodeIgniter\CodeIgniter->run()
CRITICAL - 2024-09-27 19:27:50 --> Call to undefined method App\Models\faq_recipe_Model::faq_recipe_desending
in SYSTEMPATH/Model.php on line 873.
 1 APPPATH/Controllers/Admin_Controller.php(1182): CodeIgniter\Model->__call()
 2 APPPATH/Controllers/Admin_Controller.php(1043): App\Controllers\Admin_Controller->preview_recipe_details()
 3 SYSTEMPATH/CodeIgniter.php(942): App\Controllers\Admin_Controller->recipe_mapurl_preview()
 4 SYSTEMPATH/CodeIgniter.php(502): CodeIgniter\CodeIgniter->runController()
 5 SYSTEMPATH/CodeIgniter.php(361): CodeIgniter\CodeIgniter->handleRequest()
 6 FCPATH/index.php(79): CodeIgniter\CodeIgniter->run()
CRITICAL - 2024-09-27 19:27:52 --> Call to undefined method App\Models\faq_recipe_Model::faq_recipe_desending
in SYSTEMPATH/Model.php on line 873.
 1 APPPATH/Controllers/Admin_Controller.php(1182): CodeIgniter\Model->__call()
 2 APPPATH/Controllers/Admin_Controller.php(1043): App\Controllers\Admin_Controller->preview_recipe_details()
 3 SYSTEMPATH/CodeIgniter.php(942): App\Controllers\Admin_Controller->recipe_mapurl_preview()
 4 SYSTEMPATH/CodeIgniter.php(502): CodeIgniter\CodeIgniter->runController()
 5 SYSTEMPATH/CodeIgniter.php(361): CodeIgniter\CodeIgniter->handleRequest()
 6 FCPATH/index.php(79): CodeIgniter\CodeIgniter->run()
CRITICAL - 2024-09-27 19:27:57 --> Call to undefined method App\Models\faq_recipe_Model::faq_recipe_desending
in SYSTEMPATH/Model.php on line 873.
 1 APPPATH/Controllers/Admin_Controller.php(1182): CodeIgniter\Model->__call()
 2 APPPATH/Controllers/Admin_Controller.php(1043): App\Controllers\Admin_Controller->preview_recipe_details()
 3 SYSTEMPATH/CodeIgniter.php(942): App\Controllers\Admin_Controller->recipe_mapurl_preview()
 4 SYSTEMPATH/CodeIgniter.php(502): CodeIgniter\CodeIgniter->runController()
 5 SYSTEMPATH/CodeIgniter.php(361): CodeIgniter\CodeIgniter->handleRequest()
 6 FCPATH/index.php(79): CodeIgniter\CodeIgniter->run()
CRITICAL - 2024-09-27 19:28:34 --> Call to undefined method App\Models\faq_recipe_Model::faq_recipe_desending
in SYSTEMPATH/Model.php on line 873.
 1 APPPATH/Controllers/Admin_Controller.php(1182): CodeIgniter\Model->__call()
 2 APPPATH/Controllers/Admin_Controller.php(1043): App\Controllers\Admin_Controller->preview_recipe_details()
 3 SYSTEMPATH/CodeIgniter.php(942): App\Controllers\Admin_Controller->recipe_mapurl_preview()
 4 SYSTEMPATH/CodeIgniter.php(502): CodeIgniter\CodeIgniter->runController()
 5 SYSTEMPATH/CodeIgniter.php(361): CodeIgniter\CodeIgniter->handleRequest()
 6 FCPATH/index.php(79): CodeIgniter\CodeIgniter->run()
CRITICAL - 2024-09-27 19:28:35 --> Call to undefined method App\Models\faq_recipe_Model::faq_recipe_desending
in SYSTEMPATH/Model.php on line 873.
 1 APPPATH/Controllers/Admin_Controller.php(1182): CodeIgniter\Model->__call()
 2 APPPATH/Controllers/Admin_Controller.php(1043): App\Controllers\Admin_Controller->preview_recipe_details()
 3 SYSTEMPATH/CodeIgniter.php(942): App\Controllers\Admin_Controller->recipe_mapurl_preview()
 4 SYSTEMPATH/CodeIgniter.php(502): CodeIgniter\CodeIgniter->runController()
 5 SYSTEMPATH/CodeIgniter.php(361): CodeIgniter\CodeIgniter->handleRequest()
 6 FCPATH/index.php(79): CodeIgniter\CodeIgniter->run()
CRITICAL - 2024-09-27 19:29:12 --> Call to undefined method App\Models\faq_recipe_Model::faq_recipe_desending
in SYSTEMPATH/Model.php on line 873.
 1 APPPATH/Controllers/Admin_Controller.php(1182): CodeIgniter\Model->__call()
 2 APPPATH/Controllers/Admin_Controller.php(1043): App\Controllers\Admin_Controller->preview_recipe_details()
 3 SYSTEMPATH/CodeIgniter.php(942): App\Controllers\Admin_Controller->recipe_mapurl_preview()
 4 SYSTEMPATH/CodeIgniter.php(502): CodeIgniter\CodeIgniter->runController()
 5 SYSTEMPATH/CodeIgniter.php(361): CodeIgniter\CodeIgniter->handleRequest()
 6 FCPATH/index.php(79): CodeIgniter\CodeIgniter->run()
CRITICAL - 2024-09-27 19:29:25 --> Call to undefined method App\Models\faq_recipe_Model::faq_recipe_desending
in SYSTEMPATH/Model.php on line 873.
 1 APPPATH/Controllers/Admin_Controller.php(1116): CodeIgniter\Model->__call()
 2 APPPATH/Controllers/Admin_Controller.php(1043): App\Controllers\Admin_Controller->preview_recipe_details()
 3 SYSTEMPATH/CodeIgniter.php(942): App\Controllers\Admin_Controller->recipe_mapurl_preview()
 4 SYSTEMPATH/CodeIgniter.php(502): CodeIgniter\CodeIgniter->runController()
 5 SYSTEMPATH/CodeIgniter.php(361): CodeIgniter\CodeIgniter->handleRequest()
 6 FCPATH/index.php(79): CodeIgniter\CodeIgniter->run()
CRITICAL - 2024-09-27 19:30:13 --> Call to undefined method App\Models\faq_recipe_Model::faq_recipe_desending
in SYSTEMPATH/Model.php on line 873.
 1 APPPATH/Controllers/Admin_Controller.php(1182): CodeIgniter\Model->__call()
 2 APPPATH/Controllers/Admin_Controller.php(1043): App\Controllers\Admin_Controller->preview_recipe_details()
 3 SYSTEMPATH/CodeIgniter.php(942): App\Controllers\Admin_Controller->recipe_mapurl_preview()
 4 SYSTEMPATH/CodeIgniter.php(502): CodeIgniter\CodeIgniter->runController()
 5 SYSTEMPATH/CodeIgniter.php(361): CodeIgniter\CodeIgniter->handleRequest()
 6 FCPATH/index.php(79): CodeIgniter\CodeIgniter->run()
CRITICAL - 2024-09-27 19:30:31 --> Call to undefined method App\Models\faq_recipe_Model::faq_recipe_desending
in SYSTEMPATH/Model.php on line 873.
 1 APPPATH/Controllers/Admin_Controller.php(1116): CodeIgniter\Model->__call()
 2 APPPATH/Controllers/Admin_Controller.php(1043): App\Controllers\Admin_Controller->preview_recipe_details()
 3 SYSTEMPATH/CodeIgniter.php(942): App\Controllers\Admin_Controller->recipe_mapurl_preview()
 4 SYSTEMPATH/CodeIgniter.php(502): CodeIgniter\CodeIgniter->runController()
 5 SYSTEMPATH/CodeIgniter.php(361): CodeIgniter\CodeIgniter->handleRequest()
 6 FCPATH/index.php(79): CodeIgniter\CodeIgniter->run()
