CRITICAL - 2024-09-28 00:00:20 --> Attempt to read property "c_id" on null
in APPPATH/Controllers/Site_Controller.php on line 825.
 1 APPPATH/Controllers/Site_Controller.php(825): CodeIgniter\Debug\Exceptions->errorHandler()
 2 APPPATH/Controllers/Site_Controller.php(419): App\Controllers\Site_Controller->category_visedisplay_recipes()
 3 SYSTEMPATH/CodeIgniter.php(942): App\Controllers\Site_Controller->recipe_or_category()
 4 SYSTEMPATH/CodeIgniter.php(502): CodeIgniter\CodeIgniter->runController()
 5 SYSTEMPATH/CodeIgniter.php(361): CodeIgniter\CodeIgniter->handleRequest()
 6 FCPATH/index.php(79): CodeIgniter\CodeIgniter->run()
CRITICAL - 2024-09-28 00:00:22 --> Attempt to read property "c_id" on null
in APPPATH/Controllers/Site_Controller.php on line 825.
 1 APPPATH/Controllers/Site_Controller.php(825): CodeIgniter\Debug\Exceptions->errorHandler()
 2 APPPATH/Controllers/Site_Controller.php(419): App\Controllers\Site_Controller->category_visedisplay_recipes()
 3 SYSTEMPATH/CodeIgniter.php(942): App\Controllers\Site_Controller->recipe_or_category()
 4 SYSTEMPATH/CodeIgniter.php(502): CodeIgniter\CodeIgniter->runController()
 5 SYSTEMPATH/CodeIgniter.php(361): CodeIgniter\CodeIgniter->handleRequest()
 6 FCPATH/index.php(79): CodeIgniter\CodeIgniter->run()
CRITICAL - 2024-09-28 00:23:08 --> Attempt to read property "c_id" on null
in APPPATH/Controllers/Site_Controller.php on line 825.
 1 APPPATH/Controllers/Site_Controller.php(825): CodeIgniter\Debug\Exceptions->errorHandler()
 2 APPPATH/Controllers/Site_Controller.php(419): App\Controllers\Site_Controller->category_visedisplay_recipes()
 3 SYSTEMPATH/CodeIgniter.php(942): App\Controllers\Site_Controller->recipe_or_category()
 4 SYSTEMPATH/CodeIgniter.php(502): CodeIgniter\CodeIgniter->runController()
 5 SYSTEMPATH/CodeIgniter.php(361): CodeIgniter\CodeIgniter->handleRequest()
 6 FCPATH/index.php(79): CodeIgniter\CodeIgniter->run()
CRITICAL - 2024-09-28 00:23:33 --> Attempt to read property "c_id" on null
in APPPATH/Controllers/Site_Controller.php on line 825.
 1 APPPATH/Controllers/Site_Controller.php(825): CodeIgniter\Debug\Exceptions->errorHandler()
 2 APPPATH/Controllers/Site_Controller.php(419): App\Controllers\Site_Controller->category_visedisplay_recipes()
 3 SYSTEMPATH/CodeIgniter.php(942): App\Controllers\Site_Controller->recipe_or_category()
 4 SYSTEMPATH/CodeIgniter.php(502): CodeIgniter\CodeIgniter->runController()
 5 SYSTEMPATH/CodeIgniter.php(361): CodeIgniter\CodeIgniter->handleRequest()
 6 FCPATH/index.php(79): CodeIgniter\CodeIgniter->run()
CRITICAL - 2024-09-28 00:23:34 --> Attempt to read property "c_id" on null
in APPPATH/Controllers/Site_Controller.php on line 825.
 1 APPPATH/Controllers/Site_Controller.php(825): CodeIgniter\Debug\Exceptions->errorHandler()
 2 APPPATH/Controllers/Site_Controller.php(419): App\Controllers\Site_Controller->category_visedisplay_recipes()
 3 SYSTEMPATH/CodeIgniter.php(942): App\Controllers\Site_Controller->recipe_or_category()
 4 SYSTEMPATH/CodeIgniter.php(502): CodeIgniter\CodeIgniter->runController()
 5 SYSTEMPATH/CodeIgniter.php(361): CodeIgniter\CodeIgniter->handleRequest()
 6 FCPATH/index.php(79): CodeIgniter\CodeIgniter->run()
CRITICAL - 2024-09-28 00:23:39 --> Attempt to read property "c_id" on null
in APPPATH/Controllers/Site_Controller.php on line 825.
 1 APPPATH/Controllers/Site_Controller.php(825): CodeIgniter\Debug\Exceptions->errorHandler()
 2 APPPATH/Controllers/Site_Controller.php(419): App\Controllers\Site_Controller->category_visedisplay_recipes()
 3 SYSTEMPATH/CodeIgniter.php(942): App\Controllers\Site_Controller->recipe_or_category()
 4 SYSTEMPATH/CodeIgniter.php(502): CodeIgniter\CodeIgniter->runController()
 5 SYSTEMPATH/CodeIgniter.php(361): CodeIgniter\CodeIgniter->handleRequest()
 6 FCPATH/index.php(79): CodeIgniter\CodeIgniter->run()
CRITICAL - 2024-09-28 00:23:40 --> Attempt to read property "c_id" on null
in APPPATH/Controllers/Site_Controller.php on line 825.
 1 APPPATH/Controllers/Site_Controller.php(825): CodeIgniter\Debug\Exceptions->errorHandler()
 2 APPPATH/Controllers/Site_Controller.php(419): App\Controllers\Site_Controller->category_visedisplay_recipes()
 3 SYSTEMPATH/CodeIgniter.php(942): App\Controllers\Site_Controller->recipe_or_category()
 4 SYSTEMPATH/CodeIgniter.php(502): CodeIgniter\CodeIgniter->runController()
 5 SYSTEMPATH/CodeIgniter.php(361): CodeIgniter\CodeIgniter->handleRequest()
 6 FCPATH/index.php(79): CodeIgniter\CodeIgniter->run()
CRITICAL - 2024-09-28 00:23:40 --> Attempt to read property "c_id" on null
in APPPATH/Controllers/Site_Controller.php on line 825.
 1 APPPATH/Controllers/Site_Controller.php(825): CodeIgniter\Debug\Exceptions->errorHandler()
 2 APPPATH/Controllers/Site_Controller.php(419): App\Controllers\Site_Controller->category_visedisplay_recipes()
 3 SYSTEMPATH/CodeIgniter.php(942): App\Controllers\Site_Controller->recipe_or_category()
 4 SYSTEMPATH/CodeIgniter.php(502): CodeIgniter\CodeIgniter->runController()
 5 SYSTEMPATH/CodeIgniter.php(361): CodeIgniter\CodeIgniter->handleRequest()
 6 FCPATH/index.php(79): CodeIgniter\CodeIgniter->run()
CRITICAL - 2024-09-28 00:23:40 --> Attempt to read property "c_id" on null
in APPPATH/Controllers/Site_Controller.php on line 825.
 1 APPPATH/Controllers/Site_Controller.php(825): CodeIgniter\Debug\Exceptions->errorHandler()
 2 APPPATH/Controllers/Site_Controller.php(419): App\Controllers\Site_Controller->category_visedisplay_recipes()
 3 SYSTEMPATH/CodeIgniter.php(942): App\Controllers\Site_Controller->recipe_or_category()
 4 SYSTEMPATH/CodeIgniter.php(502): CodeIgniter\CodeIgniter->runController()
 5 SYSTEMPATH/CodeIgniter.php(361): CodeIgniter\CodeIgniter->handleRequest()
 6 FCPATH/index.php(79): CodeIgniter\CodeIgniter->run()
CRITICAL - 2024-09-28 00:40:31 --> whereIn() expects $values to be of type array or closure
in SYSTEMPATH/Database/BaseBuilder.php on line 939.
 1 SYSTEMPATH/Database/BaseBuilder.php(826): CodeIgniter\Database\BaseBuilder->_whereIn()
 2 APPPATH/Models/faq_recipe_Model.php(62): CodeIgniter\Database\BaseBuilder->whereIn()
 3 APPPATH/Controllers/Site_Controller.php(771): App\Models\faq_recipe_Model->faq_recipe_desending()
 4 APPPATH/Controllers/Site_Controller.php(430): App\Controllers\Site_Controller->details_page()
 5 SYSTEMPATH/CodeIgniter.php(942): App\Controllers\Site_Controller->recipe_or_category()
 6 SYSTEMPATH/CodeIgniter.php(502): CodeIgniter\CodeIgniter->runController()
 7 SYSTEMPATH/CodeIgniter.php(361): CodeIgniter\CodeIgniter->handleRequest()
 8 FCPATH/index.php(79): CodeIgniter\CodeIgniter->run()
CRITICAL - 2024-09-28 01:24:32 --> Object of class stdClass could not be converted to string
in SYSTEMPATH/Database/Query.php on line 333.
 1 SYSTEMPATH/Database/Query.php(333): strtr()
 2 SYSTEMPATH/Database/Query.php(308): CodeIgniter\Database\Query->matchNamedBinds()
 3 SYSTEMPATH/Database/Query.php(159): CodeIgniter\Database\Query->compileBinds()
 4 SYSTEMPATH/Database/BaseConnection.php(607): CodeIgniter\Database\Query->getQuery()
 5 SYSTEMPATH/Database/BaseBuilder.php(1615): CodeIgniter\Database\BaseConnection->query()
 6 APPPATH/Models/faq_recipe_Model.php(76): CodeIgniter\Database\BaseBuilder->get()
 7 APPPATH/Controllers/Site_Controller.php(779): App\Models\faq_recipe_Model->for_details_faq_recipe_desending()
 8 APPPATH/Controllers/Site_Controller.php(430): App\Controllers\Site_Controller->details_page()
 9 SYSTEMPATH/CodeIgniter.php(942): App\Controllers\Site_Controller->recipe_or_category()
10 SYSTEMPATH/CodeIgniter.php(502): CodeIgniter\CodeIgniter->runController()
11 SYSTEMPATH/CodeIgniter.php(361): CodeIgniter\CodeIgniter->handleRequest()
12 FCPATH/index.php(79): CodeIgniter\CodeIgniter->run()
CRITICAL - 2024-09-28 03:30:51 --> Trying to access array offset on value of type null
in APPPATH/Controllers/Site_Controller.php on line 1388.
 1 APPPATH/Controllers/Site_Controller.php(1388): CodeIgniter\Debug\Exceptions->errorHandler()
 2 APPPATH/Controllers/Site_Controller.php(1362): App\Controllers\Site_Controller->blog_details()
 3 SYSTEMPATH/CodeIgniter.php(942): App\Controllers\Site_Controller->blog_mapurl()
 4 SYSTEMPATH/CodeIgniter.php(502): CodeIgniter\CodeIgniter->runController()
 5 SYSTEMPATH/CodeIgniter.php(361): CodeIgniter\CodeIgniter->handleRequest()
 6 FCPATH/index.php(79): CodeIgniter\CodeIgniter->run()
CRITICAL - 2024-09-28 04:25:06 --> Trying to access array offset on value of type null
in APPPATH/Controllers/Site_Controller.php on line 1388.
 1 APPPATH/Controllers/Site_Controller.php(1388): CodeIgniter\Debug\Exceptions->errorHandler()
 2 APPPATH/Controllers/Site_Controller.php(1362): App\Controllers\Site_Controller->blog_details()
 3 SYSTEMPATH/CodeIgniter.php(942): App\Controllers\Site_Controller->blog_mapurl()
 4 SYSTEMPATH/CodeIgniter.php(502): CodeIgniter\CodeIgniter->runController()
 5 SYSTEMPATH/CodeIgniter.php(361): CodeIgniter\CodeIgniter->handleRequest()
 6 FCPATH/index.php(79): CodeIgniter\CodeIgniter->run()
CRITICAL - 2024-09-28 08:35:54 --> Trying to access array offset on value of type null
in APPPATH/Controllers/Site_Controller.php on line 1388.
 1 APPPATH/Controllers/Site_Controller.php(1388): CodeIgniter\Debug\Exceptions->errorHandler()
 2 APPPATH/Controllers/Site_Controller.php(1362): App\Controllers\Site_Controller->blog_details()
 3 SYSTEMPATH/CodeIgniter.php(942): App\Controllers\Site_Controller->blog_mapurl()
 4 SYSTEMPATH/CodeIgniter.php(502): CodeIgniter\CodeIgniter->runController()
 5 SYSTEMPATH/CodeIgniter.php(361): CodeIgniter\CodeIgniter->handleRequest()
 6 FCPATH/index.php(79): CodeIgniter\CodeIgniter->run()
CRITICAL - 2024-09-28 09:20:32 --> Trying to access array offset on value of type null
in APPPATH/Controllers/Site_Controller.php on line 1388.
 1 APPPATH/Controllers/Site_Controller.php(1388): CodeIgniter\Debug\Exceptions->errorHandler()
 2 APPPATH/Controllers/Site_Controller.php(1362): App\Controllers\Site_Controller->blog_details()
 3 SYSTEMPATH/CodeIgniter.php(942): App\Controllers\Site_Controller->blog_mapurl()
 4 SYSTEMPATH/CodeIgniter.php(502): CodeIgniter\CodeIgniter->runController()
 5 SYSTEMPATH/CodeIgniter.php(361): CodeIgniter\CodeIgniter->handleRequest()
 6 FCPATH/index.php(79): CodeIgniter\CodeIgniter->run()
CRITICAL - 2024-09-28 12:32:59 --> Trying to access array offset on value of type null
in APPPATH/Controllers/Site_Controller.php on line 1388.
 1 APPPATH/Controllers/Site_Controller.php(1388): CodeIgniter\Debug\Exceptions->errorHandler()
 2 APPPATH/Controllers/Site_Controller.php(1362): App\Controllers\Site_Controller->blog_details()
 3 SYSTEMPATH/CodeIgniter.php(942): App\Controllers\Site_Controller->blog_mapurl()
 4 SYSTEMPATH/CodeIgniter.php(502): CodeIgniter\CodeIgniter->runController()
 5 SYSTEMPATH/CodeIgniter.php(361): CodeIgniter\CodeIgniter->handleRequest()
 6 FCPATH/index.php(79): CodeIgniter\CodeIgniter->run()
CRITICAL - 2024-09-28 18:52:22 --> Trying to access array offset on value of type null
in APPPATH/Controllers/Site_Controller.php on line 1388.
 1 APPPATH/Controllers/Site_Controller.php(1388): CodeIgniter\Debug\Exceptions->errorHandler()
 2 APPPATH/Controllers/Site_Controller.php(1362): App\Controllers\Site_Controller->blog_details()
 3 SYSTEMPATH/CodeIgniter.php(942): App\Controllers\Site_Controller->blog_mapurl()
 4 SYSTEMPATH/CodeIgniter.php(502): CodeIgniter\CodeIgniter->runController()
 5 SYSTEMPATH/CodeIgniter.php(361): CodeIgniter\CodeIgniter->handleRequest()
 6 FCPATH/index.php(79): CodeIgniter\CodeIgniter->run()
CRITICAL - 2024-09-28 21:50:54 --> Trying to access array offset on value of type null
in APPPATH/Controllers/Site_Controller.php on line 1388.
 1 APPPATH/Controllers/Site_Controller.php(1388): CodeIgniter\Debug\Exceptions->errorHandler()
 2 APPPATH/Controllers/Site_Controller.php(1362): App\Controllers\Site_Controller->blog_details()
 3 SYSTEMPATH/CodeIgniter.php(942): App\Controllers\Site_Controller->blog_mapurl()
 4 SYSTEMPATH/CodeIgniter.php(502): CodeIgniter\CodeIgniter->runController()
 5 SYSTEMPATH/CodeIgniter.php(361): CodeIgniter\CodeIgniter->handleRequest()
 6 FCPATH/index.php(79): CodeIgniter\CodeIgniter->run()
CRITICAL - 2024-09-28 22:23:53 --> Attempt to read property "c_id" on null
in APPPATH/Controllers/Site_Controller.php on line 839.
 1 APPPATH/Controllers/Site_Controller.php(839): CodeIgniter\Debug\Exceptions->errorHandler()
 2 APPPATH/Controllers/Site_Controller.php(419): App\Controllers\Site_Controller->category_visedisplay_recipes()
 3 SYSTEMPATH/CodeIgniter.php(942): App\Controllers\Site_Controller->recipe_or_category()
 4 SYSTEMPATH/CodeIgniter.php(502): CodeIgniter\CodeIgniter->runController()
 5 SYSTEMPATH/CodeIgniter.php(361): CodeIgniter\CodeIgniter->handleRequest()
 6 FCPATH/index.php(79): CodeIgniter\CodeIgniter->run()
CRITICAL - 2024-09-28 23:33:03 --> Attempt to read property "c_id" on null
in APPPATH/Controllers/Site_Controller.php on line 839.
 1 APPPATH/Controllers/Site_Controller.php(839): CodeIgniter\Debug\Exceptions->errorHandler()
 2 APPPATH/Controllers/Site_Controller.php(419): App\Controllers\Site_Controller->category_visedisplay_recipes()
 3 SYSTEMPATH/CodeIgniter.php(942): App\Controllers\Site_Controller->recipe_or_category()
 4 SYSTEMPATH/CodeIgniter.php(502): CodeIgniter\CodeIgniter->runController()
 5 SYSTEMPATH/CodeIgniter.php(361): CodeIgniter\CodeIgniter->handleRequest()
 6 FCPATH/index.php(79): CodeIgniter\CodeIgniter->run()
CRITICAL - 2024-09-28 18:19:37 --> Call to undefined method App\Controllers\Admin_Controller::category_visedisplay_recipes()
in APPPATH/Controllers/Admin_Controller.php on line 2201.
 1 APPPATH/Controllers/Admin_Controller.php(2181): App\Controllers\Admin_Controller->mapping_recipe_or_category()
 2 SYSTEMPATH/CodeIgniter.php(942): App\Controllers\Admin_Controller->category_mapurl_preview()
 3 SYSTEMPATH/CodeIgniter.php(502): CodeIgniter\CodeIgniter->runController()
 4 SYSTEMPATH/CodeIgniter.php(361): CodeIgniter\CodeIgniter->handleRequest()
 5 FCPATH/index.php(79): CodeIgniter\CodeIgniter->run()
CRITICAL - 2024-09-28 18:21:57 --> Attempt to read property "c_id" on null
in APPPATH/Controllers/Admin_Controller.php on line 2225.
 1 APPPATH/Controllers/Admin_Controller.php(2225): CodeIgniter\Debug\Exceptions->errorHandler()
 2 APPPATH/Controllers/Admin_Controller.php(2201): App\Controllers\Admin_Controller->category_visedisplay_recipes()
 3 APPPATH/Controllers/Admin_Controller.php(2181): App\Controllers\Admin_Controller->mapping_recipe_or_category()
 4 SYSTEMPATH/CodeIgniter.php(942): App\Controllers\Admin_Controller->category_mapurl_preview()
 5 SYSTEMPATH/CodeIgniter.php(502): CodeIgniter\CodeIgniter->runController()
 6 SYSTEMPATH/CodeIgniter.php(361): CodeIgniter\CodeIgniter->handleRequest()
 7 FCPATH/index.php(79): CodeIgniter\CodeIgniter->run()
CRITICAL - 2024-09-28 18:24:50 --> Attempt to read property "c_id" on null
in APPPATH/Controllers/Admin_Controller.php on line 2225.
 1 APPPATH/Controllers/Admin_Controller.php(2225): CodeIgniter\Debug\Exceptions->errorHandler()
 2 APPPATH/Controllers/Admin_Controller.php(2201): App\Controllers\Admin_Controller->category_visedisplay_recipes()
 3 APPPATH/Controllers/Admin_Controller.php(2181): App\Controllers\Admin_Controller->mapping_recipe_or_category()
 4 SYSTEMPATH/CodeIgniter.php(942): App\Controllers\Admin_Controller->category_mapurl_preview()
 5 SYSTEMPATH/CodeIgniter.php(502): CodeIgniter\CodeIgniter->runController()
 6 SYSTEMPATH/CodeIgniter.php(361): CodeIgniter\CodeIgniter->handleRequest()
 7 FCPATH/index.php(79): CodeIgniter\CodeIgniter->run()
CRITICAL - 2024-09-28 18:24:51 --> Attempt to read property "c_id" on null
in APPPATH/Controllers/Admin_Controller.php on line 2225.
 1 APPPATH/Controllers/Admin_Controller.php(2225): CodeIgniter\Debug\Exceptions->errorHandler()
 2 APPPATH/Controllers/Admin_Controller.php(2201): App\Controllers\Admin_Controller->category_visedisplay_recipes()
 3 APPPATH/Controllers/Admin_Controller.php(2181): App\Controllers\Admin_Controller->mapping_recipe_or_category()
 4 SYSTEMPATH/CodeIgniter.php(942): App\Controllers\Admin_Controller->category_mapurl_preview()
 5 SYSTEMPATH/CodeIgniter.php(502): CodeIgniter\CodeIgniter->runController()
 6 SYSTEMPATH/CodeIgniter.php(361): CodeIgniter\CodeIgniter->handleRequest()
 7 FCPATH/index.php(79): CodeIgniter\CodeIgniter->run()
CRITICAL - 2024-09-28 18:29:44 --> Attempt to read property "c_id" on null
in APPPATH/Controllers/Admin_Controller.php on line 2196.
 1 APPPATH/Controllers/Admin_Controller.php(2196): CodeIgniter\Debug\Exceptions->errorHandler()
 2 APPPATH/Controllers/Admin_Controller.php(2181): App\Controllers\Admin_Controller->map_category_visedisplay_recipes()
 3 SYSTEMPATH/CodeIgniter.php(942): App\Controllers\Admin_Controller->category_mapurl_preview()
 4 SYSTEMPATH/CodeIgniter.php(502): CodeIgniter\CodeIgniter->runController()
 5 SYSTEMPATH/CodeIgniter.php(361): CodeIgniter\CodeIgniter->handleRequest()
 6 FCPATH/index.php(79): CodeIgniter\CodeIgniter->run()
CRITICAL - 2024-09-28 18:40:16 --> Call to undefined method App\Models\Recipes_Model::backend_getrecipes_data_categoryvise
in SYSTEMPATH/Model.php on line 873.
 1 APPPATH/Controllers/Admin_Controller.php(2207): CodeIgniter\Model->__call()
 2 APPPATH/Controllers/Admin_Controller.php(2181): App\Controllers\Admin_Controller->map_category_visedisplay_recipes()
 3 SYSTEMPATH/CodeIgniter.php(942): App\Controllers\Admin_Controller->category_mapurl_preview()
 4 SYSTEMPATH/CodeIgniter.php(502): CodeIgniter\CodeIgniter->runController()
 5 SYSTEMPATH/CodeIgniter.php(361): CodeIgniter\CodeIgniter->handleRequest()
 6 FCPATH/index.php(79): CodeIgniter\CodeIgniter->run()
CRITICAL - 2024-09-28 18:43:30 --> Undefined array key "allcategoryise_recipe_desending"
in APPPATH/Controllers/Admin_Controller.php on line 2208.
 1 APPPATH/Controllers/Admin_Controller.php(2208): CodeIgniter\Debug\Exceptions->errorHandler()
 2 APPPATH/Controllers/Admin_Controller.php(2181): App\Controllers\Admin_Controller->map_category_visedisplay_recipes()
 3 SYSTEMPATH/CodeIgniter.php(942): App\Controllers\Admin_Controller->category_mapurl_preview()
 4 SYSTEMPATH/CodeIgniter.php(502): CodeIgniter\CodeIgniter->runController()
 5 SYSTEMPATH/CodeIgniter.php(361): CodeIgniter\CodeIgniter->handleRequest()
 6 FCPATH/index.php(79): CodeIgniter\CodeIgniter->run()
CRITICAL - 2024-09-28 18:43:33 --> Undefined array key "allcategoryise_recipe_desending"
in APPPATH/Controllers/Admin_Controller.php on line 2208.
 1 APPPATH/Controllers/Admin_Controller.php(2208): CodeIgniter\Debug\Exceptions->errorHandler()
 2 APPPATH/Controllers/Admin_Controller.php(2181): App\Controllers\Admin_Controller->map_category_visedisplay_recipes()
 3 SYSTEMPATH/CodeIgniter.php(942): App\Controllers\Admin_Controller->category_mapurl_preview()
 4 SYSTEMPATH/CodeIgniter.php(502): CodeIgniter\CodeIgniter->runController()
 5 SYSTEMPATH/CodeIgniter.php(361): CodeIgniter\CodeIgniter->handleRequest()
 6 FCPATH/index.php(79): CodeIgniter\CodeIgniter->run()
