CRITICAL - 2024-09-17 11:45:21 --> Undefined array key "s"
in APPPATH/Controllers/Site_Controller.php on line 130.
 1 APPPATH/Controllers/Site_Controller.php(130): CodeIgniter\Debug\Exceptions->errorHandler()
 2 SYSTEMPATH/CodeIgniter.php(942): App\Controllers\Site_Controller->site_home()
 3 SYSTEMPATH/CodeIgniter.php(502): CodeIgniter\CodeIgniter->runController()
 4 SYSTEMPATH/CodeIgniter.php(361): CodeIgniter\CodeIgniter->handleRequest()
 5 FCPATH/index.php(79): CodeIgniter\CodeIgniter->run()
CRITICAL - 2024-09-17 11:45:22 --> Undefined array key "s"
in APPPATH/Controllers/Site_Controller.php on line 130.
 1 APPPATH/Controllers/Site_Controller.php(130): CodeIgniter\Debug\Exceptions->errorHandler()
 2 SYSTEMPATH/CodeIgniter.php(942): App\Controllers\Site_Controller->site_home()
 3 SYSTEMPATH/CodeIgniter.php(502): CodeIgniter\CodeIgniter->runController()
 4 SYSTEMPATH/CodeIgniter.php(361): CodeIgniter\CodeIgniter->handleRequest()
 5 FCPATH/index.php(79): CodeIgniter\CodeIgniter->run()
CRITICAL - 2024-09-17 11:50:09 --> Cannot access offset of type string on string
in APPPATH/Controllers/Site_Controller.php on line 144.
 1 SYSTEMPATH/CodeIgniter.php(942): App\Controllers\Site_Controller->site_home()
 2 SYSTEMPATH/CodeIgniter.php(502): CodeIgniter\CodeIgniter->runController()
 3 SYSTEMPATH/CodeIgniter.php(361): CodeIgniter\CodeIgniter->handleRequest()
 4 FCPATH/index.php(79): CodeIgniter\CodeIgniter->run()
CRITICAL - 2024-09-17 11:51:41 --> Cannot access offset of type string on string
in APPPATH/Controllers/Site_Controller.php on line 141.
 1 SYSTEMPATH/CodeIgniter.php(942): App\Controllers\Site_Controller->site_home()
 2 SYSTEMPATH/CodeIgniter.php(502): CodeIgniter\CodeIgniter->runController()
 3 SYSTEMPATH/CodeIgniter.php(361): CodeIgniter\CodeIgniter->handleRequest()
 4 FCPATH/index.php(79): CodeIgniter\CodeIgniter->run()
CRITICAL - 2024-09-17 11:51:47 --> Cannot access offset of type string on string
in APPPATH/Controllers/Site_Controller.php on line 141.
 1 SYSTEMPATH/CodeIgniter.php(942): App\Controllers\Site_Controller->site_home()
 2 SYSTEMPATH/CodeIgniter.php(502): CodeIgniter\CodeIgniter->runController()
 3 SYSTEMPATH/CodeIgniter.php(361): CodeIgniter\CodeIgniter->handleRequest()
 4 FCPATH/index.php(79): CodeIgniter\CodeIgniter->run()
CRITICAL - 2024-09-17 12:10:15 --> Cannot access offset of type string on string
in APPPATH/Controllers/Site_Controller.php on line 141.
 1 SYSTEMPATH/CodeIgniter.php(942): App\Controllers\Site_Controller->site_home()
 2 SYSTEMPATH/CodeIgniter.php(502): CodeIgniter\CodeIgniter->runController()
 3 SYSTEMPATH/CodeIgniter.php(361): CodeIgniter\CodeIgniter->handleRequest()
 4 FCPATH/index.php(79): CodeIgniter\CodeIgniter->run()
CRITICAL - 2024-09-17 12:11:32 --> count(): Argument #1 ($value) must be of type Countable|array, string given
in APPPATH/Views/site/search_result.php on line 28.
 1 SYSTEMPATH/View/View.php(228): include()
 2 SYSTEMPATH/View/View.php(231): CodeIgniter\View\View->CodeIgniter\View\{closure}()
 3 SYSTEMPATH/Common.php(1190): CodeIgniter\View\View->render()
 4 APPPATH/Views/site/layout.php(7): view()
 5 SYSTEMPATH/View/View.php(228): include('/home/u582998483/domains/hostdemo.co.in/public_html/gruballergy/app/Views/site/layout.php')
 6 SYSTEMPATH/View/View.php(231): CodeIgniter\View\View->CodeIgniter\View\{closure}()
 7 SYSTEMPATH/Common.php(1190): CodeIgniter\View\View->render()
 8 APPPATH/Controllers/Site_Controller.php(142): view()
 9 SYSTEMPATH/CodeIgniter.php(942): App\Controllers\Site_Controller->site_home()
10 SYSTEMPATH/CodeIgniter.php(502): CodeIgniter\CodeIgniter->runController()
11 SYSTEMPATH/CodeIgniter.php(361): CodeIgniter\CodeIgniter->handleRequest()
12 FCPATH/index.php(79): CodeIgniter\CodeIgniter->run()
CRITICAL - 2024-09-17 12:11:33 --> count(): Argument #1 ($value) must be of type Countable|array, string given
in APPPATH/Views/site/search_result.php on line 28.
 1 SYSTEMPATH/View/View.php(228): include()
 2 SYSTEMPATH/View/View.php(231): CodeIgniter\View\View->CodeIgniter\View\{closure}()
 3 SYSTEMPATH/Common.php(1190): CodeIgniter\View\View->render()
 4 APPPATH/Views/site/layout.php(7): view()
 5 SYSTEMPATH/View/View.php(228): include('/home/u582998483/domains/hostdemo.co.in/public_html/gruballergy/app/Views/site/layout.php')
 6 SYSTEMPATH/View/View.php(231): CodeIgniter\View\View->CodeIgniter\View\{closure}()
 7 SYSTEMPATH/Common.php(1190): CodeIgniter\View\View->render()
 8 APPPATH/Controllers/Site_Controller.php(142): view()
 9 SYSTEMPATH/CodeIgniter.php(942): App\Controllers\Site_Controller->site_home()
10 SYSTEMPATH/CodeIgniter.php(502): CodeIgniter\CodeIgniter->runController()
11 SYSTEMPATH/CodeIgniter.php(361): CodeIgniter\CodeIgniter->handleRequest()
12 FCPATH/index.php(79): CodeIgniter\CodeIgniter->run()
CRITICAL - 2024-09-17 12:11:43 --> Cannot access offset of type string on string
in APPPATH/Controllers/Site_Controller.php on line 141.
 1 SYSTEMPATH/CodeIgniter.php(942): App\Controllers\Site_Controller->site_home()
 2 SYSTEMPATH/CodeIgniter.php(502): CodeIgniter\CodeIgniter->runController()
 3 SYSTEMPATH/CodeIgniter.php(361): CodeIgniter\CodeIgniter->handleRequest()
 4 FCPATH/index.php(79): CodeIgniter\CodeIgniter->run()
CRITICAL - 2024-09-17 12:11:53 --> Cannot access offset of type string on string
in APPPATH/Controllers/Site_Controller.php on line 141.
 1 SYSTEMPATH/CodeIgniter.php(942): App\Controllers\Site_Controller->site_home()
 2 SYSTEMPATH/CodeIgniter.php(502): CodeIgniter\CodeIgniter->runController()
 3 SYSTEMPATH/CodeIgniter.php(361): CodeIgniter\CodeIgniter->handleRequest()
 4 FCPATH/index.php(79): CodeIgniter\CodeIgniter->run()
CRITICAL - 2024-09-17 12:12:59 --> Cannot access offset of type string on string
in APPPATH/Controllers/Site_Controller.php on line 144.
 1 SYSTEMPATH/CodeIgniter.php(942): App\Controllers\Site_Controller->site_home()
 2 SYSTEMPATH/CodeIgniter.php(502): CodeIgniter\CodeIgniter->runController()
 3 SYSTEMPATH/CodeIgniter.php(361): CodeIgniter\CodeIgniter->handleRequest()
 4 FCPATH/index.php(79): CodeIgniter\CodeIgniter->run()
ERROR - 2024-09-17 12:30:41 --> mysqli_sql_exception: Unknown column 'category.active' in 'where clause' in /home/u582998483/domains/hostdemo.co.in/public_html/gruballergy/system/Database/MySQLi/Connection.php:306
Stack trace:
#0 /home/u582998483/domains/hostdemo.co.in/public_html/gruballergy/system/Database/MySQLi/Connection.php(306): mysqli->query()
#1 /home/u582998483/domains/hostdemo.co.in/public_html/gruballergy/system/Database/BaseConnection.php(693): CodeIgniter\Database\MySQLi\Connection->execute()
#2 /home/u582998483/domains/hostdemo.co.in/public_html/gruballergy/system/Database/BaseConnection.php(607): CodeIgniter\Database\BaseConnection->simpleQuery()
#3 /home/u582998483/domains/hostdemo.co.in/public_html/gruballergy/system/Database/BaseBuilder.php(1699): CodeIgniter\Database\BaseConnection->query()
#4 /home/u582998483/domains/hostdemo.co.in/public_html/gruballergy/system/Model.php(599): CodeIgniter\Database\BaseBuilder->countAllResults()
#5 /home/u582998483/domains/hostdemo.co.in/public_html/gruballergy/system/BaseModel.php(1203): CodeIgniter\Model->countAllResults()
#6 /home/u582998483/domains/hostdemo.co.in/public_html/gruballergy/app/Models/Recipes_Model.php(448): CodeIgniter\BaseModel->paginate()
#7 /home/u582998483/domains/hostdemo.co.in/public_html/gruballergy/app/Controllers/Site_Controller.php(345): App\Models\Recipes_Model->get_search_data_site()
#8 /home/u582998483/domains/hostdemo.co.in/public_html/gruballergy/app/Controllers/Site_Controller.php(136): App\Controllers\Site_Controller->search_result()
#9 /home/u582998483/domains/hostdemo.co.in/public_html/gruballergy/system/CodeIgniter.php(942): App\Controllers\Site_Controller->site_home()
#10 /home/u582998483/domains/hostdemo.co.in/public_html/gruballergy/system/CodeIgniter.php(502): CodeIgniter\CodeIgniter->runController()
#11 /home/u582998483/domains/hostdemo.co.in/public_html/gruballergy/system/CodeIgniter.php(361): CodeIgniter\CodeIgniter->handleRequest()
#12 /home/u582998483/domains/hostdemo.co.in/public_html/gruballergy/index.php(79): CodeIgniter\CodeIgniter->run()
#13 {main}
CRITICAL - 2024-09-17 12:30:41 --> Unknown column 'category.active' in 'where clause'
in SYSTEMPATH/Database/BaseConnection.php on line 647.
 1 SYSTEMPATH/Database/BaseBuilder.php(1699): CodeIgniter\Database\BaseConnection->query()
 2 SYSTEMPATH/Model.php(599): CodeIgniter\Database\BaseBuilder->countAllResults()
 3 SYSTEMPATH/BaseModel.php(1203): CodeIgniter\Model->countAllResults()
 4 APPPATH/Models/Recipes_Model.php(448): CodeIgniter\BaseModel->paginate()
 5 APPPATH/Controllers/Site_Controller.php(345): App\Models\Recipes_Model->get_search_data_site()
 6 APPPATH/Controllers/Site_Controller.php(136): App\Controllers\Site_Controller->search_result()
 7 SYSTEMPATH/CodeIgniter.php(942): App\Controllers\Site_Controller->site_home()
 8 SYSTEMPATH/CodeIgniter.php(502): CodeIgniter\CodeIgniter->runController()
 9 SYSTEMPATH/CodeIgniter.php(361): CodeIgniter\CodeIgniter->handleRequest()
10 FCPATH/index.php(79): CodeIgniter\CodeIgniter->run()
CRITICAL - 2024-09-17 12:30:56 --> syntax error, unexpected token "return"
in APPPATH/Models/Recipes_Model.php on line 446.
 1 SYSTEMPATH/Autoloader/Autoloader.php(291): CodeIgniter\Autoloader\Autoloader->includeFile()
 2 SYSTEMPATH/Autoloader/Autoloader.php(269): CodeIgniter\Autoloader\Autoloader->loadInNamespace()
 3 APPPATH/Controllers/Site_Controller.php(88): CodeIgniter\Autoloader\Autoloader->loadClass()
 4 SYSTEMPATH/CodeIgniter.php(914): App\Controllers\Site_Controller->__construct()
 5 SYSTEMPATH/CodeIgniter.php(493): CodeIgniter\CodeIgniter->createController()
 6 SYSTEMPATH/CodeIgniter.php(361): CodeIgniter\CodeIgniter->handleRequest()
 7 FCPATH/index.php(79): CodeIgniter\CodeIgniter->run()
CRITICAL - 2024-09-17 12:35:00 --> Call to undefined method CodeIgniter\Database\MySQLi\Builder::paginate()
in APPPATH/Models/Recipes_Model.php on line 450.
 1 APPPATH/Controllers/Site_Controller.php(345): App\Models\Recipes_Model->get_search_data_site()
 2 APPPATH/Controllers/Site_Controller.php(136): App\Controllers\Site_Controller->search_result()
 3 SYSTEMPATH/CodeIgniter.php(942): App\Controllers\Site_Controller->site_home()
 4 SYSTEMPATH/CodeIgniter.php(502): CodeIgniter\CodeIgniter->runController()
 5 SYSTEMPATH/CodeIgniter.php(361): CodeIgniter\CodeIgniter->handleRequest()
 6 FCPATH/index.php(79): CodeIgniter\CodeIgniter->run()
CRITICAL - 2024-09-17 13:35:50 --> Call to undefined method CodeIgniter\Database\MySQLi\Builder::paginate()
in APPPATH/Models/Recipes_Model.php on line 450.
 1 APPPATH/Controllers/Site_Controller.php(345): App\Models\Recipes_Model->get_search_data_site()
 2 APPPATH/Controllers/Site_Controller.php(136): App\Controllers\Site_Controller->search_result()
 3 SYSTEMPATH/CodeIgniter.php(942): App\Controllers\Site_Controller->site_home()
 4 SYSTEMPATH/CodeIgniter.php(502): CodeIgniter\CodeIgniter->runController()
 5 SYSTEMPATH/CodeIgniter.php(361): CodeIgniter\CodeIgniter->handleRequest()
 6 FCPATH/index.php(79): CodeIgniter\CodeIgniter->run()
CRITICAL - 2024-09-17 13:35:51 --> Call to undefined method CodeIgniter\Database\MySQLi\Builder::paginate()
in APPPATH/Models/Recipes_Model.php on line 450.
 1 APPPATH/Controllers/Site_Controller.php(345): App\Models\Recipes_Model->get_search_data_site()
 2 APPPATH/Controllers/Site_Controller.php(136): App\Controllers\Site_Controller->search_result()
 3 SYSTEMPATH/CodeIgniter.php(942): App\Controllers\Site_Controller->site_home()
 4 SYSTEMPATH/CodeIgniter.php(502): CodeIgniter\CodeIgniter->runController()
 5 SYSTEMPATH/CodeIgniter.php(361): CodeIgniter\CodeIgniter->handleRequest()
 6 FCPATH/index.php(79): CodeIgniter\CodeIgniter->run()
CRITICAL - 2024-09-17 13:36:00 --> Call to a member function getVar() on null
in APPPATH/Models/Recipes_Model.php on line 457.
 1 APPPATH/Controllers/Site_Controller.php(345): App\Models\Recipes_Model->get_search_data_site()
 2 APPPATH/Controllers/Site_Controller.php(136): App\Controllers\Site_Controller->search_result()
 3 SYSTEMPATH/CodeIgniter.php(942): App\Controllers\Site_Controller->site_home()
 4 SYSTEMPATH/CodeIgniter.php(502): CodeIgniter\CodeIgniter->runController()
 5 SYSTEMPATH/CodeIgniter.php(361): CodeIgniter\CodeIgniter->handleRequest()
 6 FCPATH/index.php(79): CodeIgniter\CodeIgniter->run()
CRITICAL - 2024-09-17 13:56:04 --> Call to a member function getVar() on null
in APPPATH/Models/Recipes_Model.php on line 456.
 1 APPPATH/Controllers/Site_Controller.php(345): App\Models\Recipes_Model->get_search_data_site()
 2 APPPATH/Controllers/Site_Controller.php(136): App\Controllers\Site_Controller->search_result()
 3 SYSTEMPATH/CodeIgniter.php(942): App\Controllers\Site_Controller->site_home()
 4 SYSTEMPATH/CodeIgniter.php(502): CodeIgniter\CodeIgniter->runController()
 5 SYSTEMPATH/CodeIgniter.php(361): CodeIgniter\CodeIgniter->handleRequest()
 6 FCPATH/index.php(79): CodeIgniter\CodeIgniter->run()
CRITICAL - 2024-09-17 13:56:05 --> Call to a member function getVar() on null
in APPPATH/Models/Recipes_Model.php on line 456.
 1 APPPATH/Controllers/Site_Controller.php(345): App\Models\Recipes_Model->get_search_data_site()
 2 APPPATH/Controllers/Site_Controller.php(136): App\Controllers\Site_Controller->search_result()
 3 SYSTEMPATH/CodeIgniter.php(942): App\Controllers\Site_Controller->site_home()
 4 SYSTEMPATH/CodeIgniter.php(502): CodeIgniter\CodeIgniter->runController()
 5 SYSTEMPATH/CodeIgniter.php(361): CodeIgniter\CodeIgniter->handleRequest()
 6 FCPATH/index.php(79): CodeIgniter\CodeIgniter->run()
CRITICAL - 2024-09-17 13:56:05 --> Call to a member function getVar() on null
in APPPATH/Models/Recipes_Model.php on line 456.
 1 APPPATH/Controllers/Site_Controller.php(345): App\Models\Recipes_Model->get_search_data_site()
 2 APPPATH/Controllers/Site_Controller.php(136): App\Controllers\Site_Controller->search_result()
 3 SYSTEMPATH/CodeIgniter.php(942): App\Controllers\Site_Controller->site_home()
 4 SYSTEMPATH/CodeIgniter.php(502): CodeIgniter\CodeIgniter->runController()
 5 SYSTEMPATH/CodeIgniter.php(361): CodeIgniter\CodeIgniter->handleRequest()
 6 FCPATH/index.php(79): CodeIgniter\CodeIgniter->run()
CRITICAL - 2024-09-17 13:56:06 --> Call to a member function getVar() on null
in APPPATH/Models/Recipes_Model.php on line 456.
 1 APPPATH/Controllers/Site_Controller.php(345): App\Models\Recipes_Model->get_search_data_site()
 2 APPPATH/Controllers/Site_Controller.php(136): App\Controllers\Site_Controller->search_result()
 3 SYSTEMPATH/CodeIgniter.php(942): App\Controllers\Site_Controller->site_home()
 4 SYSTEMPATH/CodeIgniter.php(502): CodeIgniter\CodeIgniter->runController()
 5 SYSTEMPATH/CodeIgniter.php(361): CodeIgniter\CodeIgniter->handleRequest()
 6 FCPATH/index.php(79): CodeIgniter\CodeIgniter->run()
CRITICAL - 2024-09-17 13:57:00 --> Call to a member function getVar() on null
in APPPATH/Models/Recipes_Model.php on line 440.
 1 APPPATH/Controllers/Site_Controller.php(345): App\Models\Recipes_Model->get_search_data_site()
 2 APPPATH/Controllers/Site_Controller.php(136): App\Controllers\Site_Controller->search_result()
 3 SYSTEMPATH/CodeIgniter.php(942): App\Controllers\Site_Controller->site_home()
 4 SYSTEMPATH/CodeIgniter.php(502): CodeIgniter\CodeIgniter->runController()
 5 SYSTEMPATH/CodeIgniter.php(361): CodeIgniter\CodeIgniter->handleRequest()
 6 FCPATH/index.php(79): CodeIgniter\CodeIgniter->run()
