CRITICAL - 2024-08-02 05:04:46 --> Undefined array key "blog_id"
in APPPATH/Controllers/Admin_Controller.php on line 782.
 1 APPPATH/Controllers/Admin_Controller.php(782): CodeIgniter\Debug\Exceptions->errorHandler()
 2 SYSTEMPATH/CodeIgniter.php(942): App\Controllers\Admin_Controller->ediblog_view()
 3 SYSTEMPATH/CodeIgniter.php(502): CodeIgniter\CodeIgniter->runController()
 4 SYSTEMPATH/CodeIgniter.php(361): CodeIgniter\CodeIgniter->handleRequest()
 5 FCPATH/index.php(79): CodeIgniter\CodeIgniter->run()
CRITICAL - 2024-08-02 08:58:41 --> Undefined array key "$galler_id"
in APPPATH/Controllers/Admin_Controller.php on line 3934.
 1 APPPATH/Controllers/Admin_Controller.php(3934): CodeIgniter\Debug\Exceptions->errorHandler()
 2 SYSTEMPATH/CodeIgniter.php(942): App\Controllers\Admin_Controller->gallery_imgdelete()
 3 SYSTEMPATH/CodeIgniter.php(502): CodeIgniter\CodeIgniter->runController()
 4 SYSTEMPATH/CodeIgniter.php(361): CodeIgniter\CodeIgniter->handleRequest()
 5 FCPATH/index.php(79): CodeIgniter\CodeIgniter->run()
CRITICAL - 2024-08-02 08:59:34 --> Undefined array key "$gallery_id"
in APPPATH/Controllers/Admin_Controller.php on line 3934.
 1 APPPATH/Controllers/Admin_Controller.php(3934): CodeIgniter\Debug\Exceptions->errorHandler()
 2 SYSTEMPATH/CodeIgniter.php(942): App\Controllers\Admin_Controller->gallery_imgdelete()
 3 SYSTEMPATH/CodeIgniter.php(502): CodeIgniter\CodeIgniter->runController()
 4 SYSTEMPATH/CodeIgniter.php(361): CodeIgniter\CodeIgniter->handleRequest()
 5 FCPATH/index.php(79): CodeIgniter\CodeIgniter->run()
CRITICAL - 2024-08-02 08:59:45 --> Undefined array key "$gallery_id"
in APPPATH/Controllers/Admin_Controller.php on line 3934.
 1 APPPATH/Controllers/Admin_Controller.php(3934): CodeIgniter\Debug\Exceptions->errorHandler()
 2 SYSTEMPATH/CodeIgniter.php(942): App\Controllers\Admin_Controller->gallery_imgdelete()
 3 SYSTEMPATH/CodeIgniter.php(502): CodeIgniter\CodeIgniter->runController()
 4 SYSTEMPATH/CodeIgniter.php(361): CodeIgniter\CodeIgniter->handleRequest()
 5 FCPATH/index.php(79): CodeIgniter\CodeIgniter->run()
ERROR - 2024-08-02 09:09:33 --> mysqli_sql_exception: Unknown column 'zgaller_id' in 'where clause' in /home/u582998483/domains/hostdemo.co.in/public_html/gruballergy/system/Database/MySQLi/Connection.php:306
Stack trace:
#0 /home/u582998483/domains/hostdemo.co.in/public_html/gruballergy/system/Database/MySQLi/Connection.php(306): mysqli->query()
#1 /home/u582998483/domains/hostdemo.co.in/public_html/gruballergy/system/Database/BaseConnection.php(693): CodeIgniter\Database\MySQLi\Connection->execute()
#2 /home/u582998483/domains/hostdemo.co.in/public_html/gruballergy/system/Database/BaseConnection.php(607): CodeIgniter\Database\BaseConnection->simpleQuery()
#3 /home/u582998483/domains/hostdemo.co.in/public_html/gruballergy/system/Database/BaseBuilder.php(2790): CodeIgniter\Database\BaseConnection->query()
#4 /home/u582998483/domains/hostdemo.co.in/public_html/gruballergy/app/Controllers/Admin_Controller.php(3938): CodeIgniter\Database\BaseBuilder->delete()
#5 /home/u582998483/domains/hostdemo.co.in/public_html/gruballergy/system/CodeIgniter.php(942): App\Controllers\Admin_Controller->gallery_imgdelete()
#6 /home/u582998483/domains/hostdemo.co.in/public_html/gruballergy/system/CodeIgniter.php(502): CodeIgniter\CodeIgniter->runController()
#7 /home/u582998483/domains/hostdemo.co.in/public_html/gruballergy/system/CodeIgniter.php(361): CodeIgniter\CodeIgniter->handleRequest()
#8 /home/u582998483/domains/hostdemo.co.in/public_html/gruballergy/index.php(79): CodeIgniter\CodeIgniter->run()
#9 {main}
CRITICAL - 2024-08-02 09:09:33 --> Unknown column 'zgaller_id' in 'where clause'
in SYSTEMPATH/Database/BaseConnection.php on line 647.
 1 SYSTEMPATH/Database/BaseBuilder.php(2790): CodeIgniter\Database\BaseConnection->query()
 2 APPPATH/Controllers/Admin_Controller.php(3938): CodeIgniter\Database\BaseBuilder->delete()
 3 SYSTEMPATH/CodeIgniter.php(942): App\Controllers\Admin_Controller->gallery_imgdelete()
 4 SYSTEMPATH/CodeIgniter.php(502): CodeIgniter\CodeIgniter->runController()
 5 SYSTEMPATH/CodeIgniter.php(361): CodeIgniter\CodeIgniter->handleRequest()
 6 FCPATH/index.php(79): CodeIgniter\CodeIgniter->run()
ERROR - 2024-08-02 09:09:50 --> mysqli_sql_exception: Unknown column 'galler_id' in 'where clause' in /home/u582998483/domains/hostdemo.co.in/public_html/gruballergy/system/Database/MySQLi/Connection.php:306
Stack trace:
#0 /home/u582998483/domains/hostdemo.co.in/public_html/gruballergy/system/Database/MySQLi/Connection.php(306): mysqli->query()
#1 /home/u582998483/domains/hostdemo.co.in/public_html/gruballergy/system/Database/BaseConnection.php(693): CodeIgniter\Database\MySQLi\Connection->execute()
#2 /home/u582998483/domains/hostdemo.co.in/public_html/gruballergy/system/Database/BaseConnection.php(607): CodeIgniter\Database\BaseConnection->simpleQuery()
#3 /home/u582998483/domains/hostdemo.co.in/public_html/gruballergy/system/Database/BaseBuilder.php(2790): CodeIgniter\Database\BaseConnection->query()
#4 /home/u582998483/domains/hostdemo.co.in/public_html/gruballergy/app/Controllers/Admin_Controller.php(3938): CodeIgniter\Database\BaseBuilder->delete()
#5 /home/u582998483/domains/hostdemo.co.in/public_html/gruballergy/system/CodeIgniter.php(942): App\Controllers\Admin_Controller->gallery_imgdelete()
#6 /home/u582998483/domains/hostdemo.co.in/public_html/gruballergy/system/CodeIgniter.php(502): CodeIgniter\CodeIgniter->runController()
#7 /home/u582998483/domains/hostdemo.co.in/public_html/gruballergy/system/CodeIgniter.php(361): CodeIgniter\CodeIgniter->handleRequest()
#8 /home/u582998483/domains/hostdemo.co.in/public_html/gruballergy/index.php(79): CodeIgniter\CodeIgniter->run()
#9 {main}
CRITICAL - 2024-08-02 09:09:50 --> Unknown column 'galler_id' in 'where clause'
in SYSTEMPATH/Database/BaseConnection.php on line 647.
 1 SYSTEMPATH/Database/BaseBuilder.php(2790): CodeIgniter\Database\BaseConnection->query()
 2 APPPATH/Controllers/Admin_Controller.php(3938): CodeIgniter\Database\BaseBuilder->delete()
 3 SYSTEMPATH/CodeIgniter.php(942): App\Controllers\Admin_Controller->gallery_imgdelete()
 4 SYSTEMPATH/CodeIgniter.php(502): CodeIgniter\CodeIgniter->runController()
 5 SYSTEMPATH/CodeIgniter.php(361): CodeIgniter\CodeIgniter->handleRequest()
 6 FCPATH/index.php(79): CodeIgniter\CodeIgniter->run()
ERROR - 2024-08-02 09:09:55 --> mysqli_sql_exception: Unknown column 'galler_id' in 'where clause' in /home/u582998483/domains/hostdemo.co.in/public_html/gruballergy/system/Database/MySQLi/Connection.php:306
Stack trace:
#0 /home/u582998483/domains/hostdemo.co.in/public_html/gruballergy/system/Database/MySQLi/Connection.php(306): mysqli->query()
#1 /home/u582998483/domains/hostdemo.co.in/public_html/gruballergy/system/Database/BaseConnection.php(693): CodeIgniter\Database\MySQLi\Connection->execute()
#2 /home/u582998483/domains/hostdemo.co.in/public_html/gruballergy/system/Database/BaseConnection.php(607): CodeIgniter\Database\BaseConnection->simpleQuery()
#3 /home/u582998483/domains/hostdemo.co.in/public_html/gruballergy/system/Database/BaseBuilder.php(2790): CodeIgniter\Database\BaseConnection->query()
#4 /home/u582998483/domains/hostdemo.co.in/public_html/gruballergy/app/Controllers/Admin_Controller.php(3938): CodeIgniter\Database\BaseBuilder->delete()
#5 /home/u582998483/domains/hostdemo.co.in/public_html/gruballergy/system/CodeIgniter.php(942): App\Controllers\Admin_Controller->gallery_imgdelete()
#6 /home/u582998483/domains/hostdemo.co.in/public_html/gruballergy/system/CodeIgniter.php(502): CodeIgniter\CodeIgniter->runController()
#7 /home/u582998483/domains/hostdemo.co.in/public_html/gruballergy/system/CodeIgniter.php(361): CodeIgniter\CodeIgniter->handleRequest()
#8 /home/u582998483/domains/hostdemo.co.in/public_html/gruballergy/index.php(79): CodeIgniter\CodeIgniter->run()
#9 {main}
CRITICAL - 2024-08-02 09:09:55 --> Unknown column 'galler_id' in 'where clause'
in SYSTEMPATH/Database/BaseConnection.php on line 647.
 1 SYSTEMPATH/Database/BaseBuilder.php(2790): CodeIgniter\Database\BaseConnection->query()
 2 APPPATH/Controllers/Admin_Controller.php(3938): CodeIgniter\Database\BaseBuilder->delete()
 3 SYSTEMPATH/CodeIgniter.php(942): App\Controllers\Admin_Controller->gallery_imgdelete()
 4 SYSTEMPATH/CodeIgniter.php(502): CodeIgniter\CodeIgniter->runController()
 5 SYSTEMPATH/CodeIgniter.php(361): CodeIgniter\CodeIgniter->handleRequest()
 6 FCPATH/index.php(79): CodeIgniter\CodeIgniter->run()
CRITICAL - 2024-08-02 13:22:39 --> Trying to access array offset on value of type null
in APPPATH/Controllers/Admin_Controller.php on line 3937.
 1 APPPATH/Controllers/Admin_Controller.php(3937): CodeIgniter\Debug\Exceptions->errorHandler()
 2 SYSTEMPATH/CodeIgniter.php(942): App\Controllers\Admin_Controller->gallery_img_insert_logic()
 3 SYSTEMPATH/CodeIgniter.php(502): CodeIgniter\CodeIgniter->runController()
 4 SYSTEMPATH/CodeIgniter.php(361): CodeIgniter\CodeIgniter->handleRequest()
 5 FCPATH/index.php(79): CodeIgniter\CodeIgniter->run()
CRITICAL - 2024-08-02 13:23:36 --> Trying to access array offset on value of type null
in APPPATH/Controllers/Admin_Controller.php on line 3937.
 1 APPPATH/Controllers/Admin_Controller.php(3937): CodeIgniter\Debug\Exceptions->errorHandler()
 2 SYSTEMPATH/CodeIgniter.php(942): App\Controllers\Admin_Controller->gallery_img_insert_logic()
 3 SYSTEMPATH/CodeIgniter.php(502): CodeIgniter\CodeIgniter->runController()
 4 SYSTEMPATH/CodeIgniter.php(361): CodeIgniter\CodeIgniter->handleRequest()
 5 FCPATH/index.php(79): CodeIgniter\CodeIgniter->run()
ERROR - 2024-08-02 17:17:34 --> mysqli_sql_exception: You have an error in your SQL syntax; check the manual that corresponds to your MariaDB server version for the right syntax to use near '0, 1, 2, 3, 4, 5) VALUES (:0:, :1:, :2:, :3:, :4:, :5:)' at line 1 in /home/u582998483/domains/hostdemo.co.in/public_html/gruballergy/system/Database/MySQLi/Connection.php:306
Stack trace:
#0 /home/u582998483/domains/hostdemo.co.in/public_html/gruballergy/system/Database/MySQLi/Connection.php(306): mysqli->query()
#1 /home/u582998483/domains/hostdemo.co.in/public_html/gruballergy/system/Database/BaseConnection.php(693): CodeIgniter\Database\MySQLi\Connection->execute()
#2 /home/u582998483/domains/hostdemo.co.in/public_html/gruballergy/system/Database/BaseConnection.php(607): CodeIgniter\Database\BaseConnection->simpleQuery()
#3 /home/u582998483/domains/hostdemo.co.in/public_html/gruballergy/system/Database/BaseBuilder.php(2308): CodeIgniter\Database\BaseConnection->query()
#4 /home/u582998483/domains/hostdemo.co.in/public_html/gruballergy/app/Controllers/Admin_Controller.php(3948): CodeIgniter\Database\BaseBuilder->insert()
#5 /home/u582998483/domains/hostdemo.co.in/public_html/gruballergy/system/CodeIgniter.php(942): App\Controllers\Admin_Controller->gallery_img_insert_logic()
#6 /home/u582998483/domains/hostdemo.co.in/public_html/gruballergy/system/CodeIgniter.php(502): CodeIgniter\CodeIgniter->runController()
#7 /home/u582998483/domains/hostdemo.co.in/public_html/gruballergy/system/CodeIgniter.php(361): CodeIgniter\CodeIgniter->handleRequest()
#8 /home/u582998483/domains/hostdemo.co.in/public_html/gruballergy/index.php(79): CodeIgniter\CodeIgniter->run()
#9 {main}
CRITICAL - 2024-08-02 17:17:34 --> You have an error in your SQL syntax; check the manual that corresponds to your MariaDB server version for the right syntax to use near '0, 1, 2, 3, 4, 5) VALUES (:0:, :1:, :2:, :3:, :4:, :5:)' at line 1
in SYSTEMPATH/Database/BaseConnection.php on line 647.
 1 SYSTEMPATH/Database/BaseBuilder.php(2308): CodeIgniter\Database\BaseConnection->query()
 2 APPPATH/Controllers/Admin_Controller.php(3948): CodeIgniter\Database\BaseBuilder->insert()
 3 SYSTEMPATH/CodeIgniter.php(942): App\Controllers\Admin_Controller->gallery_img_insert_logic()
 4 SYSTEMPATH/CodeIgniter.php(502): CodeIgniter\CodeIgniter->runController()
 5 SYSTEMPATH/CodeIgniter.php(361): CodeIgniter\CodeIgniter->handleRequest()
 6 FCPATH/index.php(79): CodeIgniter\CodeIgniter->run()
ERROR - 2024-08-02 17:20:37 --> mysqli_sql_exception: You have an error in your SQL syntax; check the manual that corresponds to your MariaDB server version for the right syntax to use near '0) VALUES (:0:)' at line 1 in /home/u582998483/domains/hostdemo.co.in/public_html/gruballergy/system/Database/MySQLi/Connection.php:306
Stack trace:
#0 /home/u582998483/domains/hostdemo.co.in/public_html/gruballergy/system/Database/MySQLi/Connection.php(306): mysqli->query()
#1 /home/u582998483/domains/hostdemo.co.in/public_html/gruballergy/system/Database/BaseConnection.php(693): CodeIgniter\Database\MySQLi\Connection->execute()
#2 /home/u582998483/domains/hostdemo.co.in/public_html/gruballergy/system/Database/BaseConnection.php(607): CodeIgniter\Database\BaseConnection->simpleQuery()
#3 /home/u582998483/domains/hostdemo.co.in/public_html/gruballergy/system/Database/BaseBuilder.php(2308): CodeIgniter\Database\BaseConnection->query()
#4 /home/u582998483/domains/hostdemo.co.in/public_html/gruballergy/app/Controllers/Admin_Controller.php(3946): CodeIgniter\Database\BaseBuilder->insert()
#5 /home/u582998483/domains/hostdemo.co.in/public_html/gruballergy/system/CodeIgniter.php(942): App\Controllers\Admin_Controller->gallery_img_insert_logic()
#6 /home/u582998483/domains/hostdemo.co.in/public_html/gruballergy/system/CodeIgniter.php(502): CodeIgniter\CodeIgniter->runController()
#7 /home/u582998483/domains/hostdemo.co.in/public_html/gruballergy/system/CodeIgniter.php(361): CodeIgniter\CodeIgniter->handleRequest()
#8 /home/u582998483/domains/hostdemo.co.in/public_html/gruballergy/index.php(79): CodeIgniter\CodeIgniter->run()
#9 {main}
CRITICAL - 2024-08-02 17:20:37 --> You have an error in your SQL syntax; check the manual that corresponds to your MariaDB server version for the right syntax to use near '0) VALUES (:0:)' at line 1
in SYSTEMPATH/Database/BaseConnection.php on line 647.
 1 SYSTEMPATH/Database/BaseBuilder.php(2308): CodeIgniter\Database\BaseConnection->query()
 2 APPPATH/Controllers/Admin_Controller.php(3946): CodeIgniter\Database\BaseBuilder->insert()
 3 SYSTEMPATH/CodeIgniter.php(942): App\Controllers\Admin_Controller->gallery_img_insert_logic()
 4 SYSTEMPATH/CodeIgniter.php(502): CodeIgniter\CodeIgniter->runController()
 5 SYSTEMPATH/CodeIgniter.php(361): CodeIgniter\CodeIgniter->handleRequest()
 6 FCPATH/index.php(79): CodeIgniter\CodeIgniter->run()
CRITICAL - 2024-08-02 17:47:05 --> Undefined property: App\Controllers\Admin_Controller::$Galler_Model
in APPPATH/Controllers/Admin_Controller.php on line 3961.
 1 APPPATH/Controllers/Admin_Controller.php(3961): CodeIgniter\Debug\Exceptions->errorHandler()
 2 SYSTEMPATH/CodeIgniter.php(942): App\Controllers\Admin_Controller->gallery_img_attime_deleteAll()
 3 SYSTEMPATH/CodeIgniter.php(502): CodeIgniter\CodeIgniter->runController()
 4 SYSTEMPATH/CodeIgniter.php(361): CodeIgniter\CodeIgniter->handleRequest()
 5 FCPATH/index.php(79): CodeIgniter\CodeIgniter->run()
CRITICAL - 2024-08-02 17:47:22 --> Undefined property: App\Controllers\Admin_Controller::$Galler_Model
in APPPATH/Controllers/Admin_Controller.php on line 3961.
 1 APPPATH/Controllers/Admin_Controller.php(3961): CodeIgniter\Debug\Exceptions->errorHandler()
 2 SYSTEMPATH/CodeIgniter.php(942): App\Controllers\Admin_Controller->gallery_img_attime_deleteAll()
 3 SYSTEMPATH/CodeIgniter.php(502): CodeIgniter\CodeIgniter->runController()
 4 SYSTEMPATH/CodeIgniter.php(361): CodeIgniter\CodeIgniter->handleRequest()
 5 FCPATH/index.php(79): CodeIgniter\CodeIgniter->run()
CRITICAL - 2024-08-02 17:49:02 --> Undefined property: App\Controllers\Admin_Controller::$Galler_Model
in APPPATH/Controllers/Admin_Controller.php on line 3961.
 1 APPPATH/Controllers/Admin_Controller.php(3961): CodeIgniter\Debug\Exceptions->errorHandler()
 2 SYSTEMPATH/CodeIgniter.php(942): App\Controllers\Admin_Controller->gallery_img_attime_deleteAll()
 3 SYSTEMPATH/CodeIgniter.php(502): CodeIgniter\CodeIgniter->runController()
 4 SYSTEMPATH/CodeIgniter.php(361): CodeIgniter\CodeIgniter->handleRequest()
 5 FCPATH/index.php(79): CodeIgniter\CodeIgniter->run()
CRITICAL - 2024-08-02 17:52:10 --> Call to undefined method CodeIgniter\HTTP\IncomingRequest::setJSON()
in APPPATH/Controllers/Admin_Controller.php on line 3968.
 1 SYSTEMPATH/CodeIgniter.php(942): App\Controllers\Admin_Controller->gallery_img_attime_deleteAll()
 2 SYSTEMPATH/CodeIgniter.php(502): CodeIgniter\CodeIgniter->runController()
 3 SYSTEMPATH/CodeIgniter.php(361): CodeIgniter\CodeIgniter->handleRequest()
 4 FCPATH/index.php(79): CodeIgniter\CodeIgniter->run()
CRITICAL - 2024-08-02 17:53:43 --> Call to undefined method CodeIgniter\HTTP\IncomingRequest::setJSON()
in APPPATH/Controllers/Admin_Controller.php on line 3969.
 1 SYSTEMPATH/CodeIgniter.php(942): App\Controllers\Admin_Controller->gallery_img_attime_deleteAll()
 2 SYSTEMPATH/CodeIgniter.php(502): CodeIgniter\CodeIgniter->runController()
 3 SYSTEMPATH/CodeIgniter.php(361): CodeIgniter\CodeIgniter->handleRequest()
 4 FCPATH/index.php(79): CodeIgniter\CodeIgniter->run()
CRITICAL - 2024-08-02 17:54:31 --> Call to undefined method CodeIgniter\HTTP\IncomingRequest::setJSON()
in APPPATH/Controllers/Admin_Controller.php on line 3969.
 1 SYSTEMPATH/CodeIgniter.php(942): App\Controllers\Admin_Controller->gallery_img_attime_deleteAll()
 2 SYSTEMPATH/CodeIgniter.php(502): CodeIgniter\CodeIgniter->runController()
 3 SYSTEMPATH/CodeIgniter.php(361): CodeIgniter\CodeIgniter->handleRequest()
 4 FCPATH/index.php(79): CodeIgniter\CodeIgniter->run()
CRITICAL - 2024-08-02 17:55:07 --> Call to undefined method CodeIgniter\HTTP\IncomingRequest::setJSON()
in APPPATH/Controllers/Admin_Controller.php on line 3969.
 1 SYSTEMPATH/CodeIgniter.php(942): App\Controllers\Admin_Controller->gallery_img_attime_deleteAll()
 2 SYSTEMPATH/CodeIgniter.php(502): CodeIgniter\CodeIgniter->runController()
 3 SYSTEMPATH/CodeIgniter.php(361): CodeIgniter\CodeIgniter->handleRequest()
 4 FCPATH/index.php(79): CodeIgniter\CodeIgniter->run()
CRITICAL - 2024-08-02 17:56:27 --> Call to undefined method CodeIgniter\HTTP\IncomingRequest::setJSON()
in APPPATH/Controllers/Admin_Controller.php on line 3969.
 1 SYSTEMPATH/CodeIgniter.php(942): App\Controllers\Admin_Controller->gallery_img_attime_deleteAll()
 2 SYSTEMPATH/CodeIgniter.php(502): CodeIgniter\CodeIgniter->runController()
 3 SYSTEMPATH/CodeIgniter.php(361): CodeIgniter\CodeIgniter->handleRequest()
 4 FCPATH/index.php(79): CodeIgniter\CodeIgniter->run()
