CRITICAL - 2024-09-24 01:03:38 --> Attempt to read property "blog_id" on null
in APPPATH/Models/Blog_Model.php on line 294.
 1 APPPATH/Models/Blog_Model.php(294): CodeIgniter\Debug\Exceptions->errorHandler()
 2 APPPATH/Controllers/Site_Controller.php(1365): App\Models\Blog_Model->single_details_blog()
 3 APPPATH/Controllers/Site_Controller.php(1348): App\Controllers\Site_Controller->blog_details()
 4 SYSTEMPATH/CodeIgniter.php(942): App\Controllers\Site_Controller->blog_mapurl()
 5 SYSTEMPATH/CodeIgniter.php(502): CodeIgniter\CodeIgniter->runController()
 6 SYSTEMPATH/CodeIgniter.php(361): CodeIgniter\CodeIgniter->handleRequest()
 7 FCPATH/index.php(79): CodeIgniter\CodeIgniter->run()
CRITICAL - 2024-09-24 02:01:42 --> Attempt to read property "blog_id" on null
in APPPATH/Models/Blog_Model.php on line 294.
 1 APPPATH/Models/Blog_Model.php(294): CodeIgniter\Debug\Exceptions->errorHandler()
 2 APPPATH/Controllers/Site_Controller.php(1365): App\Models\Blog_Model->single_details_blog()
 3 APPPATH/Controllers/Site_Controller.php(1348): App\Controllers\Site_Controller->blog_details()
 4 SYSTEMPATH/CodeIgniter.php(942): App\Controllers\Site_Controller->blog_mapurl()
 5 SYSTEMPATH/CodeIgniter.php(502): CodeIgniter\CodeIgniter->runController()
 6 SYSTEMPATH/CodeIgniter.php(361): CodeIgniter\CodeIgniter->handleRequest()
 7 FCPATH/index.php(79): CodeIgniter\CodeIgniter->run()
CRITICAL - 2024-09-24 06:56:41 --> Attempt to read property "blog_id" on null
in APPPATH/Models/Blog_Model.php on line 294.
 1 APPPATH/Models/Blog_Model.php(294): CodeIgniter\Debug\Exceptions->errorHandler()
 2 APPPATH/Controllers/Site_Controller.php(1365): App\Models\Blog_Model->single_details_blog()
 3 APPPATH/Controllers/Site_Controller.php(1348): App\Controllers\Site_Controller->blog_details()
 4 SYSTEMPATH/CodeIgniter.php(942): App\Controllers\Site_Controller->blog_mapurl()
 5 SYSTEMPATH/CodeIgniter.php(502): CodeIgniter\CodeIgniter->runController()
 6 SYSTEMPATH/CodeIgniter.php(361): CodeIgniter\CodeIgniter->handleRequest()
 7 FCPATH/index.php(79): CodeIgniter\CodeIgniter->run()
CRITICAL - 2024-09-24 07:25:18 --> Attempt to read property "blog_id" on null
in APPPATH/Models/Blog_Model.php on line 294.
 1 APPPATH/Models/Blog_Model.php(294): CodeIgniter\Debug\Exceptions->errorHandler()
 2 APPPATH/Controllers/Site_Controller.php(1365): App\Models\Blog_Model->single_details_blog()
 3 APPPATH/Controllers/Site_Controller.php(1348): App\Controllers\Site_Controller->blog_details()
 4 SYSTEMPATH/CodeIgniter.php(942): App\Controllers\Site_Controller->blog_mapurl()
 5 SYSTEMPATH/CodeIgniter.php(502): CodeIgniter\CodeIgniter->runController()
 6 SYSTEMPATH/CodeIgniter.php(361): CodeIgniter\CodeIgniter->handleRequest()
 7 FCPATH/index.php(79): CodeIgniter\CodeIgniter->run()
CRITICAL - 2024-09-24 07:56:50 --> Attempt to read property "blog_id" on null
in APPPATH/Models/Blog_Model.php on line 294.
 1 APPPATH/Models/Blog_Model.php(294): CodeIgniter\Debug\Exceptions->errorHandler()
 2 APPPATH/Controllers/Site_Controller.php(1365): App\Models\Blog_Model->single_details_blog()
 3 APPPATH/Controllers/Site_Controller.php(1348): App\Controllers\Site_Controller->blog_details()
 4 SYSTEMPATH/CodeIgniter.php(942): App\Controllers\Site_Controller->blog_mapurl()
 5 SYSTEMPATH/CodeIgniter.php(502): CodeIgniter\CodeIgniter->runController()
 6 SYSTEMPATH/CodeIgniter.php(361): CodeIgniter\CodeIgniter->handleRequest()
 7 FCPATH/index.php(79): CodeIgniter\CodeIgniter->run()
CRITICAL - 2024-09-24 08:19:33 --> Attempt to read property "blog_id" on null
in APPPATH/Models/Blog_Model.php on line 294.
 1 APPPATH/Models/Blog_Model.php(294): CodeIgniter\Debug\Exceptions->errorHandler()
 2 APPPATH/Controllers/Site_Controller.php(1365): App\Models\Blog_Model->single_details_blog()
 3 APPPATH/Controllers/Site_Controller.php(1348): App\Controllers\Site_Controller->blog_details()
 4 SYSTEMPATH/CodeIgniter.php(942): App\Controllers\Site_Controller->blog_mapurl()
 5 SYSTEMPATH/CodeIgniter.php(502): CodeIgniter\CodeIgniter->runController()
 6 SYSTEMPATH/CodeIgniter.php(361): CodeIgniter\CodeIgniter->handleRequest()
 7 FCPATH/index.php(79): CodeIgniter\CodeIgniter->run()
ERROR - 2024-09-24 06:23:24 --> mysqli_sql_exception: You have an error in your SQL syntax; check the manual that corresponds to your MariaDB server version for the right syntax to use near '0 = ('2')
WHERE `g_id` = 41' at line 1 in /home/u613340721/domains/gruballergy.com/public_html/system/Database/MySQLi/Connection.php:306
Stack trace:
#0 /home/u613340721/domains/gruballergy.com/public_html/system/Database/MySQLi/Connection.php(306): mysqli->query()
#1 /home/u613340721/domains/gruballergy.com/public_html/system/Database/BaseConnection.php(693): CodeIgniter\Database\MySQLi\Connection->execute()
#2 /home/u613340721/domains/gruballergy.com/public_html/system/Database/BaseConnection.php(607): CodeIgniter\Database\BaseConnection->simpleQuery()
#3 /home/u613340721/domains/gruballergy.com/public_html/system/Database/BaseBuilder.php(2475): CodeIgniter\Database\BaseConnection->query()
#4 /home/u613340721/domains/gruballergy.com/public_html/app/Controllers/Admin_Controller.php(2772): CodeIgniter\Database\BaseBuilder->update()
#5 /home/u613340721/domains/gruballergy.com/public_html/system/CodeIgniter.php(942): App\Controllers\Admin_Controller->gallery_update_sequence()
#6 /home/u613340721/domains/gruballergy.com/public_html/system/CodeIgniter.php(502): CodeIgniter\CodeIgniter->runController()
#7 /home/u613340721/domains/gruballergy.com/public_html/system/CodeIgniter.php(361): CodeIgniter\CodeIgniter->handleRequest()
#8 /home/u613340721/domains/gruballergy.com/public_html/index.php(79): CodeIgniter\CodeIgniter->run()
#9 {main}
CRITICAL - 2024-09-24 06:23:24 --> You have an error in your SQL syntax; check the manual that corresponds to your MariaDB server version for the right syntax to use near '0 = ('2')
WHERE `g_id` = 41' at line 1
in SYSTEMPATH/Database/BaseConnection.php on line 647.
 1 SYSTEMPATH/Database/BaseBuilder.php(2475): CodeIgniter\Database\BaseConnection->query()
 2 APPPATH/Controllers/Admin_Controller.php(2772): CodeIgniter\Database\BaseBuilder->update()
 3 SYSTEMPATH/CodeIgniter.php(942): App\Controllers\Admin_Controller->gallery_update_sequence()
 4 SYSTEMPATH/CodeIgniter.php(502): CodeIgniter\CodeIgniter->runController()
 5 SYSTEMPATH/CodeIgniter.php(361): CodeIgniter\CodeIgniter->handleRequest()
 6 FCPATH/index.php(79): CodeIgniter\CodeIgniter->run()
CRITICAL - 2024-09-24 13:08:28 --> Attempt to read property "blog_id" on null
in APPPATH/Models/Blog_Model.php on line 294.
 1 APPPATH/Models/Blog_Model.php(294): CodeIgniter\Debug\Exceptions->errorHandler()
 2 APPPATH/Controllers/Site_Controller.php(1365): App\Models\Blog_Model->single_details_blog()
 3 APPPATH/Controllers/Site_Controller.php(1348): App\Controllers\Site_Controller->blog_details()
 4 SYSTEMPATH/CodeIgniter.php(942): App\Controllers\Site_Controller->blog_mapurl()
 5 SYSTEMPATH/CodeIgniter.php(502): CodeIgniter\CodeIgniter->runController()
 6 SYSTEMPATH/CodeIgniter.php(361): CodeIgniter\CodeIgniter->handleRequest()
 7 FCPATH/index.php(79): CodeIgniter\CodeIgniter->run()
CRITICAL - 2024-09-24 14:21:23 --> Attempt to read property "blog_id" on null
in APPPATH/Models/Blog_Model.php on line 294.
 1 APPPATH/Models/Blog_Model.php(294): CodeIgniter\Debug\Exceptions->errorHandler()
 2 APPPATH/Controllers/Site_Controller.php(1365): App\Models\Blog_Model->single_details_blog()
 3 APPPATH/Controllers/Site_Controller.php(1348): App\Controllers\Site_Controller->blog_details()
 4 SYSTEMPATH/CodeIgniter.php(942): App\Controllers\Site_Controller->blog_mapurl()
 5 SYSTEMPATH/CodeIgniter.php(502): CodeIgniter\CodeIgniter->runController()
 6 SYSTEMPATH/CodeIgniter.php(361): CodeIgniter\CodeIgniter->handleRequest()
 7 FCPATH/index.php(79): CodeIgniter\CodeIgniter->run()
CRITICAL - 2024-09-24 09:46:21 --> syntax error, unexpected token "public"
in APPPATH/Controllers/Admin_Controller.php on line 1241.
 1 SYSTEMPATH/Autoloader/Autoloader.php(291): CodeIgniter\Autoloader\Autoloader->includeFile()
 2 SYSTEMPATH/Autoloader/Autoloader.php(269): CodeIgniter\Autoloader\Autoloader->loadInNamespace()
 3 [internal function]: CodeIgniter\Autoloader\Autoloader->loadClass()
 4 SYSTEMPATH/CodeIgniter.php(900): class_exists()
 5 SYSTEMPATH/CodeIgniter.php(489): CodeIgniter\CodeIgniter->startController()
 6 SYSTEMPATH/CodeIgniter.php(361): CodeIgniter\CodeIgniter->handleRequest()
 7 FCPATH/index.php(79): CodeIgniter\CodeIgniter->run()
CRITICAL - 2024-09-24 15:21:51 --> Attempt to read property "blog_id" on null
in APPPATH/Models/Blog_Model.php on line 295.
 1 APPPATH/Models/Blog_Model.php(295): CodeIgniter\Debug\Exceptions->errorHandler()
 2 APPPATH/Controllers/Site_Controller.php(1366): App\Models\Blog_Model->single_details_blog()
 3 APPPATH/Controllers/Site_Controller.php(1349): App\Controllers\Site_Controller->blog_details()
 4 SYSTEMPATH/CodeIgniter.php(942): App\Controllers\Site_Controller->blog_mapurl()
 5 SYSTEMPATH/CodeIgniter.php(502): CodeIgniter\CodeIgniter->runController()
 6 SYSTEMPATH/CodeIgniter.php(361): CodeIgniter\CodeIgniter->handleRequest()
 7 FCPATH/index.php(79): CodeIgniter\CodeIgniter->run()
CRITICAL - 2024-09-24 10:45:35 --> Undefined array key "faq_blog_id"
in APPPATH/Controllers/Admin_Controller.php on line 1352.
 1 APPPATH/Controllers/Admin_Controller.php(1352): CodeIgniter\Debug\Exceptions->errorHandler()
 2 SYSTEMPATH/CodeIgniter.php(942): App\Controllers\Admin_Controller->faq_blog_delete()
 3 SYSTEMPATH/CodeIgniter.php(502): CodeIgniter\CodeIgniter->runController()
 4 SYSTEMPATH/CodeIgniter.php(361): CodeIgniter\CodeIgniter->handleRequest()
 5 FCPATH/index.php(79): CodeIgniter\CodeIgniter->run()
CRITICAL - 2024-09-24 10:46:01 --> Undefined array key "faq_blog_id"
in APPPATH/Controllers/Admin_Controller.php on line 1352.
 1 APPPATH/Controllers/Admin_Controller.php(1352): CodeIgniter\Debug\Exceptions->errorHandler()
 2 SYSTEMPATH/CodeIgniter.php(942): App\Controllers\Admin_Controller->faq_blog_delete()
 3 SYSTEMPATH/CodeIgniter.php(502): CodeIgniter\CodeIgniter->runController()
 4 SYSTEMPATH/CodeIgniter.php(361): CodeIgniter\CodeIgniter->handleRequest()
 5 FCPATH/index.php(79): CodeIgniter\CodeIgniter->run()
CRITICAL - 2024-09-24 17:15:53 --> Attempt to read property "blog_id" on null
in APPPATH/Models/Blog_Model.php on line 295.
 1 APPPATH/Models/Blog_Model.php(295): CodeIgniter\Debug\Exceptions->errorHandler()
 2 APPPATH/Controllers/Site_Controller.php(1366): App\Models\Blog_Model->single_details_blog()
 3 APPPATH/Controllers/Site_Controller.php(1349): App\Controllers\Site_Controller->blog_details()
 4 SYSTEMPATH/CodeIgniter.php(942): App\Controllers\Site_Controller->blog_mapurl()
 5 SYSTEMPATH/CodeIgniter.php(502): CodeIgniter\CodeIgniter->runController()
 6 SYSTEMPATH/CodeIgniter.php(361): CodeIgniter\CodeIgniter->handleRequest()
 7 FCPATH/index.php(79): CodeIgniter\CodeIgniter->run()
CRITICAL - 2024-09-24 17:29:49 --> Attempt to read property "blog_id" on null
in APPPATH/Models/Blog_Model.php on line 295.
 1 APPPATH/Models/Blog_Model.php(295): CodeIgniter\Debug\Exceptions->errorHandler()
 2 APPPATH/Controllers/Site_Controller.php(1366): App\Models\Blog_Model->single_details_blog()
 3 APPPATH/Controllers/Site_Controller.php(1349): App\Controllers\Site_Controller->blog_details()
 4 SYSTEMPATH/CodeIgniter.php(942): App\Controllers\Site_Controller->blog_mapurl()
 5 SYSTEMPATH/CodeIgniter.php(502): CodeIgniter\CodeIgniter->runController()
 6 SYSTEMPATH/CodeIgniter.php(361): CodeIgniter\CodeIgniter->handleRequest()
 7 FCPATH/index.php(79): CodeIgniter\CodeIgniter->run()
CRITICAL - 2024-09-24 17:30:01 --> Attempt to read property "blog_id" on null
in APPPATH/Models/Blog_Model.php on line 295.
 1 APPPATH/Models/Blog_Model.php(295): CodeIgniter\Debug\Exceptions->errorHandler()
 2 APPPATH/Controllers/Site_Controller.php(1366): App\Models\Blog_Model->single_details_blog()
 3 APPPATH/Controllers/Site_Controller.php(1349): App\Controllers\Site_Controller->blog_details()
 4 SYSTEMPATH/CodeIgniter.php(942): App\Controllers\Site_Controller->blog_mapurl()
 5 SYSTEMPATH/CodeIgniter.php(502): CodeIgniter\CodeIgniter->runController()
 6 SYSTEMPATH/CodeIgniter.php(361): CodeIgniter\CodeIgniter->handleRequest()
 7 FCPATH/index.php(79): CodeIgniter\CodeIgniter->run()
CRITICAL - 2024-09-24 17:30:30 --> Attempt to read property "blog_id" on null
in APPPATH/Models/Blog_Model.php on line 295.
 1 APPPATH/Models/Blog_Model.php(295): CodeIgniter\Debug\Exceptions->errorHandler()
 2 APPPATH/Controllers/Site_Controller.php(1366): App\Models\Blog_Model->single_details_blog()
 3 APPPATH/Controllers/Site_Controller.php(1349): App\Controllers\Site_Controller->blog_details()
 4 SYSTEMPATH/CodeIgniter.php(942): App\Controllers\Site_Controller->blog_mapurl()
 5 SYSTEMPATH/CodeIgniter.php(502): CodeIgniter\CodeIgniter->runController()
 6 SYSTEMPATH/CodeIgniter.php(361): CodeIgniter\CodeIgniter->handleRequest()
 7 FCPATH/index.php(79): CodeIgniter\CodeIgniter->run()
CRITICAL - 2024-09-24 17:54:55 --> Attempt to read property "blog_id" on null
in APPPATH/Models/Blog_Model.php on line 295.
 1 APPPATH/Models/Blog_Model.php(295): CodeIgniter\Debug\Exceptions->errorHandler()
 2 APPPATH/Controllers/Site_Controller.php(1366): App\Models\Blog_Model->single_details_blog()
 3 APPPATH/Controllers/Site_Controller.php(1349): App\Controllers\Site_Controller->blog_details()
 4 SYSTEMPATH/CodeIgniter.php(942): App\Controllers\Site_Controller->blog_mapurl()
 5 SYSTEMPATH/CodeIgniter.php(502): CodeIgniter\CodeIgniter->runController()
 6 SYSTEMPATH/CodeIgniter.php(361): CodeIgniter\CodeIgniter->handleRequest()
 7 FCPATH/index.php(79): CodeIgniter\CodeIgniter->run()
CRITICAL - 2024-09-24 20:54:29 --> Attempt to read property "blog_id" on null
in APPPATH/Models/Blog_Model.php on line 295.
 1 APPPATH/Models/Blog_Model.php(295): CodeIgniter\Debug\Exceptions->errorHandler()
 2 APPPATH/Controllers/Site_Controller.php(1366): App\Models\Blog_Model->single_details_blog()
 3 APPPATH/Controllers/Site_Controller.php(1349): App\Controllers\Site_Controller->blog_details()
 4 SYSTEMPATH/CodeIgniter.php(942): App\Controllers\Site_Controller->blog_mapurl()
 5 SYSTEMPATH/CodeIgniter.php(502): CodeIgniter\CodeIgniter->runController()
 6 SYSTEMPATH/CodeIgniter.php(361): CodeIgniter\CodeIgniter->handleRequest()
 7 FCPATH/index.php(79): CodeIgniter\CodeIgniter->run()
