CRITICAL - 2024-10-17 01:31:51 --> Trying to access array offset on value of type null
in APPPATH/Controllers/Site_Controller.php on line 1517.
 1 APPPATH/Controllers/Site_Controller.php(1517): CodeIgniter\Debug\Exceptions->errorHandler()
 2 APPPATH/Controllers/Site_Controller.php(1490): App\Controllers\Site_Controller->blog_details()
 3 SYSTEMPATH/CodeIgniter.php(942): App\Controllers\Site_Controller->blog_mapurl()
 4 SYSTEMPATH/CodeIgniter.php(502): CodeIgniter\CodeIgniter->runController()
 5 SYSTEMPATH/CodeIgniter.php(361): CodeIgniter\CodeIgniter->handleRequest()
 6 FCPATH/index.php(79): CodeIgniter\CodeIgniter->run()
CRITICAL - 2024-10-17 04:51:16 --> Attempt to read property "c_id" on null
in APPPATH/Controllers/Site_Controller.php on line 941.
 1 APPPATH/Controllers/Site_Controller.php(941): CodeIgniter\Debug\Exceptions->errorHandler()
 2 APPPATH/Controllers/Site_Controller.php(463): App\Controllers\Site_Controller->category_visedisplay_recipes()
 3 SYSTEMPATH/CodeIgniter.php(942): App\Controllers\Site_Controller->recipe_or_category()
 4 SYSTEMPATH/CodeIgniter.php(502): CodeIgniter\CodeIgniter->runController()
 5 SYSTEMPATH/CodeIgniter.php(361): CodeIgniter\CodeIgniter->handleRequest()
 6 FCPATH/index.php(79): CodeIgniter\CodeIgniter->run()
CRITICAL - 2024-10-17 15:47:20 --> Trying to access array offset on value of type null
in APPPATH/Controllers/Site_Controller.php on line 1517.
 1 APPPATH/Controllers/Site_Controller.php(1517): CodeIgniter\Debug\Exceptions->errorHandler()
 2 APPPATH/Controllers/Site_Controller.php(1490): App\Controllers\Site_Controller->blog_details()
 3 SYSTEMPATH/CodeIgniter.php(942): App\Controllers\Site_Controller->blog_mapurl()
 4 SYSTEMPATH/CodeIgniter.php(502): CodeIgniter\CodeIgniter->runController()
 5 SYSTEMPATH/CodeIgniter.php(361): CodeIgniter\CodeIgniter->handleRequest()
 6 FCPATH/index.php(79): CodeIgniter\CodeIgniter->run()
CRITICAL - 2024-10-17 15:51:40 --> Trying to access array offset on value of type null
in APPPATH/Controllers/Site_Controller.php on line 1517.
 1 APPPATH/Controllers/Site_Controller.php(1517): CodeIgniter\Debug\Exceptions->errorHandler()
 2 APPPATH/Controllers/Site_Controller.php(1490): App\Controllers\Site_Controller->blog_details()
 3 SYSTEMPATH/CodeIgniter.php(942): App\Controllers\Site_Controller->blog_mapurl()
 4 SYSTEMPATH/CodeIgniter.php(502): CodeIgniter\CodeIgniter->runController()
 5 SYSTEMPATH/CodeIgniter.php(361): CodeIgniter\CodeIgniter->handleRequest()
 6 FCPATH/index.php(79): CodeIgniter\CodeIgniter->run()
CRITICAL - 2024-10-17 17:12:08 --> Attempt to read property "c_id" on null
in APPPATH/Controllers/Site_Controller.php on line 941.
 1 APPPATH/Controllers/Site_Controller.php(941): CodeIgniter\Debug\Exceptions->errorHandler()
 2 APPPATH/Controllers/Site_Controller.php(463): App\Controllers\Site_Controller->category_visedisplay_recipes()
 3 SYSTEMPATH/CodeIgniter.php(942): App\Controllers\Site_Controller->recipe_or_category()
 4 SYSTEMPATH/CodeIgniter.php(502): CodeIgniter\CodeIgniter->runController()
 5 SYSTEMPATH/CodeIgniter.php(361): CodeIgniter\CodeIgniter->handleRequest()
 6 FCPATH/index.php(79): CodeIgniter\CodeIgniter->run()
CRITICAL - 2024-10-17 18:42:08 --> Trying to access array offset on value of type null
in APPPATH/Controllers/Site_Controller.php on line 1517.
 1 APPPATH/Controllers/Site_Controller.php(1517): CodeIgniter\Debug\Exceptions->errorHandler()
 2 APPPATH/Controllers/Site_Controller.php(1490): App\Controllers\Site_Controller->blog_details()
 3 SYSTEMPATH/CodeIgniter.php(942): App\Controllers\Site_Controller->blog_mapurl()
 4 SYSTEMPATH/CodeIgniter.php(502): CodeIgniter\CodeIgniter->runController()
 5 SYSTEMPATH/CodeIgniter.php(361): CodeIgniter\CodeIgniter->handleRequest()
 6 FCPATH/index.php(79): CodeIgniter\CodeIgniter->run()
CRITICAL - 2024-10-17 18:54:41 --> Trying to access array offset on value of type null
in APPPATH/Controllers/Site_Controller.php on line 1517.
 1 APPPATH/Controllers/Site_Controller.php(1517): CodeIgniter\Debug\Exceptions->errorHandler()
 2 APPPATH/Controllers/Site_Controller.php(1490): App\Controllers\Site_Controller->blog_details()
 3 SYSTEMPATH/CodeIgniter.php(942): App\Controllers\Site_Controller->blog_mapurl()
 4 SYSTEMPATH/CodeIgniter.php(502): CodeIgniter\CodeIgniter->runController()
 5 SYSTEMPATH/CodeIgniter.php(361): CodeIgniter\CodeIgniter->handleRequest()
 6 FCPATH/index.php(79): CodeIgniter\CodeIgniter->run()
CRITICAL - 2024-10-17 19:15:28 --> Trying to access array offset on value of type null
in APPPATH/Controllers/Site_Controller.php on line 1517.
 1 APPPATH/Controllers/Site_Controller.php(1517): CodeIgniter\Debug\Exceptions->errorHandler()
 2 APPPATH/Controllers/Site_Controller.php(1490): App\Controllers\Site_Controller->blog_details()
 3 SYSTEMPATH/CodeIgniter.php(942): App\Controllers\Site_Controller->blog_mapurl()
 4 SYSTEMPATH/CodeIgniter.php(502): CodeIgniter\CodeIgniter->runController()
 5 SYSTEMPATH/CodeIgniter.php(361): CodeIgniter\CodeIgniter->handleRequest()
 6 FCPATH/index.php(79): CodeIgniter\CodeIgniter->run()
CRITICAL - 2024-10-17 20:26:21 --> Trying to access array offset on value of type null
in APPPATH/Controllers/Site_Controller.php on line 1517.
 1 APPPATH/Controllers/Site_Controller.php(1517): CodeIgniter\Debug\Exceptions->errorHandler()
 2 APPPATH/Controllers/Site_Controller.php(1490): App\Controllers\Site_Controller->blog_details()
 3 SYSTEMPATH/CodeIgniter.php(942): App\Controllers\Site_Controller->blog_mapurl()
 4 SYSTEMPATH/CodeIgniter.php(502): CodeIgniter\CodeIgniter->runController()
 5 SYSTEMPATH/CodeIgniter.php(361): CodeIgniter\CodeIgniter->handleRequest()
 6 FCPATH/index.php(79): CodeIgniter\CodeIgniter->run()
CRITICAL - 2024-10-17 20:26:21 --> Trying to access array offset on value of type null
in APPPATH/Controllers/Site_Controller.php on line 1517.
 1 APPPATH/Controllers/Site_Controller.php(1517): CodeIgniter\Debug\Exceptions->errorHandler()
 2 APPPATH/Controllers/Site_Controller.php(1490): App\Controllers\Site_Controller->blog_details()
 3 SYSTEMPATH/CodeIgniter.php(942): App\Controllers\Site_Controller->blog_mapurl()
 4 SYSTEMPATH/CodeIgniter.php(502): CodeIgniter\CodeIgniter->runController()
 5 SYSTEMPATH/CodeIgniter.php(361): CodeIgniter\CodeIgniter->handleRequest()
 6 FCPATH/index.php(79): CodeIgniter\CodeIgniter->run()
CRITICAL - 2024-10-17 20:26:21 --> Trying to access array offset on value of type null
in APPPATH/Controllers/Site_Controller.php on line 1517.
 1 APPPATH/Controllers/Site_Controller.php(1517): CodeIgniter\Debug\Exceptions->errorHandler()
 2 APPPATH/Controllers/Site_Controller.php(1490): App\Controllers\Site_Controller->blog_details()
 3 SYSTEMPATH/CodeIgniter.php(942): App\Controllers\Site_Controller->blog_mapurl()
 4 SYSTEMPATH/CodeIgniter.php(502): CodeIgniter\CodeIgniter->runController()
 5 SYSTEMPATH/CodeIgniter.php(361): CodeIgniter\CodeIgniter->handleRequest()
 6 FCPATH/index.php(79): CodeIgniter\CodeIgniter->run()
CRITICAL - 2024-10-17 20:26:21 --> Trying to access array offset on value of type null
in APPPATH/Controllers/Site_Controller.php on line 1517.
 1 APPPATH/Controllers/Site_Controller.php(1517): CodeIgniter\Debug\Exceptions->errorHandler()
 2 APPPATH/Controllers/Site_Controller.php(1490): App\Controllers\Site_Controller->blog_details()
 3 SYSTEMPATH/CodeIgniter.php(942): App\Controllers\Site_Controller->blog_mapurl()
 4 SYSTEMPATH/CodeIgniter.php(502): CodeIgniter\CodeIgniter->runController()
 5 SYSTEMPATH/CodeIgniter.php(361): CodeIgniter\CodeIgniter->handleRequest()
 6 FCPATH/index.php(79): CodeIgniter\CodeIgniter->run()
CRITICAL - 2024-10-17 20:26:21 --> Trying to access array offset on value of type null
in APPPATH/Controllers/Site_Controller.php on line 1517.
 1 APPPATH/Controllers/Site_Controller.php(1517): CodeIgniter\Debug\Exceptions->errorHandler()
 2 APPPATH/Controllers/Site_Controller.php(1490): App\Controllers\Site_Controller->blog_details()
 3 SYSTEMPATH/CodeIgniter.php(942): App\Controllers\Site_Controller->blog_mapurl()
 4 SYSTEMPATH/CodeIgniter.php(502): CodeIgniter\CodeIgniter->runController()
 5 SYSTEMPATH/CodeIgniter.php(361): CodeIgniter\CodeIgniter->handleRequest()
 6 FCPATH/index.php(79): CodeIgniter\CodeIgniter->run()
