CRITICAL - 2024-05-07 06:57:47 --> Invalid file: "admin/layout.php"
in SYSTEMPATH\Exceptions\FrameworkException.php on line 39.
 1 SYSTEMPATH\View\View.php(216): CodeIgniter\Exceptions\FrameworkException::forInvalidFile('admin/layout.php')
 2 SYSTEMPATH\Common.php(1190): CodeIgniter\View\View->render('admin/layout', [], true)
 3 APPPATH\Controllers\Admin_Controller.php(42): view('admin/layout', [...])
 4 SYSTEMPATH\CodeIgniter.php(942): App\Controllers\Admin_Controller->login()
 5 SYSTEMPATH\CodeIgniter.php(502): CodeIgniter\CodeIgniter->runController(Object(App\Controllers\Admin_Controller))
 6 SYSTEMPATH\CodeIgniter.php(361): CodeIgniter\CodeIgniter->handleRequest(null, Object(Config\Cache), false)
 7 FCPATH\index.php(79): CodeIgniter\CodeIgniter->run()
CRITICAL - 2024-05-07 06:58:35 --> Invalid file: "admin/layout.php"
in SYSTEMPATH\Exceptions\FrameworkException.php on line 39.
 1 SYSTEMPATH\View\View.php(216): CodeIgniter\Exceptions\FrameworkException::forInvalidFile('admin/layout.php')
 2 SYSTEMPATH\Common.php(1190): CodeIgniter\View\View->render('admin/layout', [], true)
 3 APPPATH\Controllers\Admin_Controller.php(42): view('admin/layout', [...])
 4 SYSTEMPATH\CodeIgniter.php(942): App\Controllers\Admin_Controller->login()
 5 SYSTEMPATH\CodeIgniter.php(502): CodeIgniter\CodeIgniter->runController(Object(App\Controllers\Admin_Controller))
 6 SYSTEMPATH\CodeIgniter.php(361): CodeIgniter\CodeIgniter->handleRequest(null, Object(Config\Cache), false)
 7 FCPATH\index.php(79): CodeIgniter\CodeIgniter->run()
CRITICAL - 2024-05-07 06:59:07 --> Invalid file: "admin/layout.php"
in SYSTEMPATH\Exceptions\FrameworkException.php on line 39.
 1 SYSTEMPATH\View\View.php(216): CodeIgniter\Exceptions\FrameworkException::forInvalidFile('admin/layout.php')
 2 SYSTEMPATH\Common.php(1190): CodeIgniter\View\View->render('admin/layout', [], true)
 3 APPPATH\Controllers\Admin_Controller.php(42): view('admin/layout', [...])
 4 SYSTEMPATH\CodeIgniter.php(942): App\Controllers\Admin_Controller->login()
 5 SYSTEMPATH\CodeIgniter.php(502): CodeIgniter\CodeIgniter->runController(Object(App\Controllers\Admin_Controller))
 6 SYSTEMPATH\CodeIgniter.php(361): CodeIgniter\CodeIgniter->handleRequest(null, Object(Config\Cache), false)
 7 FCPATH\index.php(79): CodeIgniter\CodeIgniter->run()
CRITICAL - 2024-05-07 07:04:33 --> Undefined variable $route
in APPPATH\Config\Routes.php on line 21.
 1 APPPATH\Config\Routes.php(21): CodeIgniter\Debug\Exceptions->errorHandler(2, 'Undefined variable $route', 'C:\\xampp\\htdocs\\ci4\\gruballergy\\app\\Config\\Routes.php', 21)
 2 SYSTEMPATH\Router\RouteCollection.php(344): require('C:\\xampp\\htdocs\\ci4\\gruballergy\\app\\Config\\Routes.php')
 3 SYSTEMPATH\CodeIgniter.php(810): CodeIgniter\Router\RouteCollection->loadRoutes()
 4 SYSTEMPATH\CodeIgniter.php(450): CodeIgniter\CodeIgniter->tryToRouteIt(null)
 5 SYSTEMPATH\CodeIgniter.php(361): CodeIgniter\CodeIgniter->handleRequest(null, Object(Config\Cache), false)
 6 FCPATH\index.php(79): CodeIgniter\CodeIgniter->run()
CRITICAL - 2024-05-07 09:57:59 --> Trying to access array offset on value of type bool
in APPPATH\Controllers\Admin_Controller.php on line 62.
 1 APPPATH\Controllers\Admin_Controller.php(62): CodeIgniter\Debug\Exceptions->errorHandler(2, 'Trying to access array offset on value of type bool', 'C:\\xampp\\htdocs\\ci4\\gruballergy\\app\\Controllers\\Admin_Controller.php', 62)
 2 SYSTEMPATH\CodeIgniter.php(942): App\Controllers\Admin_Controller->login_logic()
 3 SYSTEMPATH\CodeIgniter.php(502): CodeIgniter\CodeIgniter->runController(Object(App\Controllers\Admin_Controller))
 4 SYSTEMPATH\CodeIgniter.php(361): CodeIgniter\CodeIgniter->handleRequest(null, Object(Config\Cache), false)
 5 FCPATH\index.php(79): CodeIgniter\CodeIgniter->run()
CRITICAL - 2024-05-07 09:58:11 --> Trying to access array offset on value of type bool
in APPPATH\Controllers\Admin_Controller.php on line 62.
 1 APPPATH\Controllers\Admin_Controller.php(62): CodeIgniter\Debug\Exceptions->errorHandler(2, 'Trying to access array offset on value of type bool', 'C:\\xampp\\htdocs\\ci4\\gruballergy\\app\\Controllers\\Admin_Controller.php', 62)
 2 SYSTEMPATH\CodeIgniter.php(942): App\Controllers\Admin_Controller->login_logic()
 3 SYSTEMPATH\CodeIgniter.php(502): CodeIgniter\CodeIgniter->runController(Object(App\Controllers\Admin_Controller))
 4 SYSTEMPATH\CodeIgniter.php(361): CodeIgniter\CodeIgniter->handleRequest(null, Object(Config\Cache), false)
 5 FCPATH\index.php(79): CodeIgniter\CodeIgniter->run()
CRITICAL - 2024-05-07 10:00:00 --> Trying to access array offset on value of type bool
in APPPATH\Controllers\Admin_Controller.php on line 62.
 1 APPPATH\Controllers\Admin_Controller.php(62): CodeIgniter\Debug\Exceptions->errorHandler(2, 'Trying to access array offset on value of type bool', 'C:\\xampp\\htdocs\\ci4\\gruballergy\\app\\Controllers\\Admin_Controller.php', 62)
 2 SYSTEMPATH\CodeIgniter.php(942): App\Controllers\Admin_Controller->login_logic()
 3 SYSTEMPATH\CodeIgniter.php(502): CodeIgniter\CodeIgniter->runController(Object(App\Controllers\Admin_Controller))
 4 SYSTEMPATH\CodeIgniter.php(361): CodeIgniter\CodeIgniter->handleRequest(null, Object(Config\Cache), false)
 5 FCPATH\index.php(79): CodeIgniter\CodeIgniter->run()
CRITICAL - 2024-05-07 11:52:57 --> Undefined variable $base_url
in APPPATH\Views\admin\admin_login.php on line 37.
 1 APPPATH\Views\admin\admin_login.php(37): CodeIgniter\Debug\Exceptions->errorHandler(2, 'Undefined variable $base_url', 'C:\\xampp\\htdocs\\ci4\\gruballergy\\app\\Views\\admin\\admin_login.php', 37)
 2 SYSTEMPATH\View\View.php(228): include('C:\\xampp\\htdocs\\ci4\\gruballergy\\app\\Views\\admin\\admin_login.php')
 3 SYSTEMPATH\View\View.php(231): CodeIgniter\View\View->CodeIgniter\View\{closure}()
 4 SYSTEMPATH\Common.php(1190): CodeIgniter\View\View->render('admin/admin_login', [], true)
 5 APPPATH\Controllers\Admin_Controller.php(40): view('admin/admin_login')
 6 SYSTEMPATH\CodeIgniter.php(942): App\Controllers\Admin_Controller->login()
 7 SYSTEMPATH\CodeIgniter.php(502): CodeIgniter\CodeIgniter->runController(Object(App\Controllers\Admin_Controller))
 8 SYSTEMPATH\CodeIgniter.php(361): CodeIgniter\CodeIgniter->handleRequest(null, Object(Config\Cache), false)
 9 FCPATH\index.php(79): CodeIgniter\CodeIgniter->run()
CRITICAL - 2024-05-07 13:41:19 --> Undefined variable $base_url
in APPPATH\Views\admin\admin_header.php on line 5.
 1 APPPATH\Views\admin\admin_header.php(5): CodeIgniter\Debug\Exceptions->errorHandler(2, 'Undefined variable $base_url', 'C:\\xampp\\htdocs\\ci4\\gruballergy\\app\\Views\\admin\\admin_header.php', 5)
 2 APPPATH\Views\admin\admin_layout.php(4): include('C:\\xampp\\htdocs\\ci4\\gruballergy\\app\\Views\\admin\\admin_header.php')
 3 SYSTEMPATH\View\View.php(228): include('C:\\xampp\\htdocs\\ci4\\gruballergy\\app\\Views\\admin\\admin_layout.php')
 4 SYSTEMPATH\View\View.php(231): CodeIgniter\View\View->CodeIgniter\View\{closure}()
 5 SYSTEMPATH\Common.php(1190): CodeIgniter\View\View->render('admin/admin_layout', [], true)
 6 APPPATH\Controllers\Admin_Controller.php(139): view('admin/admin_layout', [...])
 7 SYSTEMPATH\CodeIgniter.php(942): App\Controllers\Admin_Controller->admin()
 8 SYSTEMPATH\CodeIgniter.php(502): CodeIgniter\CodeIgniter->runController(Object(App\Controllers\Admin_Controller))
 9 SYSTEMPATH\CodeIgniter.php(361): CodeIgniter\CodeIgniter->handleRequest(null, Object(Config\Cache), false)
10 FCPATH\index.php(79): CodeIgniter\CodeIgniter->run()
CRITICAL - 2024-05-07 13:44:35 --> Undefined variable $base_url
in APPPATH\Views\admin\admin_header.php on line 5.
 1 APPPATH\Views\admin\admin_header.php(5): CodeIgniter\Debug\Exceptions->errorHandler(2, 'Undefined variable $base_url', 'C:\\xampp\\htdocs\\ci4\\gruballergy\\app\\Views\\admin\\admin_header.php', 5)
 2 APPPATH\Views\admin\admin_layout.php(4): include('C:\\xampp\\htdocs\\ci4\\gruballergy\\app\\Views\\admin\\admin_header.php')
 3 SYSTEMPATH\View\View.php(228): include('C:\\xampp\\htdocs\\ci4\\gruballergy\\app\\Views\\admin\\admin_layout.php')
 4 SYSTEMPATH\View\View.php(231): CodeIgniter\View\View->CodeIgniter\View\{closure}()
 5 SYSTEMPATH\Common.php(1190): CodeIgniter\View\View->render('admin/admin_layout', [], true)
 6 APPPATH\Controllers\Admin_Controller.php(139): view('admin/admin_layout', [...])
 7 SYSTEMPATH\CodeIgniter.php(942): App\Controllers\Admin_Controller->admin()
 8 SYSTEMPATH\CodeIgniter.php(502): CodeIgniter\CodeIgniter->runController(Object(App\Controllers\Admin_Controller))
 9 SYSTEMPATH\CodeIgniter.php(361): CodeIgniter\CodeIgniter->handleRequest(null, Object(Config\Cache), false)
10 FCPATH\index.php(79): CodeIgniter\CodeIgniter->run()
CRITICAL - 2024-05-07 16:50:23 --> Undefined variable $val
in APPPATH\Views\admin\admin_home.php on line 105.
 1 APPPATH\Views\admin\admin_home.php(105): CodeIgniter\Debug\Exceptions->errorHandler(2, 'Undefined variable $val', 'C:\\xampp\\htdocs\\ci4\\gruballergy\\app\\Views\\admin\\admin_home.php', 105)
 2 SYSTEMPATH\View\View.php(228): include('C:\\xampp\\htdocs\\ci4\\gruballergy\\app\\Views\\admin\\admin_home.php')
 3 SYSTEMPATH\View\View.php(231): CodeIgniter\View\View->CodeIgniter\View\{closure}()
 4 SYSTEMPATH\Common.php(1190): CodeIgniter\View\View->render('admin/admin_home', [], true)
 5 APPPATH\Views\admin\admin_layout.php(9): view('admin/admin_home')
 6 SYSTEMPATH\View\View.php(228): include('C:\\xampp\\htdocs\\ci4\\gruballergy\\app\\Views\\admin\\admin_layout.php')
 7 SYSTEMPATH\View\View.php(231): CodeIgniter\View\View->CodeIgniter\View\{closure}()
 8 SYSTEMPATH\Common.php(1190): CodeIgniter\View\View->render('admin/admin_layout', [], true)
 9 APPPATH\Controllers\Admin_Controller.php(139): view('admin/admin_layout', [...])
10 SYSTEMPATH\CodeIgniter.php(942): App\Controllers\Admin_Controller->admin()
11 SYSTEMPATH\CodeIgniter.php(502): CodeIgniter\CodeIgniter->runController(Object(App\Controllers\Admin_Controller))
12 SYSTEMPATH\CodeIgniter.php(361): CodeIgniter\CodeIgniter->handleRequest(null, Object(Config\Cache), false)
13 FCPATH\index.php(79): CodeIgniter\CodeIgniter->run()
CRITICAL - 2024-05-07 17:52:03 --> Invalid file: "login.php"
in SYSTEMPATH\Exceptions\FrameworkException.php on line 39.
 1 SYSTEMPATH\View\View.php(216): CodeIgniter\Exceptions\FrameworkException::forInvalidFile('login.php')
 2 SYSTEMPATH\Common.php(1190): CodeIgniter\View\View->render('login', [], true)
 3 APPPATH\Controllers\Admin_Controller.php(72): view('login')
 4 SYSTEMPATH\CodeIgniter.php(942): App\Controllers\Admin_Controller->login_logic()
 5 SYSTEMPATH\CodeIgniter.php(502): CodeIgniter\CodeIgniter->runController(Object(App\Controllers\Admin_Controller))
 6 SYSTEMPATH\CodeIgniter.php(361): CodeIgniter\CodeIgniter->handleRequest(null, Object(Config\Cache), false)
 7 FCPATH\index.php(79): CodeIgniter\CodeIgniter->run()
