CRITICAL - 2024-08-21 12:31:39 --> CodeIgniter\Database\BaseBuilder::whereIn(): Argument #1 ($key) must be of type ?string, array given, called in /home/u582998483/domains/hostdemo.co.in/public_html/gruballergy/app/Models/Category_Model.php on line 156
in SYSTEMPATH/Database/BaseBuilder.php on line 824.
 1 APPPATH/Models/Category_Model.php(156): CodeIgniter\Database\BaseBuilder->whereIn()
 2 APPPATH/Controllers/Site_Controller.php(231): App\Models\Category_Model->homepage_section_category()
 3 SYSTEMPATH/CodeIgniter.php(942): App\Controllers\Site_Controller->site_home()
 4 SYSTEMPATH/CodeIgniter.php(502): CodeIgniter\CodeIgniter->runController()
 5 SYSTEMPATH/CodeIgniter.php(361): CodeIgniter\CodeIgniter->handleRequest()
 6 FCPATH/index.php(79): CodeIgniter\CodeIgniter->run()
CRITICAL - 2024-08-21 12:33:22 --> syntax error, unexpected token ")", expecting variable or "{" or "$"
in APPPATH/Views/site/home_page.php on line 568.
 1 SYSTEMPATH/View/View.php(231): CodeIgniter\View\View->CodeIgniter\View\{closure}()
 2 SYSTEMPATH/Common.php(1190): CodeIgniter\View\View->render()
 3 APPPATH/Views/site/layout.php(7): view()
 4 SYSTEMPATH/View/View.php(228): include('/home/u582998483/domains/hostdemo.co.in/public_html/gruballergy/app/Views/site/layout.php')
 5 SYSTEMPATH/View/View.php(231): CodeIgniter\View\View->CodeIgniter\View\{closure}()
 6 SYSTEMPATH/Common.php(1190): CodeIgniter\View\View->render()
 7 APPPATH/Controllers/Site_Controller.php(272): view()
 8 SYSTEMPATH/CodeIgniter.php(942): App\Controllers\Site_Controller->site_home()
 9 SYSTEMPATH/CodeIgniter.php(502): CodeIgniter\CodeIgniter->runController()
10 SYSTEMPATH/CodeIgniter.php(361): CodeIgniter\CodeIgniter->handleRequest()
11 FCPATH/index.php(79): CodeIgniter\CodeIgniter->run()
CRITICAL - 2024-08-21 12:35:53 --> Attempt to read property "c_name" on array
in APPPATH/Views/site/home_page.php on line 590.
 1 APPPATH/Views/site/home_page.php(590): CodeIgniter\Debug\Exceptions->errorHandler()
 2 SYSTEMPATH/View/View.php(228): include('/home/u582998483/domains/hostdemo.co.in/public_html/gruballergy/app/Views/site/home_page.php')
 3 SYSTEMPATH/View/View.php(231): CodeIgniter\View\View->CodeIgniter\View\{closure}()
 4 SYSTEMPATH/Common.php(1190): CodeIgniter\View\View->render()
 5 APPPATH/Views/site/layout.php(7): view()
 6 SYSTEMPATH/View/View.php(228): include('/home/u582998483/domains/hostdemo.co.in/public_html/gruballergy/app/Views/site/layout.php')
 7 SYSTEMPATH/View/View.php(231): CodeIgniter\View\View->CodeIgniter\View\{closure}()
 8 SYSTEMPATH/Common.php(1190): CodeIgniter\View\View->render()
 9 APPPATH/Controllers/Site_Controller.php(272): view()
10 SYSTEMPATH/CodeIgniter.php(942): App\Controllers\Site_Controller->site_home()
11 SYSTEMPATH/CodeIgniter.php(502): CodeIgniter\CodeIgniter->runController()
12 SYSTEMPATH/CodeIgniter.php(361): CodeIgniter\CodeIgniter->handleRequest()
13 FCPATH/index.php(79): CodeIgniter\CodeIgniter->run()
ERROR - 2024-08-21 14:45:21 --> mysqli_sql_exception: Not unique table/alias: 'category' in /home/u582998483/domains/hostdemo.co.in/public_html/gruballergy/system/Database/MySQLi/Connection.php:306
Stack trace:
#0 /home/u582998483/domains/hostdemo.co.in/public_html/gruballergy/system/Database/MySQLi/Connection.php(306): mysqli->query()
#1 /home/u582998483/domains/hostdemo.co.in/public_html/gruballergy/system/Database/BaseConnection.php(693): CodeIgniter\Database\MySQLi\Connection->execute()
#2 /home/u582998483/domains/hostdemo.co.in/public_html/gruballergy/system/Database/BaseConnection.php(607): CodeIgniter\Database\BaseConnection->simpleQuery()
#3 /home/u582998483/domains/hostdemo.co.in/public_html/gruballergy/system/Database/BaseBuilder.php(1699): CodeIgniter\Database\BaseConnection->query()
#4 /home/u582998483/domains/hostdemo.co.in/public_html/gruballergy/app/Models/Recipes_Model.php(424): CodeIgniter\Database\BaseBuilder->countAllResults()
#5 /home/u582998483/domains/hostdemo.co.in/public_html/gruballergy/app/Controllers/Site_Controller.php(485): App\Models\Recipes_Model->getrecipes_data_categoryvise()
#6 /home/u582998483/domains/hostdemo.co.in/public_html/gruballergy/app/Controllers/Site_Controller.php(1058): App\Controllers\Site_Controller->category_visedisplay_recipes()
#7 /home/u582998483/domains/hostdemo.co.in/public_html/gruballergy/system/CodeIgniter.php(942): App\Controllers\Site_Controller->all_urls()
#8 /home/u582998483/domains/hostdemo.co.in/public_html/gruballergy/system/CodeIgniter.php(502): CodeIgniter\CodeIgniter->runController()
#9 /home/u582998483/domains/hostdemo.co.in/public_html/gruballergy/system/CodeIgniter.php(361): CodeIgniter\CodeIgniter->handleRequest()
#10 /home/u582998483/domains/hostdemo.co.in/public_html/gruballergy/index.php(79): CodeIgniter\CodeIgniter->run()
#11 {main}
CRITICAL - 2024-08-21 14:45:21 --> Not unique table/alias: 'category'
in SYSTEMPATH/Database/BaseConnection.php on line 647.
 1 SYSTEMPATH/Database/BaseBuilder.php(1699): CodeIgniter\Database\BaseConnection->query()
 2 APPPATH/Models/Recipes_Model.php(424): CodeIgniter\Database\BaseBuilder->countAllResults()
 3 APPPATH/Controllers/Site_Controller.php(485): App\Models\Recipes_Model->getrecipes_data_categoryvise()
 4 APPPATH/Controllers/Site_Controller.php(1058): App\Controllers\Site_Controller->category_visedisplay_recipes()
 5 SYSTEMPATH/CodeIgniter.php(942): App\Controllers\Site_Controller->all_urls()
 6 SYSTEMPATH/CodeIgniter.php(502): CodeIgniter\CodeIgniter->runController()
 7 SYSTEMPATH/CodeIgniter.php(361): CodeIgniter\CodeIgniter->handleRequest()
 8 FCPATH/index.php(79): CodeIgniter\CodeIgniter->run()
CRITICAL - 2024-08-21 15:35:27 --> Attempt to read property "c_id" on array
in APPPATH/Controllers/Site_Controller.php on line 476.
 1 APPPATH/Controllers/Site_Controller.php(476): CodeIgniter\Debug\Exceptions->errorHandler()
 2 APPPATH/Controllers/Site_Controller.php(1058): App\Controllers\Site_Controller->category_visedisplay_recipes()
 3 SYSTEMPATH/CodeIgniter.php(942): App\Controllers\Site_Controller->all_urls()
 4 SYSTEMPATH/CodeIgniter.php(502): CodeIgniter\CodeIgniter->runController()
 5 SYSTEMPATH/CodeIgniter.php(361): CodeIgniter\CodeIgniter->handleRequest()
 6 FCPATH/index.php(79): CodeIgniter\CodeIgniter->run()
CRITICAL - 2024-08-21 15:35:56 --> Attempt to read property "c_id" on array
in APPPATH/Controllers/Site_Controller.php on line 476.
 1 APPPATH/Controllers/Site_Controller.php(476): CodeIgniter\Debug\Exceptions->errorHandler()
 2 APPPATH/Controllers/Site_Controller.php(1058): App\Controllers\Site_Controller->category_visedisplay_recipes()
 3 SYSTEMPATH/CodeIgniter.php(942): App\Controllers\Site_Controller->all_urls()
 4 SYSTEMPATH/CodeIgniter.php(502): CodeIgniter\CodeIgniter->runController()
 5 SYSTEMPATH/CodeIgniter.php(361): CodeIgniter\CodeIgniter->handleRequest()
 6 FCPATH/index.php(79): CodeIgniter\CodeIgniter->run()
CRITICAL - 2024-08-21 15:54:05 --> Undefined variable $db
in APPPATH/Models/Recipes_Model.php on line 448.
 1 APPPATH/Models/Recipes_Model.php(448): CodeIgniter\Debug\Exceptions->errorHandler()
 2 APPPATH/Controllers/Site_Controller.php(486): App\Models\Recipes_Model->getrecipes_data_categoryvise()
 3 APPPATH/Controllers/Site_Controller.php(1059): App\Controllers\Site_Controller->category_visedisplay_recipes()
 4 SYSTEMPATH/CodeIgniter.php(942): App\Controllers\Site_Controller->all_urls()
 5 SYSTEMPATH/CodeIgniter.php(502): CodeIgniter\CodeIgniter->runController()
 6 SYSTEMPATH/CodeIgniter.php(361): CodeIgniter\CodeIgniter->handleRequest()
 7 FCPATH/index.php(79): CodeIgniter\CodeIgniter->run()
CRITICAL - 2024-08-21 15:54:54 --> Call to undefined method CodeIgniter\Database\MySQLi\Builder::getResultArray()
in APPPATH/Models/Recipes_Model.php on line 457.
 1 APPPATH/Controllers/Site_Controller.php(486): App\Models\Recipes_Model->getrecipes_data_categoryvise()
 2 APPPATH/Controllers/Site_Controller.php(1059): App\Controllers\Site_Controller->category_visedisplay_recipes()
 3 SYSTEMPATH/CodeIgniter.php(942): App\Controllers\Site_Controller->all_urls()
 4 SYSTEMPATH/CodeIgniter.php(502): CodeIgniter\CodeIgniter->runController()
 5 SYSTEMPATH/CodeIgniter.php(361): CodeIgniter\CodeIgniter->handleRequest()
 6 FCPATH/index.php(79): CodeIgniter\CodeIgniter->run()
CRITICAL - 2024-08-21 15:56:16 --> Call to undefined method App\Models\Recipes_Model::getrecipes_data_categoryvise
in SYSTEMPATH/Model.php on line 873.
 1 APPPATH/Controllers/Site_Controller.php(486): CodeIgniter\Model->__call()
 2 APPPATH/Controllers/Site_Controller.php(1059): App\Controllers\Site_Controller->category_visedisplay_recipes()
 3 SYSTEMPATH/CodeIgniter.php(942): App\Controllers\Site_Controller->all_urls()
 4 SYSTEMPATH/CodeIgniter.php(502): CodeIgniter\CodeIgniter->runController()
 5 SYSTEMPATH/CodeIgniter.php(361): CodeIgniter\CodeIgniter->handleRequest()
 6 FCPATH/index.php(79): CodeIgniter\CodeIgniter->run()
CRITICAL - 2024-08-21 15:56:17 --> Call to undefined method App\Models\Recipes_Model::getrecipes_data_categoryvise
in SYSTEMPATH/Model.php on line 873.
 1 APPPATH/Controllers/Site_Controller.php(486): CodeIgniter\Model->__call()
 2 APPPATH/Controllers/Site_Controller.php(1059): App\Controllers\Site_Controller->category_visedisplay_recipes()
 3 SYSTEMPATH/CodeIgniter.php(942): App\Controllers\Site_Controller->all_urls()
 4 SYSTEMPATH/CodeIgniter.php(502): CodeIgniter\CodeIgniter->runController()
 5 SYSTEMPATH/CodeIgniter.php(361): CodeIgniter\CodeIgniter->handleRequest()
 6 FCPATH/index.php(79): CodeIgniter\CodeIgniter->run()
CRITICAL - 2024-08-21 15:57:49 --> Call to undefined method App\Models\Recipes_Model::getrecipes_data_categoryvise
in SYSTEMPATH/Model.php on line 873.
 1 APPPATH/Controllers/Site_Controller.php(486): CodeIgniter\Model->__call()
 2 APPPATH/Controllers/Site_Controller.php(1059): App\Controllers\Site_Controller->category_visedisplay_recipes()
 3 SYSTEMPATH/CodeIgniter.php(942): App\Controllers\Site_Controller->all_urls()
 4 SYSTEMPATH/CodeIgniter.php(502): CodeIgniter\CodeIgniter->runController()
 5 SYSTEMPATH/CodeIgniter.php(361): CodeIgniter\CodeIgniter->handleRequest()
 6 FCPATH/index.php(79): CodeIgniter\CodeIgniter->run()
CRITICAL - 2024-08-21 15:57:50 --> Call to undefined method App\Models\Recipes_Model::getrecipes_data_categoryvise
in SYSTEMPATH/Model.php on line 873.
 1 APPPATH/Controllers/Site_Controller.php(486): CodeIgniter\Model->__call()
 2 APPPATH/Controllers/Site_Controller.php(1059): App\Controllers\Site_Controller->category_visedisplay_recipes()
 3 SYSTEMPATH/CodeIgniter.php(942): App\Controllers\Site_Controller->all_urls()
 4 SYSTEMPATH/CodeIgniter.php(502): CodeIgniter\CodeIgniter->runController()
 5 SYSTEMPATH/CodeIgniter.php(361): CodeIgniter\CodeIgniter->handleRequest()
 6 FCPATH/index.php(79): CodeIgniter\CodeIgniter->run()
CRITICAL - 2024-08-21 15:59:48 --> Call to undefined method App\Models\Recipes_Model::getrecipes_data_categoryvise
in SYSTEMPATH/Model.php on line 873.
 1 APPPATH/Controllers/Site_Controller.php(486): CodeIgniter\Model->__call()
 2 APPPATH/Controllers/Site_Controller.php(1059): App\Controllers\Site_Controller->category_visedisplay_recipes()
 3 SYSTEMPATH/CodeIgniter.php(942): App\Controllers\Site_Controller->all_urls()
 4 SYSTEMPATH/CodeIgniter.php(502): CodeIgniter\CodeIgniter->runController()
 5 SYSTEMPATH/CodeIgniter.php(361): CodeIgniter\CodeIgniter->handleRequest()
 6 FCPATH/index.php(79): CodeIgniter\CodeIgniter->run()
CRITICAL - 2024-08-21 15:59:54 --> syntax error, unexpected identifier "recipes"
in APPPATH/Models/Recipes_Model.php on line 448.
 1 SYSTEMPATH/Autoloader/Autoloader.php(291): CodeIgniter\Autoloader\Autoloader->includeFile()
 2 SYSTEMPATH/Autoloader/Autoloader.php(269): CodeIgniter\Autoloader\Autoloader->loadInNamespace()
 3 APPPATH/Controllers/Site_Controller.php(84): CodeIgniter\Autoloader\Autoloader->loadClass()
 4 SYSTEMPATH/CodeIgniter.php(914): App\Controllers\Site_Controller->__construct()
 5 SYSTEMPATH/CodeIgniter.php(493): CodeIgniter\CodeIgniter->createController()
 6 SYSTEMPATH/CodeIgniter.php(361): CodeIgniter\CodeIgniter->handleRequest()
 7 FCPATH/index.php(79): CodeIgniter\CodeIgniter->run()
CRITICAL - 2024-08-21 16:00:11 --> Call to undefined method App\Models\Recipes_Model::getrecipes_data_categoryvise
in SYSTEMPATH/Model.php on line 873.
 1 APPPATH/Controllers/Site_Controller.php(486): CodeIgniter\Model->__call()
 2 APPPATH/Controllers/Site_Controller.php(1059): App\Controllers\Site_Controller->category_visedisplay_recipes()
 3 SYSTEMPATH/CodeIgniter.php(942): App\Controllers\Site_Controller->all_urls()
 4 SYSTEMPATH/CodeIgniter.php(502): CodeIgniter\CodeIgniter->runController()
 5 SYSTEMPATH/CodeIgniter.php(361): CodeIgniter\CodeIgniter->handleRequest()
 6 FCPATH/index.php(79): CodeIgniter\CodeIgniter->run()
CRITICAL - 2024-08-21 16:00:48 --> Undefined array key "allcategoryise_recipe_desending"
in APPPATH/Controllers/Site_Controller.php on line 487.
 1 APPPATH/Controllers/Site_Controller.php(487): CodeIgniter\Debug\Exceptions->errorHandler()
 2 APPPATH/Controllers/Site_Controller.php(1059): App\Controllers\Site_Controller->category_visedisplay_recipes()
 3 SYSTEMPATH/CodeIgniter.php(942): App\Controllers\Site_Controller->all_urls()
 4 SYSTEMPATH/CodeIgniter.php(502): CodeIgniter\CodeIgniter->runController()
 5 SYSTEMPATH/CodeIgniter.php(361): CodeIgniter\CodeIgniter->handleRequest()
 6 FCPATH/index.php(79): CodeIgniter\CodeIgniter->run()
CRITICAL - 2024-08-21 16:01:38 --> Undefined array key "allcategoryise_recipe_desending"
in APPPATH/Controllers/Site_Controller.php on line 487.
 1 APPPATH/Controllers/Site_Controller.php(487): CodeIgniter\Debug\Exceptions->errorHandler()
 2 APPPATH/Controllers/Site_Controller.php(1059): App\Controllers\Site_Controller->category_visedisplay_recipes()
 3 SYSTEMPATH/CodeIgniter.php(942): App\Controllers\Site_Controller->all_urls()
 4 SYSTEMPATH/CodeIgniter.php(502): CodeIgniter\CodeIgniter->runController()
 5 SYSTEMPATH/CodeIgniter.php(361): CodeIgniter\CodeIgniter->handleRequest()
 6 FCPATH/index.php(79): CodeIgniter\CodeIgniter->run()
CRITICAL - 2024-08-21 16:10:45 --> Call to undefined method App\Models\Recipes_Model::getrecipes_data_categoryvise
in SYSTEMPATH/Model.php on line 873.
 1 APPPATH/Controllers/Site_Controller.php(486): CodeIgniter\Model->__call()
 2 APPPATH/Controllers/Site_Controller.php(1060): App\Controllers\Site_Controller->category_visedisplay_recipes()
 3 SYSTEMPATH/CodeIgniter.php(942): App\Controllers\Site_Controller->all_urls()
 4 SYSTEMPATH/CodeIgniter.php(502): CodeIgniter\CodeIgniter->runController()
 5 SYSTEMPATH/CodeIgniter.php(361): CodeIgniter\CodeIgniter->handleRequest()
 6 FCPATH/index.php(79): CodeIgniter\CodeIgniter->run()
CRITICAL - 2024-08-21 16:56:13 --> Call to a member function getVar() on null
in APPPATH/Models/Recipes_Model.php on line 504.
 1 APPPATH/Controllers/Site_Controller.php(486): App\Models\Recipes_Model->getrecipes_data_categoryvise()
 2 APPPATH/Controllers/Site_Controller.php(1059): App\Controllers\Site_Controller->category_visedisplay_recipes()
 3 SYSTEMPATH/CodeIgniter.php(942): App\Controllers\Site_Controller->all_urls()
 4 SYSTEMPATH/CodeIgniter.php(502): CodeIgniter\CodeIgniter->runController()
 5 SYSTEMPATH/CodeIgniter.php(361): CodeIgniter\CodeIgniter->handleRequest()
 6 FCPATH/index.php(79): CodeIgniter\CodeIgniter->run()
CRITICAL - 2024-08-21 16:57:39 --> Call to a member function getVar() on string
in APPPATH/Models/Recipes_Model.php on line 494.
 1 APPPATH/Controllers/Site_Controller.php(486): App\Models\Recipes_Model->getrecipes_data_categoryvise()
 2 APPPATH/Controllers/Site_Controller.php(1059): App\Controllers\Site_Controller->category_visedisplay_recipes()
 3 SYSTEMPATH/CodeIgniter.php(942): App\Controllers\Site_Controller->all_urls()
 4 SYSTEMPATH/CodeIgniter.php(502): CodeIgniter\CodeIgniter->runController()
 5 SYSTEMPATH/CodeIgniter.php(361): CodeIgniter\CodeIgniter->handleRequest()
 6 FCPATH/index.php(79): CodeIgniter\CodeIgniter->run()
CRITICAL - 2024-08-21 16:57:49 --> Call to a member function getVar() on string
in APPPATH/Models/Recipes_Model.php on line 494.
 1 APPPATH/Controllers/Site_Controller.php(486): App\Models\Recipes_Model->getrecipes_data_categoryvise()
 2 APPPATH/Controllers/Site_Controller.php(1059): App\Controllers\Site_Controller->category_visedisplay_recipes()
 3 SYSTEMPATH/CodeIgniter.php(942): App\Controllers\Site_Controller->all_urls()
 4 SYSTEMPATH/CodeIgniter.php(502): CodeIgniter\CodeIgniter->runController()
 5 SYSTEMPATH/CodeIgniter.php(361): CodeIgniter\CodeIgniter->handleRequest()
 6 FCPATH/index.php(79): CodeIgniter\CodeIgniter->run()
CRITICAL - 2024-08-21 17:25:25 --> Cannot redeclare App\Models\Recipes_Model::getrecipes_data_categoryvise()
in APPPATH/Models/Recipes_Model.php on line 468.
 1 [internal function]: CodeIgniter\Debug\Exceptions->shutdownHandler()
CRITICAL - 2024-08-21 17:25:27 --> Cannot redeclare App\Models\Recipes_Model::getrecipes_data_categoryvise()
in APPPATH/Models/Recipes_Model.php on line 468.
 1 [internal function]: CodeIgniter\Debug\Exceptions->shutdownHandler()
CRITICAL - 2024-08-21 17:26:54 --> Cannot redeclare App\Models\Recipes_Model::getrecipes_data_categoryvise()
in APPPATH/Models/Recipes_Model.php on line 468.
 1 [internal function]: CodeIgniter\Debug\Exceptions->shutdownHandler()
CRITICAL - 2024-08-21 17:27:20 --> Call to undefined method CodeIgniter\Database\MySQLi\Result::countAllResults()
in APPPATH/Models/Recipes_Model.php on line 487.
 1 APPPATH/Controllers/Site_Controller.php(485): App\Models\Recipes_Model->getrecipes_data_categoryvise()
 2 APPPATH/Controllers/Site_Controller.php(1058): App\Controllers\Site_Controller->category_visedisplay_recipes()
 3 SYSTEMPATH/CodeIgniter.php(942): App\Controllers\Site_Controller->all_urls()
 4 SYSTEMPATH/CodeIgniter.php(502): CodeIgniter\CodeIgniter->runController()
 5 SYSTEMPATH/CodeIgniter.php(361): CodeIgniter\CodeIgniter->handleRequest()
 6 FCPATH/index.php(79): CodeIgniter\CodeIgniter->run()
CRITICAL - 2024-08-21 17:31:10 --> Call to a member function getTotal() on string
in APPPATH/Views/site/category_page.php on line 168.
 1 SYSTEMPATH/View/View.php(228): include()
 2 SYSTEMPATH/View/View.php(231): CodeIgniter\View\View->CodeIgniter\View\{closure}()
 3 SYSTEMPATH/Common.php(1190): CodeIgniter\View\View->render()
 4 APPPATH/Views/site/layout.php(7): view()
 5 SYSTEMPATH/View/View.php(228): include('/home/u582998483/domains/hostdemo.co.in/public_html/gruballergy/app/Views/site/layout.php')
 6 SYSTEMPATH/View/View.php(231): CodeIgniter\View\View->CodeIgniter\View\{closure}()
 7 SYSTEMPATH/Common.php(1190): CodeIgniter\View\View->render()
 8 APPPATH/Controllers/Site_Controller.php(1061): view()
 9 SYSTEMPATH/CodeIgniter.php(942): App\Controllers\Site_Controller->all_urls()
10 SYSTEMPATH/CodeIgniter.php(502): CodeIgniter\CodeIgniter->runController()
11 SYSTEMPATH/CodeIgniter.php(361): CodeIgniter\CodeIgniter->handleRequest()
12 FCPATH/index.php(79): CodeIgniter\CodeIgniter->run()
CRITICAL - 2024-08-21 17:31:13 --> Call to a member function getTotal() on string
in APPPATH/Views/site/category_page.php on line 168.
 1 SYSTEMPATH/View/View.php(228): include()
 2 SYSTEMPATH/View/View.php(231): CodeIgniter\View\View->CodeIgniter\View\{closure}()
 3 SYSTEMPATH/Common.php(1190): CodeIgniter\View\View->render()
 4 APPPATH/Views/site/layout.php(7): view()
 5 SYSTEMPATH/View/View.php(228): include('/home/u582998483/domains/hostdemo.co.in/public_html/gruballergy/app/Views/site/layout.php')
 6 SYSTEMPATH/View/View.php(231): CodeIgniter\View\View->CodeIgniter\View\{closure}()
 7 SYSTEMPATH/Common.php(1190): CodeIgniter\View\View->render()
 8 APPPATH/Controllers/Site_Controller.php(1061): view()
 9 SYSTEMPATH/CodeIgniter.php(942): App\Controllers\Site_Controller->all_urls()
10 SYSTEMPATH/CodeIgniter.php(502): CodeIgniter\CodeIgniter->runController()
11 SYSTEMPATH/CodeIgniter.php(361): CodeIgniter\CodeIgniter->handleRequest()
12 FCPATH/index.php(79): CodeIgniter\CodeIgniter->run()
CRITICAL - 2024-08-21 17:32:13 --> Call to a member function total() on string
in APPPATH/Views/site/category_page.php on line 168.
 1 SYSTEMPATH/View/View.php(228): include()
 2 SYSTEMPATH/View/View.php(231): CodeIgniter\View\View->CodeIgniter\View\{closure}()
 3 SYSTEMPATH/Common.php(1190): CodeIgniter\View\View->render()
 4 APPPATH/Views/site/layout.php(7): view()
 5 SYSTEMPATH/View/View.php(228): include('/home/u582998483/domains/hostdemo.co.in/public_html/gruballergy/app/Views/site/layout.php')
 6 SYSTEMPATH/View/View.php(231): CodeIgniter\View\View->CodeIgniter\View\{closure}()
 7 SYSTEMPATH/Common.php(1190): CodeIgniter\View\View->render()
 8 APPPATH/Controllers/Site_Controller.php(1061): view()
 9 SYSTEMPATH/CodeIgniter.php(942): App\Controllers\Site_Controller->all_urls()
10 SYSTEMPATH/CodeIgniter.php(502): CodeIgniter\CodeIgniter->runController()
11 SYSTEMPATH/CodeIgniter.php(361): CodeIgniter\CodeIgniter->handleRequest()
12 FCPATH/index.php(79): CodeIgniter\CodeIgniter->run()
CRITICAL - 2024-08-21 17:33:18 --> Undefined variable $total
in APPPATH/Views/site/category_page.php on line 169.
 1 APPPATH/Views/site/category_page.php(169): CodeIgniter\Debug\Exceptions->errorHandler()
 2 SYSTEMPATH/View/View.php(228): include('/home/u582998483/domains/hostdemo.co.in/public_html/gruballergy/app/Views/site/category_page.php')
 3 SYSTEMPATH/View/View.php(231): CodeIgniter\View\View->CodeIgniter\View\{closure}()
 4 SYSTEMPATH/Common.php(1190): CodeIgniter\View\View->render()
 5 APPPATH/Views/site/layout.php(7): view()
 6 SYSTEMPATH/View/View.php(228): include('/home/u582998483/domains/hostdemo.co.in/public_html/gruballergy/app/Views/site/layout.php')
 7 SYSTEMPATH/View/View.php(231): CodeIgniter\View\View->CodeIgniter\View\{closure}()
 8 SYSTEMPATH/Common.php(1190): CodeIgniter\View\View->render()
 9 APPPATH/Controllers/Site_Controller.php(1061): view()
10 SYSTEMPATH/CodeIgniter.php(942): App\Controllers\Site_Controller->all_urls()
11 SYSTEMPATH/CodeIgniter.php(502): CodeIgniter\CodeIgniter->runController()
12 SYSTEMPATH/CodeIgniter.php(361): CodeIgniter\CodeIgniter->handleRequest()
13 FCPATH/index.php(79): CodeIgniter\CodeIgniter->run()
CRITICAL - 2024-08-21 17:33:19 --> Undefined variable $total
in APPPATH/Views/site/category_page.php on line 169.
 1 APPPATH/Views/site/category_page.php(169): CodeIgniter\Debug\Exceptions->errorHandler()
 2 SYSTEMPATH/View/View.php(228): include('/home/u582998483/domains/hostdemo.co.in/public_html/gruballergy/app/Views/site/category_page.php')
 3 SYSTEMPATH/View/View.php(231): CodeIgniter\View\View->CodeIgniter\View\{closure}()
 4 SYSTEMPATH/Common.php(1190): CodeIgniter\View\View->render()
 5 APPPATH/Views/site/layout.php(7): view()
 6 SYSTEMPATH/View/View.php(228): include('/home/u582998483/domains/hostdemo.co.in/public_html/gruballergy/app/Views/site/layout.php')
 7 SYSTEMPATH/View/View.php(231): CodeIgniter\View\View->CodeIgniter\View\{closure}()
 8 SYSTEMPATH/Common.php(1190): CodeIgniter\View\View->render()
 9 APPPATH/Controllers/Site_Controller.php(1061): view()
10 SYSTEMPATH/CodeIgniter.php(942): App\Controllers\Site_Controller->all_urls()
11 SYSTEMPATH/CodeIgniter.php(502): CodeIgniter\CodeIgniter->runController()
12 SYSTEMPATH/CodeIgniter.php(361): CodeIgniter\CodeIgniter->handleRequest()
13 FCPATH/index.php(79): CodeIgniter\CodeIgniter->run()
CRITICAL - 2024-08-21 12:45:23 --> Undefined array key "id"
in APPPATH/Controllers/Admin_Controller.php on line 4270.
 1 APPPATH/Controllers/Admin_Controller.php(4270): CodeIgniter\Debug\Exceptions->errorHandler()
 2 SYSTEMPATH/CodeIgniter.php(942): App\Controllers\Admin_Controller->lpleads_attime_deleteAll()
 3 SYSTEMPATH/CodeIgniter.php(502): CodeIgniter\CodeIgniter->runController()
 4 SYSTEMPATH/CodeIgniter.php(361): CodeIgniter\CodeIgniter->handleRequest()
 5 FCPATH/index.php(79): CodeIgniter\CodeIgniter->run()
