ERROR - 2024-05-24 11:46:21 --> mysqli_sql_exception: Unknown column 'cname' in 'field list' in C:\xampp\htdocs\ci4\gruballergy\system\Database\MySQLi\Connection.php:306
Stack trace:
#0 C:\xampp\htdocs\ci4\gruballergy\system\Database\MySQLi\Connection.php(306): mysqli->query('select cname fr...', 0)
#1 C:\xampp\htdocs\ci4\gruballergy\system\Database\BaseConnection.php(693): CodeIgniter\Database\MySQLi\Connection->execute('select cname fr...')
#2 C:\xampp\htdocs\ci4\gruballergy\system\Database\BaseConnection.php(607): CodeIgniter\Database\BaseConnection->simpleQuery('select cname fr...')
#3 C:\xampp\htdocs\ci4\gruballergy\app\Models\Category_Model.php(139): CodeIgniter\Database\BaseConnection->query('select cname fr...')
#4 C:\xampp\htdocs\ci4\gruballergy\app\Controllers\Site_Controller.php(93): App\Models\Category_Model->get_category_name_site()
#5 C:\xampp\htdocs\ci4\gruballergy\system\CodeIgniter.php(942): App\Controllers\Site_Controller->site_home()
#6 C:\xampp\htdocs\ci4\gruballergy\system\CodeIgniter.php(502): CodeIgniter\CodeIgniter->runController(Object(App\Controllers\Site_Controller))
#7 C:\xampp\htdocs\ci4\gruballergy\system\CodeIgniter.php(361): CodeIgniter\CodeIgniter->handleRequest(NULL, Object(Config\Cache), false)
#8 C:\xampp\htdocs\ci4\gruballergy\index.php(79): CodeIgniter\CodeIgniter->run()
#9 {main}
CRITICAL - 2024-05-24 11:46:21 --> Unknown column 'cname' in 'field list'
in SYSTEMPATH\Database\BaseConnection.php on line 647.
 1 APPPATH\Models\Category_Model.php(139): CodeIgniter\Database\BaseConnection->query('select cname from category where active=1')
 2 APPPATH\Controllers\Site_Controller.php(93): App\Models\Category_Model->get_category_name_site()
 3 SYSTEMPATH\CodeIgniter.php(942): App\Controllers\Site_Controller->site_home()
 4 SYSTEMPATH\CodeIgniter.php(502): CodeIgniter\CodeIgniter->runController(Object(App\Controllers\Site_Controller))
 5 SYSTEMPATH\CodeIgniter.php(361): CodeIgniter\CodeIgniter->handleRequest(null, Object(Config\Cache), false)
 6 FCPATH\index.php(79): CodeIgniter\CodeIgniter->run()
CRITICAL - 2024-05-24 17:11:33 --> Call to undefined method App\Models\Admin_Model::get_search_data_site
in SYSTEMPATH\Model.php on line 873.
 1 APPPATH\Controllers\Site_Controller.php(107): CodeIgniter\Model->__call('get_search_data_site', [...])
 2 SYSTEMPATH\CodeIgniter.php(942): App\Controllers\Site_Controller->site_search_logic()
 3 SYSTEMPATH\CodeIgniter.php(502): CodeIgniter\CodeIgniter->runController(Object(App\Controllers\Site_Controller))
 4 SYSTEMPATH\CodeIgniter.php(361): CodeIgniter\CodeIgniter->handleRequest(null, Object(Config\Cache), false)
 5 FCPATH\index.php(79): CodeIgniter\CodeIgniter->run()
CRITICAL - 2024-05-24 17:11:34 --> Call to undefined method App\Models\Admin_Model::get_search_data_site
in SYSTEMPATH\Model.php on line 873.
 1 APPPATH\Controllers\Site_Controller.php(107): CodeIgniter\Model->__call('get_search_data_site', [...])
 2 SYSTEMPATH\CodeIgniter.php(942): App\Controllers\Site_Controller->site_search_logic()
 3 SYSTEMPATH\CodeIgniter.php(502): CodeIgniter\CodeIgniter->runController(Object(App\Controllers\Site_Controller))
 4 SYSTEMPATH\CodeIgniter.php(361): CodeIgniter\CodeIgniter->handleRequest(null, Object(Config\Cache), false)
 5 FCPATH\index.php(79): CodeIgniter\CodeIgniter->run()
CRITICAL - 2024-05-24 17:11:34 --> Call to undefined method App\Models\Admin_Model::get_search_data_site
in SYSTEMPATH\Model.php on line 873.
 1 APPPATH\Controllers\Site_Controller.php(107): CodeIgniter\Model->__call('get_search_data_site', [...])
 2 SYSTEMPATH\CodeIgniter.php(942): App\Controllers\Site_Controller->site_search_logic()
 3 SYSTEMPATH\CodeIgniter.php(502): CodeIgniter\CodeIgniter->runController(Object(App\Controllers\Site_Controller))
 4 SYSTEMPATH\CodeIgniter.php(361): CodeIgniter\CodeIgniter->handleRequest(null, Object(Config\Cache), false)
 5 FCPATH\index.php(79): CodeIgniter\CodeIgniter->run()
CRITICAL - 2024-05-24 18:13:41 --> Cannot access offset of type string on string
in APPPATH\Views\site\home.php on line 10.
 1 SYSTEMPATH\View\View.php(228): include()
 2 SYSTEMPATH\View\View.php(231): CodeIgniter\View\View->CodeIgniter\View\{closure}()
 3 SYSTEMPATH\Common.php(1190): CodeIgniter\View\View->render('site/home', [], true)
 4 APPPATH\Views\site\layout.php(7): view('site/home')
 5 SYSTEMPATH\View\View.php(228): include('C:\\xampp\\htdocs\\ci4\\gruballergy\\app\\Views\\site\\layout.php')
 6 SYSTEMPATH\View\View.php(231): CodeIgniter\View\View->CodeIgniter\View\{closure}()
 7 SYSTEMPATH\Common.php(1190): CodeIgniter\View\View->render('site/layout', [], true)
 8 APPPATH\Controllers\Site_Controller.php(103): view('site/layout', [...])
 9 SYSTEMPATH\CodeIgniter.php(942): App\Controllers\Site_Controller->site_home()
10 SYSTEMPATH\CodeIgniter.php(502): CodeIgniter\CodeIgniter->runController(Object(App\Controllers\Site_Controller))
11 SYSTEMPATH\CodeIgniter.php(361): CodeIgniter\CodeIgniter->handleRequest(null, Object(Config\Cache), false)
12 FCPATH\index.php(79): CodeIgniter\CodeIgniter->run()
