CRITICAL - 2024-05-08 09:13:54 --> Array to string conversion
in APPPATH\Controllers\Admin_Controller.php on line 190.
 1 APPPATH\Controllers\Admin_Controller.php(190): CodeIgniter\Debug\Exceptions->errorHandler(2, 'Array to string conversion', 'C:\\xampp\\htdocs\\ci4\\gruballergy\\app\\Controllers\\Admin_Controller.php', 190)
 2 SYSTEMPATH\CodeIgniter.php(942): App\Controllers\Admin_Controller->addrecipes_insert()
 3 SYSTEMPATH\CodeIgniter.php(502): CodeIgniter\CodeIgniter->runController(Object(App\Controllers\Admin_Controller))
 4 SYSTEMPATH\CodeIgniter.php(361): CodeIgniter\CodeIgniter->handleRequest(null, Object(Config\Cache), false)
 5 FCPATH\index.php(79): CodeIgniter\CodeIgniter->run()
CRITICAL - 2024-05-08 09:35:22 --> syntax error, unexpected token ","
in APPPATH\Controllers\Admin_Controller.php on line 205.
 1 SYSTEMPATH\Autoloader\Autoloader.php(291): CodeIgniter\Autoloader\Autoloader->includeFile('C:\\xampp\\htdocs\\ci4\\gruballergy\\app\\Controllers\\Admin_Controller.php')
 2 SYSTEMPATH\Autoloader\Autoloader.php(269): CodeIgniter\Autoloader\Autoloader->loadInNamespace('App\\Controllers\\Admin_Controller')
 3 [internal function]: CodeIgniter\Autoloader\Autoloader->loadClass('App\\Controllers\\Admin_Controller')
 4 SYSTEMPATH\CodeIgniter.php(900): class_exists('\\App\\Controllers\\Admin_Controller', true)
 5 SYSTEMPATH\CodeIgniter.php(489): CodeIgniter\CodeIgniter->startController()
 6 SYSTEMPATH\CodeIgniter.php(361): CodeIgniter\CodeIgniter->handleRequest(null, Object(Config\Cache), false)
 7 FCPATH\index.php(79): CodeIgniter\CodeIgniter->run()
CRITICAL - 2024-05-08 09:36:06 --> syntax error, unexpected token ","
in APPPATH\Controllers\Admin_Controller.php on line 205.
 1 SYSTEMPATH\Autoloader\Autoloader.php(291): CodeIgniter\Autoloader\Autoloader->includeFile('C:\\xampp\\htdocs\\ci4\\gruballergy\\app\\Controllers\\Admin_Controller.php')
 2 SYSTEMPATH\Autoloader\Autoloader.php(269): CodeIgniter\Autoloader\Autoloader->loadInNamespace('App\\Controllers\\Admin_Controller')
 3 [internal function]: CodeIgniter\Autoloader\Autoloader->loadClass('App\\Controllers\\Admin_Controller')
 4 SYSTEMPATH\CodeIgniter.php(900): class_exists('\\App\\Controllers\\Admin_Controller', true)
 5 SYSTEMPATH\CodeIgniter.php(489): CodeIgniter\CodeIgniter->startController()
 6 SYSTEMPATH\CodeIgniter.php(361): CodeIgniter\CodeIgniter->handleRequest(null, Object(Config\Cache), false)
 7 FCPATH\index.php(79): CodeIgniter\CodeIgniter->run()
CRITICAL - 2024-05-08 09:36:39 --> Allowed memory size of 536870912 bytes exhausted (tried to allocate 264257536 bytes)
in APPPATH\Controllers\Admin_Controller.php on line 193.
 1 [internal function]: CodeIgniter\Debug\Exceptions->shutdownHandler()
CRITICAL - 2024-05-08 09:40:38 --> syntax error, unexpected token ","
in APPPATH\Controllers\Admin_Controller.php on line 206.
 1 SYSTEMPATH\Autoloader\Autoloader.php(291): CodeIgniter\Autoloader\Autoloader->includeFile('C:\\xampp\\htdocs\\ci4\\gruballergy\\app\\Controllers\\Admin_Controller.php')
 2 SYSTEMPATH\Autoloader\Autoloader.php(269): CodeIgniter\Autoloader\Autoloader->loadInNamespace('App\\Controllers\\Admin_Controller')
 3 [internal function]: CodeIgniter\Autoloader\Autoloader->loadClass('App\\Controllers\\Admin_Controller')
 4 SYSTEMPATH\CodeIgniter.php(900): class_exists('\\App\\Controllers\\Admin_Controller', true)
 5 SYSTEMPATH\CodeIgniter.php(489): CodeIgniter\CodeIgniter->startController()
 6 SYSTEMPATH\CodeIgniter.php(361): CodeIgniter\CodeIgniter->handleRequest(null, Object(Config\Cache), false)
 7 FCPATH\index.php(79): CodeIgniter\CodeIgniter->run()
CRITICAL - 2024-05-08 09:41:10 --> Undefined array key 2
in APPPATH\Controllers\Admin_Controller.php on line 194.
 1 APPPATH\Controllers\Admin_Controller.php(194): CodeIgniter\Debug\Exceptions->errorHandler(2, 'Undefined array key 2', 'C:\\xampp\\htdocs\\ci4\\gruballergy\\app\\Controllers\\Admin_Controller.php', 194)
 2 SYSTEMPATH\CodeIgniter.php(942): App\Controllers\Admin_Controller->addrecipes_insert()
 3 SYSTEMPATH\CodeIgniter.php(502): CodeIgniter\CodeIgniter->runController(Object(App\Controllers\Admin_Controller))
 4 SYSTEMPATH\CodeIgniter.php(361): CodeIgniter\CodeIgniter->handleRequest(null, Object(Config\Cache), false)
 5 FCPATH\index.php(79): CodeIgniter\CodeIgniter->run()
CRITICAL - 2024-05-08 09:42:40 --> Undefined array key 2
in APPPATH\Controllers\Admin_Controller.php on line 194.
 1 APPPATH\Controllers\Admin_Controller.php(194): CodeIgniter\Debug\Exceptions->errorHandler(2, 'Undefined array key 2', 'C:\\xampp\\htdocs\\ci4\\gruballergy\\app\\Controllers\\Admin_Controller.php', 194)
 2 SYSTEMPATH\CodeIgniter.php(942): App\Controllers\Admin_Controller->addrecipes_insert()
 3 SYSTEMPATH\CodeIgniter.php(502): CodeIgniter\CodeIgniter->runController(Object(App\Controllers\Admin_Controller))
 4 SYSTEMPATH\CodeIgniter.php(361): CodeIgniter\CodeIgniter->handleRequest(null, Object(Config\Cache), false)
 5 FCPATH\index.php(79): CodeIgniter\CodeIgniter->run()
CRITICAL - 2024-05-08 09:46:30 --> syntax error, unexpected token ","
in APPPATH\Controllers\Admin_Controller.php on line 203.
 1 SYSTEMPATH\Autoloader\Autoloader.php(291): CodeIgniter\Autoloader\Autoloader->includeFile('C:\\xampp\\htdocs\\ci4\\gruballergy\\app\\Controllers\\Admin_Controller.php')
 2 SYSTEMPATH\Autoloader\Autoloader.php(269): CodeIgniter\Autoloader\Autoloader->loadInNamespace('App\\Controllers\\Admin_Controller')
 3 [internal function]: CodeIgniter\Autoloader\Autoloader->loadClass('App\\Controllers\\Admin_Controller')
 4 SYSTEMPATH\CodeIgniter.php(900): class_exists('\\App\\Controllers\\Admin_Controller', true)
 5 SYSTEMPATH\CodeIgniter.php(489): CodeIgniter\CodeIgniter->startController()
 6 SYSTEMPATH\CodeIgniter.php(361): CodeIgniter\CodeIgniter->handleRequest(null, Object(Config\Cache), false)
 7 FCPATH\index.php(79): CodeIgniter\CodeIgniter->run()
ERROR - 2024-05-08 10:09:26 --> mysqli_sql_exception: Table 'gruballergy.users' doesn't exist in C:\xampp\htdocs\ci4\gruballergy\system\Database\MySQLi\Connection.php:306
Stack trace:
#0 C:\xampp\htdocs\ci4\gruballergy\system\Database\MySQLi\Connection.php(306): mysqli->query('INSERT INTO `us...', 0)
#1 C:\xampp\htdocs\ci4\gruballergy\system\Database\BaseConnection.php(693): CodeIgniter\Database\MySQLi\Connection->execute('INSERT INTO `us...')
#2 C:\xampp\htdocs\ci4\gruballergy\system\Database\BaseConnection.php(607): CodeIgniter\Database\BaseConnection->simpleQuery('INSERT INTO `us...')
#3 C:\xampp\htdocs\ci4\gruballergy\system\Database\BaseBuilder.php(2308): CodeIgniter\Database\BaseConnection->query('INSERT INTO `us...', Array, false)
#4 C:\xampp\htdocs\ci4\gruballergy\app\Models\Recipes_Model.php(21): CodeIgniter\Database\BaseBuilder->insert(Array)
#5 C:\xampp\htdocs\ci4\gruballergy\app\Controllers\Admin_Controller.php(211): App\Models\Recipes_Model->recipes_insert(Array)
#6 C:\xampp\htdocs\ci4\gruballergy\system\CodeIgniter.php(942): App\Controllers\Admin_Controller->addrecipes_insert()
#7 C:\xampp\htdocs\ci4\gruballergy\system\CodeIgniter.php(502): CodeIgniter\CodeIgniter->runController(Object(App\Controllers\Admin_Controller))
#8 C:\xampp\htdocs\ci4\gruballergy\system\CodeIgniter.php(361): CodeIgniter\CodeIgniter->handleRequest(NULL, Object(Config\Cache), false)
#9 C:\xampp\htdocs\ci4\gruballergy\index.php(79): CodeIgniter\CodeIgniter->run()
#10 {main}
CRITICAL - 2024-05-08 10:09:26 --> Table 'gruballergy.users' doesn't exist
in SYSTEMPATH\Database\BaseConnection.php on line 647.
 1 SYSTEMPATH\Database\BaseBuilder.php(2308): CodeIgniter\Database\BaseConnection->query('INSERT INTO `users` (`re_title`, `re_titleurl`, `re_images`, `re_shortdescription`, `re_category`, `re_tag`, `re_description`, `video_url`) VALUES (:re_title:, :re_titleurl:, :re_images:, :re_shortdescription:, :re_category:, :re_tag:, :re_description:, :video_url:)', [...], false)
 2 APPPATH\Models\Recipes_Model.php(21): CodeIgniter\Database\BaseBuilder->insert([...])
 3 APPPATH\Controllers\Admin_Controller.php(211): App\Models\Recipes_Model->recipes_insert([...])
 4 SYSTEMPATH\CodeIgniter.php(942): App\Controllers\Admin_Controller->addrecipes_insert()
 5 SYSTEMPATH\CodeIgniter.php(502): CodeIgniter\CodeIgniter->runController(Object(App\Controllers\Admin_Controller))
 6 SYSTEMPATH\CodeIgniter.php(361): CodeIgniter\CodeIgniter->handleRequest(null, Object(Config\Cache), false)
 7 FCPATH\index.php(79): CodeIgniter\CodeIgniter->run()
CRITICAL - 2024-05-08 10:35:58 --> Undefined variable $re_title
in APPPATH\Views\admin\admin_home.php on line 45.
 1 APPPATH\Views\admin\admin_home.php(45): CodeIgniter\Debug\Exceptions->errorHandler(2, 'Undefined variable $re_title', 'C:\\xampp\\htdocs\\ci4\\gruballergy\\app\\Views\\admin\\admin_home.php', 45)
 2 SYSTEMPATH\View\View.php(228): include('C:\\xampp\\htdocs\\ci4\\gruballergy\\app\\Views\\admin\\admin_home.php')
 3 SYSTEMPATH\View\View.php(231): CodeIgniter\View\View->CodeIgniter\View\{closure}()
 4 SYSTEMPATH\Common.php(1190): CodeIgniter\View\View->render('admin/admin_home', [], true)
 5 APPPATH\Views\admin\admin_layout.php(9): view('admin/admin_home')
 6 SYSTEMPATH\View\View.php(228): include('C:\\xampp\\htdocs\\ci4\\gruballergy\\app\\Views\\admin\\admin_layout.php')
 7 SYSTEMPATH\View\View.php(231): CodeIgniter\View\View->CodeIgniter\View\{closure}()
 8 SYSTEMPATH\Common.php(1190): CodeIgniter\View\View->render('admin/admin_layout', [], true)
 9 APPPATH\Controllers\Admin_Controller.php(169): view('admin/admin_layout', [...])
10 SYSTEMPATH\CodeIgniter.php(942): App\Controllers\Admin_Controller->recipes()
11 SYSTEMPATH\CodeIgniter.php(502): CodeIgniter\CodeIgniter->runController(Object(App\Controllers\Admin_Controller))
12 SYSTEMPATH\CodeIgniter.php(361): CodeIgniter\CodeIgniter->handleRequest(null, Object(Config\Cache), false)
13 FCPATH\index.php(79): CodeIgniter\CodeIgniter->run()
CRITICAL - 2024-05-08 16:14:33 --> Undefined variable $imagename
in APPPATH\Controllers\Admin_Controller.php on line 213.
 1 APPPATH\Controllers\Admin_Controller.php(213): CodeIgniter\Debug\Exceptions->errorHandler(2, 'Undefined variable $imagename', 'C:\\xampp\\htdocs\\ci4\\gruballergy\\app\\Controllers\\Admin_Controller.php', 213)
 2 SYSTEMPATH\CodeIgniter.php(942): App\Controllers\Admin_Controller->addrecipes_insert()
 3 SYSTEMPATH\CodeIgniter.php(502): CodeIgniter\CodeIgniter->runController(Object(App\Controllers\Admin_Controller))
 4 SYSTEMPATH\CodeIgniter.php(361): CodeIgniter\CodeIgniter->handleRequest(null, Object(Config\Cache), false)
 5 FCPATH\index.php(79): CodeIgniter\CodeIgniter->run()
CRITICAL - 2024-05-08 11:02:26 --> Undefined array key "re_category"
in APPPATH\Controllers\Admin_Controller.php on line 170.
 1 APPPATH\Controllers\Admin_Controller.php(170): CodeIgniter\Debug\Exceptions->errorHandler(2, 'Undefined array key "re_category"', 'C:\\xampp\\htdocs\\ci4\\gruballergy\\app\\Controllers\\Admin_Controller.php', 170)
 2 SYSTEMPATH\CodeIgniter.php(942): App\Controllers\Admin_Controller->recipes()
 3 SYSTEMPATH\CodeIgniter.php(502): CodeIgniter\CodeIgniter->runController(Object(App\Controllers\Admin_Controller))
 4 SYSTEMPATH\CodeIgniter.php(361): CodeIgniter\CodeIgniter->handleRequest(null, Object(Config\Cache), false)
 5 FCPATH\index.php(79): CodeIgniter\CodeIgniter->run()
CRITICAL - 2024-05-08 11:03:13 --> Undefined array key "re_category"
in APPPATH\Controllers\Admin_Controller.php on line 170.
 1 APPPATH\Controllers\Admin_Controller.php(170): CodeIgniter\Debug\Exceptions->errorHandler(2, 'Undefined array key "re_category"', 'C:\\xampp\\htdocs\\ci4\\gruballergy\\app\\Controllers\\Admin_Controller.php', 170)
 2 SYSTEMPATH\CodeIgniter.php(942): App\Controllers\Admin_Controller->recipes()
 3 SYSTEMPATH\CodeIgniter.php(502): CodeIgniter\CodeIgniter->runController(Object(App\Controllers\Admin_Controller))
 4 SYSTEMPATH\CodeIgniter.php(361): CodeIgniter\CodeIgniter->handleRequest(null, Object(Config\Cache), false)
 5 FCPATH\index.php(79): CodeIgniter\CodeIgniter->run()
CRITICAL - 2024-05-08 11:03:13 --> Undefined array key "re_category"
in APPPATH\Controllers\Admin_Controller.php on line 170.
 1 APPPATH\Controllers\Admin_Controller.php(170): CodeIgniter\Debug\Exceptions->errorHandler(2, 'Undefined array key "re_category"', 'C:\\xampp\\htdocs\\ci4\\gruballergy\\app\\Controllers\\Admin_Controller.php', 170)
 2 SYSTEMPATH\CodeIgniter.php(942): App\Controllers\Admin_Controller->recipes()
 3 SYSTEMPATH\CodeIgniter.php(502): CodeIgniter\CodeIgniter->runController(Object(App\Controllers\Admin_Controller))
 4 SYSTEMPATH\CodeIgniter.php(361): CodeIgniter\CodeIgniter->handleRequest(null, Object(Config\Cache), false)
 5 FCPATH\index.php(79): CodeIgniter\CodeIgniter->run()
CRITICAL - 2024-05-08 11:03:14 --> Undefined array key "re_category"
in APPPATH\Controllers\Admin_Controller.php on line 170.
 1 APPPATH\Controllers\Admin_Controller.php(170): CodeIgniter\Debug\Exceptions->errorHandler(2, 'Undefined array key "re_category"', 'C:\\xampp\\htdocs\\ci4\\gruballergy\\app\\Controllers\\Admin_Controller.php', 170)
 2 SYSTEMPATH\CodeIgniter.php(942): App\Controllers\Admin_Controller->recipes()
 3 SYSTEMPATH\CodeIgniter.php(502): CodeIgniter\CodeIgniter->runController(Object(App\Controllers\Admin_Controller))
 4 SYSTEMPATH\CodeIgniter.php(361): CodeIgniter\CodeIgniter->handleRequest(null, Object(Config\Cache), false)
 5 FCPATH\index.php(79): CodeIgniter\CodeIgniter->run()
CRITICAL - 2024-05-08 11:03:14 --> Undefined array key "re_category"
in APPPATH\Controllers\Admin_Controller.php on line 170.
 1 APPPATH\Controllers\Admin_Controller.php(170): CodeIgniter\Debug\Exceptions->errorHandler(2, 'Undefined array key "re_category"', 'C:\\xampp\\htdocs\\ci4\\gruballergy\\app\\Controllers\\Admin_Controller.php', 170)
 2 SYSTEMPATH\CodeIgniter.php(942): App\Controllers\Admin_Controller->recipes()
 3 SYSTEMPATH\CodeIgniter.php(502): CodeIgniter\CodeIgniter->runController(Object(App\Controllers\Admin_Controller))
 4 SYSTEMPATH\CodeIgniter.php(361): CodeIgniter\CodeIgniter->handleRequest(null, Object(Config\Cache), false)
 5 FCPATH\index.php(79): CodeIgniter\CodeIgniter->run()
CRITICAL - 2024-05-08 11:03:14 --> Undefined array key "re_category"
in APPPATH\Controllers\Admin_Controller.php on line 170.
 1 APPPATH\Controllers\Admin_Controller.php(170): CodeIgniter\Debug\Exceptions->errorHandler(2, 'Undefined array key "re_category"', 'C:\\xampp\\htdocs\\ci4\\gruballergy\\app\\Controllers\\Admin_Controller.php', 170)
 2 SYSTEMPATH\CodeIgniter.php(942): App\Controllers\Admin_Controller->recipes()
 3 SYSTEMPATH\CodeIgniter.php(502): CodeIgniter\CodeIgniter->runController(Object(App\Controllers\Admin_Controller))
 4 SYSTEMPATH\CodeIgniter.php(361): CodeIgniter\CodeIgniter->handleRequest(null, Object(Config\Cache), false)
 5 FCPATH\index.php(79): CodeIgniter\CodeIgniter->run()
CRITICAL - 2024-05-08 11:36:56 --> Undefined array key "re_category"
in APPPATH\Controllers\Admin_Controller.php on line 170.
 1 APPPATH\Controllers\Admin_Controller.php(170): CodeIgniter\Debug\Exceptions->errorHandler(2, 'Undefined array key "re_category"', 'C:\\xampp\\htdocs\\ci4\\gruballergy\\app\\Controllers\\Admin_Controller.php', 170)
 2 SYSTEMPATH\CodeIgniter.php(942): App\Controllers\Admin_Controller->recipes()
 3 SYSTEMPATH\CodeIgniter.php(502): CodeIgniter\CodeIgniter->runController(Object(App\Controllers\Admin_Controller))
 4 SYSTEMPATH\CodeIgniter.php(361): CodeIgniter\CodeIgniter->handleRequest(null, Object(Config\Cache), false)
 5 FCPATH\index.php(79): CodeIgniter\CodeIgniter->run()
CRITICAL - 2024-05-08 11:37:10 --> Undefined array key "re_tag"
in APPPATH\Controllers\Admin_Controller.php on line 171.
 1 APPPATH\Controllers\Admin_Controller.php(171): CodeIgniter\Debug\Exceptions->errorHandler(2, 'Undefined array key "re_tag"', 'C:\\xampp\\htdocs\\ci4\\gruballergy\\app\\Controllers\\Admin_Controller.php', 171)
 2 SYSTEMPATH\CodeIgniter.php(942): App\Controllers\Admin_Controller->recipes()
 3 SYSTEMPATH\CodeIgniter.php(502): CodeIgniter\CodeIgniter->runController(Object(App\Controllers\Admin_Controller))
 4 SYSTEMPATH\CodeIgniter.php(361): CodeIgniter\CodeIgniter->handleRequest(null, Object(Config\Cache), false)
 5 FCPATH\index.php(79): CodeIgniter\CodeIgniter->run()
CRITICAL - 2024-05-08 11:39:19 --> Undefined array key "re_category"
in APPPATH\Controllers\Admin_Controller.php on line 170.
 1 APPPATH\Controllers\Admin_Controller.php(170): CodeIgniter\Debug\Exceptions->errorHandler(2, 'Undefined array key "re_category"', 'C:\\xampp\\htdocs\\ci4\\gruballergy\\app\\Controllers\\Admin_Controller.php', 170)
 2 SYSTEMPATH\CodeIgniter.php(942): App\Controllers\Admin_Controller->recipes()
 3 SYSTEMPATH\CodeIgniter.php(502): CodeIgniter\CodeIgniter->runController(Object(App\Controllers\Admin_Controller))
 4 SYSTEMPATH\CodeIgniter.php(361): CodeIgniter\CodeIgniter->handleRequest(null, Object(Config\Cache), false)
 5 FCPATH\index.php(79): CodeIgniter\CodeIgniter->run()
CRITICAL - 2024-05-08 11:57:09 --> Undefined property: CodeIgniter\View\View::$db
in APPPATH\Views\admin\admin_home.php on line 2.
 1 APPPATH\Views\admin\admin_home.php(2): CodeIgniter\Debug\Exceptions->errorHandler(2, 'Undefined property: CodeIgniter\\View\\View::$db', 'C:\\xampp\\htdocs\\ci4\\gruballergy\\app\\Views\\admin\\admin_home.php', 2)
 2 SYSTEMPATH\View\View.php(228): include('C:\\xampp\\htdocs\\ci4\\gruballergy\\app\\Views\\admin\\admin_home.php')
 3 SYSTEMPATH\View\View.php(231): CodeIgniter\View\View->CodeIgniter\View\{closure}()
 4 SYSTEMPATH\Common.php(1190): CodeIgniter\View\View->render('admin/admin_home', [], true)
 5 APPPATH\Views\admin\admin_layout.php(9): view('admin/admin_home')
 6 SYSTEMPATH\View\View.php(228): include('C:\\xampp\\htdocs\\ci4\\gruballergy\\app\\Views\\admin\\admin_layout.php')
 7 SYSTEMPATH\View\View.php(231): CodeIgniter\View\View->CodeIgniter\View\{closure}()
 8 SYSTEMPATH\Common.php(1190): CodeIgniter\View\View->render('admin/admin_layout', [], true)
 9 APPPATH\Controllers\Admin_Controller.php(169): view('admin/admin_layout', [...])
10 SYSTEMPATH\CodeIgniter.php(942): App\Controllers\Admin_Controller->recipes()
11 SYSTEMPATH\CodeIgniter.php(502): CodeIgniter\CodeIgniter->runController(Object(App\Controllers\Admin_Controller))
12 SYSTEMPATH\CodeIgniter.php(361): CodeIgniter\CodeIgniter->handleRequest(null, Object(Config\Cache), false)
13 FCPATH\index.php(79): CodeIgniter\CodeIgniter->run()
CRITICAL - 2024-05-08 11:59:35 --> Undefined property: CodeIgniter\View\View::$db
in APPPATH\Views\admin\admin_home.php on line 2.
 1 APPPATH\Views\admin\admin_home.php(2): CodeIgniter\Debug\Exceptions->errorHandler(2, 'Undefined property: CodeIgniter\\View\\View::$db', 'C:\\xampp\\htdocs\\ci4\\gruballergy\\app\\Views\\admin\\admin_home.php', 2)
 2 SYSTEMPATH\View\View.php(228): include('C:\\xampp\\htdocs\\ci4\\gruballergy\\app\\Views\\admin\\admin_home.php')
 3 SYSTEMPATH\View\View.php(231): CodeIgniter\View\View->CodeIgniter\View\{closure}()
 4 SYSTEMPATH\Common.php(1190): CodeIgniter\View\View->render('admin/admin_home', [], true)
 5 APPPATH\Views\admin\admin_layout.php(9): view('admin/admin_home')
 6 SYSTEMPATH\View\View.php(228): include('C:\\xampp\\htdocs\\ci4\\gruballergy\\app\\Views\\admin\\admin_layout.php')
 7 SYSTEMPATH\View\View.php(231): CodeIgniter\View\View->CodeIgniter\View\{closure}()
 8 SYSTEMPATH\Common.php(1190): CodeIgniter\View\View->render('admin/admin_layout', [], true)
 9 APPPATH\Controllers\Admin_Controller.php(169): view('admin/admin_layout', [...])
10 SYSTEMPATH\CodeIgniter.php(942): App\Controllers\Admin_Controller->recipes()
11 SYSTEMPATH\CodeIgniter.php(502): CodeIgniter\CodeIgniter->runController(Object(App\Controllers\Admin_Controller))
12 SYSTEMPATH\CodeIgniter.php(361): CodeIgniter\CodeIgniter->handleRequest(null, Object(Config\Cache), false)
13 FCPATH\index.php(79): CodeIgniter\CodeIgniter->run()
CRITICAL - 2024-05-08 11:59:37 --> Undefined property: CodeIgniter\View\View::$db
in APPPATH\Views\admin\admin_home.php on line 2.
 1 APPPATH\Views\admin\admin_home.php(2): CodeIgniter\Debug\Exceptions->errorHandler(2, 'Undefined property: CodeIgniter\\View\\View::$db', 'C:\\xampp\\htdocs\\ci4\\gruballergy\\app\\Views\\admin\\admin_home.php', 2)
 2 SYSTEMPATH\View\View.php(228): include('C:\\xampp\\htdocs\\ci4\\gruballergy\\app\\Views\\admin\\admin_home.php')
 3 SYSTEMPATH\View\View.php(231): CodeIgniter\View\View->CodeIgniter\View\{closure}()
 4 SYSTEMPATH\Common.php(1190): CodeIgniter\View\View->render('admin/admin_home', [], true)
 5 APPPATH\Views\admin\admin_layout.php(9): view('admin/admin_home')
 6 SYSTEMPATH\View\View.php(228): include('C:\\xampp\\htdocs\\ci4\\gruballergy\\app\\Views\\admin\\admin_layout.php')
 7 SYSTEMPATH\View\View.php(231): CodeIgniter\View\View->CodeIgniter\View\{closure}()
 8 SYSTEMPATH\Common.php(1190): CodeIgniter\View\View->render('admin/admin_layout', [], true)
 9 APPPATH\Controllers\Admin_Controller.php(169): view('admin/admin_layout', [...])
10 SYSTEMPATH\CodeIgniter.php(942): App\Controllers\Admin_Controller->recipes()
11 SYSTEMPATH\CodeIgniter.php(502): CodeIgniter\CodeIgniter->runController(Object(App\Controllers\Admin_Controller))
12 SYSTEMPATH\CodeIgniter.php(361): CodeIgniter\CodeIgniter->handleRequest(null, Object(Config\Cache), false)
13 FCPATH\index.php(79): CodeIgniter\CodeIgniter->run()
CRITICAL - 2024-05-08 11:59:53 --> Undefined property: CodeIgniter\View\View::$db
in APPPATH\Views\admin\admin_home.php on line 4.
 1 APPPATH\Views\admin\admin_home.php(4): CodeIgniter\Debug\Exceptions->errorHandler(2, 'Undefined property: CodeIgniter\\View\\View::$db', 'C:\\xampp\\htdocs\\ci4\\gruballergy\\app\\Views\\admin\\admin_home.php', 4)
 2 SYSTEMPATH\View\View.php(228): include('C:\\xampp\\htdocs\\ci4\\gruballergy\\app\\Views\\admin\\admin_home.php')
 3 SYSTEMPATH\View\View.php(231): CodeIgniter\View\View->CodeIgniter\View\{closure}()
 4 SYSTEMPATH\Common.php(1190): CodeIgniter\View\View->render('admin/admin_home', [], true)
 5 APPPATH\Views\admin\admin_layout.php(9): view('admin/admin_home')
 6 SYSTEMPATH\View\View.php(228): include('C:\\xampp\\htdocs\\ci4\\gruballergy\\app\\Views\\admin\\admin_layout.php')
 7 SYSTEMPATH\View\View.php(231): CodeIgniter\View\View->CodeIgniter\View\{closure}()
 8 SYSTEMPATH\Common.php(1190): CodeIgniter\View\View->render('admin/admin_layout', [], true)
 9 APPPATH\Controllers\Admin_Controller.php(169): view('admin/admin_layout', [...])
10 SYSTEMPATH\CodeIgniter.php(942): App\Controllers\Admin_Controller->recipes()
11 SYSTEMPATH\CodeIgniter.php(502): CodeIgniter\CodeIgniter->runController(Object(App\Controllers\Admin_Controller))
12 SYSTEMPATH\CodeIgniter.php(361): CodeIgniter\CodeIgniter->handleRequest(null, Object(Config\Cache), false)
13 FCPATH\index.php(79): CodeIgniter\CodeIgniter->run()
CRITICAL - 2024-05-08 12:00:24 --> Undefined property: CodeIgniter\View\View::$db
in APPPATH\Views\admin\admin_home.php on line 4.
 1 APPPATH\Views\admin\admin_home.php(4): CodeIgniter\Debug\Exceptions->errorHandler(2, 'Undefined property: CodeIgniter\\View\\View::$db', 'C:\\xampp\\htdocs\\ci4\\gruballergy\\app\\Views\\admin\\admin_home.php', 4)
 2 SYSTEMPATH\View\View.php(228): include('C:\\xampp\\htdocs\\ci4\\gruballergy\\app\\Views\\admin\\admin_home.php')
 3 SYSTEMPATH\View\View.php(231): CodeIgniter\View\View->CodeIgniter\View\{closure}()
 4 SYSTEMPATH\Common.php(1190): CodeIgniter\View\View->render('admin/admin_home', [], true)
 5 APPPATH\Views\admin\admin_layout.php(9): view('admin/admin_home')
 6 SYSTEMPATH\View\View.php(228): include('C:\\xampp\\htdocs\\ci4\\gruballergy\\app\\Views\\admin\\admin_layout.php')
 7 SYSTEMPATH\View\View.php(231): CodeIgniter\View\View->CodeIgniter\View\{closure}()
 8 SYSTEMPATH\Common.php(1190): CodeIgniter\View\View->render('admin/admin_layout', [], true)
 9 APPPATH\Controllers\Admin_Controller.php(169): view('admin/admin_layout', [...])
10 SYSTEMPATH\CodeIgniter.php(942): App\Controllers\Admin_Controller->recipes()
11 SYSTEMPATH\CodeIgniter.php(502): CodeIgniter\CodeIgniter->runController(Object(App\Controllers\Admin_Controller))
12 SYSTEMPATH\CodeIgniter.php(361): CodeIgniter\CodeIgniter->handleRequest(null, Object(Config\Cache), false)
13 FCPATH\index.php(79): CodeIgniter\CodeIgniter->run()
CRITICAL - 2024-05-08 12:00:25 --> Undefined property: CodeIgniter\View\View::$db
in APPPATH\Views\admin\admin_home.php on line 4.
 1 APPPATH\Views\admin\admin_home.php(4): CodeIgniter\Debug\Exceptions->errorHandler(2, 'Undefined property: CodeIgniter\\View\\View::$db', 'C:\\xampp\\htdocs\\ci4\\gruballergy\\app\\Views\\admin\\admin_home.php', 4)
 2 SYSTEMPATH\View\View.php(228): include('C:\\xampp\\htdocs\\ci4\\gruballergy\\app\\Views\\admin\\admin_home.php')
 3 SYSTEMPATH\View\View.php(231): CodeIgniter\View\View->CodeIgniter\View\{closure}()
 4 SYSTEMPATH\Common.php(1190): CodeIgniter\View\View->render('admin/admin_home', [], true)
 5 APPPATH\Views\admin\admin_layout.php(9): view('admin/admin_home')
 6 SYSTEMPATH\View\View.php(228): include('C:\\xampp\\htdocs\\ci4\\gruballergy\\app\\Views\\admin\\admin_layout.php')
 7 SYSTEMPATH\View\View.php(231): CodeIgniter\View\View->CodeIgniter\View\{closure}()
 8 SYSTEMPATH\Common.php(1190): CodeIgniter\View\View->render('admin/admin_layout', [], true)
 9 APPPATH\Controllers\Admin_Controller.php(169): view('admin/admin_layout', [...])
10 SYSTEMPATH\CodeIgniter.php(942): App\Controllers\Admin_Controller->recipes()
11 SYSTEMPATH\CodeIgniter.php(502): CodeIgniter\CodeIgniter->runController(Object(App\Controllers\Admin_Controller))
12 SYSTEMPATH\CodeIgniter.php(361): CodeIgniter\CodeIgniter->handleRequest(null, Object(Config\Cache), false)
13 FCPATH\index.php(79): CodeIgniter\CodeIgniter->run()
CRITICAL - 2024-05-08 12:00:25 --> Undefined property: CodeIgniter\View\View::$db
in APPPATH\Views\admin\admin_home.php on line 4.
 1 APPPATH\Views\admin\admin_home.php(4): CodeIgniter\Debug\Exceptions->errorHandler(2, 'Undefined property: CodeIgniter\\View\\View::$db', 'C:\\xampp\\htdocs\\ci4\\gruballergy\\app\\Views\\admin\\admin_home.php', 4)
 2 SYSTEMPATH\View\View.php(228): include('C:\\xampp\\htdocs\\ci4\\gruballergy\\app\\Views\\admin\\admin_home.php')
 3 SYSTEMPATH\View\View.php(231): CodeIgniter\View\View->CodeIgniter\View\{closure}()
 4 SYSTEMPATH\Common.php(1190): CodeIgniter\View\View->render('admin/admin_home', [], true)
 5 APPPATH\Views\admin\admin_layout.php(9): view('admin/admin_home')
 6 SYSTEMPATH\View\View.php(228): include('C:\\xampp\\htdocs\\ci4\\gruballergy\\app\\Views\\admin\\admin_layout.php')
 7 SYSTEMPATH\View\View.php(231): CodeIgniter\View\View->CodeIgniter\View\{closure}()
 8 SYSTEMPATH\Common.php(1190): CodeIgniter\View\View->render('admin/admin_layout', [], true)
 9 APPPATH\Controllers\Admin_Controller.php(169): view('admin/admin_layout', [...])
10 SYSTEMPATH\CodeIgniter.php(942): App\Controllers\Admin_Controller->recipes()
11 SYSTEMPATH\CodeIgniter.php(502): CodeIgniter\CodeIgniter->runController(Object(App\Controllers\Admin_Controller))
12 SYSTEMPATH\CodeIgniter.php(361): CodeIgniter\CodeIgniter->handleRequest(null, Object(Config\Cache), false)
13 FCPATH\index.php(79): CodeIgniter\CodeIgniter->run()
CRITICAL - 2024-05-08 12:00:26 --> Undefined property: CodeIgniter\View\View::$db
in APPPATH\Views\admin\admin_home.php on line 4.
 1 APPPATH\Views\admin\admin_home.php(4): CodeIgniter\Debug\Exceptions->errorHandler(2, 'Undefined property: CodeIgniter\\View\\View::$db', 'C:\\xampp\\htdocs\\ci4\\gruballergy\\app\\Views\\admin\\admin_home.php', 4)
 2 SYSTEMPATH\View\View.php(228): include('C:\\xampp\\htdocs\\ci4\\gruballergy\\app\\Views\\admin\\admin_home.php')
 3 SYSTEMPATH\View\View.php(231): CodeIgniter\View\View->CodeIgniter\View\{closure}()
 4 SYSTEMPATH\Common.php(1190): CodeIgniter\View\View->render('admin/admin_home', [], true)
 5 APPPATH\Views\admin\admin_layout.php(9): view('admin/admin_home')
 6 SYSTEMPATH\View\View.php(228): include('C:\\xampp\\htdocs\\ci4\\gruballergy\\app\\Views\\admin\\admin_layout.php')
 7 SYSTEMPATH\View\View.php(231): CodeIgniter\View\View->CodeIgniter\View\{closure}()
 8 SYSTEMPATH\Common.php(1190): CodeIgniter\View\View->render('admin/admin_layout', [], true)
 9 APPPATH\Controllers\Admin_Controller.php(169): view('admin/admin_layout', [...])
10 SYSTEMPATH\CodeIgniter.php(942): App\Controllers\Admin_Controller->recipes()
11 SYSTEMPATH\CodeIgniter.php(502): CodeIgniter\CodeIgniter->runController(Object(App\Controllers\Admin_Controller))
12 SYSTEMPATH\CodeIgniter.php(361): CodeIgniter\CodeIgniter->handleRequest(null, Object(Config\Cache), false)
13 FCPATH\index.php(79): CodeIgniter\CodeIgniter->run()
CRITICAL - 2024-05-08 12:02:05 --> Undefined property: CodeIgniter\View\View::$db
in APPPATH\Views\admin\admin_home.php on line 4.
 1 APPPATH\Views\admin\admin_home.php(4): CodeIgniter\Debug\Exceptions->errorHandler(2, 'Undefined property: CodeIgniter\\View\\View::$db', 'C:\\xampp\\htdocs\\ci4\\gruballergy\\app\\Views\\admin\\admin_home.php', 4)
 2 SYSTEMPATH\View\View.php(228): include('C:\\xampp\\htdocs\\ci4\\gruballergy\\app\\Views\\admin\\admin_home.php')
 3 SYSTEMPATH\View\View.php(231): CodeIgniter\View\View->CodeIgniter\View\{closure}()
 4 SYSTEMPATH\Common.php(1190): CodeIgniter\View\View->render('admin/admin_home', [], true)
 5 APPPATH\Views\admin\admin_layout.php(9): view('admin/admin_home')
 6 SYSTEMPATH\View\View.php(228): include('C:\\xampp\\htdocs\\ci4\\gruballergy\\app\\Views\\admin\\admin_layout.php')
 7 SYSTEMPATH\View\View.php(231): CodeIgniter\View\View->CodeIgniter\View\{closure}()
 8 SYSTEMPATH\Common.php(1190): CodeIgniter\View\View->render('admin/admin_layout', [], true)
 9 APPPATH\Controllers\Admin_Controller.php(169): view('admin/admin_layout', [...])
10 SYSTEMPATH\CodeIgniter.php(942): App\Controllers\Admin_Controller->recipes()
11 SYSTEMPATH\CodeIgniter.php(502): CodeIgniter\CodeIgniter->runController(Object(App\Controllers\Admin_Controller))
12 SYSTEMPATH\CodeIgniter.php(361): CodeIgniter\CodeIgniter->handleRequest(null, Object(Config\Cache), false)
13 FCPATH\index.php(79): CodeIgniter\CodeIgniter->run()
CRITICAL - 2024-05-08 12:03:15 --> Undefined property: CodeIgniter\View\View::$db
in APPPATH\Views\admin\admin_home.php on line 4.
 1 APPPATH\Views\admin\admin_home.php(4): CodeIgniter\Debug\Exceptions->errorHandler(2, 'Undefined property: CodeIgniter\\View\\View::$db', 'C:\\xampp\\htdocs\\ci4\\gruballergy\\app\\Views\\admin\\admin_home.php', 4)
 2 SYSTEMPATH\View\View.php(228): include('C:\\xampp\\htdocs\\ci4\\gruballergy\\app\\Views\\admin\\admin_home.php')
 3 SYSTEMPATH\View\View.php(231): CodeIgniter\View\View->CodeIgniter\View\{closure}()
 4 SYSTEMPATH\Common.php(1190): CodeIgniter\View\View->render('admin/admin_home', [], true)
 5 APPPATH\Views\admin\admin_layout.php(9): view('admin/admin_home')
 6 SYSTEMPATH\View\View.php(228): include('C:\\xampp\\htdocs\\ci4\\gruballergy\\app\\Views\\admin\\admin_layout.php')
 7 SYSTEMPATH\View\View.php(231): CodeIgniter\View\View->CodeIgniter\View\{closure}()
 8 SYSTEMPATH\Common.php(1190): CodeIgniter\View\View->render('admin/admin_layout', [], true)
 9 APPPATH\Controllers\Admin_Controller.php(169): view('admin/admin_layout', [...])
10 SYSTEMPATH\CodeIgniter.php(942): App\Controllers\Admin_Controller->recipes()
11 SYSTEMPATH\CodeIgniter.php(502): CodeIgniter\CodeIgniter->runController(Object(App\Controllers\Admin_Controller))
12 SYSTEMPATH\CodeIgniter.php(361): CodeIgniter\CodeIgniter->handleRequest(null, Object(Config\Cache), false)
13 FCPATH\index.php(79): CodeIgniter\CodeIgniter->run()
CRITICAL - 2024-05-08 12:04:37 --> Undefined property: CodeIgniter\View\View::$db
in APPPATH\Views\admin\admin_home.php on line 4.
 1 APPPATH\Views\admin\admin_home.php(4): CodeIgniter\Debug\Exceptions->errorHandler(2, 'Undefined property: CodeIgniter\\View\\View::$db', 'C:\\xampp\\htdocs\\ci4\\gruballergy\\app\\Views\\admin\\admin_home.php', 4)
 2 SYSTEMPATH\View\View.php(228): include('C:\\xampp\\htdocs\\ci4\\gruballergy\\app\\Views\\admin\\admin_home.php')
 3 SYSTEMPATH\View\View.php(231): CodeIgniter\View\View->CodeIgniter\View\{closure}()
 4 SYSTEMPATH\Common.php(1190): CodeIgniter\View\View->render('admin/admin_home', [], true)
 5 APPPATH\Views\admin\admin_layout.php(9): view('admin/admin_home')
 6 SYSTEMPATH\View\View.php(228): include('C:\\xampp\\htdocs\\ci4\\gruballergy\\app\\Views\\admin\\admin_layout.php')
 7 SYSTEMPATH\View\View.php(231): CodeIgniter\View\View->CodeIgniter\View\{closure}()
 8 SYSTEMPATH\Common.php(1190): CodeIgniter\View\View->render('admin/admin_layout', [], true)
 9 APPPATH\Controllers\Admin_Controller.php(169): view('admin/admin_layout', [...])
10 SYSTEMPATH\CodeIgniter.php(942): App\Controllers\Admin_Controller->recipes()
11 SYSTEMPATH\CodeIgniter.php(502): CodeIgniter\CodeIgniter->runController(Object(App\Controllers\Admin_Controller))
12 SYSTEMPATH\CodeIgniter.php(361): CodeIgniter\CodeIgniter->handleRequest(null, Object(Config\Cache), false)
13 FCPATH\index.php(79): CodeIgniter\CodeIgniter->run()
ERROR - 2024-05-08 12:04:57 --> mysqli_sql_exception: Unknown column 'c_id' in 'field list' in C:\xampp\htdocs\ci4\gruballergy\system\Database\MySQLi\Connection.php:306
Stack trace:
#0 C:\xampp\htdocs\ci4\gruballergy\system\Database\MySQLi\Connection.php(306): mysqli->query('select c_id,c_n...', 0)
#1 C:\xampp\htdocs\ci4\gruballergy\system\Database\BaseConnection.php(693): CodeIgniter\Database\MySQLi\Connection->execute('select c_id,c_n...')
#2 C:\xampp\htdocs\ci4\gruballergy\system\Database\BaseConnection.php(607): CodeIgniter\Database\BaseConnection->simpleQuery('select c_id,c_n...')
#3 C:\xampp\htdocs\ci4\gruballergy\app\Views\admin\admin_home.php(4): CodeIgniter\Database\BaseConnection->query('select c_id,c_n...')
#4 C:\xampp\htdocs\ci4\gruballergy\system\View\View.php(228): include('C:\\xampp\\htdocs...')
#5 C:\xampp\htdocs\ci4\gruballergy\system\View\View.php(231): CodeIgniter\View\View->CodeIgniter\View\{closure}()
#6 C:\xampp\htdocs\ci4\gruballergy\system\Common.php(1190): CodeIgniter\View\View->render('admin/admin_hom...', Array, true)
#7 C:\xampp\htdocs\ci4\gruballergy\app\Views\admin\admin_layout.php(9): view('admin/admin_hom...')
#8 C:\xampp\htdocs\ci4\gruballergy\system\View\View.php(228): include('C:\\xampp\\htdocs...')
#9 C:\xampp\htdocs\ci4\gruballergy\system\View\View.php(231): CodeIgniter\View\View->CodeIgniter\View\{closure}()
#10 C:\xampp\htdocs\ci4\gruballergy\system\Common.php(1190): CodeIgniter\View\View->render('admin/admin_lay...', Array, true)
#11 C:\xampp\htdocs\ci4\gruballergy\app\Controllers\Admin_Controller.php(169): view('admin/admin_lay...', Array)
#12 C:\xampp\htdocs\ci4\gruballergy\system\CodeIgniter.php(942): App\Controllers\Admin_Controller->recipes()
#13 C:\xampp\htdocs\ci4\gruballergy\system\CodeIgniter.php(502): CodeIgniter\CodeIgniter->runController(Object(App\Controllers\Admin_Controller))
#14 C:\xampp\htdocs\ci4\gruballergy\system\CodeIgniter.php(361): CodeIgniter\CodeIgniter->handleRequest(NULL, Object(Config\Cache), false)
#15 C:\xampp\htdocs\ci4\gruballergy\index.php(79): CodeIgniter\CodeIgniter->run()
#16 {main}
CRITICAL - 2024-05-08 12:04:57 --> Unknown column 'c_id' in 'field list'
in SYSTEMPATH\Database\BaseConnection.php on line 647.
 1 APPPATH\Views\admin\admin_home.php(4): CodeIgniter\Database\BaseConnection->query('select c_id,c_name from recipes where active=1')
 2 SYSTEMPATH\View\View.php(228): include('C:\\xampp\\htdocs\\ci4\\gruballergy\\app\\Views\\admin\\admin_home.php')
 3 SYSTEMPATH\View\View.php(231): CodeIgniter\View\View->CodeIgniter\View\{closure}()
 4 SYSTEMPATH\Common.php(1190): CodeIgniter\View\View->render('admin/admin_home', [], true)
 5 APPPATH\Views\admin\admin_layout.php(9): view('admin/admin_home')
 6 SYSTEMPATH\View\View.php(228): include('C:\\xampp\\htdocs\\ci4\\gruballergy\\app\\Views\\admin\\admin_layout.php')
 7 SYSTEMPATH\View\View.php(231): CodeIgniter\View\View->CodeIgniter\View\{closure}()
 8 SYSTEMPATH\Common.php(1190): CodeIgniter\View\View->render('admin/admin_layout', [], true)
 9 APPPATH\Controllers\Admin_Controller.php(169): view('admin/admin_layout', [...])
10 SYSTEMPATH\CodeIgniter.php(942): App\Controllers\Admin_Controller->recipes()
11 SYSTEMPATH\CodeIgniter.php(502): CodeIgniter\CodeIgniter->runController(Object(App\Controllers\Admin_Controller))
12 SYSTEMPATH\CodeIgniter.php(361): CodeIgniter\CodeIgniter->handleRequest(null, Object(Config\Cache), false)
13 FCPATH\index.php(79): CodeIgniter\CodeIgniter->run()
CRITICAL - 2024-05-08 12:05:14 --> Undefined property: CodeIgniter\View\View::$db
in APPPATH\Views\admin\admin_home.php on line 3.
 1 APPPATH\Views\admin\admin_home.php(3): CodeIgniter\Debug\Exceptions->errorHandler(2, 'Undefined property: CodeIgniter\\View\\View::$db', 'C:\\xampp\\htdocs\\ci4\\gruballergy\\app\\Views\\admin\\admin_home.php', 3)
 2 SYSTEMPATH\View\View.php(228): include('C:\\xampp\\htdocs\\ci4\\gruballergy\\app\\Views\\admin\\admin_home.php')
 3 SYSTEMPATH\View\View.php(231): CodeIgniter\View\View->CodeIgniter\View\{closure}()
 4 SYSTEMPATH\Common.php(1190): CodeIgniter\View\View->render('admin/admin_home', [], true)
 5 APPPATH\Views\admin\admin_layout.php(9): view('admin/admin_home')
 6 SYSTEMPATH\View\View.php(228): include('C:\\xampp\\htdocs\\ci4\\gruballergy\\app\\Views\\admin\\admin_layout.php')
 7 SYSTEMPATH\View\View.php(231): CodeIgniter\View\View->CodeIgniter\View\{closure}()
 8 SYSTEMPATH\Common.php(1190): CodeIgniter\View\View->render('admin/admin_layout', [], true)
 9 APPPATH\Controllers\Admin_Controller.php(169): view('admin/admin_layout', [...])
10 SYSTEMPATH\CodeIgniter.php(942): App\Controllers\Admin_Controller->recipes()
11 SYSTEMPATH\CodeIgniter.php(502): CodeIgniter\CodeIgniter->runController(Object(App\Controllers\Admin_Controller))
12 SYSTEMPATH\CodeIgniter.php(361): CodeIgniter\CodeIgniter->handleRequest(null, Object(Config\Cache), false)
13 FCPATH\index.php(79): CodeIgniter\CodeIgniter->run()
CRITICAL - 2024-05-08 12:05:15 --> Undefined property: CodeIgniter\View\View::$db
in APPPATH\Views\admin\admin_home.php on line 3.
 1 APPPATH\Views\admin\admin_home.php(3): CodeIgniter\Debug\Exceptions->errorHandler(2, 'Undefined property: CodeIgniter\\View\\View::$db', 'C:\\xampp\\htdocs\\ci4\\gruballergy\\app\\Views\\admin\\admin_home.php', 3)
 2 SYSTEMPATH\View\View.php(228): include('C:\\xampp\\htdocs\\ci4\\gruballergy\\app\\Views\\admin\\admin_home.php')
 3 SYSTEMPATH\View\View.php(231): CodeIgniter\View\View->CodeIgniter\View\{closure}()
 4 SYSTEMPATH\Common.php(1190): CodeIgniter\View\View->render('admin/admin_home', [], true)
 5 APPPATH\Views\admin\admin_layout.php(9): view('admin/admin_home')
 6 SYSTEMPATH\View\View.php(228): include('C:\\xampp\\htdocs\\ci4\\gruballergy\\app\\Views\\admin\\admin_layout.php')
 7 SYSTEMPATH\View\View.php(231): CodeIgniter\View\View->CodeIgniter\View\{closure}()
 8 SYSTEMPATH\Common.php(1190): CodeIgniter\View\View->render('admin/admin_layout', [], true)
 9 APPPATH\Controllers\Admin_Controller.php(169): view('admin/admin_layout', [...])
10 SYSTEMPATH\CodeIgniter.php(942): App\Controllers\Admin_Controller->recipes()
11 SYSTEMPATH\CodeIgniter.php(502): CodeIgniter\CodeIgniter->runController(Object(App\Controllers\Admin_Controller))
12 SYSTEMPATH\CodeIgniter.php(361): CodeIgniter\CodeIgniter->handleRequest(null, Object(Config\Cache), false)
13 FCPATH\index.php(79): CodeIgniter\CodeIgniter->run()
CRITICAL - 2024-05-08 12:22:46 --> Invalid file: "admin/layout.php"
in SYSTEMPATH\Exceptions\FrameworkException.php on line 39.
 1 SYSTEMPATH\View\View.php(216): CodeIgniter\Exceptions\FrameworkException::forInvalidFile('admin/layout.php')
 2 SYSTEMPATH\Common.php(1190): CodeIgniter\View\View->render('admin/layout', [], true)
 3 APPPATH\Controllers\Admin_Controller.php(243): view('admin/layout', [...])
 4 SYSTEMPATH\CodeIgniter.php(942): App\Controllers\Admin_Controller->editrecipes_view()
 5 SYSTEMPATH\CodeIgniter.php(502): CodeIgniter\CodeIgniter->runController(Object(App\Controllers\Admin_Controller))
 6 SYSTEMPATH\CodeIgniter.php(361): CodeIgniter\CodeIgniter->handleRequest(null, Object(Config\Cache), false)
 7 FCPATH\index.php(79): CodeIgniter\CodeIgniter->run()
CRITICAL - 2024-05-08 12:43:17 --> Undefined array key "re_title"
in APPPATH\Views\admin\editrecipes.php on line 22.
 1 APPPATH\Views\admin\editrecipes.php(22): CodeIgniter\Debug\Exceptions->errorHandler(2, 'Undefined array key "re_title"', 'C:\\xampp\\htdocs\\ci4\\gruballergy\\app\\Views\\admin\\editrecipes.php', 22)
 2 SYSTEMPATH\View\View.php(228): include('C:\\xampp\\htdocs\\ci4\\gruballergy\\app\\Views\\admin\\editrecipes.php')
 3 SYSTEMPATH\View\View.php(231): CodeIgniter\View\View->CodeIgniter\View\{closure}()
 4 SYSTEMPATH\Common.php(1190): CodeIgniter\View\View->render('admin/editrecipes', [], true)
 5 APPPATH\Views\admin\admin_layout.php(9): view('admin/editrecipes')
 6 SYSTEMPATH\View\View.php(228): include('C:\\xampp\\htdocs\\ci4\\gruballergy\\app\\Views\\admin\\admin_layout.php')
 7 SYSTEMPATH\View\View.php(231): CodeIgniter\View\View->CodeIgniter\View\{closure}()
 8 SYSTEMPATH\Common.php(1190): CodeIgniter\View\View->render('admin/admin_layout', [], true)
 9 APPPATH\Controllers\Admin_Controller.php(245): view('admin/admin_layout', [...])
10 SYSTEMPATH\CodeIgniter.php(942): App\Controllers\Admin_Controller->editrecipes_view('5')
11 SYSTEMPATH\CodeIgniter.php(502): CodeIgniter\CodeIgniter->runController(Object(App\Controllers\Admin_Controller))
12 SYSTEMPATH\CodeIgniter.php(361): CodeIgniter\CodeIgniter->handleRequest(null, Object(Config\Cache), false)
13 FCPATH\index.php(79): CodeIgniter\CodeIgniter->run()
CRITICAL - 2024-05-08 12:43:42 --> Cannot use object of type stdClass as array
in APPPATH\Views\admin\editrecipes.php on line 22.
 1 SYSTEMPATH\View\View.php(228): include()
 2 SYSTEMPATH\View\View.php(231): CodeIgniter\View\View->CodeIgniter\View\{closure}()
 3 SYSTEMPATH\Common.php(1190): CodeIgniter\View\View->render('admin/editrecipes', [], true)
 4 APPPATH\Views\admin\admin_layout.php(9): view('admin/editrecipes')
 5 SYSTEMPATH\View\View.php(228): include('C:\\xampp\\htdocs\\ci4\\gruballergy\\app\\Views\\admin\\admin_layout.php')
 6 SYSTEMPATH\View\View.php(231): CodeIgniter\View\View->CodeIgniter\View\{closure}()
 7 SYSTEMPATH\Common.php(1190): CodeIgniter\View\View->render('admin/admin_layout', [], true)
 8 APPPATH\Controllers\Admin_Controller.php(245): view('admin/admin_layout', [...])
 9 SYSTEMPATH\CodeIgniter.php(942): App\Controllers\Admin_Controller->editrecipes_view('5')
10 SYSTEMPATH\CodeIgniter.php(502): CodeIgniter\CodeIgniter->runController(Object(App\Controllers\Admin_Controller))
11 SYSTEMPATH\CodeIgniter.php(361): CodeIgniter\CodeIgniter->handleRequest(null, Object(Config\Cache), false)
12 FCPATH\index.php(79): CodeIgniter\CodeIgniter->run()
CRITICAL - 2024-05-08 12:58:24 --> Array to string conversion
in APPPATH\Views\admin\editrecipes.php on line 10.
 1 APPPATH\Views\admin\editrecipes.php(10): CodeIgniter\Debug\Exceptions->errorHandler(2, 'Array to string conversion', 'C:\\xampp\\htdocs\\ci4\\gruballergy\\app\\Views\\admin\\editrecipes.php', 10)
 2 SYSTEMPATH\View\View.php(228): include('C:\\xampp\\htdocs\\ci4\\gruballergy\\app\\Views\\admin\\editrecipes.php')
 3 SYSTEMPATH\View\View.php(231): CodeIgniter\View\View->CodeIgniter\View\{closure}()
 4 SYSTEMPATH\Common.php(1190): CodeIgniter\View\View->render('admin/editrecipes', [], true)
 5 APPPATH\Views\admin\admin_layout.php(9): view('admin/editrecipes')
 6 SYSTEMPATH\View\View.php(228): include('C:\\xampp\\htdocs\\ci4\\gruballergy\\app\\Views\\admin\\admin_layout.php')
 7 SYSTEMPATH\View\View.php(231): CodeIgniter\View\View->CodeIgniter\View\{closure}()
 8 SYSTEMPATH\Common.php(1190): CodeIgniter\View\View->render('admin/admin_layout', [], true)
 9 APPPATH\Controllers\Admin_Controller.php(245): view('admin/admin_layout', [...])
10 SYSTEMPATH\CodeIgniter.php(942): App\Controllers\Admin_Controller->editrecipes_view('5')
11 SYSTEMPATH\CodeIgniter.php(502): CodeIgniter\CodeIgniter->runController(Object(App\Controllers\Admin_Controller))
12 SYSTEMPATH\CodeIgniter.php(361): CodeIgniter\CodeIgniter->handleRequest(null, Object(Config\Cache), false)
13 FCPATH\index.php(79): CodeIgniter\CodeIgniter->run()
CRITICAL - 2024-05-08 13:00:26 --> Undefined variable $val
in APPPATH\Views\admin\editrecipes.php on line 78.
 1 APPPATH\Views\admin\editrecipes.php(78): CodeIgniter\Debug\Exceptions->errorHandler(2, 'Undefined variable $val', 'C:\\xampp\\htdocs\\ci4\\gruballergy\\app\\Views\\admin\\editrecipes.php', 78)
 2 SYSTEMPATH\View\View.php(228): include('C:\\xampp\\htdocs\\ci4\\gruballergy\\app\\Views\\admin\\editrecipes.php')
 3 SYSTEMPATH\View\View.php(231): CodeIgniter\View\View->CodeIgniter\View\{closure}()
 4 SYSTEMPATH\Common.php(1190): CodeIgniter\View\View->render('admin/editrecipes', [], true)
 5 APPPATH\Views\admin\admin_layout.php(9): view('admin/editrecipes')
 6 SYSTEMPATH\View\View.php(228): include('C:\\xampp\\htdocs\\ci4\\gruballergy\\app\\Views\\admin\\admin_layout.php')
 7 SYSTEMPATH\View\View.php(231): CodeIgniter\View\View->CodeIgniter\View\{closure}()
 8 SYSTEMPATH\Common.php(1190): CodeIgniter\View\View->render('admin/admin_layout', [], true)
 9 APPPATH\Controllers\Admin_Controller.php(245): view('admin/admin_layout', [...])
10 SYSTEMPATH\CodeIgniter.php(942): App\Controllers\Admin_Controller->editrecipes_view('5')
11 SYSTEMPATH\CodeIgniter.php(502): CodeIgniter\CodeIgniter->runController(Object(App\Controllers\Admin_Controller))
12 SYSTEMPATH\CodeIgniter.php(361): CodeIgniter\CodeIgniter->handleRequest(null, Object(Config\Cache), false)
13 FCPATH\index.php(79): CodeIgniter\CodeIgniter->run()
CRITICAL - 2024-05-08 13:01:07 --> Undefined variable $val
in APPPATH\Views\admin\editrecipes.php on line 78.
 1 APPPATH\Views\admin\editrecipes.php(78): CodeIgniter\Debug\Exceptions->errorHandler(2, 'Undefined variable $val', 'C:\\xampp\\htdocs\\ci4\\gruballergy\\app\\Views\\admin\\editrecipes.php', 78)
 2 SYSTEMPATH\View\View.php(228): include('C:\\xampp\\htdocs\\ci4\\gruballergy\\app\\Views\\admin\\editrecipes.php')
 3 SYSTEMPATH\View\View.php(231): CodeIgniter\View\View->CodeIgniter\View\{closure}()
 4 SYSTEMPATH\Common.php(1190): CodeIgniter\View\View->render('admin/editrecipes', [], true)
 5 APPPATH\Views\admin\admin_layout.php(9): view('admin/editrecipes')
 6 SYSTEMPATH\View\View.php(228): include('C:\\xampp\\htdocs\\ci4\\gruballergy\\app\\Views\\admin\\admin_layout.php')
 7 SYSTEMPATH\View\View.php(231): CodeIgniter\View\View->CodeIgniter\View\{closure}()
 8 SYSTEMPATH\Common.php(1190): CodeIgniter\View\View->render('admin/admin_layout', [], true)
 9 APPPATH\Controllers\Admin_Controller.php(245): view('admin/admin_layout', [...])
10 SYSTEMPATH\CodeIgniter.php(942): App\Controllers\Admin_Controller->editrecipes_view('5')
11 SYSTEMPATH\CodeIgniter.php(502): CodeIgniter\CodeIgniter->runController(Object(App\Controllers\Admin_Controller))
12 SYSTEMPATH\CodeIgniter.php(361): CodeIgniter\CodeIgniter->handleRequest(null, Object(Config\Cache), false)
13 FCPATH\index.php(79): CodeIgniter\CodeIgniter->run()
CRITICAL - 2024-05-08 13:01:08 --> Undefined variable $val
in APPPATH\Views\admin\editrecipes.php on line 78.
 1 APPPATH\Views\admin\editrecipes.php(78): CodeIgniter\Debug\Exceptions->errorHandler(2, 'Undefined variable $val', 'C:\\xampp\\htdocs\\ci4\\gruballergy\\app\\Views\\admin\\editrecipes.php', 78)
 2 SYSTEMPATH\View\View.php(228): include('C:\\xampp\\htdocs\\ci4\\gruballergy\\app\\Views\\admin\\editrecipes.php')
 3 SYSTEMPATH\View\View.php(231): CodeIgniter\View\View->CodeIgniter\View\{closure}()
 4 SYSTEMPATH\Common.php(1190): CodeIgniter\View\View->render('admin/editrecipes', [], true)
 5 APPPATH\Views\admin\admin_layout.php(9): view('admin/editrecipes')
 6 SYSTEMPATH\View\View.php(228): include('C:\\xampp\\htdocs\\ci4\\gruballergy\\app\\Views\\admin\\admin_layout.php')
 7 SYSTEMPATH\View\View.php(231): CodeIgniter\View\View->CodeIgniter\View\{closure}()
 8 SYSTEMPATH\Common.php(1190): CodeIgniter\View\View->render('admin/admin_layout', [], true)
 9 APPPATH\Controllers\Admin_Controller.php(245): view('admin/admin_layout', [...])
10 SYSTEMPATH\CodeIgniter.php(942): App\Controllers\Admin_Controller->editrecipes_view('5')
11 SYSTEMPATH\CodeIgniter.php(502): CodeIgniter\CodeIgniter->runController(Object(App\Controllers\Admin_Controller))
12 SYSTEMPATH\CodeIgniter.php(361): CodeIgniter\CodeIgniter->handleRequest(null, Object(Config\Cache), false)
13 FCPATH\index.php(79): CodeIgniter\CodeIgniter->run()
CRITICAL - 2024-05-08 13:01:08 --> Undefined variable $val
in APPPATH\Views\admin\editrecipes.php on line 78.
 1 APPPATH\Views\admin\editrecipes.php(78): CodeIgniter\Debug\Exceptions->errorHandler(2, 'Undefined variable $val', 'C:\\xampp\\htdocs\\ci4\\gruballergy\\app\\Views\\admin\\editrecipes.php', 78)
 2 SYSTEMPATH\View\View.php(228): include('C:\\xampp\\htdocs\\ci4\\gruballergy\\app\\Views\\admin\\editrecipes.php')
 3 SYSTEMPATH\View\View.php(231): CodeIgniter\View\View->CodeIgniter\View\{closure}()
 4 SYSTEMPATH\Common.php(1190): CodeIgniter\View\View->render('admin/editrecipes', [], true)
 5 APPPATH\Views\admin\admin_layout.php(9): view('admin/editrecipes')
 6 SYSTEMPATH\View\View.php(228): include('C:\\xampp\\htdocs\\ci4\\gruballergy\\app\\Views\\admin\\admin_layout.php')
 7 SYSTEMPATH\View\View.php(231): CodeIgniter\View\View->CodeIgniter\View\{closure}()
 8 SYSTEMPATH\Common.php(1190): CodeIgniter\View\View->render('admin/admin_layout', [], true)
 9 APPPATH\Controllers\Admin_Controller.php(245): view('admin/admin_layout', [...])
10 SYSTEMPATH\CodeIgniter.php(942): App\Controllers\Admin_Controller->editrecipes_view('5')
11 SYSTEMPATH\CodeIgniter.php(502): CodeIgniter\CodeIgniter->runController(Object(App\Controllers\Admin_Controller))
12 SYSTEMPATH\CodeIgniter.php(361): CodeIgniter\CodeIgniter->handleRequest(null, Object(Config\Cache), false)
13 FCPATH\index.php(79): CodeIgniter\CodeIgniter->run()
CRITICAL - 2024-05-08 13:02:09 --> Undefined variable $val
in APPPATH\Views\admin\editrecipes.php on line 81.
 1 APPPATH\Views\admin\editrecipes.php(81): CodeIgniter\Debug\Exceptions->errorHandler(2, 'Undefined variable $val', 'C:\\xampp\\htdocs\\ci4\\gruballergy\\app\\Views\\admin\\editrecipes.php', 81)
 2 SYSTEMPATH\View\View.php(228): include('C:\\xampp\\htdocs\\ci4\\gruballergy\\app\\Views\\admin\\editrecipes.php')
 3 SYSTEMPATH\View\View.php(231): CodeIgniter\View\View->CodeIgniter\View\{closure}()
 4 SYSTEMPATH\Common.php(1190): CodeIgniter\View\View->render('admin/editrecipes', [], true)
 5 APPPATH\Views\admin\admin_layout.php(9): view('admin/editrecipes')
 6 SYSTEMPATH\View\View.php(228): include('C:\\xampp\\htdocs\\ci4\\gruballergy\\app\\Views\\admin\\admin_layout.php')
 7 SYSTEMPATH\View\View.php(231): CodeIgniter\View\View->CodeIgniter\View\{closure}()
 8 SYSTEMPATH\Common.php(1190): CodeIgniter\View\View->render('admin/admin_layout', [], true)
 9 APPPATH\Controllers\Admin_Controller.php(245): view('admin/admin_layout', [...])
10 SYSTEMPATH\CodeIgniter.php(942): App\Controllers\Admin_Controller->editrecipes_view('5')
11 SYSTEMPATH\CodeIgniter.php(502): CodeIgniter\CodeIgniter->runController(Object(App\Controllers\Admin_Controller))
12 SYSTEMPATH\CodeIgniter.php(361): CodeIgniter\CodeIgniter->handleRequest(null, Object(Config\Cache), false)
13 FCPATH\index.php(79): CodeIgniter\CodeIgniter->run()
CRITICAL - 2024-05-08 13:02:55 --> Undefined variable $val
in APPPATH\Views\admin\editrecipes.php on line 81.
 1 APPPATH\Views\admin\editrecipes.php(81): CodeIgniter\Debug\Exceptions->errorHandler(2, 'Undefined variable $val', 'C:\\xampp\\htdocs\\ci4\\gruballergy\\app\\Views\\admin\\editrecipes.php', 81)
 2 SYSTEMPATH\View\View.php(228): include('C:\\xampp\\htdocs\\ci4\\gruballergy\\app\\Views\\admin\\editrecipes.php')
 3 SYSTEMPATH\View\View.php(231): CodeIgniter\View\View->CodeIgniter\View\{closure}()
 4 SYSTEMPATH\Common.php(1190): CodeIgniter\View\View->render('admin/editrecipes', [], true)
 5 APPPATH\Views\admin\admin_layout.php(9): view('admin/editrecipes')
 6 SYSTEMPATH\View\View.php(228): include('C:\\xampp\\htdocs\\ci4\\gruballergy\\app\\Views\\admin\\admin_layout.php')
 7 SYSTEMPATH\View\View.php(231): CodeIgniter\View\View->CodeIgniter\View\{closure}()
 8 SYSTEMPATH\Common.php(1190): CodeIgniter\View\View->render('admin/admin_layout', [], true)
 9 APPPATH\Controllers\Admin_Controller.php(245): view('admin/admin_layout', [...])
10 SYSTEMPATH\CodeIgniter.php(942): App\Controllers\Admin_Controller->editrecipes_view('5')
11 SYSTEMPATH\CodeIgniter.php(502): CodeIgniter\CodeIgniter->runController(Object(App\Controllers\Admin_Controller))
12 SYSTEMPATH\CodeIgniter.php(361): CodeIgniter\CodeIgniter->handleRequest(null, Object(Config\Cache), false)
13 FCPATH\index.php(79): CodeIgniter\CodeIgniter->run()
CRITICAL - 2024-05-08 13:02:56 --> Undefined variable $val
in APPPATH\Views\admin\editrecipes.php on line 81.
 1 APPPATH\Views\admin\editrecipes.php(81): CodeIgniter\Debug\Exceptions->errorHandler(2, 'Undefined variable $val', 'C:\\xampp\\htdocs\\ci4\\gruballergy\\app\\Views\\admin\\editrecipes.php', 81)
 2 SYSTEMPATH\View\View.php(228): include('C:\\xampp\\htdocs\\ci4\\gruballergy\\app\\Views\\admin\\editrecipes.php')
 3 SYSTEMPATH\View\View.php(231): CodeIgniter\View\View->CodeIgniter\View\{closure}()
 4 SYSTEMPATH\Common.php(1190): CodeIgniter\View\View->render('admin/editrecipes', [], true)
 5 APPPATH\Views\admin\admin_layout.php(9): view('admin/editrecipes')
 6 SYSTEMPATH\View\View.php(228): include('C:\\xampp\\htdocs\\ci4\\gruballergy\\app\\Views\\admin\\admin_layout.php')
 7 SYSTEMPATH\View\View.php(231): CodeIgniter\View\View->CodeIgniter\View\{closure}()
 8 SYSTEMPATH\Common.php(1190): CodeIgniter\View\View->render('admin/admin_layout', [], true)
 9 APPPATH\Controllers\Admin_Controller.php(245): view('admin/admin_layout', [...])
10 SYSTEMPATH\CodeIgniter.php(942): App\Controllers\Admin_Controller->editrecipes_view('5')
11 SYSTEMPATH\CodeIgniter.php(502): CodeIgniter\CodeIgniter->runController(Object(App\Controllers\Admin_Controller))
12 SYSTEMPATH\CodeIgniter.php(361): CodeIgniter\CodeIgniter->handleRequest(null, Object(Config\Cache), false)
13 FCPATH\index.php(79): CodeIgniter\CodeIgniter->run()
CRITICAL - 2024-05-08 13:02:56 --> Undefined variable $val
in APPPATH\Views\admin\editrecipes.php on line 81.
 1 APPPATH\Views\admin\editrecipes.php(81): CodeIgniter\Debug\Exceptions->errorHandler(2, 'Undefined variable $val', 'C:\\xampp\\htdocs\\ci4\\gruballergy\\app\\Views\\admin\\editrecipes.php', 81)
 2 SYSTEMPATH\View\View.php(228): include('C:\\xampp\\htdocs\\ci4\\gruballergy\\app\\Views\\admin\\editrecipes.php')
 3 SYSTEMPATH\View\View.php(231): CodeIgniter\View\View->CodeIgniter\View\{closure}()
 4 SYSTEMPATH\Common.php(1190): CodeIgniter\View\View->render('admin/editrecipes', [], true)
 5 APPPATH\Views\admin\admin_layout.php(9): view('admin/editrecipes')
 6 SYSTEMPATH\View\View.php(228): include('C:\\xampp\\htdocs\\ci4\\gruballergy\\app\\Views\\admin\\admin_layout.php')
 7 SYSTEMPATH\View\View.php(231): CodeIgniter\View\View->CodeIgniter\View\{closure}()
 8 SYSTEMPATH\Common.php(1190): CodeIgniter\View\View->render('admin/admin_layout', [], true)
 9 APPPATH\Controllers\Admin_Controller.php(245): view('admin/admin_layout', [...])
10 SYSTEMPATH\CodeIgniter.php(942): App\Controllers\Admin_Controller->editrecipes_view('5')
11 SYSTEMPATH\CodeIgniter.php(502): CodeIgniter\CodeIgniter->runController(Object(App\Controllers\Admin_Controller))
12 SYSTEMPATH\CodeIgniter.php(361): CodeIgniter\CodeIgniter->handleRequest(null, Object(Config\Cache), false)
13 FCPATH\index.php(79): CodeIgniter\CodeIgniter->run()
CRITICAL - 2024-05-08 13:02:56 --> Undefined variable $val
in APPPATH\Views\admin\editrecipes.php on line 81.
 1 APPPATH\Views\admin\editrecipes.php(81): CodeIgniter\Debug\Exceptions->errorHandler(2, 'Undefined variable $val', 'C:\\xampp\\htdocs\\ci4\\gruballergy\\app\\Views\\admin\\editrecipes.php', 81)
 2 SYSTEMPATH\View\View.php(228): include('C:\\xampp\\htdocs\\ci4\\gruballergy\\app\\Views\\admin\\editrecipes.php')
 3 SYSTEMPATH\View\View.php(231): CodeIgniter\View\View->CodeIgniter\View\{closure}()
 4 SYSTEMPATH\Common.php(1190): CodeIgniter\View\View->render('admin/editrecipes', [], true)
 5 APPPATH\Views\admin\admin_layout.php(9): view('admin/editrecipes')
 6 SYSTEMPATH\View\View.php(228): include('C:\\xampp\\htdocs\\ci4\\gruballergy\\app\\Views\\admin\\admin_layout.php')
 7 SYSTEMPATH\View\View.php(231): CodeIgniter\View\View->CodeIgniter\View\{closure}()
 8 SYSTEMPATH\Common.php(1190): CodeIgniter\View\View->render('admin/admin_layout', [], true)
 9 APPPATH\Controllers\Admin_Controller.php(245): view('admin/admin_layout', [...])
10 SYSTEMPATH\CodeIgniter.php(942): App\Controllers\Admin_Controller->editrecipes_view('5')
11 SYSTEMPATH\CodeIgniter.php(502): CodeIgniter\CodeIgniter->runController(Object(App\Controllers\Admin_Controller))
12 SYSTEMPATH\CodeIgniter.php(361): CodeIgniter\CodeIgniter->handleRequest(null, Object(Config\Cache), false)
13 FCPATH\index.php(79): CodeIgniter\CodeIgniter->run()
CRITICAL - 2024-05-08 13:06:14 --> Cannot access offset of type string on string
in APPPATH\Views\admin\editrecipes.php on line 82.
 1 SYSTEMPATH\View\View.php(228): include()
 2 SYSTEMPATH\View\View.php(231): CodeIgniter\View\View->CodeIgniter\View\{closure}()
 3 SYSTEMPATH\Common.php(1190): CodeIgniter\View\View->render('admin/editrecipes', [], true)
 4 APPPATH\Views\admin\admin_layout.php(9): view('admin/editrecipes')
 5 SYSTEMPATH\View\View.php(228): include('C:\\xampp\\htdocs\\ci4\\gruballergy\\app\\Views\\admin\\admin_layout.php')
 6 SYSTEMPATH\View\View.php(231): CodeIgniter\View\View->CodeIgniter\View\{closure}()
 7 SYSTEMPATH\Common.php(1190): CodeIgniter\View\View->render('admin/admin_layout', [], true)
 8 APPPATH\Controllers\Admin_Controller.php(245): view('admin/admin_layout', [...])
 9 SYSTEMPATH\CodeIgniter.php(942): App\Controllers\Admin_Controller->editrecipes_view('5')
10 SYSTEMPATH\CodeIgniter.php(502): CodeIgniter\CodeIgniter->runController(Object(App\Controllers\Admin_Controller))
11 SYSTEMPATH\CodeIgniter.php(361): CodeIgniter\CodeIgniter->handleRequest(null, Object(Config\Cache), false)
12 FCPATH\index.php(79): CodeIgniter\CodeIgniter->run()
CRITICAL - 2024-05-08 13:06:46 --> Cannot access offset of type string on string
in APPPATH\Views\admin\editrecipes.php on line 82.
 1 SYSTEMPATH\View\View.php(228): include()
 2 SYSTEMPATH\View\View.php(231): CodeIgniter\View\View->CodeIgniter\View\{closure}()
 3 SYSTEMPATH\Common.php(1190): CodeIgniter\View\View->render('admin/editrecipes', [], true)
 4 APPPATH\Views\admin\admin_layout.php(9): view('admin/editrecipes')
 5 SYSTEMPATH\View\View.php(228): include('C:\\xampp\\htdocs\\ci4\\gruballergy\\app\\Views\\admin\\admin_layout.php')
 6 SYSTEMPATH\View\View.php(231): CodeIgniter\View\View->CodeIgniter\View\{closure}()
 7 SYSTEMPATH\Common.php(1190): CodeIgniter\View\View->render('admin/admin_layout', [], true)
 8 APPPATH\Controllers\Admin_Controller.php(245): view('admin/admin_layout', [...])
 9 SYSTEMPATH\CodeIgniter.php(942): App\Controllers\Admin_Controller->editrecipes_view('5')
10 SYSTEMPATH\CodeIgniter.php(502): CodeIgniter\CodeIgniter->runController(Object(App\Controllers\Admin_Controller))
11 SYSTEMPATH\CodeIgniter.php(361): CodeIgniter\CodeIgniter->handleRequest(null, Object(Config\Cache), false)
12 FCPATH\index.php(79): CodeIgniter\CodeIgniter->run()
CRITICAL - 2024-05-08 13:06:48 --> Cannot access offset of type string on string
in APPPATH\Views\admin\editrecipes.php on line 82.
 1 SYSTEMPATH\View\View.php(228): include()
 2 SYSTEMPATH\View\View.php(231): CodeIgniter\View\View->CodeIgniter\View\{closure}()
 3 SYSTEMPATH\Common.php(1190): CodeIgniter\View\View->render('admin/editrecipes', [], true)
 4 APPPATH\Views\admin\admin_layout.php(9): view('admin/editrecipes')
 5 SYSTEMPATH\View\View.php(228): include('C:\\xampp\\htdocs\\ci4\\gruballergy\\app\\Views\\admin\\admin_layout.php')
 6 SYSTEMPATH\View\View.php(231): CodeIgniter\View\View->CodeIgniter\View\{closure}()
 7 SYSTEMPATH\Common.php(1190): CodeIgniter\View\View->render('admin/admin_layout', [], true)
 8 APPPATH\Controllers\Admin_Controller.php(245): view('admin/admin_layout', [...])
 9 SYSTEMPATH\CodeIgniter.php(942): App\Controllers\Admin_Controller->editrecipes_view('5')
10 SYSTEMPATH\CodeIgniter.php(502): CodeIgniter\CodeIgniter->runController(Object(App\Controllers\Admin_Controller))
11 SYSTEMPATH\CodeIgniter.php(361): CodeIgniter\CodeIgniter->handleRequest(null, Object(Config\Cache), false)
12 FCPATH\index.php(79): CodeIgniter\CodeIgniter->run()
CRITICAL - 2024-05-08 13:08:33 --> Attempt to read property "re_category" on string
in APPPATH\Views\admin\editrecipes.php on line 82.
 1 APPPATH\Views\admin\editrecipes.php(82): CodeIgniter\Debug\Exceptions->errorHandler(2, 'Attempt to read property "re_category" on string', 'C:\\xampp\\htdocs\\ci4\\gruballergy\\app\\Views\\admin\\editrecipes.php', 82)
 2 SYSTEMPATH\View\View.php(228): include('C:\\xampp\\htdocs\\ci4\\gruballergy\\app\\Views\\admin\\editrecipes.php')
 3 SYSTEMPATH\View\View.php(231): CodeIgniter\View\View->CodeIgniter\View\{closure}()
 4 SYSTEMPATH\Common.php(1190): CodeIgniter\View\View->render('admin/editrecipes', [], true)
 5 APPPATH\Views\admin\admin_layout.php(9): view('admin/editrecipes')
 6 SYSTEMPATH\View\View.php(228): include('C:\\xampp\\htdocs\\ci4\\gruballergy\\app\\Views\\admin\\admin_layout.php')
 7 SYSTEMPATH\View\View.php(231): CodeIgniter\View\View->CodeIgniter\View\{closure}()
 8 SYSTEMPATH\Common.php(1190): CodeIgniter\View\View->render('admin/admin_layout', [], true)
 9 APPPATH\Controllers\Admin_Controller.php(246): view('admin/admin_layout', [...])
10 SYSTEMPATH\CodeIgniter.php(942): App\Controllers\Admin_Controller->editrecipes_view('5')
11 SYSTEMPATH\CodeIgniter.php(502): CodeIgniter\CodeIgniter->runController(Object(App\Controllers\Admin_Controller))
12 SYSTEMPATH\CodeIgniter.php(361): CodeIgniter\CodeIgniter->handleRequest(null, Object(Config\Cache), false)
13 FCPATH\index.php(79): CodeIgniter\CodeIgniter->run()
CRITICAL - 2024-05-08 13:13:52 --> Attempt to read property "re_category" on string
in APPPATH\Views\admin\editrecipes.php on line 85.
 1 APPPATH\Views\admin\editrecipes.php(85): CodeIgniter\Debug\Exceptions->errorHandler(2, 'Attempt to read property "re_category" on string', 'C:\\xampp\\htdocs\\ci4\\gruballergy\\app\\Views\\admin\\editrecipes.php', 85)
 2 SYSTEMPATH\View\View.php(228): include('C:\\xampp\\htdocs\\ci4\\gruballergy\\app\\Views\\admin\\editrecipes.php')
 3 SYSTEMPATH\View\View.php(231): CodeIgniter\View\View->CodeIgniter\View\{closure}()
 4 SYSTEMPATH\Common.php(1190): CodeIgniter\View\View->render('admin/editrecipes', [], true)
 5 APPPATH\Views\admin\admin_layout.php(9): view('admin/editrecipes')
 6 SYSTEMPATH\View\View.php(228): include('C:\\xampp\\htdocs\\ci4\\gruballergy\\app\\Views\\admin\\admin_layout.php')
 7 SYSTEMPATH\View\View.php(231): CodeIgniter\View\View->CodeIgniter\View\{closure}()
 8 SYSTEMPATH\Common.php(1190): CodeIgniter\View\View->render('admin/admin_layout', [], true)
 9 APPPATH\Controllers\Admin_Controller.php(246): view('admin/admin_layout', [...])
10 SYSTEMPATH\CodeIgniter.php(942): App\Controllers\Admin_Controller->editrecipes_view('5')
11 SYSTEMPATH\CodeIgniter.php(502): CodeIgniter\CodeIgniter->runController(Object(App\Controllers\Admin_Controller))
12 SYSTEMPATH\CodeIgniter.php(361): CodeIgniter\CodeIgniter->handleRequest(null, Object(Config\Cache), false)
13 FCPATH\index.php(79): CodeIgniter\CodeIgniter->run()
CRITICAL - 2024-05-08 13:13:52 --> Attempt to read property "re_category" on string
in APPPATH\Views\admin\editrecipes.php on line 85.
 1 APPPATH\Views\admin\editrecipes.php(85): CodeIgniter\Debug\Exceptions->errorHandler(2, 'Attempt to read property "re_category" on string', 'C:\\xampp\\htdocs\\ci4\\gruballergy\\app\\Views\\admin\\editrecipes.php', 85)
 2 SYSTEMPATH\View\View.php(228): include('C:\\xampp\\htdocs\\ci4\\gruballergy\\app\\Views\\admin\\editrecipes.php')
 3 SYSTEMPATH\View\View.php(231): CodeIgniter\View\View->CodeIgniter\View\{closure}()
 4 SYSTEMPATH\Common.php(1190): CodeIgniter\View\View->render('admin/editrecipes', [], true)
 5 APPPATH\Views\admin\admin_layout.php(9): view('admin/editrecipes')
 6 SYSTEMPATH\View\View.php(228): include('C:\\xampp\\htdocs\\ci4\\gruballergy\\app\\Views\\admin\\admin_layout.php')
 7 SYSTEMPATH\View\View.php(231): CodeIgniter\View\View->CodeIgniter\View\{closure}()
 8 SYSTEMPATH\Common.php(1190): CodeIgniter\View\View->render('admin/admin_layout', [], true)
 9 APPPATH\Controllers\Admin_Controller.php(246): view('admin/admin_layout', [...])
10 SYSTEMPATH\CodeIgniter.php(942): App\Controllers\Admin_Controller->editrecipes_view('5')
11 SYSTEMPATH\CodeIgniter.php(502): CodeIgniter\CodeIgniter->runController(Object(App\Controllers\Admin_Controller))
12 SYSTEMPATH\CodeIgniter.php(361): CodeIgniter\CodeIgniter->handleRequest(null, Object(Config\Cache), false)
13 FCPATH\index.php(79): CodeIgniter\CodeIgniter->run()
CRITICAL - 2024-05-08 13:13:53 --> Attempt to read property "re_category" on string
in APPPATH\Views\admin\editrecipes.php on line 85.
 1 APPPATH\Views\admin\editrecipes.php(85): CodeIgniter\Debug\Exceptions->errorHandler(2, 'Attempt to read property "re_category" on string', 'C:\\xampp\\htdocs\\ci4\\gruballergy\\app\\Views\\admin\\editrecipes.php', 85)
 2 SYSTEMPATH\View\View.php(228): include('C:\\xampp\\htdocs\\ci4\\gruballergy\\app\\Views\\admin\\editrecipes.php')
 3 SYSTEMPATH\View\View.php(231): CodeIgniter\View\View->CodeIgniter\View\{closure}()
 4 SYSTEMPATH\Common.php(1190): CodeIgniter\View\View->render('admin/editrecipes', [], true)
 5 APPPATH\Views\admin\admin_layout.php(9): view('admin/editrecipes')
 6 SYSTEMPATH\View\View.php(228): include('C:\\xampp\\htdocs\\ci4\\gruballergy\\app\\Views\\admin\\admin_layout.php')
 7 SYSTEMPATH\View\View.php(231): CodeIgniter\View\View->CodeIgniter\View\{closure}()
 8 SYSTEMPATH\Common.php(1190): CodeIgniter\View\View->render('admin/admin_layout', [], true)
 9 APPPATH\Controllers\Admin_Controller.php(246): view('admin/admin_layout', [...])
10 SYSTEMPATH\CodeIgniter.php(942): App\Controllers\Admin_Controller->editrecipes_view('5')
11 SYSTEMPATH\CodeIgniter.php(502): CodeIgniter\CodeIgniter->runController(Object(App\Controllers\Admin_Controller))
12 SYSTEMPATH\CodeIgniter.php(361): CodeIgniter\CodeIgniter->handleRequest(null, Object(Config\Cache), false)
13 FCPATH\index.php(79): CodeIgniter\CodeIgniter->run()
CRITICAL - 2024-05-08 13:14:56 --> Attempt to read property "re_category" on string
in APPPATH\Views\admin\editrecipes.php on line 83.
 1 APPPATH\Views\admin\editrecipes.php(83): CodeIgniter\Debug\Exceptions->errorHandler(2, 'Attempt to read property "re_category" on string', 'C:\\xampp\\htdocs\\ci4\\gruballergy\\app\\Views\\admin\\editrecipes.php', 83)
 2 SYSTEMPATH\View\View.php(228): include('C:\\xampp\\htdocs\\ci4\\gruballergy\\app\\Views\\admin\\editrecipes.php')
 3 SYSTEMPATH\View\View.php(231): CodeIgniter\View\View->CodeIgniter\View\{closure}()
 4 SYSTEMPATH\Common.php(1190): CodeIgniter\View\View->render('admin/editrecipes', [], true)
 5 APPPATH\Views\admin\admin_layout.php(9): view('admin/editrecipes')
 6 SYSTEMPATH\View\View.php(228): include('C:\\xampp\\htdocs\\ci4\\gruballergy\\app\\Views\\admin\\admin_layout.php')
 7 SYSTEMPATH\View\View.php(231): CodeIgniter\View\View->CodeIgniter\View\{closure}()
 8 SYSTEMPATH\Common.php(1190): CodeIgniter\View\View->render('admin/admin_layout', [], true)
 9 APPPATH\Controllers\Admin_Controller.php(246): view('admin/admin_layout', [...])
10 SYSTEMPATH\CodeIgniter.php(942): App\Controllers\Admin_Controller->editrecipes_view('5')
11 SYSTEMPATH\CodeIgniter.php(502): CodeIgniter\CodeIgniter->runController(Object(App\Controllers\Admin_Controller))
12 SYSTEMPATH\CodeIgniter.php(361): CodeIgniter\CodeIgniter->handleRequest(null, Object(Config\Cache), false)
13 FCPATH\index.php(79): CodeIgniter\CodeIgniter->run()
CRITICAL - 2024-05-08 13:14:56 --> Attempt to read property "re_category" on string
in APPPATH\Views\admin\editrecipes.php on line 83.
 1 APPPATH\Views\admin\editrecipes.php(83): CodeIgniter\Debug\Exceptions->errorHandler(2, 'Attempt to read property "re_category" on string', 'C:\\xampp\\htdocs\\ci4\\gruballergy\\app\\Views\\admin\\editrecipes.php', 83)
 2 SYSTEMPATH\View\View.php(228): include('C:\\xampp\\htdocs\\ci4\\gruballergy\\app\\Views\\admin\\editrecipes.php')
 3 SYSTEMPATH\View\View.php(231): CodeIgniter\View\View->CodeIgniter\View\{closure}()
 4 SYSTEMPATH\Common.php(1190): CodeIgniter\View\View->render('admin/editrecipes', [], true)
 5 APPPATH\Views\admin\admin_layout.php(9): view('admin/editrecipes')
 6 SYSTEMPATH\View\View.php(228): include('C:\\xampp\\htdocs\\ci4\\gruballergy\\app\\Views\\admin\\admin_layout.php')
 7 SYSTEMPATH\View\View.php(231): CodeIgniter\View\View->CodeIgniter\View\{closure}()
 8 SYSTEMPATH\Common.php(1190): CodeIgniter\View\View->render('admin/admin_layout', [], true)
 9 APPPATH\Controllers\Admin_Controller.php(246): view('admin/admin_layout', [...])
10 SYSTEMPATH\CodeIgniter.php(942): App\Controllers\Admin_Controller->editrecipes_view('5')
11 SYSTEMPATH\CodeIgniter.php(502): CodeIgniter\CodeIgniter->runController(Object(App\Controllers\Admin_Controller))
12 SYSTEMPATH\CodeIgniter.php(361): CodeIgniter\CodeIgniter->handleRequest(null, Object(Config\Cache), false)
13 FCPATH\index.php(79): CodeIgniter\CodeIgniter->run()
CRITICAL - 2024-05-08 13:14:57 --> Attempt to read property "re_category" on string
in APPPATH\Views\admin\editrecipes.php on line 83.
 1 APPPATH\Views\admin\editrecipes.php(83): CodeIgniter\Debug\Exceptions->errorHandler(2, 'Attempt to read property "re_category" on string', 'C:\\xampp\\htdocs\\ci4\\gruballergy\\app\\Views\\admin\\editrecipes.php', 83)
 2 SYSTEMPATH\View\View.php(228): include('C:\\xampp\\htdocs\\ci4\\gruballergy\\app\\Views\\admin\\editrecipes.php')
 3 SYSTEMPATH\View\View.php(231): CodeIgniter\View\View->CodeIgniter\View\{closure}()
 4 SYSTEMPATH\Common.php(1190): CodeIgniter\View\View->render('admin/editrecipes', [], true)
 5 APPPATH\Views\admin\admin_layout.php(9): view('admin/editrecipes')
 6 SYSTEMPATH\View\View.php(228): include('C:\\xampp\\htdocs\\ci4\\gruballergy\\app\\Views\\admin\\admin_layout.php')
 7 SYSTEMPATH\View\View.php(231): CodeIgniter\View\View->CodeIgniter\View\{closure}()
 8 SYSTEMPATH\Common.php(1190): CodeIgniter\View\View->render('admin/admin_layout', [], true)
 9 APPPATH\Controllers\Admin_Controller.php(246): view('admin/admin_layout', [...])
10 SYSTEMPATH\CodeIgniter.php(942): App\Controllers\Admin_Controller->editrecipes_view('5')
11 SYSTEMPATH\CodeIgniter.php(502): CodeIgniter\CodeIgniter->runController(Object(App\Controllers\Admin_Controller))
12 SYSTEMPATH\CodeIgniter.php(361): CodeIgniter\CodeIgniter->handleRequest(null, Object(Config\Cache), false)
13 FCPATH\index.php(79): CodeIgniter\CodeIgniter->run()
CRITICAL - 2024-05-08 13:14:57 --> Attempt to read property "re_category" on string
in APPPATH\Views\admin\editrecipes.php on line 83.
 1 APPPATH\Views\admin\editrecipes.php(83): CodeIgniter\Debug\Exceptions->errorHandler(2, 'Attempt to read property "re_category" on string', 'C:\\xampp\\htdocs\\ci4\\gruballergy\\app\\Views\\admin\\editrecipes.php', 83)
 2 SYSTEMPATH\View\View.php(228): include('C:\\xampp\\htdocs\\ci4\\gruballergy\\app\\Views\\admin\\editrecipes.php')
 3 SYSTEMPATH\View\View.php(231): CodeIgniter\View\View->CodeIgniter\View\{closure}()
 4 SYSTEMPATH\Common.php(1190): CodeIgniter\View\View->render('admin/editrecipes', [], true)
 5 APPPATH\Views\admin\admin_layout.php(9): view('admin/editrecipes')
 6 SYSTEMPATH\View\View.php(228): include('C:\\xampp\\htdocs\\ci4\\gruballergy\\app\\Views\\admin\\admin_layout.php')
 7 SYSTEMPATH\View\View.php(231): CodeIgniter\View\View->CodeIgniter\View\{closure}()
 8 SYSTEMPATH\Common.php(1190): CodeIgniter\View\View->render('admin/admin_layout', [], true)
 9 APPPATH\Controllers\Admin_Controller.php(246): view('admin/admin_layout', [...])
10 SYSTEMPATH\CodeIgniter.php(942): App\Controllers\Admin_Controller->editrecipes_view('5')
11 SYSTEMPATH\CodeIgniter.php(502): CodeIgniter\CodeIgniter->runController(Object(App\Controllers\Admin_Controller))
12 SYSTEMPATH\CodeIgniter.php(361): CodeIgniter\CodeIgniter->handleRequest(null, Object(Config\Cache), false)
13 FCPATH\index.php(79): CodeIgniter\CodeIgniter->run()
CRITICAL - 2024-05-08 13:16:21 --> Undefined variable $re_category
in APPPATH\Views\admin\editrecipes.php on line 83.
 1 APPPATH\Views\admin\editrecipes.php(83): CodeIgniter\Debug\Exceptions->errorHandler(2, 'Undefined variable $re_category', 'C:\\xampp\\htdocs\\ci4\\gruballergy\\app\\Views\\admin\\editrecipes.php', 83)
 2 SYSTEMPATH\View\View.php(228): include('C:\\xampp\\htdocs\\ci4\\gruballergy\\app\\Views\\admin\\editrecipes.php')
 3 SYSTEMPATH\View\View.php(231): CodeIgniter\View\View->CodeIgniter\View\{closure}()
 4 SYSTEMPATH\Common.php(1190): CodeIgniter\View\View->render('admin/editrecipes', [], true)
 5 APPPATH\Views\admin\admin_layout.php(9): view('admin/editrecipes')
 6 SYSTEMPATH\View\View.php(228): include('C:\\xampp\\htdocs\\ci4\\gruballergy\\app\\Views\\admin\\admin_layout.php')
 7 SYSTEMPATH\View\View.php(231): CodeIgniter\View\View->CodeIgniter\View\{closure}()
 8 SYSTEMPATH\Common.php(1190): CodeIgniter\View\View->render('admin/admin_layout', [], true)
 9 APPPATH\Controllers\Admin_Controller.php(246): view('admin/admin_layout', [...])
10 SYSTEMPATH\CodeIgniter.php(942): App\Controllers\Admin_Controller->editrecipes_view('5')
11 SYSTEMPATH\CodeIgniter.php(502): CodeIgniter\CodeIgniter->runController(Object(App\Controllers\Admin_Controller))
12 SYSTEMPATH\CodeIgniter.php(361): CodeIgniter\CodeIgniter->handleRequest(null, Object(Config\Cache), false)
13 FCPATH\index.php(79): CodeIgniter\CodeIgniter->run()
CRITICAL - 2024-05-08 13:16:40 --> Undefined variable $re_category
in APPPATH\Views\admin\editrecipes.php on line 83.
 1 APPPATH\Views\admin\editrecipes.php(83): CodeIgniter\Debug\Exceptions->errorHandler(2, 'Undefined variable $re_category', 'C:\\xampp\\htdocs\\ci4\\gruballergy\\app\\Views\\admin\\editrecipes.php', 83)
 2 SYSTEMPATH\View\View.php(228): include('C:\\xampp\\htdocs\\ci4\\gruballergy\\app\\Views\\admin\\editrecipes.php')
 3 SYSTEMPATH\View\View.php(231): CodeIgniter\View\View->CodeIgniter\View\{closure}()
 4 SYSTEMPATH\Common.php(1190): CodeIgniter\View\View->render('admin/editrecipes', [], true)
 5 APPPATH\Views\admin\admin_layout.php(9): view('admin/editrecipes')
 6 SYSTEMPATH\View\View.php(228): include('C:\\xampp\\htdocs\\ci4\\gruballergy\\app\\Views\\admin\\admin_layout.php')
 7 SYSTEMPATH\View\View.php(231): CodeIgniter\View\View->CodeIgniter\View\{closure}()
 8 SYSTEMPATH\Common.php(1190): CodeIgniter\View\View->render('admin/admin_layout', [], true)
 9 APPPATH\Controllers\Admin_Controller.php(246): view('admin/admin_layout', [...])
10 SYSTEMPATH\CodeIgniter.php(942): App\Controllers\Admin_Controller->editrecipes_view('5')
11 SYSTEMPATH\CodeIgniter.php(502): CodeIgniter\CodeIgniter->runController(Object(App\Controllers\Admin_Controller))
12 SYSTEMPATH\CodeIgniter.php(361): CodeIgniter\CodeIgniter->handleRequest(null, Object(Config\Cache), false)
13 FCPATH\index.php(79): CodeIgniter\CodeIgniter->run()
CRITICAL - 2024-05-08 13:17:57 --> Attempt to read property "re_category" on string
in APPPATH\Views\admin\editrecipes.php on line 84.
 1 APPPATH\Views\admin\editrecipes.php(84): CodeIgniter\Debug\Exceptions->errorHandler(2, 'Attempt to read property "re_category" on string', 'C:\\xampp\\htdocs\\ci4\\gruballergy\\app\\Views\\admin\\editrecipes.php', 84)
 2 SYSTEMPATH\View\View.php(228): include('C:\\xampp\\htdocs\\ci4\\gruballergy\\app\\Views\\admin\\editrecipes.php')
 3 SYSTEMPATH\View\View.php(231): CodeIgniter\View\View->CodeIgniter\View\{closure}()
 4 SYSTEMPATH\Common.php(1190): CodeIgniter\View\View->render('admin/editrecipes', [], true)
 5 APPPATH\Views\admin\admin_layout.php(9): view('admin/editrecipes')
 6 SYSTEMPATH\View\View.php(228): include('C:\\xampp\\htdocs\\ci4\\gruballergy\\app\\Views\\admin\\admin_layout.php')
 7 SYSTEMPATH\View\View.php(231): CodeIgniter\View\View->CodeIgniter\View\{closure}()
 8 SYSTEMPATH\Common.php(1190): CodeIgniter\View\View->render('admin/admin_layout', [], true)
 9 APPPATH\Controllers\Admin_Controller.php(245): view('admin/admin_layout', [...])
10 SYSTEMPATH\CodeIgniter.php(942): App\Controllers\Admin_Controller->editrecipes_view('5')
11 SYSTEMPATH\CodeIgniter.php(502): CodeIgniter\CodeIgniter->runController(Object(App\Controllers\Admin_Controller))
12 SYSTEMPATH\CodeIgniter.php(361): CodeIgniter\CodeIgniter->handleRequest(null, Object(Config\Cache), false)
13 FCPATH\index.php(79): CodeIgniter\CodeIgniter->run()
CRITICAL - 2024-05-08 13:30:08 --> Array to string conversion
in APPPATH\Views\admin\editrecipes.php on line 83.
 1 APPPATH\Views\admin\editrecipes.php(83): CodeIgniter\Debug\Exceptions->errorHandler(2, 'Array to string conversion', 'C:\\xampp\\htdocs\\ci4\\gruballergy\\app\\Views\\admin\\editrecipes.php', 83)
 2 SYSTEMPATH\View\View.php(228): include('C:\\xampp\\htdocs\\ci4\\gruballergy\\app\\Views\\admin\\editrecipes.php')
 3 SYSTEMPATH\View\View.php(231): CodeIgniter\View\View->CodeIgniter\View\{closure}()
 4 SYSTEMPATH\Common.php(1190): CodeIgniter\View\View->render('admin/editrecipes', [], true)
 5 APPPATH\Views\admin\admin_layout.php(9): view('admin/editrecipes')
 6 SYSTEMPATH\View\View.php(228): include('C:\\xampp\\htdocs\\ci4\\gruballergy\\app\\Views\\admin\\admin_layout.php')
 7 SYSTEMPATH\View\View.php(231): CodeIgniter\View\View->CodeIgniter\View\{closure}()
 8 SYSTEMPATH\Common.php(1190): CodeIgniter\View\View->render('admin/admin_layout', [], true)
 9 APPPATH\Controllers\Admin_Controller.php(245): view('admin/admin_layout', [...])
10 SYSTEMPATH\CodeIgniter.php(942): App\Controllers\Admin_Controller->editrecipes_view('5')
11 SYSTEMPATH\CodeIgniter.php(502): CodeIgniter\CodeIgniter->runController(Object(App\Controllers\Admin_Controller))
12 SYSTEMPATH\CodeIgniter.php(361): CodeIgniter\CodeIgniter->handleRequest(null, Object(Config\Cache), false)
13 FCPATH\index.php(79): CodeIgniter\CodeIgniter->run()
CRITICAL - 2024-05-08 13:31:53 --> Array to string conversion
in APPPATH\Views\admin\editrecipes.php on line 87.
 1 APPPATH\Views\admin\editrecipes.php(87): CodeIgniter\Debug\Exceptions->errorHandler(2, 'Array to string conversion', 'C:\\xampp\\htdocs\\ci4\\gruballergy\\app\\Views\\admin\\editrecipes.php', 87)
 2 SYSTEMPATH\View\View.php(228): include('C:\\xampp\\htdocs\\ci4\\gruballergy\\app\\Views\\admin\\editrecipes.php')
 3 SYSTEMPATH\View\View.php(231): CodeIgniter\View\View->CodeIgniter\View\{closure}()
 4 SYSTEMPATH\Common.php(1190): CodeIgniter\View\View->render('admin/editrecipes', [], true)
 5 APPPATH\Views\admin\admin_layout.php(9): view('admin/editrecipes')
 6 SYSTEMPATH\View\View.php(228): include('C:\\xampp\\htdocs\\ci4\\gruballergy\\app\\Views\\admin\\admin_layout.php')
 7 SYSTEMPATH\View\View.php(231): CodeIgniter\View\View->CodeIgniter\View\{closure}()
 8 SYSTEMPATH\Common.php(1190): CodeIgniter\View\View->render('admin/admin_layout', [], true)
 9 APPPATH\Controllers\Admin_Controller.php(245): view('admin/admin_layout', [...])
10 SYSTEMPATH\CodeIgniter.php(942): App\Controllers\Admin_Controller->editrecipes_view('5')
11 SYSTEMPATH\CodeIgniter.php(502): CodeIgniter\CodeIgniter->runController(Object(App\Controllers\Admin_Controller))
12 SYSTEMPATH\CodeIgniter.php(361): CodeIgniter\CodeIgniter->handleRequest(null, Object(Config\Cache), false)
13 FCPATH\index.php(79): CodeIgniter\CodeIgniter->run()
CRITICAL - 2024-05-08 13:45:25 --> Undefined array key "re_category"
in APPPATH\Views\admin\editrecipes.php on line 91.
 1 APPPATH\Views\admin\editrecipes.php(91): CodeIgniter\Debug\Exceptions->errorHandler(2, 'Undefined array key "re_category"', 'C:\\xampp\\htdocs\\ci4\\gruballergy\\app\\Views\\admin\\editrecipes.php', 91)
 2 SYSTEMPATH\View\View.php(228): include('C:\\xampp\\htdocs\\ci4\\gruballergy\\app\\Views\\admin\\editrecipes.php')
 3 SYSTEMPATH\View\View.php(231): CodeIgniter\View\View->CodeIgniter\View\{closure}()
 4 SYSTEMPATH\Common.php(1190): CodeIgniter\View\View->render('admin/editrecipes', [], true)
 5 APPPATH\Views\admin\admin_layout.php(9): view('admin/editrecipes')
 6 SYSTEMPATH\View\View.php(228): include('C:\\xampp\\htdocs\\ci4\\gruballergy\\app\\Views\\admin\\admin_layout.php')
 7 SYSTEMPATH\View\View.php(231): CodeIgniter\View\View->CodeIgniter\View\{closure}()
 8 SYSTEMPATH\Common.php(1190): CodeIgniter\View\View->render('admin/admin_layout', [], true)
 9 APPPATH\Controllers\Admin_Controller.php(249): view('admin/admin_layout', [...])
10 SYSTEMPATH\CodeIgniter.php(942): App\Controllers\Admin_Controller->editrecipes_view('5')
11 SYSTEMPATH\CodeIgniter.php(502): CodeIgniter\CodeIgniter->runController(Object(App\Controllers\Admin_Controller))
12 SYSTEMPATH\CodeIgniter.php(361): CodeIgniter\CodeIgniter->handleRequest(null, Object(Config\Cache), false)
13 FCPATH\index.php(79): CodeIgniter\CodeIgniter->run()
CRITICAL - 2024-05-08 16:04:17 --> Undefined variable $tag_val
in APPPATH\Views\admin\editrecipes.php on line 111.
 1 APPPATH\Views\admin\editrecipes.php(111): CodeIgniter\Debug\Exceptions->errorHandler(2, 'Undefined variable $tag_val', 'C:\\xampp\\htdocs\\ci4\\gruballergy\\app\\Views\\admin\\editrecipes.php', 111)
 2 SYSTEMPATH\View\View.php(228): include('C:\\xampp\\htdocs\\ci4\\gruballergy\\app\\Views\\admin\\editrecipes.php')
 3 SYSTEMPATH\View\View.php(231): CodeIgniter\View\View->CodeIgniter\View\{closure}()
 4 SYSTEMPATH\Common.php(1190): CodeIgniter\View\View->render('admin/editrecipes', [], true)
 5 APPPATH\Views\admin\admin_layout.php(9): view('admin/editrecipes')
 6 SYSTEMPATH\View\View.php(228): include('C:\\xampp\\htdocs\\ci4\\gruballergy\\app\\Views\\admin\\admin_layout.php')
 7 SYSTEMPATH\View\View.php(231): CodeIgniter\View\View->CodeIgniter\View\{closure}()
 8 SYSTEMPATH\Common.php(1190): CodeIgniter\View\View->render('admin/admin_layout', [], true)
 9 APPPATH\Controllers\Admin_Controller.php(250): view('admin/admin_layout', [...])
10 SYSTEMPATH\CodeIgniter.php(942): App\Controllers\Admin_Controller->editrecipes_view('5')
11 SYSTEMPATH\CodeIgniter.php(502): CodeIgniter\CodeIgniter->runController(Object(App\Controllers\Admin_Controller))
12 SYSTEMPATH\CodeIgniter.php(361): CodeIgniter\CodeIgniter->handleRequest(null, Object(Config\Cache), false)
13 FCPATH\index.php(79): CodeIgniter\CodeIgniter->run()
CRITICAL - 2024-05-08 16:04:35 --> Undefined variable $tag_val
in APPPATH\Views\admin\editrecipes.php on line 111.
 1 APPPATH\Views\admin\editrecipes.php(111): CodeIgniter\Debug\Exceptions->errorHandler(2, 'Undefined variable $tag_val', 'C:\\xampp\\htdocs\\ci4\\gruballergy\\app\\Views\\admin\\editrecipes.php', 111)
 2 SYSTEMPATH\View\View.php(228): include('C:\\xampp\\htdocs\\ci4\\gruballergy\\app\\Views\\admin\\editrecipes.php')
 3 SYSTEMPATH\View\View.php(231): CodeIgniter\View\View->CodeIgniter\View\{closure}()
 4 SYSTEMPATH\Common.php(1190): CodeIgniter\View\View->render('admin/editrecipes', [], true)
 5 APPPATH\Views\admin\admin_layout.php(9): view('admin/editrecipes')
 6 SYSTEMPATH\View\View.php(228): include('C:\\xampp\\htdocs\\ci4\\gruballergy\\app\\Views\\admin\\admin_layout.php')
 7 SYSTEMPATH\View\View.php(231): CodeIgniter\View\View->CodeIgniter\View\{closure}()
 8 SYSTEMPATH\Common.php(1190): CodeIgniter\View\View->render('admin/admin_layout', [], true)
 9 APPPATH\Controllers\Admin_Controller.php(250): view('admin/admin_layout', [...])
10 SYSTEMPATH\CodeIgniter.php(942): App\Controllers\Admin_Controller->editrecipes_view('5')
11 SYSTEMPATH\CodeIgniter.php(502): CodeIgniter\CodeIgniter->runController(Object(App\Controllers\Admin_Controller))
12 SYSTEMPATH\CodeIgniter.php(361): CodeIgniter\CodeIgniter->handleRequest(null, Object(Config\Cache), false)
13 FCPATH\index.php(79): CodeIgniter\CodeIgniter->run()
CRITICAL - 2024-05-08 16:05:18 --> Undefined variable $tag_val
in APPPATH\Views\admin\editrecipes.php on line 111.
 1 APPPATH\Views\admin\editrecipes.php(111): CodeIgniter\Debug\Exceptions->errorHandler(2, 'Undefined variable $tag_val', 'C:\\xampp\\htdocs\\ci4\\gruballergy\\app\\Views\\admin\\editrecipes.php', 111)
 2 SYSTEMPATH\View\View.php(228): include('C:\\xampp\\htdocs\\ci4\\gruballergy\\app\\Views\\admin\\editrecipes.php')
 3 SYSTEMPATH\View\View.php(231): CodeIgniter\View\View->CodeIgniter\View\{closure}()
 4 SYSTEMPATH\Common.php(1190): CodeIgniter\View\View->render('admin/editrecipes', [], true)
 5 APPPATH\Views\admin\admin_layout.php(9): view('admin/editrecipes')
 6 SYSTEMPATH\View\View.php(228): include('C:\\xampp\\htdocs\\ci4\\gruballergy\\app\\Views\\admin\\admin_layout.php')
 7 SYSTEMPATH\View\View.php(231): CodeIgniter\View\View->CodeIgniter\View\{closure}()
 8 SYSTEMPATH\Common.php(1190): CodeIgniter\View\View->render('admin/admin_layout', [], true)
 9 APPPATH\Controllers\Admin_Controller.php(250): view('admin/admin_layout', [...])
10 SYSTEMPATH\CodeIgniter.php(942): App\Controllers\Admin_Controller->editrecipes_view('5')
11 SYSTEMPATH\CodeIgniter.php(502): CodeIgniter\CodeIgniter->runController(Object(App\Controllers\Admin_Controller))
12 SYSTEMPATH\CodeIgniter.php(361): CodeIgniter\CodeIgniter->handleRequest(null, Object(Config\Cache), false)
13 FCPATH\index.php(79): CodeIgniter\CodeIgniter->run()
CRITICAL - 2024-05-08 16:33:55 --> Undefined array key "re_tag"
in APPPATH\Views\admin\editrecipes.php on line 37.
 1 APPPATH\Views\admin\editrecipes.php(37): CodeIgniter\Debug\Exceptions->errorHandler(2, 'Undefined array key "re_tag"', 'C:\\xampp\\htdocs\\ci4\\gruballergy\\app\\Views\\admin\\editrecipes.php', 37)
 2 APPPATH\Views\admin\editrecipes.php(138): get_tagdata('1', [...])
 3 SYSTEMPATH\View\View.php(228): include('C:\\xampp\\htdocs\\ci4\\gruballergy\\app\\Views\\admin\\editrecipes.php')
 4 SYSTEMPATH\View\View.php(231): CodeIgniter\View\View->CodeIgniter\View\{closure}()
 5 SYSTEMPATH\Common.php(1190): CodeIgniter\View\View->render('admin/editrecipes', [], true)
 6 APPPATH\Views\admin\admin_layout.php(9): view('admin/editrecipes')
 7 SYSTEMPATH\View\View.php(228): include('C:\\xampp\\htdocs\\ci4\\gruballergy\\app\\Views\\admin\\admin_layout.php')
 8 SYSTEMPATH\View\View.php(231): CodeIgniter\View\View->CodeIgniter\View\{closure}()
 9 SYSTEMPATH\Common.php(1190): CodeIgniter\View\View->render('admin/admin_layout', [], true)
10 APPPATH\Controllers\Admin_Controller.php(250): view('admin/admin_layout', [...])
11 SYSTEMPATH\CodeIgniter.php(942): App\Controllers\Admin_Controller->editrecipes_view('5')
12 SYSTEMPATH\CodeIgniter.php(502): CodeIgniter\CodeIgniter->runController(Object(App\Controllers\Admin_Controller))
13 SYSTEMPATH\CodeIgniter.php(361): CodeIgniter\CodeIgniter->handleRequest(null, Object(Config\Cache), false)
14 FCPATH\index.php(79): CodeIgniter\CodeIgniter->run()
CRITICAL - 2024-05-08 16:34:57 --> Attempt to read property "re_tag" on array
in APPPATH\Views\admin\editrecipes.php on line 37.
 1 APPPATH\Views\admin\editrecipes.php(37): CodeIgniter\Debug\Exceptions->errorHandler(2, 'Attempt to read property "re_tag" on array', 'C:\\xampp\\htdocs\\ci4\\gruballergy\\app\\Views\\admin\\editrecipes.php', 37)
 2 APPPATH\Views\admin\editrecipes.php(138): get_tagdata('1', [...])
 3 SYSTEMPATH\View\View.php(228): include('C:\\xampp\\htdocs\\ci4\\gruballergy\\app\\Views\\admin\\editrecipes.php')
 4 SYSTEMPATH\View\View.php(231): CodeIgniter\View\View->CodeIgniter\View\{closure}()
 5 SYSTEMPATH\Common.php(1190): CodeIgniter\View\View->render('admin/editrecipes', [], true)
 6 APPPATH\Views\admin\admin_layout.php(9): view('admin/editrecipes')
 7 SYSTEMPATH\View\View.php(228): include('C:\\xampp\\htdocs\\ci4\\gruballergy\\app\\Views\\admin\\admin_layout.php')
 8 SYSTEMPATH\View\View.php(231): CodeIgniter\View\View->CodeIgniter\View\{closure}()
 9 SYSTEMPATH\Common.php(1190): CodeIgniter\View\View->render('admin/admin_layout', [], true)
10 APPPATH\Controllers\Admin_Controller.php(250): view('admin/admin_layout', [...])
11 SYSTEMPATH\CodeIgniter.php(942): App\Controllers\Admin_Controller->editrecipes_view('5')
12 SYSTEMPATH\CodeIgniter.php(502): CodeIgniter\CodeIgniter->runController(Object(App\Controllers\Admin_Controller))
13 SYSTEMPATH\CodeIgniter.php(361): CodeIgniter\CodeIgniter->handleRequest(null, Object(Config\Cache), false)
14 FCPATH\index.php(79): CodeIgniter\CodeIgniter->run()
CRITICAL - 2024-05-08 16:49:02 --> Undefined property: stdClass::$Description
in APPPATH\Views\admin\editrecipes.php on line 158.
 1 APPPATH\Views\admin\editrecipes.php(158): CodeIgniter\Debug\Exceptions->errorHandler(2, 'Undefined property: stdClass::$Description', 'C:\\xampp\\htdocs\\ci4\\gruballergy\\app\\Views\\admin\\editrecipes.php', 158)
 2 SYSTEMPATH\View\View.php(228): include('C:\\xampp\\htdocs\\ci4\\gruballergy\\app\\Views\\admin\\editrecipes.php')
 3 SYSTEMPATH\View\View.php(231): CodeIgniter\View\View->CodeIgniter\View\{closure}()
 4 SYSTEMPATH\Common.php(1190): CodeIgniter\View\View->render('admin/editrecipes', [], true)
 5 APPPATH\Views\admin\admin_layout.php(9): view('admin/editrecipes')
 6 SYSTEMPATH\View\View.php(228): include('C:\\xampp\\htdocs\\ci4\\gruballergy\\app\\Views\\admin\\admin_layout.php')
 7 SYSTEMPATH\View\View.php(231): CodeIgniter\View\View->CodeIgniter\View\{closure}()
 8 SYSTEMPATH\Common.php(1190): CodeIgniter\View\View->render('admin/admin_layout', [], true)
 9 APPPATH\Controllers\Admin_Controller.php(250): view('admin/admin_layout', [...])
10 SYSTEMPATH\CodeIgniter.php(942): App\Controllers\Admin_Controller->editrecipes_view('5')
11 SYSTEMPATH\CodeIgniter.php(502): CodeIgniter\CodeIgniter->runController(Object(App\Controllers\Admin_Controller))
12 SYSTEMPATH\CodeIgniter.php(361): CodeIgniter\CodeIgniter->handleRequest(null, Object(Config\Cache), false)
13 FCPATH\index.php(79): CodeIgniter\CodeIgniter->run()
CRITICAL - 2024-05-08 16:50:23 --> Undefined property: stdClass::$re_url
in APPPATH\Views\admin\editrecipes.php on line 172.
 1 APPPATH\Views\admin\editrecipes.php(172): CodeIgniter\Debug\Exceptions->errorHandler(2, 'Undefined property: stdClass::$re_url', 'C:\\xampp\\htdocs\\ci4\\gruballergy\\app\\Views\\admin\\editrecipes.php', 172)
 2 SYSTEMPATH\View\View.php(228): include('C:\\xampp\\htdocs\\ci4\\gruballergy\\app\\Views\\admin\\editrecipes.php')
 3 SYSTEMPATH\View\View.php(231): CodeIgniter\View\View->CodeIgniter\View\{closure}()
 4 SYSTEMPATH\Common.php(1190): CodeIgniter\View\View->render('admin/editrecipes', [], true)
 5 APPPATH\Views\admin\admin_layout.php(9): view('admin/editrecipes')
 6 SYSTEMPATH\View\View.php(228): include('C:\\xampp\\htdocs\\ci4\\gruballergy\\app\\Views\\admin\\admin_layout.php')
 7 SYSTEMPATH\View\View.php(231): CodeIgniter\View\View->CodeIgniter\View\{closure}()
 8 SYSTEMPATH\Common.php(1190): CodeIgniter\View\View->render('admin/admin_layout', [], true)
 9 APPPATH\Controllers\Admin_Controller.php(250): view('admin/admin_layout', [...])
10 SYSTEMPATH\CodeIgniter.php(942): App\Controllers\Admin_Controller->editrecipes_view('5')
11 SYSTEMPATH\CodeIgniter.php(502): CodeIgniter\CodeIgniter->runController(Object(App\Controllers\Admin_Controller))
12 SYSTEMPATH\CodeIgniter.php(361): CodeIgniter\CodeIgniter->handleRequest(null, Object(Config\Cache), false)
13 FCPATH\index.php(79): CodeIgniter\CodeIgniter->run()
CRITICAL - 2024-05-08 17:06:55 --> Undefined variable $imagename
in APPPATH\Controllers\Admin_Controller.php on line 277.
 1 APPPATH\Controllers\Admin_Controller.php(277): CodeIgniter\Debug\Exceptions->errorHandler(2, 'Undefined variable $imagename', 'C:\\xampp\\htdocs\\ci4\\gruballergy\\app\\Controllers\\Admin_Controller.php', 277)
 2 SYSTEMPATH\CodeIgniter.php(942): App\Controllers\Admin_Controller->editrecipes_logic()
 3 SYSTEMPATH\CodeIgniter.php(502): CodeIgniter\CodeIgniter->runController(Object(App\Controllers\Admin_Controller))
 4 SYSTEMPATH\CodeIgniter.php(361): CodeIgniter\CodeIgniter->handleRequest(null, Object(Config\Cache), false)
 5 FCPATH\index.php(79): CodeIgniter\CodeIgniter->run()
CRITICAL - 2024-05-08 17:13:30 --> Undefined array key "re_tag"
in APPPATH\Controllers\Admin_Controller.php on line 265.
 1 APPPATH\Controllers\Admin_Controller.php(265): CodeIgniter\Debug\Exceptions->errorHandler(2, 'Undefined array key "re_tag"', 'C:\\xampp\\htdocs\\ci4\\gruballergy\\app\\Controllers\\Admin_Controller.php', 265)
 2 SYSTEMPATH\CodeIgniter.php(942): App\Controllers\Admin_Controller->editrecipes_logic()
 3 SYSTEMPATH\CodeIgniter.php(502): CodeIgniter\CodeIgniter->runController(Object(App\Controllers\Admin_Controller))
 4 SYSTEMPATH\CodeIgniter.php(361): CodeIgniter\CodeIgniter->handleRequest(null, Object(Config\Cache), false)
 5 FCPATH\index.php(79): CodeIgniter\CodeIgniter->run()
CRITICAL - 2024-05-08 17:26:23 --> Undefined array key "re_tag"
in APPPATH\Controllers\Admin_Controller.php on line 266.
 1 APPPATH\Controllers\Admin_Controller.php(266): CodeIgniter\Debug\Exceptions->errorHandler(2, 'Undefined array key "re_tag"', 'C:\\xampp\\htdocs\\ci4\\gruballergy\\app\\Controllers\\Admin_Controller.php', 266)
 2 SYSTEMPATH\CodeIgniter.php(942): App\Controllers\Admin_Controller->editrecipes_logic()
 3 SYSTEMPATH\CodeIgniter.php(502): CodeIgniter\CodeIgniter->runController(Object(App\Controllers\Admin_Controller))
 4 SYSTEMPATH\CodeIgniter.php(361): CodeIgniter\CodeIgniter->handleRequest(null, Object(Config\Cache), false)
 5 FCPATH\index.php(79): CodeIgniter\CodeIgniter->run()
CRITICAL - 2024-05-08 17:26:32 --> Call to undefined method App\Models\Admin_Model::editrecipes_logicdata
in SYSTEMPATH\Model.php on line 873.
 1 APPPATH\Controllers\Admin_Controller.php(287): CodeIgniter\Model->__call('editrecipes_logicdata', [...])
 2 SYSTEMPATH\CodeIgniter.php(942): App\Controllers\Admin_Controller->editrecipes_logic()
 3 SYSTEMPATH\CodeIgniter.php(502): CodeIgniter\CodeIgniter->runController(Object(App\Controllers\Admin_Controller))
 4 SYSTEMPATH\CodeIgniter.php(361): CodeIgniter\CodeIgniter->handleRequest(null, Object(Config\Cache), false)
 5 FCPATH\index.php(79): CodeIgniter\CodeIgniter->run()
CRITICAL - 2024-05-08 17:28:03 --> Undefined array key "re_tag"
in APPPATH\Controllers\Admin_Controller.php on line 266.
 1 APPPATH\Controllers\Admin_Controller.php(266): CodeIgniter\Debug\Exceptions->errorHandler(2, 'Undefined array key "re_tag"', 'C:\\xampp\\htdocs\\ci4\\gruballergy\\app\\Controllers\\Admin_Controller.php', 266)
 2 SYSTEMPATH\CodeIgniter.php(942): App\Controllers\Admin_Controller->editrecipes_logic()
 3 SYSTEMPATH\CodeIgniter.php(502): CodeIgniter\CodeIgniter->runController(Object(App\Controllers\Admin_Controller))
 4 SYSTEMPATH\CodeIgniter.php(361): CodeIgniter\CodeIgniter->handleRequest(null, Object(Config\Cache), false)
 5 FCPATH\index.php(79): CodeIgniter\CodeIgniter->run()
CRITICAL - 2024-05-08 17:34:55 --> Undefined array key "re_tag"
in APPPATH\Controllers\Admin_Controller.php on line 266.
 1 APPPATH\Controllers\Admin_Controller.php(266): CodeIgniter\Debug\Exceptions->errorHandler(2, 'Undefined array key "re_tag"', 'C:\\xampp\\htdocs\\ci4\\gruballergy\\app\\Controllers\\Admin_Controller.php', 266)
 2 SYSTEMPATH\CodeIgniter.php(942): App\Controllers\Admin_Controller->editrecipes_logic()
 3 SYSTEMPATH\CodeIgniter.php(502): CodeIgniter\CodeIgniter->runController(Object(App\Controllers\Admin_Controller))
 4 SYSTEMPATH\CodeIgniter.php(361): CodeIgniter\CodeIgniter->handleRequest(null, Object(Config\Cache), false)
 5 FCPATH\index.php(79): CodeIgniter\CodeIgniter->run()
CRITICAL - 2024-05-08 17:35:10 --> Undefined array key "re_tag"
in APPPATH\Controllers\Admin_Controller.php on line 266.
 1 APPPATH\Controllers\Admin_Controller.php(266): CodeIgniter\Debug\Exceptions->errorHandler(2, 'Undefined array key "re_tag"', 'C:\\xampp\\htdocs\\ci4\\gruballergy\\app\\Controllers\\Admin_Controller.php', 266)
 2 SYSTEMPATH\CodeIgniter.php(942): App\Controllers\Admin_Controller->editrecipes_logic()
 3 SYSTEMPATH\CodeIgniter.php(502): CodeIgniter\CodeIgniter->runController(Object(App\Controllers\Admin_Controller))
 4 SYSTEMPATH\CodeIgniter.php(361): CodeIgniter\CodeIgniter->handleRequest(null, Object(Config\Cache), false)
 5 FCPATH\index.php(79): CodeIgniter\CodeIgniter->run()
CRITICAL - 2024-05-08 17:36:38 --> Object of class stdClass could not be converted to string
in APPPATH\Controllers\Admin_Controller.php on line 278.
 1 SYSTEMPATH\CodeIgniter.php(942): App\Controllers\Admin_Controller->editrecipes_logic()
 2 SYSTEMPATH\CodeIgniter.php(502): CodeIgniter\CodeIgniter->runController(Object(App\Controllers\Admin_Controller))
 3 SYSTEMPATH\CodeIgniter.php(361): CodeIgniter\CodeIgniter->handleRequest(null, Object(Config\Cache), false)
 4 FCPATH\index.php(79): CodeIgniter\CodeIgniter->run()
CRITICAL - 2024-05-08 18:00:13 --> Undefined variable $values
in APPPATH\Views\admin\admin_home.php on line 118.
 1 APPPATH\Views\admin\admin_home.php(118): CodeIgniter\Debug\Exceptions->errorHandler(2, 'Undefined variable $values', 'C:\\xampp\\htdocs\\ci4\\gruballergy\\app\\Views\\admin\\admin_home.php', 118)
 2 SYSTEMPATH\View\View.php(228): include('C:\\xampp\\htdocs\\ci4\\gruballergy\\app\\Views\\admin\\admin_home.php')
 3 SYSTEMPATH\View\View.php(231): CodeIgniter\View\View->CodeIgniter\View\{closure}()
 4 SYSTEMPATH\Common.php(1190): CodeIgniter\View\View->render('admin/admin_home', [], true)
 5 APPPATH\Views\admin\admin_layout.php(9): view('admin/admin_home')
 6 SYSTEMPATH\View\View.php(228): include('C:\\xampp\\htdocs\\ci4\\gruballergy\\app\\Views\\admin\\admin_layout.php')
 7 SYSTEMPATH\View\View.php(231): CodeIgniter\View\View->CodeIgniter\View\{closure}()
 8 SYSTEMPATH\Common.php(1190): CodeIgniter\View\View->render('admin/admin_layout', [], true)
 9 APPPATH\Controllers\Admin_Controller.php(169): view('admin/admin_layout', [...])
10 SYSTEMPATH\CodeIgniter.php(942): App\Controllers\Admin_Controller->recipes()
11 SYSTEMPATH\CodeIgniter.php(502): CodeIgniter\CodeIgniter->runController(Object(App\Controllers\Admin_Controller))
12 SYSTEMPATH\CodeIgniter.php(361): CodeIgniter\CodeIgniter->handleRequest(null, Object(Config\Cache), false)
13 FCPATH\index.php(79): CodeIgniter\CodeIgniter->run()
CRITICAL - 2024-05-08 18:36:51 --> Undefined variable $values
in APPPATH\Views\admin\admin_home.php on line 87.
 1 APPPATH\Views\admin\admin_home.php(87): CodeIgniter\Debug\Exceptions->errorHandler(2, 'Undefined variable $values', 'C:\\xampp\\htdocs\\ci4\\gruballergy\\app\\Views\\admin\\admin_home.php', 87)
 2 SYSTEMPATH\View\View.php(228): include('C:\\xampp\\htdocs\\ci4\\gruballergy\\app\\Views\\admin\\admin_home.php')
 3 SYSTEMPATH\View\View.php(231): CodeIgniter\View\View->CodeIgniter\View\{closure}()
 4 SYSTEMPATH\Common.php(1190): CodeIgniter\View\View->render('admin/admin_home', [], true)
 5 APPPATH\Views\admin\admin_layout.php(9): view('admin/admin_home')
 6 SYSTEMPATH\View\View.php(228): include('C:\\xampp\\htdocs\\ci4\\gruballergy\\app\\Views\\admin\\admin_layout.php')
 7 SYSTEMPATH\View\View.php(231): CodeIgniter\View\View->CodeIgniter\View\{closure}()
 8 SYSTEMPATH\Common.php(1190): CodeIgniter\View\View->render('admin/admin_layout', [], true)
 9 APPPATH\Controllers\Admin_Controller.php(169): view('admin/admin_layout', [...])
10 SYSTEMPATH\CodeIgniter.php(942): App\Controllers\Admin_Controller->recipes()
11 SYSTEMPATH\CodeIgniter.php(502): CodeIgniter\CodeIgniter->runController(Object(App\Controllers\Admin_Controller))
12 SYSTEMPATH\CodeIgniter.php(361): CodeIgniter\CodeIgniter->handleRequest(null, Object(Config\Cache), false)
13 FCPATH\index.php(79): CodeIgniter\CodeIgniter->run()
