CRITICAL - 2024-05-31 04:56:02 --> Class "App\Controllers\Time" not found
in APPPATH\Controllers\Site_Controller.php on line 138.
 1 SYSTEMPATH\CodeIgniter.php(942): App\Controllers\Site_Controller->sitemapindex()
 2 SYSTEMPATH\CodeIgniter.php(502): CodeIgniter\CodeIgniter->runController(Object(App\Controllers\Site_Controller))
 3 SYSTEMPATH\CodeIgniter.php(361): CodeIgniter\CodeIgniter->handleRequest(null, Object(Config\Cache), false)
 4 FCPATH\index.php(79): CodeIgniter\CodeIgniter->run()
CRITICAL - 2024-05-31 04:59:12 --> Undefined array key "cat_slug"
in APPPATH\Controllers\Site_Controller.php on line 146.
 1 APPPATH\Controllers\Site_Controller.php(146): CodeIgniter\Debug\Exceptions->errorHandler(2, 'Undefined array key "cat_slug"', 'C:\\xampp\\htdocs\\ci4\\gruballergy\\app\\Controllers\\Site_Controller.php', 146)
 2 SYSTEMPATH\CodeIgniter.php(942): App\Controllers\Site_Controller->sitemapindex()
 3 SYSTEMPATH\CodeIgniter.php(502): CodeIgniter\CodeIgniter->runController(Object(App\Controllers\Site_Controller))
 4 SYSTEMPATH\CodeIgniter.php(361): CodeIgniter\CodeIgniter->handleRequest(null, Object(Config\Cache), false)
 5 FCPATH\index.php(79): CodeIgniter\CodeIgniter->run()
CRITICAL - 2024-05-31 05:00:41 --> Undefined array key "cat_slug"
in APPPATH\Controllers\Site_Controller.php on line 146.
 1 APPPATH\Controllers\Site_Controller.php(146): CodeIgniter\Debug\Exceptions->errorHandler(2, 'Undefined array key "cat_slug"', 'C:\\xampp\\htdocs\\ci4\\gruballergy\\app\\Controllers\\Site_Controller.php', 146)
 2 SYSTEMPATH\CodeIgniter.php(942): App\Controllers\Site_Controller->sitemapindex()
 3 SYSTEMPATH\CodeIgniter.php(502): CodeIgniter\CodeIgniter->runController(Object(App\Controllers\Site_Controller))
 4 SYSTEMPATH\CodeIgniter.php(361): CodeIgniter\CodeIgniter->handleRequest(null, Object(Config\Cache), false)
 5 FCPATH\index.php(79): CodeIgniter\CodeIgniter->run()
CRITICAL - 2024-05-31 05:01:35 --> Undefined array key "c_url"
in APPPATH\Controllers\Site_Controller.php on line 146.
 1 APPPATH\Controllers\Site_Controller.php(146): CodeIgniter\Debug\Exceptions->errorHandler(2, 'Undefined array key "c_url"', 'C:\\xampp\\htdocs\\ci4\\gruballergy\\app\\Controllers\\Site_Controller.php', 146)
 2 SYSTEMPATH\CodeIgniter.php(942): App\Controllers\Site_Controller->sitemapindex()
 3 SYSTEMPATH\CodeIgniter.php(502): CodeIgniter\CodeIgniter->runController(Object(App\Controllers\Site_Controller))
 4 SYSTEMPATH\CodeIgniter.php(361): CodeIgniter\CodeIgniter->handleRequest(null, Object(Config\Cache), false)
 5 FCPATH\index.php(79): CodeIgniter\CodeIgniter->run()
CRITICAL - 2024-05-31 05:03:35 --> Undefined array key "c_url"
in APPPATH\Controllers\Site_Controller.php on line 146.
 1 APPPATH\Controllers\Site_Controller.php(146): CodeIgniter\Debug\Exceptions->errorHandler(2, 'Undefined array key "c_url"', 'C:\\xampp\\htdocs\\ci4\\gruballergy\\app\\Controllers\\Site_Controller.php', 146)
 2 SYSTEMPATH\CodeIgniter.php(942): App\Controllers\Site_Controller->sitemapindex()
 3 SYSTEMPATH\CodeIgniter.php(502): CodeIgniter\CodeIgniter->runController(Object(App\Controllers\Site_Controller))
 4 SYSTEMPATH\CodeIgniter.php(361): CodeIgniter\CodeIgniter->handleRequest(null, Object(Config\Cache), false)
 5 FCPATH\index.php(79): CodeIgniter\CodeIgniter->run()
CRITICAL - 2024-05-31 05:04:07 --> Undefined array key "c_url"
in APPPATH\Controllers\Site_Controller.php on line 147.
 1 APPPATH\Controllers\Site_Controller.php(147): CodeIgniter\Debug\Exceptions->errorHandler(2, 'Undefined array key "c_url"', 'C:\\xampp\\htdocs\\ci4\\gruballergy\\app\\Controllers\\Site_Controller.php', 147)
 2 SYSTEMPATH\CodeIgniter.php(942): App\Controllers\Site_Controller->sitemapindex()
 3 SYSTEMPATH\CodeIgniter.php(502): CodeIgniter\CodeIgniter->runController(Object(App\Controllers\Site_Controller))
 4 SYSTEMPATH\CodeIgniter.php(361): CodeIgniter\CodeIgniter->handleRequest(null, Object(Config\Cache), false)
 5 FCPATH\index.php(79): CodeIgniter\CodeIgniter->run()
CRITICAL - 2024-05-31 05:04:50 --> Call to undefined function App\Controllers\write_file()
in APPPATH\Controllers\Site_Controller.php on line 151.
 1 SYSTEMPATH\CodeIgniter.php(942): App\Controllers\Site_Controller->sitemapindex()
 2 SYSTEMPATH\CodeIgniter.php(502): CodeIgniter\CodeIgniter->runController(Object(App\Controllers\Site_Controller))
 3 SYSTEMPATH\CodeIgniter.php(361): CodeIgniter\CodeIgniter->handleRequest(null, Object(Config\Cache), false)
 4 FCPATH\index.php(79): CodeIgniter\CodeIgniter->run()
CRITICAL - 2024-05-31 05:06:07 --> Undefined array key "cat_slug"
in APPPATH\Controllers\Site_Controller.php on line 165.
 1 APPPATH\Controllers\Site_Controller.php(165): CodeIgniter\Debug\Exceptions->errorHandler(2, 'Undefined array key "cat_slug"', 'C:\\xampp\\htdocs\\ci4\\gruballergy\\app\\Controllers\\Site_Controller.php', 165)
 2 SYSTEMPATH\CodeIgniter.php(942): App\Controllers\Site_Controller->sitemapindex()
 3 SYSTEMPATH\CodeIgniter.php(502): CodeIgniter\CodeIgniter->runController(Object(App\Controllers\Site_Controller))
 4 SYSTEMPATH\CodeIgniter.php(361): CodeIgniter\CodeIgniter->handleRequest(null, Object(Config\Cache), false)
 5 FCPATH\index.php(79): CodeIgniter\CodeIgniter->run()
CRITICAL - 2024-05-31 05:06:28 --> Undefined variable $um
in APPPATH\Controllers\Site_Controller.php on line 169.
 1 APPPATH\Controllers\Site_Controller.php(169): CodeIgniter\Debug\Exceptions->errorHandler(2, 'Undefined variable $um', 'C:\\xampp\\htdocs\\ci4\\gruballergy\\app\\Controllers\\Site_Controller.php', 169)
 2 SYSTEMPATH\CodeIgniter.php(942): App\Controllers\Site_Controller->sitemapindex()
 3 SYSTEMPATH\CodeIgniter.php(502): CodeIgniter\CodeIgniter->runController(Object(App\Controllers\Site_Controller))
 4 SYSTEMPATH\CodeIgniter.php(361): CodeIgniter\CodeIgniter->handleRequest(null, Object(Config\Cache), false)
 5 FCPATH\index.php(79): CodeIgniter\CodeIgniter->run()
ERROR - 2024-05-31 05:18:21 --> mysqli_sql_exception: Table 'gruballergy.categories' doesn't exist in C:\xampp\htdocs\ci4\gruballergy\system\Database\MySQLi\Connection.php:306
Stack trace:
#0 C:\xampp\htdocs\ci4\gruballergy\system\Database\MySQLi\Connection.php(306): mysqli->query('SELECT `recipes...', 0)
#1 C:\xampp\htdocs\ci4\gruballergy\system\Database\BaseConnection.php(693): CodeIgniter\Database\MySQLi\Connection->execute('SELECT `recipes...')
#2 C:\xampp\htdocs\ci4\gruballergy\system\Database\BaseConnection.php(607): CodeIgniter\Database\BaseConnection->simpleQuery('SELECT `recipes...')
#3 C:\xampp\htdocs\ci4\gruballergy\system\Database\BaseBuilder.php(1615): CodeIgniter\Database\BaseConnection->query('SELECT `recipes...', Array, false)
#4 C:\xampp\htdocs\ci4\gruballergy\app\Controllers\Site_Controller.php(174): CodeIgniter\Database\BaseBuilder->get()
#5 C:\xampp\htdocs\ci4\gruballergy\system\CodeIgniter.php(942): App\Controllers\Site_Controller->sitemapindex()
#6 C:\xampp\htdocs\ci4\gruballergy\system\CodeIgniter.php(502): CodeIgniter\CodeIgniter->runController(Object(App\Controllers\Site_Controller))
#7 C:\xampp\htdocs\ci4\gruballergy\system\CodeIgniter.php(361): CodeIgniter\CodeIgniter->handleRequest(NULL, Object(Config\Cache), false)
#8 C:\xampp\htdocs\ci4\gruballergy\index.php(79): CodeIgniter\CodeIgniter->run()
#9 {main}
CRITICAL - 2024-05-31 05:18:21 --> Table 'gruballergy.categories' doesn't exist
in SYSTEMPATH\Database\BaseConnection.php on line 647.
 1 SYSTEMPATH\Database\BaseBuilder.php(1615): CodeIgniter\Database\BaseConnection->query('SELECT `recipes`.*, `categories`.*
FROM `recipes`
JOIN `recipe_category_tag` ON `recipes`.`re_id`  = `recipe_category_tag`.`recipe_id`
JOIN `categories` ON `recipe_category_tag`.`category_id` = `category`.`c_id`
WHERE `recipes`.`active` = :recipes.active:', [...], false)
 2 APPPATH\Controllers\Site_Controller.php(174): CodeIgniter\Database\BaseBuilder->get()
 3 SYSTEMPATH\CodeIgniter.php(942): App\Controllers\Site_Controller->sitemapindex()
 4 SYSTEMPATH\CodeIgniter.php(502): CodeIgniter\CodeIgniter->runController(Object(App\Controllers\Site_Controller))
 5 SYSTEMPATH\CodeIgniter.php(361): CodeIgniter\CodeIgniter->handleRequest(null, Object(Config\Cache), false)
 6 FCPATH\index.php(79): CodeIgniter\CodeIgniter->run()
ERROR - 2024-05-31 05:19:03 --> mysqli_sql_exception: Unknown table 'gruballergy.categories' in C:\xampp\htdocs\ci4\gruballergy\system\Database\MySQLi\Connection.php:306
Stack trace:
#0 C:\xampp\htdocs\ci4\gruballergy\system\Database\MySQLi\Connection.php(306): mysqli->query('SELECT `recipes...', 0)
#1 C:\xampp\htdocs\ci4\gruballergy\system\Database\BaseConnection.php(693): CodeIgniter\Database\MySQLi\Connection->execute('SELECT `recipes...')
#2 C:\xampp\htdocs\ci4\gruballergy\system\Database\BaseConnection.php(607): CodeIgniter\Database\BaseConnection->simpleQuery('SELECT `recipes...')
#3 C:\xampp\htdocs\ci4\gruballergy\system\Database\BaseBuilder.php(1615): CodeIgniter\Database\BaseConnection->query('SELECT `recipes...', Array, false)
#4 C:\xampp\htdocs\ci4\gruballergy\app\Controllers\Site_Controller.php(174): CodeIgniter\Database\BaseBuilder->get()
#5 C:\xampp\htdocs\ci4\gruballergy\system\CodeIgniter.php(942): App\Controllers\Site_Controller->sitemapindex()
#6 C:\xampp\htdocs\ci4\gruballergy\system\CodeIgniter.php(502): CodeIgniter\CodeIgniter->runController(Object(App\Controllers\Site_Controller))
#7 C:\xampp\htdocs\ci4\gruballergy\system\CodeIgniter.php(361): CodeIgniter\CodeIgniter->handleRequest(NULL, Object(Config\Cache), false)
#8 C:\xampp\htdocs\ci4\gruballergy\index.php(79): CodeIgniter\CodeIgniter->run()
#9 {main}
CRITICAL - 2024-05-31 05:19:03 --> Unknown table 'gruballergy.categories'
in SYSTEMPATH\Database\BaseConnection.php on line 647.
 1 SYSTEMPATH\Database\BaseBuilder.php(1615): CodeIgniter\Database\BaseConnection->query('SELECT `recipes`.*, `categories`.*
FROM `recipes`
JOIN `recipe_category_tag` ON `recipes`.`re_id`  = `recipe_category_tag`.`recipe_id`
JOIN `category` ON `recipe_category_tag`.`category_id` = `category`.`c_id`
WHERE `recipes`.`active` = :recipes.active:', [...], false)
 2 APPPATH\Controllers\Site_Controller.php(174): CodeIgniter\Database\BaseBuilder->get()
 3 SYSTEMPATH\CodeIgniter.php(942): App\Controllers\Site_Controller->sitemapindex()
 4 SYSTEMPATH\CodeIgniter.php(502): CodeIgniter\CodeIgniter->runController(Object(App\Controllers\Site_Controller))
 5 SYSTEMPATH\CodeIgniter.php(361): CodeIgniter\CodeIgniter->handleRequest(null, Object(Config\Cache), false)
 6 FCPATH\index.php(79): CodeIgniter\CodeIgniter->run()
CRITICAL - 2024-05-31 05:30:55 --> Undefined variable $um
in APPPATH\Controllers\Site_Controller.php on line 183.
 1 APPPATH\Controllers\Site_Controller.php(183): CodeIgniter\Debug\Exceptions->errorHandler(2, 'Undefined variable $um', 'C:\\xampp\\htdocs\\ci4\\gruballergy\\app\\Controllers\\Site_Controller.php', 183)
 2 SYSTEMPATH\CodeIgniter.php(942): App\Controllers\Site_Controller->sitemapindex()
 3 SYSTEMPATH\CodeIgniter.php(502): CodeIgniter\CodeIgniter->runController(Object(App\Controllers\Site_Controller))
 4 SYSTEMPATH\CodeIgniter.php(361): CodeIgniter\CodeIgniter->handleRequest(null, Object(Config\Cache), false)
 5 FCPATH\index.php(79): CodeIgniter\CodeIgniter->run()
CRITICAL - 2024-05-31 05:31:03 --> fopen(C:\xampp\htdocs\ci4\gruballergy\sitemap/category/testcategory3.xml): Failed to open stream: No such file or directory
in APPPATH\Controllers\Site_Controller.php on line 194.
 1 [internal function]: CodeIgniter\Debug\Exceptions->errorHandler(2, 'fopen(C:\\xampp\\htdocs\\ci4\\gruballergy\\sitemap/category/testcategory3.xml): Failed to open stream: No such file or directory', 'C:\\xampp\\htdocs\\ci4\\gruballergy\\app\\Controllers\\Site_Controller.php', 194)
 2 APPPATH\Controllers\Site_Controller.php(194): fopen('C:\\xampp\\htdocs\\ci4\\gruballergy\\sitemap/category/testcategory3.xml', 'w')
 3 SYSTEMPATH\CodeIgniter.php(942): App\Controllers\Site_Controller->sitemapindex()
 4 SYSTEMPATH\CodeIgniter.php(502): CodeIgniter\CodeIgniter->runController(Object(App\Controllers\Site_Controller))
 5 SYSTEMPATH\CodeIgniter.php(361): CodeIgniter\CodeIgniter->handleRequest(null, Object(Config\Cache), false)
 6 FCPATH\index.php(79): CodeIgniter\CodeIgniter->run()
CRITICAL - 2024-05-31 05:32:08 --> fopen(C:\xampp\htdocs\ci4\gruballergy\sitemap/category/testcategory3.xml): Failed to open stream: No such file or directory
in APPPATH\Controllers\Site_Controller.php on line 194.
 1 [internal function]: CodeIgniter\Debug\Exceptions->errorHandler(2, 'fopen(C:\\xampp\\htdocs\\ci4\\gruballergy\\sitemap/category/testcategory3.xml): Failed to open stream: No such file or directory', 'C:\\xampp\\htdocs\\ci4\\gruballergy\\app\\Controllers\\Site_Controller.php', 194)
 2 APPPATH\Controllers\Site_Controller.php(194): fopen('C:\\xampp\\htdocs\\ci4\\gruballergy\\sitemap/category/testcategory3.xml', 'w')
 3 SYSTEMPATH\CodeIgniter.php(942): App\Controllers\Site_Controller->sitemapindex()
 4 SYSTEMPATH\CodeIgniter.php(502): CodeIgniter\CodeIgniter->runController(Object(App\Controllers\Site_Controller))
 5 SYSTEMPATH\CodeIgniter.php(361): CodeIgniter\CodeIgniter->handleRequest(null, Object(Config\Cache), false)
 6 FCPATH\index.php(79): CodeIgniter\CodeIgniter->run()
ERROR - 2024-05-31 05:32:52 --> mysqli_sql_exception: Unknown column 'category."11"' in 'on clause' in C:\xampp\htdocs\ci4\gruballergy\system\Database\MySQLi\Connection.php:306
Stack trace:
#0 C:\xampp\htdocs\ci4\gruballergy\system\Database\MySQLi\Connection.php(306): mysqli->query('SELECT `recipes...', 0)
#1 C:\xampp\htdocs\ci4\gruballergy\system\Database\BaseConnection.php(693): CodeIgniter\Database\MySQLi\Connection->execute('SELECT `recipes...')
#2 C:\xampp\htdocs\ci4\gruballergy\system\Database\BaseConnection.php(607): CodeIgniter\Database\BaseConnection->simpleQuery('SELECT `recipes...')
#3 C:\xampp\htdocs\ci4\gruballergy\system\Database\BaseBuilder.php(1615): CodeIgniter\Database\BaseConnection->query('SELECT `recipes...', Array, false)
#4 C:\xampp\htdocs\ci4\gruballergy\app\Controllers\Site_Controller.php(174): CodeIgniter\Database\BaseBuilder->get()
#5 C:\xampp\htdocs\ci4\gruballergy\system\CodeIgniter.php(942): App\Controllers\Site_Controller->sitemapindex()
#6 C:\xampp\htdocs\ci4\gruballergy\system\CodeIgniter.php(502): CodeIgniter\CodeIgniter->runController(Object(App\Controllers\Site_Controller))
#7 C:\xampp\htdocs\ci4\gruballergy\system\CodeIgniter.php(361): CodeIgniter\CodeIgniter->handleRequest(NULL, Object(Config\Cache), false)
#8 C:\xampp\htdocs\ci4\gruballergy\index.php(79): CodeIgniter\CodeIgniter->run()
#9 {main}
CRITICAL - 2024-05-31 05:32:52 --> Unknown column 'category."11"' in 'on clause'
in SYSTEMPATH\Database\BaseConnection.php on line 647.
 1 SYSTEMPATH\Database\BaseBuilder.php(1615): CodeIgniter\Database\BaseConnection->query('SELECT `recipes`.*, `category`.*
FROM `recipes`
JOIN `recipe_category_tag` ON `recipes`.`re_id`  = `recipe_category_tag`.`recipe_id`
JOIN `category` ON `recipe_category_tag`.`category_id` = `category`.`"11"`
WHERE `recipes`.`active` = :recipes.active:', [...], false)
 2 APPPATH\Controllers\Site_Controller.php(174): CodeIgniter\Database\BaseBuilder->get()
 3 SYSTEMPATH\CodeIgniter.php(942): App\Controllers\Site_Controller->sitemapindex()
 4 SYSTEMPATH\CodeIgniter.php(502): CodeIgniter\CodeIgniter->runController(Object(App\Controllers\Site_Controller))
 5 SYSTEMPATH\CodeIgniter.php(361): CodeIgniter\CodeIgniter->handleRequest(null, Object(Config\Cache), false)
 6 FCPATH\index.php(79): CodeIgniter\CodeIgniter->run()
CRITICAL - 2024-05-31 05:41:29 --> Attempt to read property "re_titleurl" on array
in APPPATH\Controllers\Site_Controller.php on line 181.
 1 APPPATH\Controllers\Site_Controller.php(181): CodeIgniter\Debug\Exceptions->errorHandler(2, 'Attempt to read property "re_titleurl" on array', 'C:\\xampp\\htdocs\\ci4\\gruballergy\\app\\Controllers\\Site_Controller.php', 181)
 2 SYSTEMPATH\CodeIgniter.php(942): App\Controllers\Site_Controller->sitemapindex()
 3 SYSTEMPATH\CodeIgniter.php(502): CodeIgniter\CodeIgniter->runController(Object(App\Controllers\Site_Controller))
 4 SYSTEMPATH\CodeIgniter.php(361): CodeIgniter\CodeIgniter->handleRequest(null, Object(Config\Cache), false)
 5 FCPATH\index.php(79): CodeIgniter\CodeIgniter->run()
CRITICAL - 2024-05-31 05:42:14 --> Attempt to read property "timestamp" on array
in APPPATH\Controllers\Site_Controller.php on line 182.
 1 APPPATH\Controllers\Site_Controller.php(182): CodeIgniter\Debug\Exceptions->errorHandler(2, 'Attempt to read property "timestamp" on array', 'C:\\xampp\\htdocs\\ci4\\gruballergy\\app\\Controllers\\Site_Controller.php', 182)
 2 SYSTEMPATH\CodeIgniter.php(942): App\Controllers\Site_Controller->sitemapindex()
 3 SYSTEMPATH\CodeIgniter.php(502): CodeIgniter\CodeIgniter->runController(Object(App\Controllers\Site_Controller))
 4 SYSTEMPATH\CodeIgniter.php(361): CodeIgniter\CodeIgniter->handleRequest(null, Object(Config\Cache), false)
 5 FCPATH\index.php(79): CodeIgniter\CodeIgniter->run()
CRITICAL - 2024-05-31 05:42:28 --> fopen(C:\xampp\htdocs\ci4\gruballergy\sitemap/category/testcategory3.xml): Failed to open stream: No such file or directory
in APPPATH\Controllers\Site_Controller.php on line 187.
 1 [internal function]: CodeIgniter\Debug\Exceptions->errorHandler(2, 'fopen(C:\\xampp\\htdocs\\ci4\\gruballergy\\sitemap/category/testcategory3.xml): Failed to open stream: No such file or directory', 'C:\\xampp\\htdocs\\ci4\\gruballergy\\app\\Controllers\\Site_Controller.php', 187)
 2 APPPATH\Controllers\Site_Controller.php(187): fopen('C:\\xampp\\htdocs\\ci4\\gruballergy\\sitemap/category/testcategory3.xml', 'w')
 3 SYSTEMPATH\CodeIgniter.php(942): App\Controllers\Site_Controller->sitemapindex()
 4 SYSTEMPATH\CodeIgniter.php(502): CodeIgniter\CodeIgniter->runController(Object(App\Controllers\Site_Controller))
 5 SYSTEMPATH\CodeIgniter.php(361): CodeIgniter\CodeIgniter->handleRequest(null, Object(Config\Cache), false)
 6 FCPATH\index.php(79): CodeIgniter\CodeIgniter->run()
CRITICAL - 2024-05-31 05:42:30 --> fopen(C:\xampp\htdocs\ci4\gruballergy\sitemap/category/testcategory3.xml): Failed to open stream: No such file or directory
in APPPATH\Controllers\Site_Controller.php on line 187.
 1 [internal function]: CodeIgniter\Debug\Exceptions->errorHandler(2, 'fopen(C:\\xampp\\htdocs\\ci4\\gruballergy\\sitemap/category/testcategory3.xml): Failed to open stream: No such file or directory', 'C:\\xampp\\htdocs\\ci4\\gruballergy\\app\\Controllers\\Site_Controller.php', 187)
 2 APPPATH\Controllers\Site_Controller.php(187): fopen('C:\\xampp\\htdocs\\ci4\\gruballergy\\sitemap/category/testcategory3.xml', 'w')
 3 SYSTEMPATH\CodeIgniter.php(942): App\Controllers\Site_Controller->sitemapindex()
 4 SYSTEMPATH\CodeIgniter.php(502): CodeIgniter\CodeIgniter->runController(Object(App\Controllers\Site_Controller))
 5 SYSTEMPATH\CodeIgniter.php(361): CodeIgniter\CodeIgniter->handleRequest(null, Object(Config\Cache), false)
 6 FCPATH\index.php(79): CodeIgniter\CodeIgniter->run()
CRITICAL - 2024-05-31 06:09:27 --> Undefined variable $route
in APPPATH\Config\Routes.php on line 196.
 1 APPPATH\Config\Routes.php(196): CodeIgniter\Debug\Exceptions->errorHandler(2, 'Undefined variable $route', 'C:\\xampp\\htdocs\\ci4\\gruballergy\\app\\Config\\Routes.php', 196)
 2 SYSTEMPATH\Router\RouteCollection.php(344): require('C:\\xampp\\htdocs\\ci4\\gruballergy\\app\\Config\\Routes.php')
 3 SYSTEMPATH\CodeIgniter.php(810): CodeIgniter\Router\RouteCollection->loadRoutes()
 4 SYSTEMPATH\CodeIgniter.php(450): CodeIgniter\CodeIgniter->tryToRouteIt(null)
 5 SYSTEMPATH\CodeIgniter.php(361): CodeIgniter\CodeIgniter->handleRequest(null, Object(Config\Cache), false)
 6 FCPATH\index.php(79): CodeIgniter\CodeIgniter->run()
CRITICAL - 2024-05-31 06:11:37 --> fopen(C:\xampp\htdocs\ci4\gruballergy\writable\sitemap/testcategory3.xml): Failed to open stream: No such file or directory
in APPPATH\Controllers\Site_Controller.php on line 186.
 1 [internal function]: CodeIgniter\Debug\Exceptions->errorHandler(2, 'fopen(C:\\xampp\\htdocs\\ci4\\gruballergy\\writable\\sitemap/testcategory3.xml): Failed to open stream: No such file or directory', 'C:\\xampp\\htdocs\\ci4\\gruballergy\\app\\Controllers\\Site_Controller.php', 186)
 2 APPPATH\Controllers\Site_Controller.php(186): fopen('C:\\xampp\\htdocs\\ci4\\gruballergy\\writable\\sitemap/testcategory3.xml', 'w')
 3 SYSTEMPATH\CodeIgniter.php(942): App\Controllers\Site_Controller->sitemapindex()
 4 SYSTEMPATH\CodeIgniter.php(502): CodeIgniter\CodeIgniter->runController(Object(App\Controllers\Site_Controller))
 5 SYSTEMPATH\CodeIgniter.php(361): CodeIgniter\CodeIgniter->handleRequest(null, Object(Config\Cache), false)
 6 FCPATH\index.php(79): CodeIgniter\CodeIgniter->run()
CRITICAL - 2024-05-31 06:14:50 --> fopen(/sitemap.xml): Failed to open stream: Permission denied
in APPPATH\Controllers\Site_Controller.php on line 196.
 1 [internal function]: CodeIgniter\Debug\Exceptions->errorHandler(2, 'fopen(/sitemap.xml): Failed to open stream: Permission denied', 'C:\\xampp\\htdocs\\ci4\\gruballergy\\app\\Controllers\\Site_Controller.php', 196)
 2 APPPATH\Controllers\Site_Controller.php(196): fopen('/sitemap.xml', 'w')
 3 SYSTEMPATH\CodeIgniter.php(942): App\Controllers\Site_Controller->sitemapindex()
 4 SYSTEMPATH\CodeIgniter.php(502): CodeIgniter\CodeIgniter->runController(Object(App\Controllers\Site_Controller))
 5 SYSTEMPATH\CodeIgniter.php(361): CodeIgniter\CodeIgniter->handleRequest(null, Object(Config\Cache), false)
 6 FCPATH\index.php(79): CodeIgniter\CodeIgniter->run()
CRITICAL - 2024-05-31 12:18:39 --> The route for "sitemap" cannot be found.
in SYSTEMPATH\HTTP\RedirectResponse.php on line 62.
 1 SYSTEMPATH\HTTP\RedirectResponse.php(62): CodeIgniter\HTTP\Exceptions\HTTPException::forInvalidRedirectRoute('sitemap')
 2 SYSTEMPATH\Common.php(878): CodeIgniter\HTTP\RedirectResponse->route(false)
 3 APPPATH\Controllers\Site_Controller.php(202): redirect('sitemap')
 4 SYSTEMPATH\CodeIgniter.php(942): App\Controllers\Site_Controller->sitemapindex()
 5 SYSTEMPATH\CodeIgniter.php(502): CodeIgniter\CodeIgniter->runController(Object(App\Controllers\Site_Controller))
 6 SYSTEMPATH\CodeIgniter.php(361): CodeIgniter\CodeIgniter->handleRequest(null, Object(Config\Cache), false)
 7 FCPATH\index.php(79): CodeIgniter\CodeIgniter->run()
CRITICAL - 2024-05-31 06:50:25 --> Invalid file: "sitemap.xml"
in SYSTEMPATH\Exceptions\FrameworkException.php on line 39.
 1 SYSTEMPATH\View\View.php(216): CodeIgniter\Exceptions\FrameworkException::forInvalidFile('sitemap.xml')
 2 SYSTEMPATH\Common.php(1190): CodeIgniter\View\View->render('sitemap.xml', [], true)
 3 APPPATH\Controllers\Site_Controller.php(215): view('sitemap.xml')
 4 SYSTEMPATH\CodeIgniter.php(942): App\Controllers\Site_Controller->sitemap_file()
 5 SYSTEMPATH\CodeIgniter.php(502): CodeIgniter\CodeIgniter->runController(Object(App\Controllers\Site_Controller))
 6 SYSTEMPATH\CodeIgniter.php(361): CodeIgniter\CodeIgniter->handleRequest(null, Object(Config\Cache), false)
 7 FCPATH\index.php(79): CodeIgniter\CodeIgniter->run()
CRITICAL - 2024-05-31 06:51:32 --> Invalid file: "sitemap.xml"
in SYSTEMPATH\Exceptions\FrameworkException.php on line 39.
 1 SYSTEMPATH\View\View.php(216): CodeIgniter\Exceptions\FrameworkException::forInvalidFile('sitemap.xml')
 2 SYSTEMPATH\Common.php(1190): CodeIgniter\View\View->render('sitemap.xml', [], true)
 3 APPPATH\Controllers\Site_Controller.php(217): view('sitemap.xml')
 4 SYSTEMPATH\CodeIgniter.php(942): App\Controllers\Site_Controller->sitemap_file()
 5 SYSTEMPATH\CodeIgniter.php(502): CodeIgniter\CodeIgniter->runController(Object(App\Controllers\Site_Controller))
 6 SYSTEMPATH\CodeIgniter.php(361): CodeIgniter\CodeIgniter->handleRequest(null, Object(Config\Cache), false)
 7 FCPATH\index.php(79): CodeIgniter\CodeIgniter->run()
CRITICAL - 2024-05-31 06:51:33 --> Invalid file: "sitemap.xml"
in SYSTEMPATH\Exceptions\FrameworkException.php on line 39.
 1 SYSTEMPATH\View\View.php(216): CodeIgniter\Exceptions\FrameworkException::forInvalidFile('sitemap.xml')
 2 SYSTEMPATH\Common.php(1190): CodeIgniter\View\View->render('sitemap.xml', [], true)
 3 APPPATH\Controllers\Site_Controller.php(217): view('sitemap.xml')
 4 SYSTEMPATH\CodeIgniter.php(942): App\Controllers\Site_Controller->sitemap_file()
 5 SYSTEMPATH\CodeIgniter.php(502): CodeIgniter\CodeIgniter->runController(Object(App\Controllers\Site_Controller))
 6 SYSTEMPATH\CodeIgniter.php(361): CodeIgniter\CodeIgniter->handleRequest(null, Object(Config\Cache), false)
 7 FCPATH\index.php(79): CodeIgniter\CodeIgniter->run()
CRITICAL - 2024-05-31 06:52:24 --> Invalid file: "sitemap.xml"
in SYSTEMPATH\Exceptions\FrameworkException.php on line 39.
 1 SYSTEMPATH\View\View.php(216): CodeIgniter\Exceptions\FrameworkException::forInvalidFile('sitemap.xml')
 2 SYSTEMPATH\Common.php(1190): CodeIgniter\View\View->render('sitemap.xml', [], true)
 3 APPPATH\Controllers\Site_Controller.php(217): view('sitemap.xml')
 4 SYSTEMPATH\CodeIgniter.php(942): App\Controllers\Site_Controller->sitemap_file()
 5 SYSTEMPATH\CodeIgniter.php(502): CodeIgniter\CodeIgniter->runController(Object(App\Controllers\Site_Controller))
 6 SYSTEMPATH\CodeIgniter.php(361): CodeIgniter\CodeIgniter->handleRequest(null, Object(Config\Cache), false)
 7 FCPATH\index.php(79): CodeIgniter\CodeIgniter->run()
CRITICAL - 2024-05-31 06:52:25 --> Invalid file: "sitemap.xml"
in SYSTEMPATH\Exceptions\FrameworkException.php on line 39.
 1 SYSTEMPATH\View\View.php(216): CodeIgniter\Exceptions\FrameworkException::forInvalidFile('sitemap.xml')
 2 SYSTEMPATH\Common.php(1190): CodeIgniter\View\View->render('sitemap.xml', [], true)
 3 APPPATH\Controllers\Site_Controller.php(217): view('sitemap.xml')
 4 SYSTEMPATH\CodeIgniter.php(942): App\Controllers\Site_Controller->sitemap_file()
 5 SYSTEMPATH\CodeIgniter.php(502): CodeIgniter\CodeIgniter->runController(Object(App\Controllers\Site_Controller))
 6 SYSTEMPATH\CodeIgniter.php(361): CodeIgniter\CodeIgniter->handleRequest(null, Object(Config\Cache), false)
 7 FCPATH\index.php(79): CodeIgniter\CodeIgniter->run()
CRITICAL - 2024-05-31 06:52:25 --> Invalid file: "sitemap.xml"
in SYSTEMPATH\Exceptions\FrameworkException.php on line 39.
 1 SYSTEMPATH\View\View.php(216): CodeIgniter\Exceptions\FrameworkException::forInvalidFile('sitemap.xml')
 2 SYSTEMPATH\Common.php(1190): CodeIgniter\View\View->render('sitemap.xml', [], true)
 3 APPPATH\Controllers\Site_Controller.php(217): view('sitemap.xml')
 4 SYSTEMPATH\CodeIgniter.php(942): App\Controllers\Site_Controller->sitemap_file()
 5 SYSTEMPATH\CodeIgniter.php(502): CodeIgniter\CodeIgniter->runController(Object(App\Controllers\Site_Controller))
 6 SYSTEMPATH\CodeIgniter.php(361): CodeIgniter\CodeIgniter->handleRequest(null, Object(Config\Cache), false)
 7 FCPATH\index.php(79): CodeIgniter\CodeIgniter->run()
CRITICAL - 2024-05-31 06:53:40 --> Invalid file: "sitemap.xml"
in SYSTEMPATH\Exceptions\FrameworkException.php on line 39.
 1 SYSTEMPATH\View\View.php(216): CodeIgniter\Exceptions\FrameworkException::forInvalidFile('sitemap.xml')
 2 SYSTEMPATH\Common.php(1190): CodeIgniter\View\View->render('sitemap.xml', [], true)
 3 APPPATH\Controllers\Site_Controller.php(217): view('sitemap.xml')
 4 SYSTEMPATH\CodeIgniter.php(942): App\Controllers\Site_Controller->sitemap_file()
 5 SYSTEMPATH\CodeIgniter.php(502): CodeIgniter\CodeIgniter->runController(Object(App\Controllers\Site_Controller))
 6 SYSTEMPATH\CodeIgniter.php(361): CodeIgniter\CodeIgniter->handleRequest(null, Object(Config\Cache), false)
 7 FCPATH\index.php(79): CodeIgniter\CodeIgniter->run()
CRITICAL - 2024-05-31 06:53:41 --> Invalid file: "sitemap.xml"
in SYSTEMPATH\Exceptions\FrameworkException.php on line 39.
 1 SYSTEMPATH\View\View.php(216): CodeIgniter\Exceptions\FrameworkException::forInvalidFile('sitemap.xml')
 2 SYSTEMPATH\Common.php(1190): CodeIgniter\View\View->render('sitemap.xml', [], true)
 3 APPPATH\Controllers\Site_Controller.php(217): view('sitemap.xml')
 4 SYSTEMPATH\CodeIgniter.php(942): App\Controllers\Site_Controller->sitemap_file()
 5 SYSTEMPATH\CodeIgniter.php(502): CodeIgniter\CodeIgniter->runController(Object(App\Controllers\Site_Controller))
 6 SYSTEMPATH\CodeIgniter.php(361): CodeIgniter\CodeIgniter->handleRequest(null, Object(Config\Cache), false)
 7 FCPATH\index.php(79): CodeIgniter\CodeIgniter->run()
CRITICAL - 2024-05-31 06:53:41 --> Invalid file: "sitemap.xml"
in SYSTEMPATH\Exceptions\FrameworkException.php on line 39.
 1 SYSTEMPATH\View\View.php(216): CodeIgniter\Exceptions\FrameworkException::forInvalidFile('sitemap.xml')
 2 SYSTEMPATH\Common.php(1190): CodeIgniter\View\View->render('sitemap.xml', [], true)
 3 APPPATH\Controllers\Site_Controller.php(217): view('sitemap.xml')
 4 SYSTEMPATH\CodeIgniter.php(942): App\Controllers\Site_Controller->sitemap_file()
 5 SYSTEMPATH\CodeIgniter.php(502): CodeIgniter\CodeIgniter->runController(Object(App\Controllers\Site_Controller))
 6 SYSTEMPATH\CodeIgniter.php(361): CodeIgniter\CodeIgniter->handleRequest(null, Object(Config\Cache), false)
 7 FCPATH\index.php(79): CodeIgniter\CodeIgniter->run()
CRITICAL - 2024-05-31 06:55:28 --> Invalid file: "sitemap.xml"
in SYSTEMPATH\Exceptions\FrameworkException.php on line 39.
 1 SYSTEMPATH\View\View.php(216): CodeIgniter\Exceptions\FrameworkException::forInvalidFile('sitemap.xml')
 2 SYSTEMPATH\Common.php(1190): CodeIgniter\View\View->render('sitemap.xml', [], true)
 3 APPPATH\Controllers\Site_Controller.php(215): view('sitemap.xml')
 4 SYSTEMPATH\CodeIgniter.php(942): App\Controllers\Site_Controller->sitemap_file()
 5 SYSTEMPATH\CodeIgniter.php(502): CodeIgniter\CodeIgniter->runController(Object(App\Controllers\Site_Controller))
 6 SYSTEMPATH\CodeIgniter.php(361): CodeIgniter\CodeIgniter->handleRequest(null, Object(Config\Cache), false)
 7 FCPATH\index.php(79): CodeIgniter\CodeIgniter->run()
CRITICAL - 2024-05-31 06:55:46 --> Invalid file: "sitemap.xml"
in SYSTEMPATH\Exceptions\FrameworkException.php on line 39.
 1 SYSTEMPATH\View\View.php(216): CodeIgniter\Exceptions\FrameworkException::forInvalidFile('sitemap.xml')
 2 SYSTEMPATH\Common.php(1190): CodeIgniter\View\View->render('sitemap.xml', [], true)
 3 APPPATH\Controllers\Site_Controller.php(217): view('sitemap.xml')
 4 SYSTEMPATH\CodeIgniter.php(942): App\Controllers\Site_Controller->sitemap_file()
 5 SYSTEMPATH\CodeIgniter.php(502): CodeIgniter\CodeIgniter->runController(Object(App\Controllers\Site_Controller))
 6 SYSTEMPATH\CodeIgniter.php(361): CodeIgniter\CodeIgniter->handleRequest(null, Object(Config\Cache), false)
 7 FCPATH\index.php(79): CodeIgniter\CodeIgniter->run()
CRITICAL - 2024-05-31 06:55:47 --> Invalid file: "sitemap.xml"
in SYSTEMPATH\Exceptions\FrameworkException.php on line 39.
 1 SYSTEMPATH\View\View.php(216): CodeIgniter\Exceptions\FrameworkException::forInvalidFile('sitemap.xml')
 2 SYSTEMPATH\Common.php(1190): CodeIgniter\View\View->render('sitemap.xml', [], true)
 3 APPPATH\Controllers\Site_Controller.php(217): view('sitemap.xml')
 4 SYSTEMPATH\CodeIgniter.php(942): App\Controllers\Site_Controller->sitemap_file()
 5 SYSTEMPATH\CodeIgniter.php(502): CodeIgniter\CodeIgniter->runController(Object(App\Controllers\Site_Controller))
 6 SYSTEMPATH\CodeIgniter.php(361): CodeIgniter\CodeIgniter->handleRequest(null, Object(Config\Cache), false)
 7 FCPATH\index.php(79): CodeIgniter\CodeIgniter->run()
CRITICAL - 2024-05-31 06:55:47 --> Invalid file: "sitemap.xml"
in SYSTEMPATH\Exceptions\FrameworkException.php on line 39.
 1 SYSTEMPATH\View\View.php(216): CodeIgniter\Exceptions\FrameworkException::forInvalidFile('sitemap.xml')
 2 SYSTEMPATH\Common.php(1190): CodeIgniter\View\View->render('sitemap.xml', [], true)
 3 APPPATH\Controllers\Site_Controller.php(217): view('sitemap.xml')
 4 SYSTEMPATH\CodeIgniter.php(942): App\Controllers\Site_Controller->sitemap_file()
 5 SYSTEMPATH\CodeIgniter.php(502): CodeIgniter\CodeIgniter->runController(Object(App\Controllers\Site_Controller))
 6 SYSTEMPATH\CodeIgniter.php(361): CodeIgniter\CodeIgniter->handleRequest(null, Object(Config\Cache), false)
 7 FCPATH\index.php(79): CodeIgniter\CodeIgniter->run()
CRITICAL - 2024-05-31 06:55:48 --> Invalid file: "sitemap.xml"
in SYSTEMPATH\Exceptions\FrameworkException.php on line 39.
 1 SYSTEMPATH\View\View.php(216): CodeIgniter\Exceptions\FrameworkException::forInvalidFile('sitemap.xml')
 2 SYSTEMPATH\Common.php(1190): CodeIgniter\View\View->render('sitemap.xml', [], true)
 3 APPPATH\Controllers\Site_Controller.php(217): view('sitemap.xml')
 4 SYSTEMPATH\CodeIgniter.php(942): App\Controllers\Site_Controller->sitemap_file()
 5 SYSTEMPATH\CodeIgniter.php(502): CodeIgniter\CodeIgniter->runController(Object(App\Controllers\Site_Controller))
 6 SYSTEMPATH\CodeIgniter.php(361): CodeIgniter\CodeIgniter->handleRequest(null, Object(Config\Cache), false)
 7 FCPATH\index.php(79): CodeIgniter\CodeIgniter->run()
CRITICAL - 2024-05-31 06:56:18 --> Invalid file: "sitemap.php"
in SYSTEMPATH\Exceptions\FrameworkException.php on line 39.
 1 SYSTEMPATH\View\View.php(216): CodeIgniter\Exceptions\FrameworkException::forInvalidFile('sitemap.php')
 2 SYSTEMPATH\Common.php(1190): CodeIgniter\View\View->render('sitemap', [], true)
 3 APPPATH\Controllers\Site_Controller.php(215): view('sitemap')
 4 SYSTEMPATH\CodeIgniter.php(942): App\Controllers\Site_Controller->sitemap_file()
 5 SYSTEMPATH\CodeIgniter.php(502): CodeIgniter\CodeIgniter->runController(Object(App\Controllers\Site_Controller))
 6 SYSTEMPATH\CodeIgniter.php(361): CodeIgniter\CodeIgniter->handleRequest(null, Object(Config\Cache), false)
 7 FCPATH\index.php(79): CodeIgniter\CodeIgniter->run()
CRITICAL - 2024-05-31 06:56:19 --> Invalid file: "sitemap.php"
in SYSTEMPATH\Exceptions\FrameworkException.php on line 39.
 1 SYSTEMPATH\View\View.php(216): CodeIgniter\Exceptions\FrameworkException::forInvalidFile('sitemap.php')
 2 SYSTEMPATH\Common.php(1190): CodeIgniter\View\View->render('sitemap', [], true)
 3 APPPATH\Controllers\Site_Controller.php(215): view('sitemap')
 4 SYSTEMPATH\CodeIgniter.php(942): App\Controllers\Site_Controller->sitemap_file()
 5 SYSTEMPATH\CodeIgniter.php(502): CodeIgniter\CodeIgniter->runController(Object(App\Controllers\Site_Controller))
 6 SYSTEMPATH\CodeIgniter.php(361): CodeIgniter\CodeIgniter->handleRequest(null, Object(Config\Cache), false)
 7 FCPATH\index.php(79): CodeIgniter\CodeIgniter->run()
CRITICAL - 2024-05-31 06:56:19 --> Invalid file: "sitemap.php"
in SYSTEMPATH\Exceptions\FrameworkException.php on line 39.
 1 SYSTEMPATH\View\View.php(216): CodeIgniter\Exceptions\FrameworkException::forInvalidFile('sitemap.php')
 2 SYSTEMPATH\Common.php(1190): CodeIgniter\View\View->render('sitemap', [], true)
 3 APPPATH\Controllers\Site_Controller.php(215): view('sitemap')
 4 SYSTEMPATH\CodeIgniter.php(942): App\Controllers\Site_Controller->sitemap_file()
 5 SYSTEMPATH\CodeIgniter.php(502): CodeIgniter\CodeIgniter->runController(Object(App\Controllers\Site_Controller))
 6 SYSTEMPATH\CodeIgniter.php(361): CodeIgniter\CodeIgniter->handleRequest(null, Object(Config\Cache), false)
 7 FCPATH\index.php(79): CodeIgniter\CodeIgniter->run()
CRITICAL - 2024-05-31 06:56:19 --> Invalid file: "sitemap.php"
in SYSTEMPATH\Exceptions\FrameworkException.php on line 39.
 1 SYSTEMPATH\View\View.php(216): CodeIgniter\Exceptions\FrameworkException::forInvalidFile('sitemap.php')
 2 SYSTEMPATH\Common.php(1190): CodeIgniter\View\View->render('sitemap', [], true)
 3 APPPATH\Controllers\Site_Controller.php(215): view('sitemap')
 4 SYSTEMPATH\CodeIgniter.php(942): App\Controllers\Site_Controller->sitemap_file()
 5 SYSTEMPATH\CodeIgniter.php(502): CodeIgniter\CodeIgniter->runController(Object(App\Controllers\Site_Controller))
 6 SYSTEMPATH\CodeIgniter.php(361): CodeIgniter\CodeIgniter->handleRequest(null, Object(Config\Cache), false)
 7 FCPATH\index.php(79): CodeIgniter\CodeIgniter->run()
CRITICAL - 2024-05-31 06:56:19 --> Invalid file: "sitemap.php"
in SYSTEMPATH\Exceptions\FrameworkException.php on line 39.
 1 SYSTEMPATH\View\View.php(216): CodeIgniter\Exceptions\FrameworkException::forInvalidFile('sitemap.php')
 2 SYSTEMPATH\Common.php(1190): CodeIgniter\View\View->render('sitemap', [], true)
 3 APPPATH\Controllers\Site_Controller.php(215): view('sitemap')
 4 SYSTEMPATH\CodeIgniter.php(942): App\Controllers\Site_Controller->sitemap_file()
 5 SYSTEMPATH\CodeIgniter.php(502): CodeIgniter\CodeIgniter->runController(Object(App\Controllers\Site_Controller))
 6 SYSTEMPATH\CodeIgniter.php(361): CodeIgniter\CodeIgniter->handleRequest(null, Object(Config\Cache), false)
 7 FCPATH\index.php(79): CodeIgniter\CodeIgniter->run()
CRITICAL - 2024-05-31 12:48:06 --> Invalid file: "sitmap.php"
in SYSTEMPATH\Exceptions\FrameworkException.php on line 39.
 1 SYSTEMPATH\View\View.php(216): CodeIgniter\Exceptions\FrameworkException::forInvalidFile('sitmap.php')
 2 SYSTEMPATH\Common.php(1190): CodeIgniter\View\View->render('sitmap', [], true)
 3 APPPATH\Controllers\Site_Controller.php(135): view('sitmap', [...])
 4 SYSTEMPATH\CodeIgniter.php(942): App\Controllers\Site_Controller->htmlsitemap()
 5 SYSTEMPATH\CodeIgniter.php(502): CodeIgniter\CodeIgniter->runController(Object(App\Controllers\Site_Controller))
 6 SYSTEMPATH\CodeIgniter.php(361): CodeIgniter\CodeIgniter->handleRequest(null, Object(Config\Cache), false)
 7 FCPATH\index.php(79): CodeIgniter\CodeIgniter->run()
CRITICAL - 2024-05-31 12:48:34 --> Invalid file: "sitmap.php"
in SYSTEMPATH\Exceptions\FrameworkException.php on line 39.
 1 SYSTEMPATH\View\View.php(216): CodeIgniter\Exceptions\FrameworkException::forInvalidFile('sitmap.php')
 2 SYSTEMPATH\Common.php(1190): CodeIgniter\View\View->render('sitmap', [], true)
 3 APPPATH\Controllers\Site_Controller.php(135): view('sitmap', [...])
 4 SYSTEMPATH\CodeIgniter.php(942): App\Controllers\Site_Controller->htmlsitemap()
 5 SYSTEMPATH\CodeIgniter.php(502): CodeIgniter\CodeIgniter->runController(Object(App\Controllers\Site_Controller))
 6 SYSTEMPATH\CodeIgniter.php(361): CodeIgniter\CodeIgniter->handleRequest(null, Object(Config\Cache), false)
 7 FCPATH\index.php(79): CodeIgniter\CodeIgniter->run()
CRITICAL - 2024-05-31 12:48:35 --> Invalid file: "sitmap.php"
in SYSTEMPATH\Exceptions\FrameworkException.php on line 39.
 1 SYSTEMPATH\View\View.php(216): CodeIgniter\Exceptions\FrameworkException::forInvalidFile('sitmap.php')
 2 SYSTEMPATH\Common.php(1190): CodeIgniter\View\View->render('sitmap', [], true)
 3 APPPATH\Controllers\Site_Controller.php(135): view('sitmap', [...])
 4 SYSTEMPATH\CodeIgniter.php(942): App\Controllers\Site_Controller->htmlsitemap()
 5 SYSTEMPATH\CodeIgniter.php(502): CodeIgniter\CodeIgniter->runController(Object(App\Controllers\Site_Controller))
 6 SYSTEMPATH\CodeIgniter.php(361): CodeIgniter\CodeIgniter->handleRequest(null, Object(Config\Cache), false)
 7 FCPATH\index.php(79): CodeIgniter\CodeIgniter->run()
CRITICAL - 2024-05-31 12:48:51 --> Invalid file: "sitemap.php"
in SYSTEMPATH\Exceptions\FrameworkException.php on line 39.
 1 SYSTEMPATH\View\View.php(216): CodeIgniter\Exceptions\FrameworkException::forInvalidFile('sitemap.php')
 2 SYSTEMPATH\Common.php(1190): CodeIgniter\View\View->render('sitemap', [], true)
 3 APPPATH\Controllers\Site_Controller.php(135): view('sitemap', [...])
 4 SYSTEMPATH\CodeIgniter.php(942): App\Controllers\Site_Controller->htmlsitemap()
 5 SYSTEMPATH\CodeIgniter.php(502): CodeIgniter\CodeIgniter->runController(Object(App\Controllers\Site_Controller))
 6 SYSTEMPATH\CodeIgniter.php(361): CodeIgniter\CodeIgniter->handleRequest(null, Object(Config\Cache), false)
 7 FCPATH\index.php(79): CodeIgniter\CodeIgniter->run()
CRITICAL - 2024-05-31 12:48:52 --> Invalid file: "sitemap.php"
in SYSTEMPATH\Exceptions\FrameworkException.php on line 39.
 1 SYSTEMPATH\View\View.php(216): CodeIgniter\Exceptions\FrameworkException::forInvalidFile('sitemap.php')
 2 SYSTEMPATH\Common.php(1190): CodeIgniter\View\View->render('sitemap', [], true)
 3 APPPATH\Controllers\Site_Controller.php(135): view('sitemap', [...])
 4 SYSTEMPATH\CodeIgniter.php(942): App\Controllers\Site_Controller->htmlsitemap()
 5 SYSTEMPATH\CodeIgniter.php(502): CodeIgniter\CodeIgniter->runController(Object(App\Controllers\Site_Controller))
 6 SYSTEMPATH\CodeIgniter.php(361): CodeIgniter\CodeIgniter->handleRequest(null, Object(Config\Cache), false)
 7 FCPATH\index.php(79): CodeIgniter\CodeIgniter->run()
CRITICAL - 2024-05-31 12:50:22 --> Invalid file: "sitemapfile.php"
in SYSTEMPATH\Exceptions\FrameworkException.php on line 39.
 1 SYSTEMPATH\View\View.php(216): CodeIgniter\Exceptions\FrameworkException::forInvalidFile('sitemapfile.php')
 2 SYSTEMPATH\Common.php(1190): CodeIgniter\View\View->render('sitemapfile', [], true)
 3 APPPATH\Controllers\Site_Controller.php(138): view('sitemapfile', [...])
 4 SYSTEMPATH\CodeIgniter.php(942): App\Controllers\Site_Controller->htmlsitemap()
 5 SYSTEMPATH\CodeIgniter.php(502): CodeIgniter\CodeIgniter->runController(Object(App\Controllers\Site_Controller))
 6 SYSTEMPATH\CodeIgniter.php(361): CodeIgniter\CodeIgniter->handleRequest(null, Object(Config\Cache), false)
 7 FCPATH\index.php(79): CodeIgniter\CodeIgniter->run()
CRITICAL - 2024-05-31 12:51:38 --> Invalid file: "sitemapfile.php"
in SYSTEMPATH\Exceptions\FrameworkException.php on line 39.
 1 SYSTEMPATH\View\View.php(216): CodeIgniter\Exceptions\FrameworkException::forInvalidFile('sitemapfile.php')
 2 SYSTEMPATH\Common.php(1190): CodeIgniter\View\View->render('sitemapfile', [], true)
 3 APPPATH\Controllers\Site_Controller.php(138): view('sitemapfile', [...])
 4 SYSTEMPATH\CodeIgniter.php(942): App\Controllers\Site_Controller->htmlsitemap()
 5 SYSTEMPATH\CodeIgniter.php(502): CodeIgniter\CodeIgniter->runController(Object(App\Controllers\Site_Controller))
 6 SYSTEMPATH\CodeIgniter.php(361): CodeIgniter\CodeIgniter->handleRequest(null, Object(Config\Cache), false)
 7 FCPATH\index.php(79): CodeIgniter\CodeIgniter->run()
CRITICAL - 2024-05-31 09:56:42 --> Undefined array key "recipes_id"
in APPPATH\Controllers\Admin_Controller.php on line 293.
 1 APPPATH\Controllers\Admin_Controller.php(293): CodeIgniter\Debug\Exceptions->errorHandler(2, 'Undefined array key "recipes_id"', 'C:\\xampp\\htdocs\\ci4\\gruballergy\\app\\Controllers\\Admin_Controller.php', 293)
 2 SYSTEMPATH\CodeIgniter.php(942): App\Controllers\Admin_Controller->recipes_attime_deleteall()
 3 SYSTEMPATH\CodeIgniter.php(502): CodeIgniter\CodeIgniter->runController(Object(App\Controllers\Admin_Controller))
 4 SYSTEMPATH\CodeIgniter.php(361): CodeIgniter\CodeIgniter->handleRequest(null, Object(Config\Cache), false)
 5 FCPATH\index.php(79): CodeIgniter\CodeIgniter->run()
CRITICAL - 2024-05-31 09:56:50 --> Undefined array key "recipes_id"
in APPPATH\Controllers\Admin_Controller.php on line 293.
 1 APPPATH\Controllers\Admin_Controller.php(293): CodeIgniter\Debug\Exceptions->errorHandler(2, 'Undefined array key "recipes_id"', 'C:\\xampp\\htdocs\\ci4\\gruballergy\\app\\Controllers\\Admin_Controller.php', 293)
 2 SYSTEMPATH\CodeIgniter.php(942): App\Controllers\Admin_Controller->recipes_attime_deleteall()
 3 SYSTEMPATH\CodeIgniter.php(502): CodeIgniter\CodeIgniter->runController(Object(App\Controllers\Admin_Controller))
 4 SYSTEMPATH\CodeIgniter.php(361): CodeIgniter\CodeIgniter->handleRequest(null, Object(Config\Cache), false)
 5 FCPATH\index.php(79): CodeIgniter\CodeIgniter->run()
