CRITICAL - 2024-10-19 08:00:00 --> Attempt to read property "c_id" on null
in APPPATH/Controllers/Site_Controller.php on line 941.
 1 APPPATH/Controllers/Site_Controller.php(941): CodeIgniter\Debug\Exceptions->errorHandler()
 2 APPPATH/Controllers/Site_Controller.php(463): App\Controllers\Site_Controller->category_visedisplay_recipes()
 3 SYSTEMPATH/CodeIgniter.php(942): App\Controllers\Site_Controller->recipe_or_category()
 4 SYSTEMPATH/CodeIgniter.php(502): CodeIgniter\CodeIgniter->runController()
 5 SYSTEMPATH/CodeIgniter.php(361): CodeIgniter\CodeIgniter->handleRequest()
 6 FCPATH/index.php(79): CodeIgniter\CodeIgniter->run()
CRITICAL - 2024-10-19 09:33:32 --> Attempt to read property "c_id" on null
in APPPATH/Controllers/Site_Controller.php on line 941.
 1 APPPATH/Controllers/Site_Controller.php(941): CodeIgniter\Debug\Exceptions->errorHandler()
 2 APPPATH/Controllers/Site_Controller.php(463): App\Controllers\Site_Controller->category_visedisplay_recipes()
 3 SYSTEMPATH/CodeIgniter.php(942): App\Controllers\Site_Controller->recipe_or_category()
 4 SYSTEMPATH/CodeIgniter.php(502): CodeIgniter\CodeIgniter->runController()
 5 SYSTEMPATH/CodeIgniter.php(361): CodeIgniter\CodeIgniter->handleRequest()
 6 FCPATH/index.php(79): CodeIgniter\CodeIgniter->run()
CRITICAL - 2024-10-19 10:37:17 --> Trying to access array offset on value of type null
in APPPATH/Controllers/Site_Controller.php on line 1517.
 1 APPPATH/Controllers/Site_Controller.php(1517): CodeIgniter\Debug\Exceptions->errorHandler()
 2 APPPATH/Controllers/Site_Controller.php(1490): App\Controllers\Site_Controller->blog_details()
 3 SYSTEMPATH/CodeIgniter.php(942): App\Controllers\Site_Controller->blog_mapurl()
 4 SYSTEMPATH/CodeIgniter.php(502): CodeIgniter\CodeIgniter->runController()
 5 SYSTEMPATH/CodeIgniter.php(361): CodeIgniter\CodeIgniter->handleRequest()
 6 FCPATH/index.php(79): CodeIgniter\CodeIgniter->run()
CRITICAL - 2024-10-19 10:37:17 --> Trying to access array offset on value of type null
in APPPATH/Controllers/Site_Controller.php on line 1517.
 1 APPPATH/Controllers/Site_Controller.php(1517): CodeIgniter\Debug\Exceptions->errorHandler()
 2 APPPATH/Controllers/Site_Controller.php(1490): App\Controllers\Site_Controller->blog_details()
 3 SYSTEMPATH/CodeIgniter.php(942): App\Controllers\Site_Controller->blog_mapurl()
 4 SYSTEMPATH/CodeIgniter.php(502): CodeIgniter\CodeIgniter->runController()
 5 SYSTEMPATH/CodeIgniter.php(361): CodeIgniter\CodeIgniter->handleRequest()
 6 FCPATH/index.php(79): CodeIgniter\CodeIgniter->run()
CRITICAL - 2024-10-19 10:37:17 --> Trying to access array offset on value of type null
in APPPATH/Controllers/Site_Controller.php on line 1517.
 1 APPPATH/Controllers/Site_Controller.php(1517): CodeIgniter\Debug\Exceptions->errorHandler()
 2 APPPATH/Controllers/Site_Controller.php(1490): App\Controllers\Site_Controller->blog_details()
 3 SYSTEMPATH/CodeIgniter.php(942): App\Controllers\Site_Controller->blog_mapurl()
 4 SYSTEMPATH/CodeIgniter.php(502): CodeIgniter\CodeIgniter->runController()
 5 SYSTEMPATH/CodeIgniter.php(361): CodeIgniter\CodeIgniter->handleRequest()
 6 FCPATH/index.php(79): CodeIgniter\CodeIgniter->run()
CRITICAL - 2024-10-19 10:37:17 --> Trying to access array offset on value of type null
in APPPATH/Controllers/Site_Controller.php on line 1517.
 1 APPPATH/Controllers/Site_Controller.php(1517): CodeIgniter\Debug\Exceptions->errorHandler()
 2 APPPATH/Controllers/Site_Controller.php(1490): App\Controllers\Site_Controller->blog_details()
 3 SYSTEMPATH/CodeIgniter.php(942): App\Controllers\Site_Controller->blog_mapurl()
 4 SYSTEMPATH/CodeIgniter.php(502): CodeIgniter\CodeIgniter->runController()
 5 SYSTEMPATH/CodeIgniter.php(361): CodeIgniter\CodeIgniter->handleRequest()
 6 FCPATH/index.php(79): CodeIgniter\CodeIgniter->run()
CRITICAL - 2024-10-19 10:37:17 --> Trying to access array offset on value of type null
in APPPATH/Controllers/Site_Controller.php on line 1517.
 1 APPPATH/Controllers/Site_Controller.php(1517): CodeIgniter\Debug\Exceptions->errorHandler()
 2 APPPATH/Controllers/Site_Controller.php(1490): App\Controllers\Site_Controller->blog_details()
 3 SYSTEMPATH/CodeIgniter.php(942): App\Controllers\Site_Controller->blog_mapurl()
 4 SYSTEMPATH/CodeIgniter.php(502): CodeIgniter\CodeIgniter->runController()
 5 SYSTEMPATH/CodeIgniter.php(361): CodeIgniter\CodeIgniter->handleRequest()
 6 FCPATH/index.php(79): CodeIgniter\CodeIgniter->run()
CRITICAL - 2024-10-19 12:12:59 --> Attempt to read property "c_id" on null
in APPPATH/Controllers/Site_Controller.php on line 941.
 1 APPPATH/Controllers/Site_Controller.php(941): CodeIgniter\Debug\Exceptions->errorHandler()
 2 APPPATH/Controllers/Site_Controller.php(463): App\Controllers\Site_Controller->category_visedisplay_recipes()
 3 SYSTEMPATH/CodeIgniter.php(942): App\Controllers\Site_Controller->recipe_or_category()
 4 SYSTEMPATH/CodeIgniter.php(502): CodeIgniter\CodeIgniter->runController()
 5 SYSTEMPATH/CodeIgniter.php(361): CodeIgniter\CodeIgniter->handleRequest()
 6 FCPATH/index.php(79): CodeIgniter\CodeIgniter->run()
CRITICAL - 2024-10-19 17:14:50 --> Attempt to read property "c_id" on null
in APPPATH/Controllers/Site_Controller.php on line 941.
 1 APPPATH/Controllers/Site_Controller.php(941): CodeIgniter\Debug\Exceptions->errorHandler()
 2 APPPATH/Controllers/Site_Controller.php(463): App\Controllers\Site_Controller->category_visedisplay_recipes()
 3 SYSTEMPATH/CodeIgniter.php(942): App\Controllers\Site_Controller->recipe_or_category()
 4 SYSTEMPATH/CodeIgniter.php(502): CodeIgniter\CodeIgniter->runController()
 5 SYSTEMPATH/CodeIgniter.php(361): CodeIgniter\CodeIgniter->handleRequest()
 6 FCPATH/index.php(79): CodeIgniter\CodeIgniter->run()
CRITICAL - 2024-10-19 21:41:36 --> Trying to access array offset on value of type null
in APPPATH/Controllers/Site_Controller.php on line 1517.
 1 APPPATH/Controllers/Site_Controller.php(1517): CodeIgniter\Debug\Exceptions->errorHandler()
 2 APPPATH/Controllers/Site_Controller.php(1490): App\Controllers\Site_Controller->blog_details()
 3 SYSTEMPATH/CodeIgniter.php(942): App\Controllers\Site_Controller->blog_mapurl()
 4 SYSTEMPATH/CodeIgniter.php(502): CodeIgniter\CodeIgniter->runController()
 5 SYSTEMPATH/CodeIgniter.php(361): CodeIgniter\CodeIgniter->handleRequest()
 6 FCPATH/index.php(79): CodeIgniter\CodeIgniter->run()
CRITICAL - 2024-10-19 22:06:40 --> Trying to access array offset on value of type null
in APPPATH/Controllers/Site_Controller.php on line 1517.
 1 APPPATH/Controllers/Site_Controller.php(1517): CodeIgniter\Debug\Exceptions->errorHandler()
 2 APPPATH/Controllers/Site_Controller.php(1490): App\Controllers\Site_Controller->blog_details()
 3 SYSTEMPATH/CodeIgniter.php(942): App\Controllers\Site_Controller->blog_mapurl()
 4 SYSTEMPATH/CodeIgniter.php(502): CodeIgniter\CodeIgniter->runController()
 5 SYSTEMPATH/CodeIgniter.php(361): CodeIgniter\CodeIgniter->handleRequest()
 6 FCPATH/index.php(79): CodeIgniter\CodeIgniter->run()
CRITICAL - 2024-10-19 22:06:40 --> Trying to access array offset on value of type null
in APPPATH/Controllers/Site_Controller.php on line 1517.
 1 APPPATH/Controllers/Site_Controller.php(1517): CodeIgniter\Debug\Exceptions->errorHandler()
 2 APPPATH/Controllers/Site_Controller.php(1490): App\Controllers\Site_Controller->blog_details()
 3 SYSTEMPATH/CodeIgniter.php(942): App\Controllers\Site_Controller->blog_mapurl()
 4 SYSTEMPATH/CodeIgniter.php(502): CodeIgniter\CodeIgniter->runController()
 5 SYSTEMPATH/CodeIgniter.php(361): CodeIgniter\CodeIgniter->handleRequest()
 6 FCPATH/index.php(79): CodeIgniter\CodeIgniter->run()
CRITICAL - 2024-10-19 22:06:40 --> Trying to access array offset on value of type null
in APPPATH/Controllers/Site_Controller.php on line 1517.
 1 APPPATH/Controllers/Site_Controller.php(1517): CodeIgniter\Debug\Exceptions->errorHandler()
 2 APPPATH/Controllers/Site_Controller.php(1490): App\Controllers\Site_Controller->blog_details()
 3 SYSTEMPATH/CodeIgniter.php(942): App\Controllers\Site_Controller->blog_mapurl()
 4 SYSTEMPATH/CodeIgniter.php(502): CodeIgniter\CodeIgniter->runController()
 5 SYSTEMPATH/CodeIgniter.php(361): CodeIgniter\CodeIgniter->handleRequest()
 6 FCPATH/index.php(79): CodeIgniter\CodeIgniter->run()
CRITICAL - 2024-10-19 22:06:40 --> Trying to access array offset on value of type null
in APPPATH/Controllers/Site_Controller.php on line 1517.
 1 APPPATH/Controllers/Site_Controller.php(1517): CodeIgniter\Debug\Exceptions->errorHandler()
 2 APPPATH/Controllers/Site_Controller.php(1490): App\Controllers\Site_Controller->blog_details()
 3 SYSTEMPATH/CodeIgniter.php(942): App\Controllers\Site_Controller->blog_mapurl()
 4 SYSTEMPATH/CodeIgniter.php(502): CodeIgniter\CodeIgniter->runController()
 5 SYSTEMPATH/CodeIgniter.php(361): CodeIgniter\CodeIgniter->handleRequest()
 6 FCPATH/index.php(79): CodeIgniter\CodeIgniter->run()
CRITICAL - 2024-10-19 22:06:40 --> Trying to access array offset on value of type null
in APPPATH/Controllers/Site_Controller.php on line 1517.
 1 APPPATH/Controllers/Site_Controller.php(1517): CodeIgniter\Debug\Exceptions->errorHandler()
 2 APPPATH/Controllers/Site_Controller.php(1490): App\Controllers\Site_Controller->blog_details()
 3 SYSTEMPATH/CodeIgniter.php(942): App\Controllers\Site_Controller->blog_mapurl()
 4 SYSTEMPATH/CodeIgniter.php(502): CodeIgniter\CodeIgniter->runController()
 5 SYSTEMPATH/CodeIgniter.php(361): CodeIgniter\CodeIgniter->handleRequest()
 6 FCPATH/index.php(79): CodeIgniter\CodeIgniter->run()
