CRITICAL - 2024-10-31 05:51:32 --> Trying to access array offset on value of type null
in APPPATH/Controllers/Site_Controller.php on line 1517.
 1 APPPATH/Controllers/Site_Controller.php(1517): CodeIgniter\Debug\Exceptions->errorHandler()
 2 APPPATH/Controllers/Site_Controller.php(1490): App\Controllers\Site_Controller->blog_details()
 3 SYSTEMPATH/CodeIgniter.php(942): App\Controllers\Site_Controller->blog_mapurl()
 4 SYSTEMPATH/CodeIgniter.php(502): CodeIgniter\CodeIgniter->runController()
 5 SYSTEMPATH/CodeIgniter.php(361): CodeIgniter\CodeIgniter->handleRequest()
 6 FCPATH/index.php(79): CodeIgniter\CodeIgniter->run()
CRITICAL - 2024-10-31 13:18:40 --> Trying to access array offset on value of type null
in APPPATH/Controllers/Site_Controller.php on line 1517.
 1 APPPATH/Controllers/Site_Controller.php(1517): CodeIgniter\Debug\Exceptions->errorHandler()
 2 APPPATH/Controllers/Site_Controller.php(1490): App\Controllers\Site_Controller->blog_details()
 3 SYSTEMPATH/CodeIgniter.php(942): App\Controllers\Site_Controller->blog_mapurl()
 4 SYSTEMPATH/CodeIgniter.php(502): CodeIgniter\CodeIgniter->runController()
 5 SYSTEMPATH/CodeIgniter.php(361): CodeIgniter\CodeIgniter->handleRequest()
 6 FCPATH/index.php(79): CodeIgniter\CodeIgniter->run()
CRITICAL - 2024-10-31 14:22:42 --> Trying to access array offset on value of type null
in APPPATH/Controllers/Site_Controller.php on line 1517.
 1 APPPATH/Controllers/Site_Controller.php(1517): CodeIgniter\Debug\Exceptions->errorHandler()
 2 APPPATH/Controllers/Site_Controller.php(1490): App\Controllers\Site_Controller->blog_details()
 3 SYSTEMPATH/CodeIgniter.php(942): App\Controllers\Site_Controller->blog_mapurl()
 4 SYSTEMPATH/CodeIgniter.php(502): CodeIgniter\CodeIgniter->runController()
 5 SYSTEMPATH/CodeIgniter.php(361): CodeIgniter\CodeIgniter->handleRequest()
 6 FCPATH/index.php(79): CodeIgniter\CodeIgniter->run()
CRITICAL - 2024-10-31 16:23:16 --> Trying to access array offset on value of type null
in APPPATH/Controllers/Site_Controller.php on line 1517.
 1 APPPATH/Controllers/Site_Controller.php(1517): CodeIgniter\Debug\Exceptions->errorHandler()
 2 APPPATH/Controllers/Site_Controller.php(1490): App\Controllers\Site_Controller->blog_details()
 3 SYSTEMPATH/CodeIgniter.php(942): App\Controllers\Site_Controller->blog_mapurl()
 4 SYSTEMPATH/CodeIgniter.php(502): CodeIgniter\CodeIgniter->runController()
 5 SYSTEMPATH/CodeIgniter.php(361): CodeIgniter\CodeIgniter->handleRequest()
 6 FCPATH/index.php(79): CodeIgniter\CodeIgniter->run()
CRITICAL - 2024-10-31 17:44:16 --> Attempt to read property "c_id" on null
in APPPATH/Controllers/Site_Controller.php on line 941.
 1 APPPATH/Controllers/Site_Controller.php(941): CodeIgniter\Debug\Exceptions->errorHandler()
 2 APPPATH/Controllers/Site_Controller.php(463): App\Controllers\Site_Controller->category_visedisplay_recipes()
 3 SYSTEMPATH/CodeIgniter.php(942): App\Controllers\Site_Controller->recipe_or_category()
 4 SYSTEMPATH/CodeIgniter.php(502): CodeIgniter\CodeIgniter->runController()
 5 SYSTEMPATH/CodeIgniter.php(361): CodeIgniter\CodeIgniter->handleRequest()
 6 FCPATH/index.php(79): CodeIgniter\CodeIgniter->run()
CRITICAL - 2024-10-31 19:45:51 --> Attempt to read property "c_id" on null
in APPPATH/Controllers/Site_Controller.php on line 941.
 1 APPPATH/Controllers/Site_Controller.php(941): CodeIgniter\Debug\Exceptions->errorHandler()
 2 APPPATH/Controllers/Site_Controller.php(463): App\Controllers\Site_Controller->category_visedisplay_recipes()
 3 SYSTEMPATH/CodeIgniter.php(942): App\Controllers\Site_Controller->recipe_or_category()
 4 SYSTEMPATH/CodeIgniter.php(502): CodeIgniter\CodeIgniter->runController()
 5 SYSTEMPATH/CodeIgniter.php(361): CodeIgniter\CodeIgniter->handleRequest()
 6 FCPATH/index.php(79): CodeIgniter\CodeIgniter->run()
CRITICAL - 2024-10-31 20:35:29 --> Trying to access array offset on value of type null
in APPPATH/Controllers/Site_Controller.php on line 1517.
 1 APPPATH/Controllers/Site_Controller.php(1517): CodeIgniter\Debug\Exceptions->errorHandler()
 2 APPPATH/Controllers/Site_Controller.php(1490): App\Controllers\Site_Controller->blog_details()
 3 SYSTEMPATH/CodeIgniter.php(942): App\Controllers\Site_Controller->blog_mapurl()
 4 SYSTEMPATH/CodeIgniter.php(502): CodeIgniter\CodeIgniter->runController()
 5 SYSTEMPATH/CodeIgniter.php(361): CodeIgniter\CodeIgniter->handleRequest()
 6 FCPATH/index.php(79): CodeIgniter\CodeIgniter->run()
