CRITICAL - 2024-07-04 08:36:29 --> Call to a member function isValid() on null
in APPPATH\Controllers\Admin_Controller.php on line 1980.
 1 SYSTEMPATH\CodeIgniter.php(942): App\Controllers\Admin_Controller->import_recipes_data()
 2 SYSTEMPATH\CodeIgniter.php(502): CodeIgniter\CodeIgniter->runController(Object(App\Controllers\Admin_Controller))
 3 SYSTEMPATH\CodeIgniter.php(361): CodeIgniter\CodeIgniter->handleRequest(null, Object(Config\Cache), false)
 4 FCPATH\index.php(79): CodeIgniter\CodeIgniter->run()
CRITICAL - 2024-07-04 08:46:53 --> fopen(C:\xampp\htdocs\ci4\gruballergy\writable\format_20240622.csv): Failed to open stream: No such file or directory
in APPPATH\Controllers\Admin_Controller.php on line 1983.
 1 [internal function]: CodeIgniter\Debug\Exceptions->errorHandler(2, 'fopen(C:\\xampp\\htdocs\\ci4\\gruballergy\\writable\\format_20240622.csv): Failed to open stream: No such file or directory', 'C:\\xampp\\htdocs\\ci4\\gruballergy\\app\\Controllers\\Admin_Controller.php', 1983)
 2 APPPATH\Controllers\Admin_Controller.php(1983): fopen('C:\\xampp\\htdocs\\ci4\\gruballergy\\writable\\format_20240622.csv', 'r')
 3 SYSTEMPATH\CodeIgniter.php(942): App\Controllers\Admin_Controller->import_recipes_data()
 4 SYSTEMPATH\CodeIgniter.php(502): CodeIgniter\CodeIgniter->runController(Object(App\Controllers\Admin_Controller))
 5 SYSTEMPATH\CodeIgniter.php(361): CodeIgniter\CodeIgniter->handleRequest(null, Object(Config\Cache), false)
 6 FCPATH\index.php(79): CodeIgniter\CodeIgniter->run()
CRITICAL - 2024-07-04 08:54:19 --> fopen(C:\xampp\htdocs\ci4\gruballergy\writable\format_20240622.csv): Failed to open stream: No such file or directory
in APPPATH\Controllers\Admin_Controller.php on line 1983.
 1 [internal function]: CodeIgniter\Debug\Exceptions->errorHandler(2, 'fopen(C:\\xampp\\htdocs\\ci4\\gruballergy\\writable\\format_20240622.csv): Failed to open stream: No such file or directory', 'C:\\xampp\\htdocs\\ci4\\gruballergy\\app\\Controllers\\Admin_Controller.php', 1983)
 2 APPPATH\Controllers\Admin_Controller.php(1983): fopen('C:\\xampp\\htdocs\\ci4\\gruballergy\\writable\\format_20240622.csv', 'r')
 3 SYSTEMPATH\CodeIgniter.php(942): App\Controllers\Admin_Controller->import_recipes_data()
 4 SYSTEMPATH\CodeIgniter.php(502): CodeIgniter\CodeIgniter->runController(Object(App\Controllers\Admin_Controller))
 5 SYSTEMPATH\CodeIgniter.php(361): CodeIgniter\CodeIgniter->handleRequest(null, Object(Config\Cache), false)
 6 FCPATH\index.php(79): CodeIgniter\CodeIgniter->run()
CRITICAL - 2024-07-04 11:59:15 --> array_combine(): Argument #1 ($keys) and argument #2 ($values) must have the same number of elements
in APPPATH\Controllers\Admin_Controller.php on line 1994.
 1 APPPATH\Controllers\Admin_Controller.php(1994): array_combine([...], [...])
 2 SYSTEMPATH\CodeIgniter.php(942): App\Controllers\Admin_Controller->import_recipes_data()
 3 SYSTEMPATH\CodeIgniter.php(502): CodeIgniter\CodeIgniter->runController(Object(App\Controllers\Admin_Controller))
 4 SYSTEMPATH\CodeIgniter.php(361): CodeIgniter\CodeIgniter->handleRequest(null, Object(Config\Cache), false)
 5 FCPATH\index.php(79): CodeIgniter\CodeIgniter->run()
CRITICAL - 2024-07-04 12:07:19 --> array_combine(): Argument #1 ($keys) and argument #2 ($values) must have the same number of elements
in APPPATH\Controllers\Admin_Controller.php on line 1997.
 1 APPPATH\Controllers\Admin_Controller.php(1997): array_combine([...], [...])
 2 SYSTEMPATH\CodeIgniter.php(942): App\Controllers\Admin_Controller->import_recipes_data()
 3 SYSTEMPATH\CodeIgniter.php(502): CodeIgniter\CodeIgniter->runController(Object(App\Controllers\Admin_Controller))
 4 SYSTEMPATH\CodeIgniter.php(361): CodeIgniter\CodeIgniter->handleRequest(null, Object(Config\Cache), false)
 5 FCPATH\index.php(79): CodeIgniter\CodeIgniter->run()
CRITICAL - 2024-07-04 12:27:22 --> array_combine(): Argument #1 ($keys) and argument #2 ($values) must have the same number of elements
in APPPATH\Controllers\Admin_Controller.php on line 2064.
 1 APPPATH\Controllers\Admin_Controller.php(2064): array_combine([...], [...])
 2 SYSTEMPATH\CodeIgniter.php(942): App\Controllers\Admin_Controller->import_recipes_data()
 3 SYSTEMPATH\CodeIgniter.php(502): CodeIgniter\CodeIgniter->runController(Object(App\Controllers\Admin_Controller))
 4 SYSTEMPATH\CodeIgniter.php(361): CodeIgniter\CodeIgniter->handleRequest(null, Object(Config\Cache), false)
 5 FCPATH\index.php(79): CodeIgniter\CodeIgniter->run()
CRITICAL - 2024-07-04 12:47:11 --> Undefined array key 0
in APPPATH\Controllers\Admin_Controller.php on line 2048.
 1 APPPATH\Controllers\Admin_Controller.php(2048): CodeIgniter\Debug\Exceptions->errorHandler(2, 'Undefined array key 0', 'C:\\xampp\\htdocs\\ci4\\gruballergy\\app\\Controllers\\Admin_Controller.php', 2048)
 2 SYSTEMPATH\CodeIgniter.php(942): App\Controllers\Admin_Controller->import_recipes_data()
 3 SYSTEMPATH\CodeIgniter.php(502): CodeIgniter\CodeIgniter->runController(Object(App\Controllers\Admin_Controller))
 4 SYSTEMPATH\CodeIgniter.php(361): CodeIgniter\CodeIgniter->handleRequest(null, Object(Config\Cache), false)
 5 FCPATH\index.php(79): CodeIgniter\CodeIgniter->run()
CRITICAL - 2024-07-04 18:31:33 --> Undefined array key 3
in APPPATH\Controllers\Admin_Controller.php on line 2118.
 1 APPPATH\Controllers\Admin_Controller.php(2118): CodeIgniter\Debug\Exceptions->errorHandler(2, 'Undefined array key 3', 'C:\\xampp\\htdocs\\ci4\\gruballergy\\app\\Controllers\\Admin_Controller.php', 2118)
 2 SYSTEMPATH\CodeIgniter.php(942): App\Controllers\Admin_Controller->import_recipes_data()
 3 SYSTEMPATH\CodeIgniter.php(502): CodeIgniter\CodeIgniter->runController(Object(App\Controllers\Admin_Controller))
 4 SYSTEMPATH\CodeIgniter.php(361): CodeIgniter\CodeIgniter->handleRequest(null, Object(Config\Cache), false)
 5 FCPATH\index.php(79): CodeIgniter\CodeIgniter->run()
CRITICAL - 2024-07-04 18:41:29 --> Undefined array key 3
in APPPATH\Controllers\Admin_Controller.php on line 2118.
 1 APPPATH\Controllers\Admin_Controller.php(2118): CodeIgniter\Debug\Exceptions->errorHandler(2, 'Undefined array key 3', 'C:\\xampp\\htdocs\\ci4\\gruballergy\\app\\Controllers\\Admin_Controller.php', 2118)
 2 SYSTEMPATH\CodeIgniter.php(942): App\Controllers\Admin_Controller->import_recipes_data()
 3 SYSTEMPATH\CodeIgniter.php(502): CodeIgniter\CodeIgniter->runController(Object(App\Controllers\Admin_Controller))
 4 SYSTEMPATH\CodeIgniter.php(361): CodeIgniter\CodeIgniter->handleRequest(null, Object(Config\Cache), false)
 5 FCPATH\index.php(79): CodeIgniter\CodeIgniter->run()
