CRITICAL - 2024-08-27 12:53:04 --> whereIn() expects $values to be of type array or closure
in SYSTEMPATH/Database/BaseBuilder.php on line 939.
 1 SYSTEMPATH/Database/BaseBuilder.php(826): CodeIgniter\Database\BaseBuilder->_whereIn()
 2 APPPATH/Models/Recipes_Model.php(570): CodeIgniter\Database\BaseBuilder->whereIn()
 3 APPPATH/Controllers/Site_Controller.php(470): App\Models\Recipes_Model->get_popular_recipe_category_and_allergencategory()
 4 APPPATH/Controllers/Site_Controller.php(1069): App\Controllers\Site_Controller->category_visedisplay_recipes()
 5 SYSTEMPATH/CodeIgniter.php(942): App\Controllers\Site_Controller->all_urls()
 6 SYSTEMPATH/CodeIgniter.php(502): CodeIgniter\CodeIgniter->runController()
 7 SYSTEMPATH/CodeIgniter.php(361): CodeIgniter\CodeIgniter->handleRequest()
 8 FCPATH/index.php(79): CodeIgniter\CodeIgniter->run()
CRITICAL - 2024-08-27 14:16:15 --> Undefined variable $category_data
in APPPATH/Views/site/category_page.php on line 102.
 1 APPPATH/Views/site/category_page.php(102): CodeIgniter\Debug\Exceptions->errorHandler()
 2 SYSTEMPATH/View/View.php(228): include('/home/u582998483/domains/hostdemo.co.in/public_html/gruballergy/app/Views/site/category_page.php')
 3 SYSTEMPATH/View/View.php(231): CodeIgniter\View\View->CodeIgniter\View\{closure}()
 4 SYSTEMPATH/Common.php(1190): CodeIgniter\View\View->render()
 5 APPPATH/Views/site/layout.php(7): view()
 6 SYSTEMPATH/View/View.php(228): include('/home/u582998483/domains/hostdemo.co.in/public_html/gruballergy/app/Views/site/layout.php')
 7 SYSTEMPATH/View/View.php(231): CodeIgniter\View\View->CodeIgniter\View\{closure}()
 8 SYSTEMPATH/Common.php(1190): CodeIgniter\View\View->render()
 9 APPPATH/Controllers/Site_Controller.php(1075): view()
10 SYSTEMPATH/CodeIgniter.php(942): App\Controllers\Site_Controller->all_urls()
11 SYSTEMPATH/CodeIgniter.php(502): CodeIgniter\CodeIgniter->runController()
12 SYSTEMPATH/CodeIgniter.php(361): CodeIgniter\CodeIgniter->handleRequest()
13 FCPATH/index.php(79): CodeIgniter\CodeIgniter->run()
CRITICAL - 2024-08-27 14:29:31 --> Undefined array key "category_data_allergencategory_list"
in APPPATH/Controllers/Site_Controller.php on line 402.
 1 APPPATH/Controllers/Site_Controller.php(402): CodeIgniter\Debug\Exceptions->errorHandler()
 2 APPPATH/Controllers/Site_Controller.php(1092): App\Controllers\Site_Controller->details_page()
 3 SYSTEMPATH/CodeIgniter.php(942): App\Controllers\Site_Controller->all_urls()
 4 SYSTEMPATH/CodeIgniter.php(502): CodeIgniter\CodeIgniter->runController()
 5 SYSTEMPATH/CodeIgniter.php(361): CodeIgniter\CodeIgniter->handleRequest()
 6 FCPATH/index.php(79): CodeIgniter\CodeIgniter->run()
CRITICAL - 2024-08-27 17:08:28 --> Too few arguments to function CodeIgniter\HTTP\Response::setJSON(), 0 passed in /home/u582998483/domains/hostdemo.co.in/public_html/gruballergy/app/Controllers/Site_Controller.php on line 1205 and at least 1 expected
in SYSTEMPATH/HTTP/ResponseTrait.php on line 246.
 1 APPPATH/Controllers/Site_Controller.php(1205): CodeIgniter\HTTP\Response->setJSON()
 2 SYSTEMPATH/CodeIgniter.php(942): App\Controllers\Site_Controller->site_xml()
 3 SYSTEMPATH/CodeIgniter.php(502): CodeIgniter\CodeIgniter->runController()
 4 SYSTEMPATH/CodeIgniter.php(361): CodeIgniter\CodeIgniter->handleRequest()
 5 FCPATH/index.php(79): CodeIgniter\CodeIgniter->run()
CRITICAL - 2024-08-27 17:08:38 --> Too few arguments to function CodeIgniter\HTTP\Response::setJSON(), 0 passed in /home/u582998483/domains/hostdemo.co.in/public_html/gruballergy/app/Controllers/Site_Controller.php on line 1205 and at least 1 expected
in SYSTEMPATH/HTTP/ResponseTrait.php on line 246.
 1 APPPATH/Controllers/Site_Controller.php(1205): CodeIgniter\HTTP\Response->setJSON()
 2 SYSTEMPATH/CodeIgniter.php(942): App\Controllers\Site_Controller->site_xml()
 3 SYSTEMPATH/CodeIgniter.php(502): CodeIgniter\CodeIgniter->runController()
 4 SYSTEMPATH/CodeIgniter.php(361): CodeIgniter\CodeIgniter->handleRequest()
 5 FCPATH/index.php(79): CodeIgniter\CodeIgniter->run()
CRITICAL - 2024-08-27 17:08:48 --> Too few arguments to function CodeIgniter\HTTP\Response::setJSON(), 0 passed in /home/u582998483/domains/hostdemo.co.in/public_html/gruballergy/app/Controllers/Site_Controller.php on line 1205 and at least 1 expected
in SYSTEMPATH/HTTP/ResponseTrait.php on line 246.
 1 APPPATH/Controllers/Site_Controller.php(1205): CodeIgniter\HTTP\Response->setJSON()
 2 SYSTEMPATH/CodeIgniter.php(942): App\Controllers\Site_Controller->site_xml()
 3 SYSTEMPATH/CodeIgniter.php(502): CodeIgniter\CodeIgniter->runController()
 4 SYSTEMPATH/CodeIgniter.php(361): CodeIgniter\CodeIgniter->handleRequest()
 5 FCPATH/index.php(79): CodeIgniter\CodeIgniter->run()
