CRITICAL - 2024-08-29 13:59:46 --> Call to undefined method CodeIgniter\Database\MySQLi\Builder::paginate()
in APPPATH/Models/Gallery_Model.php on line 31.
 1 APPPATH/Controllers/Admin_Controller.php(4277): App\Models\Gallery_Model->get_image_data()
 2 SYSTEMPATH/CodeIgniter.php(942): App\Controllers\Admin_Controller->gallery_view_section()
 3 SYSTEMPATH/CodeIgniter.php(502): CodeIgniter\CodeIgniter->runController()
 4 SYSTEMPATH/CodeIgniter.php(361): CodeIgniter\CodeIgniter->handleRequest()
 5 FCPATH/index.php(79): CodeIgniter\CodeIgniter->run()
CRITICAL - 2024-08-29 14:02:05 --> Call to undefined method CodeIgniter\Database\MySQLi\Builder::paginate()
in APPPATH/Models/Gallery_Model.php on line 31.
 1 APPPATH/Controllers/Admin_Controller.php(4277): App\Models\Gallery_Model->get_image_data()
 2 SYSTEMPATH/CodeIgniter.php(942): App\Controllers\Admin_Controller->gallery_view_section()
 3 SYSTEMPATH/CodeIgniter.php(502): CodeIgniter\CodeIgniter->runController()
 4 SYSTEMPATH/CodeIgniter.php(361): CodeIgniter\CodeIgniter->handleRequest()
 5 FCPATH/index.php(79): CodeIgniter\CodeIgniter->run()
CRITICAL - 2024-08-29 14:02:07 --> Call to undefined method CodeIgniter\Database\MySQLi\Builder::paginate()
in APPPATH/Models/Gallery_Model.php on line 31.
 1 APPPATH/Controllers/Admin_Controller.php(4277): App\Models\Gallery_Model->get_image_data()
 2 SYSTEMPATH/CodeIgniter.php(942): App\Controllers\Admin_Controller->gallery_view_section()
 3 SYSTEMPATH/CodeIgniter.php(502): CodeIgniter\CodeIgniter->runController()
 4 SYSTEMPATH/CodeIgniter.php(361): CodeIgniter\CodeIgniter->handleRequest()
 5 FCPATH/index.php(79): CodeIgniter\CodeIgniter->run()
CRITICAL - 2024-08-29 14:04:49 --> Call to undefined method CodeIgniter\Database\MySQLi\Builder::paginate()
in APPPATH/Models/Gallery_Model.php on line 44.
 1 APPPATH/Controllers/Admin_Controller.php(4277): App\Models\Gallery_Model->get_image_data()
 2 SYSTEMPATH/CodeIgniter.php(942): App\Controllers\Admin_Controller->gallery_view_section()
 3 SYSTEMPATH/CodeIgniter.php(502): CodeIgniter\CodeIgniter->runController()
 4 SYSTEMPATH/CodeIgniter.php(361): CodeIgniter\CodeIgniter->handleRequest()
 5 FCPATH/index.php(79): CodeIgniter\CodeIgniter->run()
CRITICAL - 2024-08-29 14:04:51 --> Call to undefined method CodeIgniter\Database\MySQLi\Builder::paginate()
in APPPATH/Models/Gallery_Model.php on line 44.
 1 APPPATH/Controllers/Admin_Controller.php(4277): App\Models\Gallery_Model->get_image_data()
 2 SYSTEMPATH/CodeIgniter.php(942): App\Controllers\Admin_Controller->gallery_view_section()
 3 SYSTEMPATH/CodeIgniter.php(502): CodeIgniter\CodeIgniter->runController()
 4 SYSTEMPATH/CodeIgniter.php(361): CodeIgniter\CodeIgniter->handleRequest()
 5 FCPATH/index.php(79): CodeIgniter\CodeIgniter->run()
CRITICAL - 2024-08-29 14:04:56 --> Call to undefined method CodeIgniter\Database\MySQLi\Builder::paginate()
in APPPATH/Models/Gallery_Model.php on line 44.
 1 APPPATH/Controllers/Admin_Controller.php(4277): App\Models\Gallery_Model->get_image_data()
 2 SYSTEMPATH/CodeIgniter.php(942): App\Controllers\Admin_Controller->gallery_view_section()
 3 SYSTEMPATH/CodeIgniter.php(502): CodeIgniter\CodeIgniter->runController()
 4 SYSTEMPATH/CodeIgniter.php(361): CodeIgniter\CodeIgniter->handleRequest()
 5 FCPATH/index.php(79): CodeIgniter\CodeIgniter->run()
CRITICAL - 2024-08-29 14:04:57 --> Call to undefined method CodeIgniter\Database\MySQLi\Builder::paginate()
in APPPATH/Models/Gallery_Model.php on line 44.
 1 APPPATH/Controllers/Admin_Controller.php(4277): App\Models\Gallery_Model->get_image_data()
 2 SYSTEMPATH/CodeIgniter.php(942): App\Controllers\Admin_Controller->gallery_view_section()
 3 SYSTEMPATH/CodeIgniter.php(502): CodeIgniter\CodeIgniter->runController()
 4 SYSTEMPATH/CodeIgniter.php(361): CodeIgniter\CodeIgniter->handleRequest()
 5 FCPATH/index.php(79): CodeIgniter\CodeIgniter->run()
CRITICAL - 2024-08-29 14:04:57 --> Call to undefined method CodeIgniter\Database\MySQLi\Builder::paginate()
in APPPATH/Models/Gallery_Model.php on line 44.
 1 APPPATH/Controllers/Admin_Controller.php(4277): App\Models\Gallery_Model->get_image_data()
 2 SYSTEMPATH/CodeIgniter.php(942): App\Controllers\Admin_Controller->gallery_view_section()
 3 SYSTEMPATH/CodeIgniter.php(502): CodeIgniter\CodeIgniter->runController()
 4 SYSTEMPATH/CodeIgniter.php(361): CodeIgniter\CodeIgniter->handleRequest()
 5 FCPATH/index.php(79): CodeIgniter\CodeIgniter->run()
CRITICAL - 2024-08-29 14:04:57 --> Call to undefined method CodeIgniter\Database\MySQLi\Builder::paginate()
in APPPATH/Models/Gallery_Model.php on line 44.
 1 APPPATH/Controllers/Admin_Controller.php(4277): App\Models\Gallery_Model->get_image_data()
 2 SYSTEMPATH/CodeIgniter.php(942): App\Controllers\Admin_Controller->gallery_view_section()
 3 SYSTEMPATH/CodeIgniter.php(502): CodeIgniter\CodeIgniter->runController()
 4 SYSTEMPATH/CodeIgniter.php(361): CodeIgniter\CodeIgniter->handleRequest()
 5 FCPATH/index.php(79): CodeIgniter\CodeIgniter->run()
CRITICAL - 2024-08-29 14:07:41 --> Call to undefined method CodeIgniter\HTTP\Files\UploadedFile::getRandomeName()
in APPPATH/Controllers/Admin_Controller.php on line 4302.
 1 SYSTEMPATH/CodeIgniter.php(942): App\Controllers\Admin_Controller->gallery_img_insert_logic()
 2 SYSTEMPATH/CodeIgniter.php(502): CodeIgniter\CodeIgniter->runController()
 3 SYSTEMPATH/CodeIgniter.php(361): CodeIgniter\CodeIgniter->handleRequest()
 4 FCPATH/index.php(79): CodeIgniter\CodeIgniter->run()
