CRITICAL - 2024-07-24 06:18:47 --> Undefined variable $i
in APPPATH/Views/site/articles.php on line 25.
 1 APPPATH/Views/site/articles.php(25): CodeIgniter\Debug\Exceptions->errorHandler()
 2 SYSTEMPATH/View/View.php(228): include('/home/u582998483/domains/hostdemo.co.in/public_html/gruballergy/app/Views/site/articles.php')
 3 SYSTEMPATH/View/View.php(231): CodeIgniter\View\View->CodeIgniter\View\{closure}()
 4 SYSTEMPATH/Common.php(1190): CodeIgniter\View\View->render()
 5 APPPATH/Views/site/layout.php(7): view()
 6 SYSTEMPATH/View/View.php(228): include('/home/u582998483/domains/hostdemo.co.in/public_html/gruballergy/app/Views/site/layout.php')
 7 SYSTEMPATH/View/View.php(231): CodeIgniter\View\View->CodeIgniter\View\{closure}()
 8 SYSTEMPATH/Common.php(1190): CodeIgniter\View\View->render()
 9 APPPATH/Controllers/Site_Controller.php(488): view()
10 SYSTEMPATH/CodeIgniter.php(942): App\Controllers\Site_Controller->articles()
11 SYSTEMPATH/CodeIgniter.php(502): CodeIgniter\CodeIgniter->runController()
12 SYSTEMPATH/CodeIgniter.php(361): CodeIgniter\CodeIgniter->handleRequest()
13 FCPATH/index.php(79): CodeIgniter\CodeIgniter->run()
CRITICAL - 2024-07-24 06:29:53 --> Cannot use object of type App\Models\Article_Model as array
in APPPATH/Controllers/Site_Controller.php on line 481.
 1 SYSTEMPATH/CodeIgniter.php(942): App\Controllers\Site_Controller->articles()
 2 SYSTEMPATH/CodeIgniter.php(502): CodeIgniter\CodeIgniter->runController()
 3 SYSTEMPATH/CodeIgniter.php(361): CodeIgniter\CodeIgniter->handleRequest()
 4 FCPATH/index.php(79): CodeIgniter\CodeIgniter->run()
CRITICAL - 2024-07-24 06:30:05 --> Cannot use object of type App\Models\Article_Model as array
in APPPATH/Controllers/Site_Controller.php on line 481.
 1 SYSTEMPATH/CodeIgniter.php(942): App\Controllers\Site_Controller->articles()
 2 SYSTEMPATH/CodeIgniter.php(502): CodeIgniter\CodeIgniter->runController()
 3 SYSTEMPATH/CodeIgniter.php(361): CodeIgniter\CodeIgniter->handleRequest()
 4 FCPATH/index.php(79): CodeIgniter\CodeIgniter->run()
CRITICAL - 2024-07-24 06:30:48 --> Undefined variable $pager
in APPPATH/Views/site/articles.php on line 313.
 1 APPPATH/Views/site/articles.php(313): CodeIgniter\Debug\Exceptions->errorHandler()
 2 SYSTEMPATH/View/View.php(228): include('/home/u582998483/domains/hostdemo.co.in/public_html/gruballergy/app/Views/site/articles.php')
 3 SYSTEMPATH/View/View.php(231): CodeIgniter\View\View->CodeIgniter\View\{closure}()
 4 SYSTEMPATH/Common.php(1190): CodeIgniter\View\View->render()
 5 APPPATH/Views/site/layout.php(7): view()
 6 SYSTEMPATH/View/View.php(228): include('/home/u582998483/domains/hostdemo.co.in/public_html/gruballergy/app/Views/site/layout.php')
 7 SYSTEMPATH/View/View.php(231): CodeIgniter\View\View->CodeIgniter\View\{closure}()
 8 SYSTEMPATH/Common.php(1190): CodeIgniter\View\View->render()
 9 APPPATH/Controllers/Site_Controller.php(490): view()
10 SYSTEMPATH/CodeIgniter.php(942): App\Controllers\Site_Controller->articles()
11 SYSTEMPATH/CodeIgniter.php(502): CodeIgniter\CodeIgniter->runController()
12 SYSTEMPATH/CodeIgniter.php(361): CodeIgniter\CodeIgniter->handleRequest()
13 FCPATH/index.php(79): CodeIgniter\CodeIgniter->run()
CRITICAL - 2024-07-24 06:34:27 --> Undefined variable $pager
in APPPATH/Views/site/articles.php on line 315.
 1 APPPATH/Views/site/articles.php(315): CodeIgniter\Debug\Exceptions->errorHandler()
 2 SYSTEMPATH/View/View.php(228): include('/home/u582998483/domains/hostdemo.co.in/public_html/gruballergy/app/Views/site/articles.php')
 3 SYSTEMPATH/View/View.php(231): CodeIgniter\View\View->CodeIgniter\View\{closure}()
 4 SYSTEMPATH/Common.php(1190): CodeIgniter\View\View->render()
 5 APPPATH/Views/site/layout.php(7): view()
 6 SYSTEMPATH/View/View.php(228): include('/home/u582998483/domains/hostdemo.co.in/public_html/gruballergy/app/Views/site/layout.php')
 7 SYSTEMPATH/View/View.php(231): CodeIgniter\View\View->CodeIgniter\View\{closure}()
 8 SYSTEMPATH/Common.php(1190): CodeIgniter\View\View->render()
 9 APPPATH/Controllers/Site_Controller.php(493): view()
10 SYSTEMPATH/CodeIgniter.php(942): App\Controllers\Site_Controller->articles()
11 SYSTEMPATH/CodeIgniter.php(502): CodeIgniter\CodeIgniter->runController()
12 SYSTEMPATH/CodeIgniter.php(361): CodeIgniter\CodeIgniter->handleRequest()
13 FCPATH/index.php(79): CodeIgniter\CodeIgniter->run()
CRITICAL - 2024-07-24 06:35:09 --> Undefined variable $pager
in APPPATH/Views/site/articles.php on line 314.
 1 APPPATH/Views/site/articles.php(314): CodeIgniter\Debug\Exceptions->errorHandler()
 2 SYSTEMPATH/View/View.php(228): include('/home/u582998483/domains/hostdemo.co.in/public_html/gruballergy/app/Views/site/articles.php')
 3 SYSTEMPATH/View/View.php(231): CodeIgniter\View\View->CodeIgniter\View\{closure}()
 4 SYSTEMPATH/Common.php(1190): CodeIgniter\View\View->render()
 5 APPPATH/Views/site/layout.php(7): view()
 6 SYSTEMPATH/View/View.php(228): include('/home/u582998483/domains/hostdemo.co.in/public_html/gruballergy/app/Views/site/layout.php')
 7 SYSTEMPATH/View/View.php(231): CodeIgniter\View\View->CodeIgniter\View\{closure}()
 8 SYSTEMPATH/Common.php(1190): CodeIgniter\View\View->render()
 9 APPPATH/Controllers/Site_Controller.php(493): view()
10 SYSTEMPATH/CodeIgniter.php(942): App\Controllers\Site_Controller->articles()
11 SYSTEMPATH/CodeIgniter.php(502): CodeIgniter\CodeIgniter->runController()
12 SYSTEMPATH/CodeIgniter.php(361): CodeIgniter\CodeIgniter->handleRequest()
13 FCPATH/index.php(79): CodeIgniter\CodeIgniter->run()
CRITICAL - 2024-07-24 06:56:39 --> Undefined variable $count
in APPPATH/Views/site/articles.php on line 25.
 1 APPPATH/Views/site/articles.php(25): CodeIgniter\Debug\Exceptions->errorHandler()
 2 SYSTEMPATH/View/View.php(228): include('/home/u582998483/domains/hostdemo.co.in/public_html/gruballergy/app/Views/site/articles.php')
 3 SYSTEMPATH/View/View.php(231): CodeIgniter\View\View->CodeIgniter\View\{closure}()
 4 SYSTEMPATH/Common.php(1190): CodeIgniter\View\View->render()
 5 APPPATH/Views/site/layout.php(7): view()
 6 SYSTEMPATH/View/View.php(228): include('/home/u582998483/domains/hostdemo.co.in/public_html/gruballergy/app/Views/site/layout.php')
 7 SYSTEMPATH/View/View.php(231): CodeIgniter\View\View->CodeIgniter\View\{closure}()
 8 SYSTEMPATH/Common.php(1190): CodeIgniter\View\View->render()
 9 APPPATH/Controllers/Site_Controller.php(493): view()
10 SYSTEMPATH/CodeIgniter.php(942): App\Controllers\Site_Controller->articles()
11 SYSTEMPATH/CodeIgniter.php(502): CodeIgniter\CodeIgniter->runController()
12 SYSTEMPATH/CodeIgniter.php(361): CodeIgniter\CodeIgniter->handleRequest()
13 FCPATH/index.php(79): CodeIgniter\CodeIgniter->run()
CRITICAL - 2024-07-24 06:57:20 --> Undefined variable $count
in APPPATH/Views/site/articles.php on line 25.
 1 APPPATH/Views/site/articles.php(25): CodeIgniter\Debug\Exceptions->errorHandler()
 2 SYSTEMPATH/View/View.php(228): include('/home/u582998483/domains/hostdemo.co.in/public_html/gruballergy/app/Views/site/articles.php')
 3 SYSTEMPATH/View/View.php(231): CodeIgniter\View\View->CodeIgniter\View\{closure}()
 4 SYSTEMPATH/Common.php(1190): CodeIgniter\View\View->render()
 5 APPPATH/Views/site/layout.php(7): view()
 6 SYSTEMPATH/View/View.php(228): include('/home/u582998483/domains/hostdemo.co.in/public_html/gruballergy/app/Views/site/layout.php')
 7 SYSTEMPATH/View/View.php(231): CodeIgniter\View\View->CodeIgniter\View\{closure}()
 8 SYSTEMPATH/Common.php(1190): CodeIgniter\View\View->render()
 9 APPPATH/Controllers/Site_Controller.php(493): view()
10 SYSTEMPATH/CodeIgniter.php(942): App\Controllers\Site_Controller->articles()
11 SYSTEMPATH/CodeIgniter.php(502): CodeIgniter\CodeIgniter->runController()
12 SYSTEMPATH/CodeIgniter.php(361): CodeIgniter\CodeIgniter->handleRequest()
13 FCPATH/index.php(79): CodeIgniter\CodeIgniter->run()
CRITICAL - 2024-07-24 06:59:20 --> Undefined array key "articles_pagination"
in APPPATH/Controllers/Site_Controller.php on line 485.
 1 APPPATH/Controllers/Site_Controller.php(485): CodeIgniter\Debug\Exceptions->errorHandler()
 2 SYSTEMPATH/CodeIgniter.php(942): App\Controllers\Site_Controller->articles()
 3 SYSTEMPATH/CodeIgniter.php(502): CodeIgniter\CodeIgniter->runController()
 4 SYSTEMPATH/CodeIgniter.php(361): CodeIgniter\CodeIgniter->handleRequest()
 5 FCPATH/index.php(79): CodeIgniter\CodeIgniter->run()
CRITICAL - 2024-07-24 07:06:27 --> Undefined variable $pager
in APPPATH/Views/site/articles.php on line 280.
 1 APPPATH/Views/site/articles.php(280): CodeIgniter\Debug\Exceptions->errorHandler()
 2 SYSTEMPATH/View/View.php(228): include('/home/u582998483/domains/hostdemo.co.in/public_html/gruballergy/app/Views/site/articles.php')
 3 SYSTEMPATH/View/View.php(231): CodeIgniter\View\View->CodeIgniter\View\{closure}()
 4 SYSTEMPATH/Common.php(1190): CodeIgniter\View\View->render()
 5 APPPATH/Views/site/layout.php(7): view()
 6 SYSTEMPATH/View/View.php(228): include('/home/u582998483/domains/hostdemo.co.in/public_html/gruballergy/app/Views/site/layout.php')
 7 SYSTEMPATH/View/View.php(231): CodeIgniter\View\View->CodeIgniter\View\{closure}()
 8 SYSTEMPATH/Common.php(1190): CodeIgniter\View\View->render()
 9 APPPATH/Controllers/Site_Controller.php(494): view()
10 SYSTEMPATH/CodeIgniter.php(942): App\Controllers\Site_Controller->articles()
11 SYSTEMPATH/CodeIgniter.php(502): CodeIgniter\CodeIgniter->runController()
12 SYSTEMPATH/CodeIgniter.php(361): CodeIgniter\CodeIgniter->handleRequest()
13 FCPATH/index.php(79): CodeIgniter\CodeIgniter->run()
CRITICAL - 2024-07-24 14:03:51 --> syntax error, unexpected token ";", expecting ")"
in APPPATH/Views/site/details_page.php on line 44.
 1 SYSTEMPATH/View/View.php(231): CodeIgniter\View\View->CodeIgniter\View\{closure}()
 2 SYSTEMPATH/Common.php(1190): CodeIgniter\View\View->render()
 3 APPPATH/Views/site/layout.php(7): view()
 4 SYSTEMPATH/View/View.php(228): include('/home/u582998483/domains/hostdemo.co.in/public_html/gruballergy/app/Views/site/layout.php')
 5 SYSTEMPATH/View/View.php(231): CodeIgniter\View\View->CodeIgniter\View\{closure}()
 6 SYSTEMPATH/Common.php(1190): CodeIgniter\View\View->render()
 7 APPPATH/Controllers/Site_Controller.php(277): view()
 8 SYSTEMPATH/CodeIgniter.php(942): App\Controllers\Site_Controller->details_page()
 9 SYSTEMPATH/CodeIgniter.php(502): CodeIgniter\CodeIgniter->runController()
10 SYSTEMPATH/CodeIgniter.php(361): CodeIgniter\CodeIgniter->handleRequest()
11 FCPATH/index.php(79): CodeIgniter\CodeIgniter->run()
CRITICAL - 2024-07-24 14:05:40 --> Object of class stdClass could not be converted to string
in APPPATH/Views/site/details_page.php on line 43.
 1 SYSTEMPATH/View/View.php(228): include()
 2 SYSTEMPATH/View/View.php(231): CodeIgniter\View\View->CodeIgniter\View\{closure}()
 3 SYSTEMPATH/Common.php(1190): CodeIgniter\View\View->render()
 4 APPPATH/Views/site/layout.php(7): view()
 5 SYSTEMPATH/View/View.php(228): include('/home/u582998483/domains/hostdemo.co.in/public_html/gruballergy/app/Views/site/layout.php')
 6 SYSTEMPATH/View/View.php(231): CodeIgniter\View\View->CodeIgniter\View\{closure}()
 7 SYSTEMPATH/Common.php(1190): CodeIgniter\View\View->render()
 8 APPPATH/Controllers/Site_Controller.php(277): view()
 9 SYSTEMPATH/CodeIgniter.php(942): App\Controllers\Site_Controller->details_page()
10 SYSTEMPATH/CodeIgniter.php(502): CodeIgniter\CodeIgniter->runController()
11 SYSTEMPATH/CodeIgniter.php(361): CodeIgniter\CodeIgniter->handleRequest()
12 FCPATH/index.php(79): CodeIgniter\CodeIgniter->run()
CRITICAL - 2024-07-24 14:06:49 --> Object of class stdClass could not be converted to string
in APPPATH/Views/site/details_page.php on line 43.
 1 SYSTEMPATH/View/View.php(228): include()
 2 SYSTEMPATH/View/View.php(231): CodeIgniter\View\View->CodeIgniter\View\{closure}()
 3 SYSTEMPATH/Common.php(1190): CodeIgniter\View\View->render()
 4 APPPATH/Views/site/layout.php(7): view()
 5 SYSTEMPATH/View/View.php(228): include('/home/u582998483/domains/hostdemo.co.in/public_html/gruballergy/app/Views/site/layout.php')
 6 SYSTEMPATH/View/View.php(231): CodeIgniter\View\View->CodeIgniter\View\{closure}()
 7 SYSTEMPATH/Common.php(1190): CodeIgniter\View\View->render()
 8 APPPATH/Controllers/Site_Controller.php(277): view()
 9 SYSTEMPATH/CodeIgniter.php(942): App\Controllers\Site_Controller->details_page()
10 SYSTEMPATH/CodeIgniter.php(502): CodeIgniter\CodeIgniter->runController()
11 SYSTEMPATH/CodeIgniter.php(361): CodeIgniter\CodeIgniter->handleRequest()
12 FCPATH/index.php(79): CodeIgniter\CodeIgniter->run()
CRITICAL - 2024-07-24 14:06:50 --> Object of class stdClass could not be converted to string
in APPPATH/Views/site/details_page.php on line 43.
 1 SYSTEMPATH/View/View.php(228): include()
 2 SYSTEMPATH/View/View.php(231): CodeIgniter\View\View->CodeIgniter\View\{closure}()
 3 SYSTEMPATH/Common.php(1190): CodeIgniter\View\View->render()
 4 APPPATH/Views/site/layout.php(7): view()
 5 SYSTEMPATH/View/View.php(228): include('/home/u582998483/domains/hostdemo.co.in/public_html/gruballergy/app/Views/site/layout.php')
 6 SYSTEMPATH/View/View.php(231): CodeIgniter\View\View->CodeIgniter\View\{closure}()
 7 SYSTEMPATH/Common.php(1190): CodeIgniter\View\View->render()
 8 APPPATH/Controllers/Site_Controller.php(277): view()
 9 SYSTEMPATH/CodeIgniter.php(942): App\Controllers\Site_Controller->details_page()
10 SYSTEMPATH/CodeIgniter.php(502): CodeIgniter\CodeIgniter->runController()
11 SYSTEMPATH/CodeIgniter.php(361): CodeIgniter\CodeIgniter->handleRequest()
12 FCPATH/index.php(79): CodeIgniter\CodeIgniter->run()
CRITICAL - 2024-07-24 14:06:50 --> Object of class stdClass could not be converted to string
in APPPATH/Views/site/details_page.php on line 43.
 1 SYSTEMPATH/View/View.php(228): include()
 2 SYSTEMPATH/View/View.php(231): CodeIgniter\View\View->CodeIgniter\View\{closure}()
 3 SYSTEMPATH/Common.php(1190): CodeIgniter\View\View->render()
 4 APPPATH/Views/site/layout.php(7): view()
 5 SYSTEMPATH/View/View.php(228): include('/home/u582998483/domains/hostdemo.co.in/public_html/gruballergy/app/Views/site/layout.php')
 6 SYSTEMPATH/View/View.php(231): CodeIgniter\View\View->CodeIgniter\View\{closure}()
 7 SYSTEMPATH/Common.php(1190): CodeIgniter\View\View->render()
 8 APPPATH/Controllers/Site_Controller.php(277): view()
 9 SYSTEMPATH/CodeIgniter.php(942): App\Controllers\Site_Controller->details_page()
10 SYSTEMPATH/CodeIgniter.php(502): CodeIgniter\CodeIgniter->runController()
11 SYSTEMPATH/CodeIgniter.php(361): CodeIgniter\CodeIgniter->handleRequest()
12 FCPATH/index.php(79): CodeIgniter\CodeIgniter->run()
ERROR - 2024-07-24 15:00:47 --> mysqli_sql_exception: Table 'u582998483_gruballergydb.article' doesn't exist in /home/u582998483/domains/hostdemo.co.in/public_html/gruballergy/system/Database/MySQLi/Connection.php:306
Stack trace:
#0 /home/u582998483/domains/hostdemo.co.in/public_html/gruballergy/system/Database/MySQLi/Connection.php(306): mysqli->query()
#1 /home/u582998483/domains/hostdemo.co.in/public_html/gruballergy/system/Database/BaseConnection.php(693): CodeIgniter\Database\MySQLi\Connection->execute()
#2 /home/u582998483/domains/hostdemo.co.in/public_html/gruballergy/system/Database/BaseConnection.php(607): CodeIgniter\Database\BaseConnection->simpleQuery()
#3 /home/u582998483/domains/hostdemo.co.in/public_html/gruballergy/system/Database/BaseBuilder.php(1615): CodeIgniter\Database\BaseConnection->query()
#4 /home/u582998483/domains/hostdemo.co.in/public_html/gruballergy/app/Models/Article_Model.php(187): CodeIgniter\Database\BaseBuilder->get()
#5 /home/u582998483/domains/hostdemo.co.in/public_html/gruballergy/app/Controllers/Site_Controller.php(177): App\Models\Article_Model->homepage_section_article()
#6 /home/u582998483/domains/hostdemo.co.in/public_html/gruballergy/system/CodeIgniter.php(942): App\Controllers\Site_Controller->site_home()
#7 /home/u582998483/domains/hostdemo.co.in/public_html/gruballergy/system/CodeIgniter.php(502): CodeIgniter\CodeIgniter->runController()
#8 /home/u582998483/domains/hostdemo.co.in/public_html/gruballergy/system/CodeIgniter.php(361): CodeIgniter\CodeIgniter->handleRequest()
#9 /home/u582998483/domains/hostdemo.co.in/public_html/gruballergy/index.php(79): CodeIgniter\CodeIgniter->run()
#10 {main}
CRITICAL - 2024-07-24 15:00:47 --> Table 'u582998483_gruballergydb.article' doesn't exist
in SYSTEMPATH/Database/BaseConnection.php on line 647.
 1 SYSTEMPATH/Database/BaseBuilder.php(1615): CodeIgniter\Database\BaseConnection->query()
 2 APPPATH/Models/Article_Model.php(187): CodeIgniter\Database\BaseBuilder->get()
 3 APPPATH/Controllers/Site_Controller.php(177): App\Models\Article_Model->homepage_section_article()
 4 SYSTEMPATH/CodeIgniter.php(942): App\Controllers\Site_Controller->site_home()
 5 SYSTEMPATH/CodeIgniter.php(502): CodeIgniter\CodeIgniter->runController()
 6 SYSTEMPATH/CodeIgniter.php(361): CodeIgniter\CodeIgniter->handleRequest()
 7 FCPATH/index.php(79): CodeIgniter\CodeIgniter->run()
ERROR - 2024-07-24 15:00:58 --> mysqli_sql_exception: Table 'u582998483_gruballergydb.article' doesn't exist in /home/u582998483/domains/hostdemo.co.in/public_html/gruballergy/system/Database/MySQLi/Connection.php:306
Stack trace:
#0 /home/u582998483/domains/hostdemo.co.in/public_html/gruballergy/system/Database/MySQLi/Connection.php(306): mysqli->query()
#1 /home/u582998483/domains/hostdemo.co.in/public_html/gruballergy/system/Database/BaseConnection.php(693): CodeIgniter\Database\MySQLi\Connection->execute()
#2 /home/u582998483/domains/hostdemo.co.in/public_html/gruballergy/system/Database/BaseConnection.php(607): CodeIgniter\Database\BaseConnection->simpleQuery()
#3 /home/u582998483/domains/hostdemo.co.in/public_html/gruballergy/system/Database/BaseBuilder.php(1615): CodeIgniter\Database\BaseConnection->query()
#4 /home/u582998483/domains/hostdemo.co.in/public_html/gruballergy/app/Models/Article_Model.php(187): CodeIgniter\Database\BaseBuilder->get()
#5 /home/u582998483/domains/hostdemo.co.in/public_html/gruballergy/app/Controllers/Site_Controller.php(177): App\Models\Article_Model->homepage_section_article()
#6 /home/u582998483/domains/hostdemo.co.in/public_html/gruballergy/system/CodeIgniter.php(942): App\Controllers\Site_Controller->site_home()
#7 /home/u582998483/domains/hostdemo.co.in/public_html/gruballergy/system/CodeIgniter.php(502): CodeIgniter\CodeIgniter->runController()
#8 /home/u582998483/domains/hostdemo.co.in/public_html/gruballergy/system/CodeIgniter.php(361): CodeIgniter\CodeIgniter->handleRequest()
#9 /home/u582998483/domains/hostdemo.co.in/public_html/gruballergy/index.php(79): CodeIgniter\CodeIgniter->run()
#10 {main}
CRITICAL - 2024-07-24 15:00:58 --> Table 'u582998483_gruballergydb.article' doesn't exist
in SYSTEMPATH/Database/BaseConnection.php on line 647.
 1 SYSTEMPATH/Database/BaseBuilder.php(1615): CodeIgniter\Database\BaseConnection->query()
 2 APPPATH/Models/Article_Model.php(187): CodeIgniter\Database\BaseBuilder->get()
 3 APPPATH/Controllers/Site_Controller.php(177): App\Models\Article_Model->homepage_section_article()
 4 SYSTEMPATH/CodeIgniter.php(942): App\Controllers\Site_Controller->site_home()
 5 SYSTEMPATH/CodeIgniter.php(502): CodeIgniter\CodeIgniter->runController()
 6 SYSTEMPATH/CodeIgniter.php(361): CodeIgniter\CodeIgniter->handleRequest()
 7 FCPATH/index.php(79): CodeIgniter\CodeIgniter->run()
ERROR - 2024-07-24 15:01:00 --> mysqli_sql_exception: Table 'u582998483_gruballergydb.article' doesn't exist in /home/u582998483/domains/hostdemo.co.in/public_html/gruballergy/system/Database/MySQLi/Connection.php:306
Stack trace:
#0 /home/u582998483/domains/hostdemo.co.in/public_html/gruballergy/system/Database/MySQLi/Connection.php(306): mysqli->query()
#1 /home/u582998483/domains/hostdemo.co.in/public_html/gruballergy/system/Database/BaseConnection.php(693): CodeIgniter\Database\MySQLi\Connection->execute()
#2 /home/u582998483/domains/hostdemo.co.in/public_html/gruballergy/system/Database/BaseConnection.php(607): CodeIgniter\Database\BaseConnection->simpleQuery()
#3 /home/u582998483/domains/hostdemo.co.in/public_html/gruballergy/system/Database/BaseBuilder.php(1615): CodeIgniter\Database\BaseConnection->query()
#4 /home/u582998483/domains/hostdemo.co.in/public_html/gruballergy/app/Models/Article_Model.php(187): CodeIgniter\Database\BaseBuilder->get()
#5 /home/u582998483/domains/hostdemo.co.in/public_html/gruballergy/app/Controllers/Site_Controller.php(177): App\Models\Article_Model->homepage_section_article()
#6 /home/u582998483/domains/hostdemo.co.in/public_html/gruballergy/system/CodeIgniter.php(942): App\Controllers\Site_Controller->site_home()
#7 /home/u582998483/domains/hostdemo.co.in/public_html/gruballergy/system/CodeIgniter.php(502): CodeIgniter\CodeIgniter->runController()
#8 /home/u582998483/domains/hostdemo.co.in/public_html/gruballergy/system/CodeIgniter.php(361): CodeIgniter\CodeIgniter->handleRequest()
#9 /home/u582998483/domains/hostdemo.co.in/public_html/gruballergy/index.php(79): CodeIgniter\CodeIgniter->run()
#10 {main}
CRITICAL - 2024-07-24 15:01:00 --> Table 'u582998483_gruballergydb.article' doesn't exist
in SYSTEMPATH/Database/BaseConnection.php on line 647.
 1 SYSTEMPATH/Database/BaseBuilder.php(1615): CodeIgniter\Database\BaseConnection->query()
 2 APPPATH/Models/Article_Model.php(187): CodeIgniter\Database\BaseBuilder->get()
 3 APPPATH/Controllers/Site_Controller.php(177): App\Models\Article_Model->homepage_section_article()
 4 SYSTEMPATH/CodeIgniter.php(942): App\Controllers\Site_Controller->site_home()
 5 SYSTEMPATH/CodeIgniter.php(502): CodeIgniter\CodeIgniter->runController()
 6 SYSTEMPATH/CodeIgniter.php(361): CodeIgniter\CodeIgniter->handleRequest()
 7 FCPATH/index.php(79): CodeIgniter\CodeIgniter->run()
ERROR - 2024-07-24 15:01:09 --> mysqli_sql_exception: Table 'u582998483_gruballergydb.article' doesn't exist in /home/u582998483/domains/hostdemo.co.in/public_html/gruballergy/system/Database/MySQLi/Connection.php:306
Stack trace:
#0 /home/u582998483/domains/hostdemo.co.in/public_html/gruballergy/system/Database/MySQLi/Connection.php(306): mysqli->query()
#1 /home/u582998483/domains/hostdemo.co.in/public_html/gruballergy/system/Database/BaseConnection.php(693): CodeIgniter\Database\MySQLi\Connection->execute()
#2 /home/u582998483/domains/hostdemo.co.in/public_html/gruballergy/system/Database/BaseConnection.php(607): CodeIgniter\Database\BaseConnection->simpleQuery()
#3 /home/u582998483/domains/hostdemo.co.in/public_html/gruballergy/system/Database/BaseBuilder.php(1615): CodeIgniter\Database\BaseConnection->query()
#4 /home/u582998483/domains/hostdemo.co.in/public_html/gruballergy/app/Models/Article_Model.php(187): CodeIgniter\Database\BaseBuilder->get()
#5 /home/u582998483/domains/hostdemo.co.in/public_html/gruballergy/app/Controllers/Site_Controller.php(177): App\Models\Article_Model->homepage_section_article()
#6 /home/u582998483/domains/hostdemo.co.in/public_html/gruballergy/system/CodeIgniter.php(942): App\Controllers\Site_Controller->site_home()
#7 /home/u582998483/domains/hostdemo.co.in/public_html/gruballergy/system/CodeIgniter.php(502): CodeIgniter\CodeIgniter->runController()
#8 /home/u582998483/domains/hostdemo.co.in/public_html/gruballergy/system/CodeIgniter.php(361): CodeIgniter\CodeIgniter->handleRequest()
#9 /home/u582998483/domains/hostdemo.co.in/public_html/gruballergy/index.php(79): CodeIgniter\CodeIgniter->run()
#10 {main}
CRITICAL - 2024-07-24 15:01:09 --> Table 'u582998483_gruballergydb.article' doesn't exist
in SYSTEMPATH/Database/BaseConnection.php on line 647.
 1 SYSTEMPATH/Database/BaseBuilder.php(1615): CodeIgniter\Database\BaseConnection->query()
 2 APPPATH/Models/Article_Model.php(187): CodeIgniter\Database\BaseBuilder->get()
 3 APPPATH/Controllers/Site_Controller.php(177): App\Models\Article_Model->homepage_section_article()
 4 SYSTEMPATH/CodeIgniter.php(942): App\Controllers\Site_Controller->site_home()
 5 SYSTEMPATH/CodeIgniter.php(502): CodeIgniter\CodeIgniter->runController()
 6 SYSTEMPATH/CodeIgniter.php(361): CodeIgniter\CodeIgniter->handleRequest()
 7 FCPATH/index.php(79): CodeIgniter\CodeIgniter->run()
ERROR - 2024-07-24 15:09:33 --> mysqli_sql_exception: Unknown column 'recipe_category_tag.category_id' in 'on clause' in /home/u582998483/domains/hostdemo.co.in/public_html/gruballergy/system/Database/MySQLi/Connection.php:306
Stack trace:
#0 /home/u582998483/domains/hostdemo.co.in/public_html/gruballergy/system/Database/MySQLi/Connection.php(306): mysqli->query()
#1 /home/u582998483/domains/hostdemo.co.in/public_html/gruballergy/system/Database/BaseConnection.php(693): CodeIgniter\Database\MySQLi\Connection->execute()
#2 /home/u582998483/domains/hostdemo.co.in/public_html/gruballergy/system/Database/BaseConnection.php(607): CodeIgniter\Database\BaseConnection->simpleQuery()
#3 /home/u582998483/domains/hostdemo.co.in/public_html/gruballergy/system/Database/BaseBuilder.php(1615): CodeIgniter\Database\BaseConnection->query()
#4 /home/u582998483/domains/hostdemo.co.in/public_html/gruballergy/app/Models/Recipes_Model.php(280): CodeIgniter\Database\BaseBuilder->get()
#5 /home/u582998483/domains/hostdemo.co.in/public_html/gruballergy/app/Controllers/Site_Controller.php(260): App\Models\Recipes_Model->single_details_recipe()
#6 /home/u582998483/domains/hostdemo.co.in/public_html/gruballergy/system/CodeIgniter.php(942): App\Controllers\Site_Controller->details_page()
#7 /home/u582998483/domains/hostdemo.co.in/public_html/gruballergy/system/CodeIgniter.php(502): CodeIgniter\CodeIgniter->runController()
#8 /home/u582998483/domains/hostdemo.co.in/public_html/gruballergy/system/CodeIgniter.php(361): CodeIgniter\CodeIgniter->handleRequest()
#9 /home/u582998483/domains/hostdemo.co.in/public_html/gruballergy/index.php(79): CodeIgniter\CodeIgniter->run()
#10 {main}
CRITICAL - 2024-07-24 15:09:33 --> Unknown column 'recipe_category_tag.category_id' in 'on clause'
in SYSTEMPATH/Database/BaseConnection.php on line 647.
 1 SYSTEMPATH/Database/BaseBuilder.php(1615): CodeIgniter\Database\BaseConnection->query()
 2 APPPATH/Models/Recipes_Model.php(280): CodeIgniter\Database\BaseBuilder->get()
 3 APPPATH/Controllers/Site_Controller.php(260): App\Models\Recipes_Model->single_details_recipe()
 4 SYSTEMPATH/CodeIgniter.php(942): App\Controllers\Site_Controller->details_page()
 5 SYSTEMPATH/CodeIgniter.php(502): CodeIgniter\CodeIgniter->runController()
 6 SYSTEMPATH/CodeIgniter.php(361): CodeIgniter\CodeIgniter->handleRequest()
 7 FCPATH/index.php(79): CodeIgniter\CodeIgniter->run()
ERROR - 2024-07-24 15:10:37 --> mysqli_sql_exception: Unknown column 'recipe_category_tag.category_id' in 'on clause' in /home/u582998483/domains/hostdemo.co.in/public_html/gruballergy/system/Database/MySQLi/Connection.php:306
Stack trace:
#0 /home/u582998483/domains/hostdemo.co.in/public_html/gruballergy/system/Database/MySQLi/Connection.php(306): mysqli->query()
#1 /home/u582998483/domains/hostdemo.co.in/public_html/gruballergy/system/Database/BaseConnection.php(693): CodeIgniter\Database\MySQLi\Connection->execute()
#2 /home/u582998483/domains/hostdemo.co.in/public_html/gruballergy/system/Database/BaseConnection.php(607): CodeIgniter\Database\BaseConnection->simpleQuery()
#3 /home/u582998483/domains/hostdemo.co.in/public_html/gruballergy/system/Database/BaseBuilder.php(1615): CodeIgniter\Database\BaseConnection->query()
#4 /home/u582998483/domains/hostdemo.co.in/public_html/gruballergy/app/Models/Recipes_Model.php(280): CodeIgniter\Database\BaseBuilder->get()
#5 /home/u582998483/domains/hostdemo.co.in/public_html/gruballergy/app/Controllers/Site_Controller.php(260): App\Models\Recipes_Model->single_details_recipe()
#6 /home/u582998483/domains/hostdemo.co.in/public_html/gruballergy/system/CodeIgniter.php(942): App\Controllers\Site_Controller->details_page()
#7 /home/u582998483/domains/hostdemo.co.in/public_html/gruballergy/system/CodeIgniter.php(502): CodeIgniter\CodeIgniter->runController()
#8 /home/u582998483/domains/hostdemo.co.in/public_html/gruballergy/system/CodeIgniter.php(361): CodeIgniter\CodeIgniter->handleRequest()
#9 /home/u582998483/domains/hostdemo.co.in/public_html/gruballergy/index.php(79): CodeIgniter\CodeIgniter->run()
#10 {main}
CRITICAL - 2024-07-24 15:10:37 --> Unknown column 'recipe_category_tag.category_id' in 'on clause'
in SYSTEMPATH/Database/BaseConnection.php on line 647.
 1 SYSTEMPATH/Database/BaseBuilder.php(1615): CodeIgniter\Database\BaseConnection->query()
 2 APPPATH/Models/Recipes_Model.php(280): CodeIgniter\Database\BaseBuilder->get()
 3 APPPATH/Controllers/Site_Controller.php(260): App\Models\Recipes_Model->single_details_recipe()
 4 SYSTEMPATH/CodeIgniter.php(942): App\Controllers\Site_Controller->details_page()
 5 SYSTEMPATH/CodeIgniter.php(502): CodeIgniter\CodeIgniter->runController()
 6 SYSTEMPATH/CodeIgniter.php(361): CodeIgniter\CodeIgniter->handleRequest()
 7 FCPATH/index.php(79): CodeIgniter\CodeIgniter->run()
ERROR - 2024-07-24 15:10:52 --> mysqli_sql_exception: Unknown column 'recipe_category_tag.category_id' in 'on clause' in /home/u582998483/domains/hostdemo.co.in/public_html/gruballergy/system/Database/MySQLi/Connection.php:306
Stack trace:
#0 /home/u582998483/domains/hostdemo.co.in/public_html/gruballergy/system/Database/MySQLi/Connection.php(306): mysqli->query()
#1 /home/u582998483/domains/hostdemo.co.in/public_html/gruballergy/system/Database/BaseConnection.php(693): CodeIgniter\Database\MySQLi\Connection->execute()
#2 /home/u582998483/domains/hostdemo.co.in/public_html/gruballergy/system/Database/BaseConnection.php(607): CodeIgniter\Database\BaseConnection->simpleQuery()
#3 /home/u582998483/domains/hostdemo.co.in/public_html/gruballergy/system/Database/BaseBuilder.php(1615): CodeIgniter\Database\BaseConnection->query()
#4 /home/u582998483/domains/hostdemo.co.in/public_html/gruballergy/app/Models/Recipes_Model.php(280): CodeIgniter\Database\BaseBuilder->get()
#5 /home/u582998483/domains/hostdemo.co.in/public_html/gruballergy/app/Controllers/Site_Controller.php(260): App\Models\Recipes_Model->single_details_recipe()
#6 /home/u582998483/domains/hostdemo.co.in/public_html/gruballergy/system/CodeIgniter.php(942): App\Controllers\Site_Controller->details_page()
#7 /home/u582998483/domains/hostdemo.co.in/public_html/gruballergy/system/CodeIgniter.php(502): CodeIgniter\CodeIgniter->runController()
#8 /home/u582998483/domains/hostdemo.co.in/public_html/gruballergy/system/CodeIgniter.php(361): CodeIgniter\CodeIgniter->handleRequest()
#9 /home/u582998483/domains/hostdemo.co.in/public_html/gruballergy/index.php(79): CodeIgniter\CodeIgniter->run()
#10 {main}
CRITICAL - 2024-07-24 15:10:52 --> Unknown column 'recipe_category_tag.category_id' in 'on clause'
in SYSTEMPATH/Database/BaseConnection.php on line 647.
 1 SYSTEMPATH/Database/BaseBuilder.php(1615): CodeIgniter\Database\BaseConnection->query()
 2 APPPATH/Models/Recipes_Model.php(280): CodeIgniter\Database\BaseBuilder->get()
 3 APPPATH/Controllers/Site_Controller.php(260): App\Models\Recipes_Model->single_details_recipe()
 4 SYSTEMPATH/CodeIgniter.php(942): App\Controllers\Site_Controller->details_page()
 5 SYSTEMPATH/CodeIgniter.php(502): CodeIgniter\CodeIgniter->runController()
 6 SYSTEMPATH/CodeIgniter.php(361): CodeIgniter\CodeIgniter->handleRequest()
 7 FCPATH/index.php(79): CodeIgniter\CodeIgniter->run()
ERROR - 2024-07-24 15:10:56 --> mysqli_sql_exception: Unknown column 'recipe_category_tag.category_id' in 'on clause' in /home/u582998483/domains/hostdemo.co.in/public_html/gruballergy/system/Database/MySQLi/Connection.php:306
Stack trace:
#0 /home/u582998483/domains/hostdemo.co.in/public_html/gruballergy/system/Database/MySQLi/Connection.php(306): mysqli->query()
#1 /home/u582998483/domains/hostdemo.co.in/public_html/gruballergy/system/Database/BaseConnection.php(693): CodeIgniter\Database\MySQLi\Connection->execute()
#2 /home/u582998483/domains/hostdemo.co.in/public_html/gruballergy/system/Database/BaseConnection.php(607): CodeIgniter\Database\BaseConnection->simpleQuery()
#3 /home/u582998483/domains/hostdemo.co.in/public_html/gruballergy/system/Database/BaseBuilder.php(1615): CodeIgniter\Database\BaseConnection->query()
#4 /home/u582998483/domains/hostdemo.co.in/public_html/gruballergy/app/Models/Recipes_Model.php(280): CodeIgniter\Database\BaseBuilder->get()
#5 /home/u582998483/domains/hostdemo.co.in/public_html/gruballergy/app/Controllers/Site_Controller.php(260): App\Models\Recipes_Model->single_details_recipe()
#6 /home/u582998483/domains/hostdemo.co.in/public_html/gruballergy/system/CodeIgniter.php(942): App\Controllers\Site_Controller->details_page()
#7 /home/u582998483/domains/hostdemo.co.in/public_html/gruballergy/system/CodeIgniter.php(502): CodeIgniter\CodeIgniter->runController()
#8 /home/u582998483/domains/hostdemo.co.in/public_html/gruballergy/system/CodeIgniter.php(361): CodeIgniter\CodeIgniter->handleRequest()
#9 /home/u582998483/domains/hostdemo.co.in/public_html/gruballergy/index.php(79): CodeIgniter\CodeIgniter->run()
#10 {main}
CRITICAL - 2024-07-24 15:10:56 --> Unknown column 'recipe_category_tag.category_id' in 'on clause'
in SYSTEMPATH/Database/BaseConnection.php on line 647.
 1 SYSTEMPATH/Database/BaseBuilder.php(1615): CodeIgniter\Database\BaseConnection->query()
 2 APPPATH/Models/Recipes_Model.php(280): CodeIgniter\Database\BaseBuilder->get()
 3 APPPATH/Controllers/Site_Controller.php(260): App\Models\Recipes_Model->single_details_recipe()
 4 SYSTEMPATH/CodeIgniter.php(942): App\Controllers\Site_Controller->details_page()
 5 SYSTEMPATH/CodeIgniter.php(502): CodeIgniter\CodeIgniter->runController()
 6 SYSTEMPATH/CodeIgniter.php(361): CodeIgniter\CodeIgniter->handleRequest()
 7 FCPATH/index.php(79): CodeIgniter\CodeIgniter->run()
ERROR - 2024-07-24 15:12:35 --> mysqli_sql_exception: Unknown column 'recipes.id' in 'on clause' in /home/u582998483/domains/hostdemo.co.in/public_html/gruballergy/system/Database/MySQLi/Connection.php:306
Stack trace:
#0 /home/u582998483/domains/hostdemo.co.in/public_html/gruballergy/system/Database/MySQLi/Connection.php(306): mysqli->query()
#1 /home/u582998483/domains/hostdemo.co.in/public_html/gruballergy/system/Database/BaseConnection.php(693): CodeIgniter\Database\MySQLi\Connection->execute()
#2 /home/u582998483/domains/hostdemo.co.in/public_html/gruballergy/system/Database/BaseConnection.php(607): CodeIgniter\Database\BaseConnection->simpleQuery()
#3 /home/u582998483/domains/hostdemo.co.in/public_html/gruballergy/system/Database/BaseBuilder.php(1615): CodeIgniter\Database\BaseConnection->query()
#4 /home/u582998483/domains/hostdemo.co.in/public_html/gruballergy/app/Models/Recipes_Model.php(281): CodeIgniter\Database\BaseBuilder->get()
#5 /home/u582998483/domains/hostdemo.co.in/public_html/gruballergy/app/Controllers/Site_Controller.php(260): App\Models\Recipes_Model->single_details_recipe()
#6 /home/u582998483/domains/hostdemo.co.in/public_html/gruballergy/system/CodeIgniter.php(942): App\Controllers\Site_Controller->details_page()
#7 /home/u582998483/domains/hostdemo.co.in/public_html/gruballergy/system/CodeIgniter.php(502): CodeIgniter\CodeIgniter->runController()
#8 /home/u582998483/domains/hostdemo.co.in/public_html/gruballergy/system/CodeIgniter.php(361): CodeIgniter\CodeIgniter->handleRequest()
#9 /home/u582998483/domains/hostdemo.co.in/public_html/gruballergy/index.php(79): CodeIgniter\CodeIgniter->run()
#10 {main}
CRITICAL - 2024-07-24 15:12:35 --> Unknown column 'recipes.id' in 'on clause'
in SYSTEMPATH/Database/BaseConnection.php on line 647.
 1 SYSTEMPATH/Database/BaseBuilder.php(1615): CodeIgniter\Database\BaseConnection->query()
 2 APPPATH/Models/Recipes_Model.php(281): CodeIgniter\Database\BaseBuilder->get()
 3 APPPATH/Controllers/Site_Controller.php(260): App\Models\Recipes_Model->single_details_recipe()
 4 SYSTEMPATH/CodeIgniter.php(942): App\Controllers\Site_Controller->details_page()
 5 SYSTEMPATH/CodeIgniter.php(502): CodeIgniter\CodeIgniter->runController()
 6 SYSTEMPATH/CodeIgniter.php(361): CodeIgniter\CodeIgniter->handleRequest()
 7 FCPATH/index.php(79): CodeIgniter\CodeIgniter->run()
ERROR - 2024-07-24 15:12:37 --> mysqli_sql_exception: Unknown column 'recipes.id' in 'on clause' in /home/u582998483/domains/hostdemo.co.in/public_html/gruballergy/system/Database/MySQLi/Connection.php:306
Stack trace:
#0 /home/u582998483/domains/hostdemo.co.in/public_html/gruballergy/system/Database/MySQLi/Connection.php(306): mysqli->query()
#1 /home/u582998483/domains/hostdemo.co.in/public_html/gruballergy/system/Database/BaseConnection.php(693): CodeIgniter\Database\MySQLi\Connection->execute()
#2 /home/u582998483/domains/hostdemo.co.in/public_html/gruballergy/system/Database/BaseConnection.php(607): CodeIgniter\Database\BaseConnection->simpleQuery()
#3 /home/u582998483/domains/hostdemo.co.in/public_html/gruballergy/system/Database/BaseBuilder.php(1615): CodeIgniter\Database\BaseConnection->query()
#4 /home/u582998483/domains/hostdemo.co.in/public_html/gruballergy/app/Models/Recipes_Model.php(281): CodeIgniter\Database\BaseBuilder->get()
#5 /home/u582998483/domains/hostdemo.co.in/public_html/gruballergy/app/Controllers/Site_Controller.php(260): App\Models\Recipes_Model->single_details_recipe()
#6 /home/u582998483/domains/hostdemo.co.in/public_html/gruballergy/system/CodeIgniter.php(942): App\Controllers\Site_Controller->details_page()
#7 /home/u582998483/domains/hostdemo.co.in/public_html/gruballergy/system/CodeIgniter.php(502): CodeIgniter\CodeIgniter->runController()
#8 /home/u582998483/domains/hostdemo.co.in/public_html/gruballergy/system/CodeIgniter.php(361): CodeIgniter\CodeIgniter->handleRequest()
#9 /home/u582998483/domains/hostdemo.co.in/public_html/gruballergy/index.php(79): CodeIgniter\CodeIgniter->run()
#10 {main}
CRITICAL - 2024-07-24 15:12:37 --> Unknown column 'recipes.id' in 'on clause'
in SYSTEMPATH/Database/BaseConnection.php on line 647.
 1 SYSTEMPATH/Database/BaseBuilder.php(1615): CodeIgniter\Database\BaseConnection->query()
 2 APPPATH/Models/Recipes_Model.php(281): CodeIgniter\Database\BaseBuilder->get()
 3 APPPATH/Controllers/Site_Controller.php(260): App\Models\Recipes_Model->single_details_recipe()
 4 SYSTEMPATH/CodeIgniter.php(942): App\Controllers\Site_Controller->details_page()
 5 SYSTEMPATH/CodeIgniter.php(502): CodeIgniter\CodeIgniter->runController()
 6 SYSTEMPATH/CodeIgniter.php(361): CodeIgniter\CodeIgniter->handleRequest()
 7 FCPATH/index.php(79): CodeIgniter\CodeIgniter->run()
CRITICAL - 2024-07-24 15:23:55 --> Unmatched '}'
in APPPATH/Views/site/details_page.php on line 480.
 1 SYSTEMPATH/View/View.php(231): CodeIgniter\View\View->CodeIgniter\View\{closure}()
 2 SYSTEMPATH/Common.php(1190): CodeIgniter\View\View->render()
 3 APPPATH/Views/site/layout.php(7): view()
 4 SYSTEMPATH/View/View.php(228): include('/home/u582998483/domains/hostdemo.co.in/public_html/gruballergy/app/Views/site/layout.php')
 5 SYSTEMPATH/View/View.php(231): CodeIgniter\View\View->CodeIgniter\View\{closure}()
 6 SYSTEMPATH/Common.php(1190): CodeIgniter\View\View->render()
 7 APPPATH/Controllers/Site_Controller.php(283): view()
 8 SYSTEMPATH/CodeIgniter.php(942): App\Controllers\Site_Controller->details_page()
 9 SYSTEMPATH/CodeIgniter.php(502): CodeIgniter\CodeIgniter->runController()
10 SYSTEMPATH/CodeIgniter.php(361): CodeIgniter\CodeIgniter->handleRequest()
11 FCPATH/index.php(79): CodeIgniter\CodeIgniter->run()
CRITICAL - 2024-07-24 15:27:27 --> Unmatched '}'
in APPPATH/Views/site/details_page.php on line 480.
 1 SYSTEMPATH/View/View.php(231): CodeIgniter\View\View->CodeIgniter\View\{closure}()
 2 SYSTEMPATH/Common.php(1190): CodeIgniter\View\View->render()
 3 APPPATH/Views/site/layout.php(7): view()
 4 SYSTEMPATH/View/View.php(228): include('/home/u582998483/domains/hostdemo.co.in/public_html/gruballergy/app/Views/site/layout.php')
 5 SYSTEMPATH/View/View.php(231): CodeIgniter\View\View->CodeIgniter\View\{closure}()
 6 SYSTEMPATH/Common.php(1190): CodeIgniter\View\View->render()
 7 APPPATH/Controllers/Site_Controller.php(283): view()
 8 SYSTEMPATH/CodeIgniter.php(942): App\Controllers\Site_Controller->details_page()
 9 SYSTEMPATH/CodeIgniter.php(502): CodeIgniter\CodeIgniter->runController()
10 SYSTEMPATH/CodeIgniter.php(361): CodeIgniter\CodeIgniter->handleRequest()
11 FCPATH/index.php(79): CodeIgniter\CodeIgniter->run()
CRITICAL - 2024-07-24 15:27:29 --> Unmatched '}'
in APPPATH/Views/site/details_page.php on line 480.
 1 SYSTEMPATH/View/View.php(231): CodeIgniter\View\View->CodeIgniter\View\{closure}()
 2 SYSTEMPATH/Common.php(1190): CodeIgniter\View\View->render()
 3 APPPATH/Views/site/layout.php(7): view()
 4 SYSTEMPATH/View/View.php(228): include('/home/u582998483/domains/hostdemo.co.in/public_html/gruballergy/app/Views/site/layout.php')
 5 SYSTEMPATH/View/View.php(231): CodeIgniter\View\View->CodeIgniter\View\{closure}()
 6 SYSTEMPATH/Common.php(1190): CodeIgniter\View\View->render()
 7 APPPATH/Controllers/Site_Controller.php(283): view()
 8 SYSTEMPATH/CodeIgniter.php(942): App\Controllers\Site_Controller->details_page()
 9 SYSTEMPATH/CodeIgniter.php(502): CodeIgniter\CodeIgniter->runController()
10 SYSTEMPATH/CodeIgniter.php(361): CodeIgniter\CodeIgniter->handleRequest()
11 FCPATH/index.php(79): CodeIgniter\CodeIgniter->run()
CRITICAL - 2024-07-24 15:40:57 --> syntax error, unexpected token "return"
in APPPATH/Models/Article_Model.php on line 211.
 1 SYSTEMPATH/Autoloader/Autoloader.php(291): CodeIgniter\Autoloader\Autoloader->includeFile()
 2 SYSTEMPATH/Autoloader/Autoloader.php(269): CodeIgniter\Autoloader\Autoloader->loadInNamespace()
 3 APPPATH/Controllers/Site_Controller.php(81): CodeIgniter\Autoloader\Autoloader->loadClass()
 4 SYSTEMPATH/CodeIgniter.php(914): App\Controllers\Site_Controller->__construct()
 5 SYSTEMPATH/CodeIgniter.php(493): CodeIgniter\CodeIgniter->createController()
 6 SYSTEMPATH/CodeIgniter.php(361): CodeIgniter\CodeIgniter->handleRequest()
 7 FCPATH/index.php(79): CodeIgniter\CodeIgniter->run()
CRITICAL - 2024-07-24 16:42:13 --> Undefined property: stdClass::$re_images
in APPPATH/Views/site/details_page.php on line 114.
 1 APPPATH/Views/site/details_page.php(114): CodeIgniter\Debug\Exceptions->errorHandler()
 2 SYSTEMPATH/View/View.php(228): include('/home/u582998483/domains/hostdemo.co.in/public_html/gruballergy/app/Views/site/details_page.php')
 3 SYSTEMPATH/View/View.php(231): CodeIgniter\View\View->CodeIgniter\View\{closure}()
 4 SYSTEMPATH/Common.php(1190): CodeIgniter\View\View->render()
 5 APPPATH/Views/site/layout.php(7): view()
 6 SYSTEMPATH/View/View.php(228): include('/home/u582998483/domains/hostdemo.co.in/public_html/gruballergy/app/Views/site/layout.php')
 7 SYSTEMPATH/View/View.php(231): CodeIgniter\View\View->CodeIgniter\View\{closure}()
 8 SYSTEMPATH/Common.php(1190): CodeIgniter\View\View->render()
 9 APPPATH/Controllers/Site_Controller.php(279): view()
10 SYSTEMPATH/CodeIgniter.php(942): App\Controllers\Site_Controller->details_page()
11 SYSTEMPATH/CodeIgniter.php(502): CodeIgniter\CodeIgniter->runController()
12 SYSTEMPATH/CodeIgniter.php(361): CodeIgniter\CodeIgniter->handleRequest()
13 FCPATH/index.php(79): CodeIgniter\CodeIgniter->run()
CRITICAL - 2024-07-24 16:45:10 --> Undefined property: stdClass::$re_images
in APPPATH/Views/site/details_page.php on line 114.
 1 APPPATH/Views/site/details_page.php(114): CodeIgniter\Debug\Exceptions->errorHandler()
 2 SYSTEMPATH/View/View.php(228): include('/home/u582998483/domains/hostdemo.co.in/public_html/gruballergy/app/Views/site/details_page.php')
 3 SYSTEMPATH/View/View.php(231): CodeIgniter\View\View->CodeIgniter\View\{closure}()
 4 SYSTEMPATH/Common.php(1190): CodeIgniter\View\View->render()
 5 APPPATH/Views/site/layout.php(7): view()
 6 SYSTEMPATH/View/View.php(228): include('/home/u582998483/domains/hostdemo.co.in/public_html/gruballergy/app/Views/site/layout.php')
 7 SYSTEMPATH/View/View.php(231): CodeIgniter\View\View->CodeIgniter\View\{closure}()
 8 SYSTEMPATH/Common.php(1190): CodeIgniter\View\View->render()
 9 APPPATH/Controllers/Site_Controller.php(279): view()
10 SYSTEMPATH/CodeIgniter.php(942): App\Controllers\Site_Controller->details_page()
11 SYSTEMPATH/CodeIgniter.php(502): CodeIgniter\CodeIgniter->runController()
12 SYSTEMPATH/CodeIgniter.php(361): CodeIgniter\CodeIgniter->handleRequest()
13 FCPATH/index.php(79): CodeIgniter\CodeIgniter->run()
CRITICAL - 2024-07-24 16:45:11 --> Undefined property: stdClass::$re_images
in APPPATH/Views/site/details_page.php on line 114.
 1 APPPATH/Views/site/details_page.php(114): CodeIgniter\Debug\Exceptions->errorHandler()
 2 SYSTEMPATH/View/View.php(228): include('/home/u582998483/domains/hostdemo.co.in/public_html/gruballergy/app/Views/site/details_page.php')
 3 SYSTEMPATH/View/View.php(231): CodeIgniter\View\View->CodeIgniter\View\{closure}()
 4 SYSTEMPATH/Common.php(1190): CodeIgniter\View\View->render()
 5 APPPATH/Views/site/layout.php(7): view()
 6 SYSTEMPATH/View/View.php(228): include('/home/u582998483/domains/hostdemo.co.in/public_html/gruballergy/app/Views/site/layout.php')
 7 SYSTEMPATH/View/View.php(231): CodeIgniter\View\View->CodeIgniter\View\{closure}()
 8 SYSTEMPATH/Common.php(1190): CodeIgniter\View\View->render()
 9 APPPATH/Controllers/Site_Controller.php(279): view()
10 SYSTEMPATH/CodeIgniter.php(942): App\Controllers\Site_Controller->details_page()
11 SYSTEMPATH/CodeIgniter.php(502): CodeIgniter\CodeIgniter->runController()
12 SYSTEMPATH/CodeIgniter.php(361): CodeIgniter\CodeIgniter->handleRequest()
13 FCPATH/index.php(79): CodeIgniter\CodeIgniter->run()
CRITICAL - 2024-07-24 16:45:13 --> Undefined property: stdClass::$re_images
in APPPATH/Views/site/details_page.php on line 114.
 1 APPPATH/Views/site/details_page.php(114): CodeIgniter\Debug\Exceptions->errorHandler()
 2 SYSTEMPATH/View/View.php(228): include('/home/u582998483/domains/hostdemo.co.in/public_html/gruballergy/app/Views/site/details_page.php')
 3 SYSTEMPATH/View/View.php(231): CodeIgniter\View\View->CodeIgniter\View\{closure}()
 4 SYSTEMPATH/Common.php(1190): CodeIgniter\View\View->render()
 5 APPPATH/Views/site/layout.php(7): view()
 6 SYSTEMPATH/View/View.php(228): include('/home/u582998483/domains/hostdemo.co.in/public_html/gruballergy/app/Views/site/layout.php')
 7 SYSTEMPATH/View/View.php(231): CodeIgniter\View\View->CodeIgniter\View\{closure}()
 8 SYSTEMPATH/Common.php(1190): CodeIgniter\View\View->render()
 9 APPPATH/Controllers/Site_Controller.php(279): view()
10 SYSTEMPATH/CodeIgniter.php(942): App\Controllers\Site_Controller->details_page()
11 SYSTEMPATH/CodeIgniter.php(502): CodeIgniter\CodeIgniter->runController()
12 SYSTEMPATH/CodeIgniter.php(361): CodeIgniter\CodeIgniter->handleRequest()
13 FCPATH/index.php(79): CodeIgniter\CodeIgniter->run()
CRITICAL - 2024-07-24 17:12:26 --> Attempt to read property "current" on array
in APPPATH/Controllers/Site_Controller.php on line 265.
 1 APPPATH/Controllers/Site_Controller.php(265): CodeIgniter\Debug\Exceptions->errorHandler()
 2 SYSTEMPATH/CodeIgniter.php(942): App\Controllers\Site_Controller->details_page()
 3 SYSTEMPATH/CodeIgniter.php(502): CodeIgniter\CodeIgniter->runController()
 4 SYSTEMPATH/CodeIgniter.php(361): CodeIgniter\CodeIgniter->handleRequest()
 5 FCPATH/index.php(79): CodeIgniter\CodeIgniter->run()
CRITICAL - 2024-07-24 17:12:46 --> Attempt to read property "current" on array
in APPPATH/Controllers/Site_Controller.php on line 265.
 1 APPPATH/Controllers/Site_Controller.php(265): CodeIgniter\Debug\Exceptions->errorHandler()
 2 SYSTEMPATH/CodeIgniter.php(942): App\Controllers\Site_Controller->details_page()
 3 SYSTEMPATH/CodeIgniter.php(502): CodeIgniter\CodeIgniter->runController()
 4 SYSTEMPATH/CodeIgniter.php(361): CodeIgniter\CodeIgniter->handleRequest()
 5 FCPATH/index.php(79): CodeIgniter\CodeIgniter->run()
CRITICAL - 2024-07-24 17:12:47 --> Attempt to read property "current" on array
in APPPATH/Controllers/Site_Controller.php on line 265.
 1 APPPATH/Controllers/Site_Controller.php(265): CodeIgniter\Debug\Exceptions->errorHandler()
 2 SYSTEMPATH/CodeIgniter.php(942): App\Controllers\Site_Controller->details_page()
 3 SYSTEMPATH/CodeIgniter.php(502): CodeIgniter\CodeIgniter->runController()
 4 SYSTEMPATH/CodeIgniter.php(361): CodeIgniter\CodeIgniter->handleRequest()
 5 FCPATH/index.php(79): CodeIgniter\CodeIgniter->run()
CRITICAL - 2024-07-24 17:12:48 --> Attempt to read property "current" on array
in APPPATH/Controllers/Site_Controller.php on line 265.
 1 APPPATH/Controllers/Site_Controller.php(265): CodeIgniter\Debug\Exceptions->errorHandler()
 2 SYSTEMPATH/CodeIgniter.php(942): App\Controllers\Site_Controller->details_page()
 3 SYSTEMPATH/CodeIgniter.php(502): CodeIgniter\CodeIgniter->runController()
 4 SYSTEMPATH/CodeIgniter.php(361): CodeIgniter\CodeIgniter->handleRequest()
 5 FCPATH/index.php(79): CodeIgniter\CodeIgniter->run()
CRITICAL - 2024-07-24 17:14:18 --> Attempt to read property "current" on array
in APPPATH/Controllers/Site_Controller.php on line 265.
 1 APPPATH/Controllers/Site_Controller.php(265): CodeIgniter\Debug\Exceptions->errorHandler()
 2 SYSTEMPATH/CodeIgniter.php(942): App\Controllers\Site_Controller->details_page()
 3 SYSTEMPATH/CodeIgniter.php(502): CodeIgniter\CodeIgniter->runController()
 4 SYSTEMPATH/CodeIgniter.php(361): CodeIgniter\CodeIgniter->handleRequest()
 5 FCPATH/index.php(79): CodeIgniter\CodeIgniter->run()
CRITICAL - 2024-07-24 17:16:46 --> Call to undefined method App\Models\Recipes_Model::get_all_receipes
in SYSTEMPATH/Model.php on line 873.
 1 APPPATH/Controllers/Site_Controller.php(507): CodeIgniter\Model->__call()
 2 SYSTEMPATH/CodeIgniter.php(942): App\Controllers\Site_Controller->articles()
 3 SYSTEMPATH/CodeIgniter.php(502): CodeIgniter\CodeIgniter->runController()
 4 SYSTEMPATH/CodeIgniter.php(361): CodeIgniter\CodeIgniter->handleRequest()
 5 FCPATH/index.php(79): CodeIgniter\CodeIgniter->run()
CRITICAL - 2024-07-24 17:17:41 --> Attempt to read property "re_title" on array
in APPPATH/Controllers/Site_Controller.php on line 266.
 1 APPPATH/Controllers/Site_Controller.php(266): CodeIgniter\Debug\Exceptions->errorHandler()
 2 SYSTEMPATH/CodeIgniter.php(942): App\Controllers\Site_Controller->details_page()
 3 SYSTEMPATH/CodeIgniter.php(502): CodeIgniter\CodeIgniter->runController()
 4 SYSTEMPATH/CodeIgniter.php(361): CodeIgniter\CodeIgniter->handleRequest()
 5 FCPATH/index.php(79): CodeIgniter\CodeIgniter->run()
CRITICAL - 2024-07-24 17:20:21 --> Call to undefined method App\Models\Recipes_Model::get_all_receipes
in SYSTEMPATH/Model.php on line 873.
 1 APPPATH/Controllers/Site_Controller.php(509): CodeIgniter\Model->__call()
 2 SYSTEMPATH/CodeIgniter.php(942): App\Controllers\Site_Controller->articles()
 3 SYSTEMPATH/CodeIgniter.php(502): CodeIgniter\CodeIgniter->runController()
 4 SYSTEMPATH/CodeIgniter.php(361): CodeIgniter\CodeIgniter->handleRequest()
 5 FCPATH/index.php(79): CodeIgniter\CodeIgniter->run()
CRITICAL - 2024-07-24 17:20:53 --> Call to undefined method App\Models\Recipes_Model::get_all_receipes
in SYSTEMPATH/Model.php on line 873.
 1 APPPATH/Controllers/Site_Controller.php(509): CodeIgniter\Model->__call()
 2 SYSTEMPATH/CodeIgniter.php(942): App\Controllers\Site_Controller->articles()
 3 SYSTEMPATH/CodeIgniter.php(502): CodeIgniter\CodeIgniter->runController()
 4 SYSTEMPATH/CodeIgniter.php(361): CodeIgniter\CodeIgniter->handleRequest()
 5 FCPATH/index.php(79): CodeIgniter\CodeIgniter->run()
CRITICAL - 2024-07-24 17:21:15 --> Call to undefined method App\Models\Recipes_Model::get_all_receipes
in SYSTEMPATH/Model.php on line 873.
 1 APPPATH/Controllers/Site_Controller.php(509): CodeIgniter\Model->__call()
 2 SYSTEMPATH/CodeIgniter.php(942): App\Controllers\Site_Controller->articles()
 3 SYSTEMPATH/CodeIgniter.php(502): CodeIgniter\CodeIgniter->runController()
 4 SYSTEMPATH/CodeIgniter.php(361): CodeIgniter\CodeIgniter->handleRequest()
 5 FCPATH/index.php(79): CodeIgniter\CodeIgniter->run()
CRITICAL - 2024-07-24 17:21:16 --> Call to undefined method App\Models\Recipes_Model::get_all_receipes
in SYSTEMPATH/Model.php on line 873.
 1 APPPATH/Controllers/Site_Controller.php(509): CodeIgniter\Model->__call()
 2 SYSTEMPATH/CodeIgniter.php(942): App\Controllers\Site_Controller->articles()
 3 SYSTEMPATH/CodeIgniter.php(502): CodeIgniter\CodeIgniter->runController()
 4 SYSTEMPATH/CodeIgniter.php(361): CodeIgniter\CodeIgniter->handleRequest()
 5 FCPATH/index.php(79): CodeIgniter\CodeIgniter->run()
CRITICAL - 2024-07-24 17:21:17 --> Call to undefined method App\Models\Recipes_Model::get_all_receipes
in SYSTEMPATH/Model.php on line 873.
 1 APPPATH/Controllers/Site_Controller.php(509): CodeIgniter\Model->__call()
 2 SYSTEMPATH/CodeIgniter.php(942): App\Controllers\Site_Controller->articles()
 3 SYSTEMPATH/CodeIgniter.php(502): CodeIgniter\CodeIgniter->runController()
 4 SYSTEMPATH/CodeIgniter.php(361): CodeIgniter\CodeIgniter->handleRequest()
 5 FCPATH/index.php(79): CodeIgniter\CodeIgniter->run()
CRITICAL - 2024-07-24 17:21:17 --> Call to undefined method App\Models\Recipes_Model::get_all_receipes
in SYSTEMPATH/Model.php on line 873.
 1 APPPATH/Controllers/Site_Controller.php(509): CodeIgniter\Model->__call()
 2 SYSTEMPATH/CodeIgniter.php(942): App\Controllers\Site_Controller->articles()
 3 SYSTEMPATH/CodeIgniter.php(502): CodeIgniter\CodeIgniter->runController()
 4 SYSTEMPATH/CodeIgniter.php(361): CodeIgniter\CodeIgniter->handleRequest()
 5 FCPATH/index.php(79): CodeIgniter\CodeIgniter->run()
CRITICAL - 2024-07-24 17:21:17 --> Call to undefined method App\Models\Recipes_Model::get_all_receipes
in SYSTEMPATH/Model.php on line 873.
 1 APPPATH/Controllers/Site_Controller.php(509): CodeIgniter\Model->__call()
 2 SYSTEMPATH/CodeIgniter.php(942): App\Controllers\Site_Controller->articles()
 3 SYSTEMPATH/CodeIgniter.php(502): CodeIgniter\CodeIgniter->runController()
 4 SYSTEMPATH/CodeIgniter.php(361): CodeIgniter\CodeIgniter->handleRequest()
 5 FCPATH/index.php(79): CodeIgniter\CodeIgniter->run()
CRITICAL - 2024-07-24 17:21:17 --> Call to undefined method App\Models\Recipes_Model::get_all_receipes
in SYSTEMPATH/Model.php on line 873.
 1 APPPATH/Controllers/Site_Controller.php(509): CodeIgniter\Model->__call()
 2 SYSTEMPATH/CodeIgniter.php(942): App\Controllers\Site_Controller->articles()
 3 SYSTEMPATH/CodeIgniter.php(502): CodeIgniter\CodeIgniter->runController()
 4 SYSTEMPATH/CodeIgniter.php(361): CodeIgniter\CodeIgniter->handleRequest()
 5 FCPATH/index.php(79): CodeIgniter\CodeIgniter->run()
CRITICAL - 2024-07-24 17:22:29 --> Call to undefined method App\Models\Recipes_Model::get_all_receipes
in SYSTEMPATH/Model.php on line 873.
 1 APPPATH/Controllers/Site_Controller.php(509): CodeIgniter\Model->__call()
 2 SYSTEMPATH/CodeIgniter.php(942): App\Controllers\Site_Controller->articles()
 3 SYSTEMPATH/CodeIgniter.php(502): CodeIgniter\CodeIgniter->runController()
 4 SYSTEMPATH/CodeIgniter.php(361): CodeIgniter\CodeIgniter->handleRequest()
 5 FCPATH/index.php(79): CodeIgniter\CodeIgniter->run()
CRITICAL - 2024-07-24 17:22:47 --> Call to undefined method App\Models\Recipes_Model::get_all_receipes
in SYSTEMPATH/Model.php on line 873.
 1 APPPATH/Controllers/Site_Controller.php(509): CodeIgniter\Model->__call()
 2 SYSTEMPATH/CodeIgniter.php(942): App\Controllers\Site_Controller->articles()
 3 SYSTEMPATH/CodeIgniter.php(502): CodeIgniter\CodeIgniter->runController()
 4 SYSTEMPATH/CodeIgniter.php(361): CodeIgniter\CodeIgniter->handleRequest()
 5 FCPATH/index.php(79): CodeIgniter\CodeIgniter->run()
CRITICAL - 2024-07-24 17:24:42 --> Undefined array key "recipeTitle"
in APPPATH/Controllers/Site_Controller.php on line 265.
 1 APPPATH/Controllers/Site_Controller.php(265): CodeIgniter\Debug\Exceptions->errorHandler()
 2 SYSTEMPATH/CodeIgniter.php(942): App\Controllers\Site_Controller->details_page()
 3 SYSTEMPATH/CodeIgniter.php(502): CodeIgniter\CodeIgniter->runController()
 4 SYSTEMPATH/CodeIgniter.php(361): CodeIgniter\CodeIgniter->handleRequest()
 5 FCPATH/index.php(79): CodeIgniter\CodeIgniter->run()
CRITICAL - 2024-07-24 17:25:03 --> Undefined array key "recipeTitle"
in APPPATH/Controllers/Site_Controller.php on line 265.
 1 APPPATH/Controllers/Site_Controller.php(265): CodeIgniter\Debug\Exceptions->errorHandler()
 2 SYSTEMPATH/CodeIgniter.php(942): App\Controllers\Site_Controller->details_page()
 3 SYSTEMPATH/CodeIgniter.php(502): CodeIgniter\CodeIgniter->runController()
 4 SYSTEMPATH/CodeIgniter.php(361): CodeIgniter\CodeIgniter->handleRequest()
 5 FCPATH/index.php(79): CodeIgniter\CodeIgniter->run()
CRITICAL - 2024-07-24 17:25:06 --> Undefined array key "recipeTitle"
in APPPATH/Controllers/Site_Controller.php on line 265.
 1 APPPATH/Controllers/Site_Controller.php(265): CodeIgniter\Debug\Exceptions->errorHandler()
 2 SYSTEMPATH/CodeIgniter.php(942): App\Controllers\Site_Controller->details_page()
 3 SYSTEMPATH/CodeIgniter.php(502): CodeIgniter\CodeIgniter->runController()
 4 SYSTEMPATH/CodeIgniter.php(361): CodeIgniter\CodeIgniter->handleRequest()
 5 FCPATH/index.php(79): CodeIgniter\CodeIgniter->run()
CRITICAL - 2024-07-24 17:25:06 --> Undefined array key "recipeTitle"
in APPPATH/Controllers/Site_Controller.php on line 265.
 1 APPPATH/Controllers/Site_Controller.php(265): CodeIgniter\Debug\Exceptions->errorHandler()
 2 SYSTEMPATH/CodeIgniter.php(942): App\Controllers\Site_Controller->details_page()
 3 SYSTEMPATH/CodeIgniter.php(502): CodeIgniter\CodeIgniter->runController()
 4 SYSTEMPATH/CodeIgniter.php(361): CodeIgniter\CodeIgniter->handleRequest()
 5 FCPATH/index.php(79): CodeIgniter\CodeIgniter->run()
CRITICAL - 2024-07-24 17:25:06 --> Undefined array key "recipeTitle"
in APPPATH/Controllers/Site_Controller.php on line 265.
 1 APPPATH/Controllers/Site_Controller.php(265): CodeIgniter\Debug\Exceptions->errorHandler()
 2 SYSTEMPATH/CodeIgniter.php(942): App\Controllers\Site_Controller->details_page()
 3 SYSTEMPATH/CodeIgniter.php(502): CodeIgniter\CodeIgniter->runController()
 4 SYSTEMPATH/CodeIgniter.php(361): CodeIgniter\CodeIgniter->handleRequest()
 5 FCPATH/index.php(79): CodeIgniter\CodeIgniter->run()
CRITICAL - 2024-07-24 17:25:06 --> Undefined array key "recipeTitle"
in APPPATH/Controllers/Site_Controller.php on line 265.
 1 APPPATH/Controllers/Site_Controller.php(265): CodeIgniter\Debug\Exceptions->errorHandler()
 2 SYSTEMPATH/CodeIgniter.php(942): App\Controllers\Site_Controller->details_page()
 3 SYSTEMPATH/CodeIgniter.php(502): CodeIgniter\CodeIgniter->runController()
 4 SYSTEMPATH/CodeIgniter.php(361): CodeIgniter\CodeIgniter->handleRequest()
 5 FCPATH/index.php(79): CodeIgniter\CodeIgniter->run()
CRITICAL - 2024-07-24 17:25:06 --> Undefined array key "recipeTitle"
in APPPATH/Controllers/Site_Controller.php on line 265.
 1 APPPATH/Controllers/Site_Controller.php(265): CodeIgniter\Debug\Exceptions->errorHandler()
 2 SYSTEMPATH/CodeIgniter.php(942): App\Controllers\Site_Controller->details_page()
 3 SYSTEMPATH/CodeIgniter.php(502): CodeIgniter\CodeIgniter->runController()
 4 SYSTEMPATH/CodeIgniter.php(361): CodeIgniter\CodeIgniter->handleRequest()
 5 FCPATH/index.php(79): CodeIgniter\CodeIgniter->run()
CRITICAL - 2024-07-24 17:26:00 --> Cannot use object of type stdClass as array
in APPPATH/Controllers/Site_Controller.php on line 265.
 1 SYSTEMPATH/CodeIgniter.php(942): App\Controllers\Site_Controller->details_page()
 2 SYSTEMPATH/CodeIgniter.php(502): CodeIgniter\CodeIgniter->runController()
 3 SYSTEMPATH/CodeIgniter.php(361): CodeIgniter\CodeIgniter->handleRequest()
 4 FCPATH/index.php(79): CodeIgniter\CodeIgniter->run()
CRITICAL - 2024-07-24 17:26:10 --> Cannot use object of type stdClass as array
in APPPATH/Controllers/Site_Controller.php on line 265.
 1 SYSTEMPATH/CodeIgniter.php(942): App\Controllers\Site_Controller->details_page()
 2 SYSTEMPATH/CodeIgniter.php(502): CodeIgniter\CodeIgniter->runController()
 3 SYSTEMPATH/CodeIgniter.php(361): CodeIgniter\CodeIgniter->handleRequest()
 4 FCPATH/index.php(79): CodeIgniter\CodeIgniter->run()
CRITICAL - 2024-07-24 17:26:15 --> Object of class stdClass could not be converted to string
in APPPATH/Controllers/Site_Controller.php on line 268.
 1 SYSTEMPATH/CodeIgniter.php(942): App\Controllers\Site_Controller->details_page()
 2 SYSTEMPATH/CodeIgniter.php(502): CodeIgniter\CodeIgniter->runController()
 3 SYSTEMPATH/CodeIgniter.php(361): CodeIgniter\CodeIgniter->handleRequest()
 4 FCPATH/index.php(79): CodeIgniter\CodeIgniter->run()
CRITICAL - 2024-07-24 17:26:54 --> Undefined variable $db
in APPPATH/Views/site/articles.php on line 137.
 1 APPPATH/Views/site/articles.php(137): CodeIgniter\Debug\Exceptions->errorHandler()
 2 APPPATH/Views/site/articles.php(151): send_all_categorywise_receipe_cnt()
 3 SYSTEMPATH/View/View.php(228): include('/home/u582998483/domains/hostdemo.co.in/public_html/gruballergy/app/Views/site/articles.php')
 4 SYSTEMPATH/View/View.php(231): CodeIgniter\View\View->CodeIgniter\View\{closure}()
 5 SYSTEMPATH/Common.php(1190): CodeIgniter\View\View->render()
 6 APPPATH/Views/site/layout.php(7): view()
 7 SYSTEMPATH/View/View.php(228): include('/home/u582998483/domains/hostdemo.co.in/public_html/gruballergy/app/Views/site/layout.php')
 8 SYSTEMPATH/View/View.php(231): CodeIgniter\View\View->CodeIgniter\View\{closure}()
 9 SYSTEMPATH/Common.php(1190): CodeIgniter\View\View->render()
10 APPPATH/Controllers/Site_Controller.php(511): view()
11 SYSTEMPATH/CodeIgniter.php(942): App\Controllers\Site_Controller->articles()
12 SYSTEMPATH/CodeIgniter.php(502): CodeIgniter\CodeIgniter->runController()
13 SYSTEMPATH/CodeIgniter.php(361): CodeIgniter\CodeIgniter->handleRequest()
14 FCPATH/index.php(79): CodeIgniter\CodeIgniter->run()
CRITICAL - 2024-07-24 17:27:00 --> Cannot use object of type stdClass as array
in APPPATH/Controllers/Site_Controller.php on line 268.
 1 SYSTEMPATH/CodeIgniter.php(942): App\Controllers\Site_Controller->details_page()
 2 SYSTEMPATH/CodeIgniter.php(502): CodeIgniter\CodeIgniter->runController()
 3 SYSTEMPATH/CodeIgniter.php(361): CodeIgniter\CodeIgniter->handleRequest()
 4 FCPATH/index.php(79): CodeIgniter\CodeIgniter->run()
CRITICAL - 2024-07-24 17:27:44 --> Using $this when not in object context
in APPPATH/Views/site/articles.php on line 137.
 1 APPPATH/Views/site/articles.php(151): send_all_categorywise_receipe_cnt()
 2 SYSTEMPATH/View/View.php(228): include('/home/u582998483/domains/hostdemo.co.in/public_html/gruballergy/app/Views/site/articles.php')
 3 SYSTEMPATH/View/View.php(231): CodeIgniter\View\View->CodeIgniter\View\{closure}()
 4 SYSTEMPATH/Common.php(1190): CodeIgniter\View\View->render()
 5 APPPATH/Views/site/layout.php(7): view()
 6 SYSTEMPATH/View/View.php(228): include('/home/u582998483/domains/hostdemo.co.in/public_html/gruballergy/app/Views/site/layout.php')
 7 SYSTEMPATH/View/View.php(231): CodeIgniter\View\View->CodeIgniter\View\{closure}()
 8 SYSTEMPATH/Common.php(1190): CodeIgniter\View\View->render()
 9 APPPATH/Controllers/Site_Controller.php(511): view()
10 SYSTEMPATH/CodeIgniter.php(942): App\Controllers\Site_Controller->articles()
11 SYSTEMPATH/CodeIgniter.php(502): CodeIgniter\CodeIgniter->runController()
12 SYSTEMPATH/CodeIgniter.php(361): CodeIgniter\CodeIgniter->handleRequest()
13 FCPATH/index.php(79): CodeIgniter\CodeIgniter->run()
CRITICAL - 2024-07-24 17:28:07 --> Using $this when not in object context
in APPPATH/Views/site/articles.php on line 137.
 1 APPPATH/Views/site/articles.php(151): send_all_categorywise_receipe_cnt()
 2 SYSTEMPATH/View/View.php(228): include('/home/u582998483/domains/hostdemo.co.in/public_html/gruballergy/app/Views/site/articles.php')
 3 SYSTEMPATH/View/View.php(231): CodeIgniter\View\View->CodeIgniter\View\{closure}()
 4 SYSTEMPATH/Common.php(1190): CodeIgniter\View\View->render()
 5 APPPATH/Views/site/layout.php(7): view()
 6 SYSTEMPATH/View/View.php(228): include('/home/u582998483/domains/hostdemo.co.in/public_html/gruballergy/app/Views/site/layout.php')
 7 SYSTEMPATH/View/View.php(231): CodeIgniter\View\View->CodeIgniter\View\{closure}()
 8 SYSTEMPATH/Common.php(1190): CodeIgniter\View\View->render()
 9 APPPATH/Controllers/Site_Controller.php(511): view()
10 SYSTEMPATH/CodeIgniter.php(942): App\Controllers\Site_Controller->articles()
11 SYSTEMPATH/CodeIgniter.php(502): CodeIgniter\CodeIgniter->runController()
12 SYSTEMPATH/CodeIgniter.php(361): CodeIgniter\CodeIgniter->handleRequest()
13 FCPATH/index.php(79): CodeIgniter\CodeIgniter->run()
CRITICAL - 2024-07-24 17:31:36 --> Unmatched '}'
in APPPATH/Views/site/articles.php on line 164.
 1 SYSTEMPATH/View/View.php(231): CodeIgniter\View\View->CodeIgniter\View\{closure}()
 2 SYSTEMPATH/Common.php(1190): CodeIgniter\View\View->render()
 3 APPPATH/Views/site/layout.php(7): view()
 4 SYSTEMPATH/View/View.php(228): include('/home/u582998483/domains/hostdemo.co.in/public_html/gruballergy/app/Views/site/layout.php')
 5 SYSTEMPATH/View/View.php(231): CodeIgniter\View\View->CodeIgniter\View\{closure}()
 6 SYSTEMPATH/Common.php(1190): CodeIgniter\View\View->render()
 7 APPPATH/Controllers/Site_Controller.php(511): view()
 8 SYSTEMPATH/CodeIgniter.php(942): App\Controllers\Site_Controller->articles()
 9 SYSTEMPATH/CodeIgniter.php(502): CodeIgniter\CodeIgniter->runController()
10 SYSTEMPATH/CodeIgniter.php(361): CodeIgniter\CodeIgniter->handleRequest()
11 FCPATH/index.php(79): CodeIgniter\CodeIgniter->run()
CRITICAL - 2024-07-24 17:34:31 --> Undefined property: CodeIgniter\View\View::$db
in APPPATH/Views/site/articles.php on line 146.
 1 APPPATH/Views/site/articles.php(146): CodeIgniter\Debug\Exceptions->errorHandler()
 2 SYSTEMPATH/View/View.php(228): include('/home/u582998483/domains/hostdemo.co.in/public_html/gruballergy/app/Views/site/articles.php')
 3 SYSTEMPATH/View/View.php(231): CodeIgniter\View\View->CodeIgniter\View\{closure}()
 4 SYSTEMPATH/Common.php(1190): CodeIgniter\View\View->render()
 5 APPPATH/Views/site/layout.php(7): view()
 6 SYSTEMPATH/View/View.php(228): include('/home/u582998483/domains/hostdemo.co.in/public_html/gruballergy/app/Views/site/layout.php')
 7 SYSTEMPATH/View/View.php(231): CodeIgniter\View\View->CodeIgniter\View\{closure}()
 8 SYSTEMPATH/Common.php(1190): CodeIgniter\View\View->render()
 9 APPPATH/Controllers/Site_Controller.php(511): view()
10 SYSTEMPATH/CodeIgniter.php(942): App\Controllers\Site_Controller->articles()
11 SYSTEMPATH/CodeIgniter.php(502): CodeIgniter\CodeIgniter->runController()
12 SYSTEMPATH/CodeIgniter.php(361): CodeIgniter\CodeIgniter->handleRequest()
13 FCPATH/index.php(79): CodeIgniter\CodeIgniter->run()
ERROR - 2024-07-24 18:16:33 --> mysqli_sql_exception: Unknown column 'r.r_id' in 'on clause' in /home/u582998483/domains/hostdemo.co.in/public_html/gruballergy/system/Database/MySQLi/Connection.php:306
Stack trace:
#0 /home/u582998483/domains/hostdemo.co.in/public_html/gruballergy/system/Database/MySQLi/Connection.php(306): mysqli->query()
#1 /home/u582998483/domains/hostdemo.co.in/public_html/gruballergy/system/Database/BaseConnection.php(693): CodeIgniter\Database\MySQLi\Connection->execute()
#2 /home/u582998483/domains/hostdemo.co.in/public_html/gruballergy/system/Database/BaseConnection.php(607): CodeIgniter\Database\BaseConnection->simpleQuery()
#3 /home/u582998483/domains/hostdemo.co.in/public_html/gruballergy/system/Database/BaseBuilder.php(1615): CodeIgniter\Database\BaseConnection->query()
#4 /home/u582998483/domains/hostdemo.co.in/public_html/gruballergy/app/Models/Category_Model.php(151): CodeIgniter\Database\BaseBuilder->get()
#5 /home/u582998483/domains/hostdemo.co.in/public_html/gruballergy/app/Controllers/Site_Controller.php(507): App\Models\Category_Model->get_category_data()
#6 /home/u582998483/domains/hostdemo.co.in/public_html/gruballergy/system/CodeIgniter.php(942): App\Controllers\Site_Controller->articles()
#7 /home/u582998483/domains/hostdemo.co.in/public_html/gruballergy/system/CodeIgniter.php(502): CodeIgniter\CodeIgniter->runController()
#8 /home/u582998483/domains/hostdemo.co.in/public_html/gruballergy/system/CodeIgniter.php(361): CodeIgniter\CodeIgniter->handleRequest()
#9 /home/u582998483/domains/hostdemo.co.in/public_html/gruballergy/index.php(79): CodeIgniter\CodeIgniter->run()
#10 {main}
CRITICAL - 2024-07-24 18:16:33 --> Unknown column 'r.r_id' in 'on clause'
in SYSTEMPATH/Database/BaseConnection.php on line 647.
 1 SYSTEMPATH/Database/BaseBuilder.php(1615): CodeIgniter\Database\BaseConnection->query()
 2 APPPATH/Models/Category_Model.php(151): CodeIgniter\Database\BaseBuilder->get()
 3 APPPATH/Controllers/Site_Controller.php(507): App\Models\Category_Model->get_category_data()
 4 SYSTEMPATH/CodeIgniter.php(942): App\Controllers\Site_Controller->articles()
 5 SYSTEMPATH/CodeIgniter.php(502): CodeIgniter\CodeIgniter->runController()
 6 SYSTEMPATH/CodeIgniter.php(361): CodeIgniter\CodeIgniter->handleRequest()
 7 FCPATH/index.php(79): CodeIgniter\CodeIgniter->run()
CRITICAL - 2024-07-24 18:20:16 --> Call to undefined method App\Models\Category_Model::get_category_data
in SYSTEMPATH/Model.php on line 873.
 1 APPPATH/Controllers/Site_Controller.php(507): CodeIgniter\Model->__call()
 2 SYSTEMPATH/CodeIgniter.php(942): App\Controllers\Site_Controller->articles()
 3 SYSTEMPATH/CodeIgniter.php(502): CodeIgniter\CodeIgniter->runController()
 4 SYSTEMPATH/CodeIgniter.php(361): CodeIgniter\CodeIgniter->handleRequest()
 5 FCPATH/index.php(79): CodeIgniter\CodeIgniter->run()
CRITICAL - 2024-07-24 18:20:19 --> Call to undefined method App\Models\Category_Model::get_category_data
in SYSTEMPATH/Model.php on line 873.
 1 APPPATH/Controllers/Site_Controller.php(507): CodeIgniter\Model->__call()
 2 SYSTEMPATH/CodeIgniter.php(942): App\Controllers\Site_Controller->articles()
 3 SYSTEMPATH/CodeIgniter.php(502): CodeIgniter\CodeIgniter->runController()
 4 SYSTEMPATH/CodeIgniter.php(361): CodeIgniter\CodeIgniter->handleRequest()
 5 FCPATH/index.php(79): CodeIgniter\CodeIgniter->run()
CRITICAL - 2024-07-24 18:20:42 --> Call to undefined method App\Models\Category_Model::get_category_data
in SYSTEMPATH/Model.php on line 873.
 1 APPPATH/Controllers/Site_Controller.php(507): CodeIgniter\Model->__call()
 2 SYSTEMPATH/CodeIgniter.php(942): App\Controllers\Site_Controller->articles()
 3 SYSTEMPATH/CodeIgniter.php(502): CodeIgniter\CodeIgniter->runController()
 4 SYSTEMPATH/CodeIgniter.php(361): CodeIgniter\CodeIgniter->handleRequest()
 5 FCPATH/index.php(79): CodeIgniter\CodeIgniter->run()
CRITICAL - 2024-07-24 18:20:43 --> Call to undefined method App\Models\Category_Model::get_category_data
in SYSTEMPATH/Model.php on line 873.
 1 APPPATH/Controllers/Site_Controller.php(507): CodeIgniter\Model->__call()
 2 SYSTEMPATH/CodeIgniter.php(942): App\Controllers\Site_Controller->articles()
 3 SYSTEMPATH/CodeIgniter.php(502): CodeIgniter\CodeIgniter->runController()
 4 SYSTEMPATH/CodeIgniter.php(361): CodeIgniter\CodeIgniter->handleRequest()
 5 FCPATH/index.php(79): CodeIgniter\CodeIgniter->run()
CRITICAL - 2024-07-24 18:20:43 --> Call to undefined method App\Models\Category_Model::get_category_data
in SYSTEMPATH/Model.php on line 873.
 1 APPPATH/Controllers/Site_Controller.php(507): CodeIgniter\Model->__call()
 2 SYSTEMPATH/CodeIgniter.php(942): App\Controllers\Site_Controller->articles()
 3 SYSTEMPATH/CodeIgniter.php(502): CodeIgniter\CodeIgniter->runController()
 4 SYSTEMPATH/CodeIgniter.php(361): CodeIgniter\CodeIgniter->handleRequest()
 5 FCPATH/index.php(79): CodeIgniter\CodeIgniter->run()
CRITICAL - 2024-07-24 18:20:43 --> Call to undefined method App\Models\Category_Model::get_category_data
in SYSTEMPATH/Model.php on line 873.
 1 APPPATH/Controllers/Site_Controller.php(507): CodeIgniter\Model->__call()
 2 SYSTEMPATH/CodeIgniter.php(942): App\Controllers\Site_Controller->articles()
 3 SYSTEMPATH/CodeIgniter.php(502): CodeIgniter\CodeIgniter->runController()
 4 SYSTEMPATH/CodeIgniter.php(361): CodeIgniter\CodeIgniter->handleRequest()
 5 FCPATH/index.php(79): CodeIgniter\CodeIgniter->run()
CRITICAL - 2024-07-24 18:20:44 --> Call to undefined method App\Models\Category_Model::get_category_data
in SYSTEMPATH/Model.php on line 873.
 1 APPPATH/Controllers/Site_Controller.php(507): CodeIgniter\Model->__call()
 2 SYSTEMPATH/CodeIgniter.php(942): App\Controllers\Site_Controller->articles()
 3 SYSTEMPATH/CodeIgniter.php(502): CodeIgniter\CodeIgniter->runController()
 4 SYSTEMPATH/CodeIgniter.php(361): CodeIgniter\CodeIgniter->handleRequest()
 5 FCPATH/index.php(79): CodeIgniter\CodeIgniter->run()
ERROR - 2024-07-24 18:56:44 --> mysqli_sql_exception: Unknown column 'r.r_id' in 'on clause' in /home/u582998483/domains/hostdemo.co.in/public_html/gruballergy/system/Database/MySQLi/Connection.php:306
Stack trace:
#0 /home/u582998483/domains/hostdemo.co.in/public_html/gruballergy/system/Database/MySQLi/Connection.php(306): mysqli->query()
#1 /home/u582998483/domains/hostdemo.co.in/public_html/gruballergy/system/Database/BaseConnection.php(693): CodeIgniter\Database\MySQLi\Connection->execute()
#2 /home/u582998483/domains/hostdemo.co.in/public_html/gruballergy/system/Database/BaseConnection.php(607): CodeIgniter\Database\BaseConnection->simpleQuery()
#3 /home/u582998483/domains/hostdemo.co.in/public_html/gruballergy/system/Database/BaseBuilder.php(1615): CodeIgniter\Database\BaseConnection->query()
#4 /home/u582998483/domains/hostdemo.co.in/public_html/gruballergy/app/Models/Category_Model.php(162): CodeIgniter\Database\BaseBuilder->get()
#5 /home/u582998483/domains/hostdemo.co.in/public_html/gruballergy/app/Controllers/Site_Controller.php(503): App\Models\Category_Model->send_all_category_wise_receipe_cnt()
#6 /home/u582998483/domains/hostdemo.co.in/public_html/gruballergy/system/CodeIgniter.php(942): App\Controllers\Site_Controller->articles()
#7 /home/u582998483/domains/hostdemo.co.in/public_html/gruballergy/system/CodeIgniter.php(502): CodeIgniter\CodeIgniter->runController()
#8 /home/u582998483/domains/hostdemo.co.in/public_html/gruballergy/system/CodeIgniter.php(361): CodeIgniter\CodeIgniter->handleRequest()
#9 /home/u582998483/domains/hostdemo.co.in/public_html/gruballergy/index.php(79): CodeIgniter\CodeIgniter->run()
#10 {main}
CRITICAL - 2024-07-24 18:56:44 --> Unknown column 'r.r_id' in 'on clause'
in SYSTEMPATH/Database/BaseConnection.php on line 647.
 1 SYSTEMPATH/Database/BaseBuilder.php(1615): CodeIgniter\Database\BaseConnection->query()
 2 APPPATH/Models/Category_Model.php(162): CodeIgniter\Database\BaseBuilder->get()
 3 APPPATH/Controllers/Site_Controller.php(503): App\Models\Category_Model->send_all_category_wise_receipe_cnt()
 4 SYSTEMPATH/CodeIgniter.php(942): App\Controllers\Site_Controller->articles()
 5 SYSTEMPATH/CodeIgniter.php(502): CodeIgniter\CodeIgniter->runController()
 6 SYSTEMPATH/CodeIgniter.php(361): CodeIgniter\CodeIgniter->handleRequest()
 7 FCPATH/index.php(79): CodeIgniter\CodeIgniter->run()
ERROR - 2024-07-24 18:58:33 --> mysqli_sql_exception: Unknown column 'r.r_id' in 'on clause' in /home/u582998483/domains/hostdemo.co.in/public_html/gruballergy/system/Database/MySQLi/Connection.php:306
Stack trace:
#0 /home/u582998483/domains/hostdemo.co.in/public_html/gruballergy/system/Database/MySQLi/Connection.php(306): mysqli->query()
#1 /home/u582998483/domains/hostdemo.co.in/public_html/gruballergy/system/Database/BaseConnection.php(693): CodeIgniter\Database\MySQLi\Connection->execute()
#2 /home/u582998483/domains/hostdemo.co.in/public_html/gruballergy/system/Database/BaseConnection.php(607): CodeIgniter\Database\BaseConnection->simpleQuery()
#3 /home/u582998483/domains/hostdemo.co.in/public_html/gruballergy/system/Database/BaseBuilder.php(1615): CodeIgniter\Database\BaseConnection->query()
#4 /home/u582998483/domains/hostdemo.co.in/public_html/gruballergy/app/Models/Category_Model.php(162): CodeIgniter\Database\BaseBuilder->get()
#5 /home/u582998483/domains/hostdemo.co.in/public_html/gruballergy/app/Controllers/Site_Controller.php(503): App\Models\Category_Model->send_all_category_wise_receipe_cnt()
#6 /home/u582998483/domains/hostdemo.co.in/public_html/gruballergy/system/CodeIgniter.php(942): App\Controllers\Site_Controller->articles()
#7 /home/u582998483/domains/hostdemo.co.in/public_html/gruballergy/system/CodeIgniter.php(502): CodeIgniter\CodeIgniter->runController()
#8 /home/u582998483/domains/hostdemo.co.in/public_html/gruballergy/system/CodeIgniter.php(361): CodeIgniter\CodeIgniter->handleRequest()
#9 /home/u582998483/domains/hostdemo.co.in/public_html/gruballergy/index.php(79): CodeIgniter\CodeIgniter->run()
#10 {main}
CRITICAL - 2024-07-24 18:58:33 --> Unknown column 'r.r_id' in 'on clause'
in SYSTEMPATH/Database/BaseConnection.php on line 647.
 1 SYSTEMPATH/Database/BaseBuilder.php(1615): CodeIgniter\Database\BaseConnection->query()
 2 APPPATH/Models/Category_Model.php(162): CodeIgniter\Database\BaseBuilder->get()
 3 APPPATH/Controllers/Site_Controller.php(503): App\Models\Category_Model->send_all_category_wise_receipe_cnt()
 4 SYSTEMPATH/CodeIgniter.php(942): App\Controllers\Site_Controller->articles()
 5 SYSTEMPATH/CodeIgniter.php(502): CodeIgniter\CodeIgniter->runController()
 6 SYSTEMPATH/CodeIgniter.php(361): CodeIgniter\CodeIgniter->handleRequest()
 7 FCPATH/index.php(79): CodeIgniter\CodeIgniter->run()
ERROR - 2024-07-24 18:58:33 --> mysqli_sql_exception: Unknown column 'r.r_id' in 'on clause' in /home/u582998483/domains/hostdemo.co.in/public_html/gruballergy/system/Database/MySQLi/Connection.php:306
Stack trace:
#0 /home/u582998483/domains/hostdemo.co.in/public_html/gruballergy/system/Database/MySQLi/Connection.php(306): mysqli->query()
#1 /home/u582998483/domains/hostdemo.co.in/public_html/gruballergy/system/Database/BaseConnection.php(693): CodeIgniter\Database\MySQLi\Connection->execute()
#2 /home/u582998483/domains/hostdemo.co.in/public_html/gruballergy/system/Database/BaseConnection.php(607): CodeIgniter\Database\BaseConnection->simpleQuery()
#3 /home/u582998483/domains/hostdemo.co.in/public_html/gruballergy/system/Database/BaseBuilder.php(1615): CodeIgniter\Database\BaseConnection->query()
#4 /home/u582998483/domains/hostdemo.co.in/public_html/gruballergy/app/Models/Category_Model.php(162): CodeIgniter\Database\BaseBuilder->get()
#5 /home/u582998483/domains/hostdemo.co.in/public_html/gruballergy/app/Controllers/Site_Controller.php(503): App\Models\Category_Model->send_all_category_wise_receipe_cnt()
#6 /home/u582998483/domains/hostdemo.co.in/public_html/gruballergy/system/CodeIgniter.php(942): App\Controllers\Site_Controller->articles()
#7 /home/u582998483/domains/hostdemo.co.in/public_html/gruballergy/system/CodeIgniter.php(502): CodeIgniter\CodeIgniter->runController()
#8 /home/u582998483/domains/hostdemo.co.in/public_html/gruballergy/system/CodeIgniter.php(361): CodeIgniter\CodeIgniter->handleRequest()
#9 /home/u582998483/domains/hostdemo.co.in/public_html/gruballergy/index.php(79): CodeIgniter\CodeIgniter->run()
#10 {main}
CRITICAL - 2024-07-24 18:58:33 --> Unknown column 'r.r_id' in 'on clause'
in SYSTEMPATH/Database/BaseConnection.php on line 647.
 1 SYSTEMPATH/Database/BaseBuilder.php(1615): CodeIgniter\Database\BaseConnection->query()
 2 APPPATH/Models/Category_Model.php(162): CodeIgniter\Database\BaseBuilder->get()
 3 APPPATH/Controllers/Site_Controller.php(503): App\Models\Category_Model->send_all_category_wise_receipe_cnt()
 4 SYSTEMPATH/CodeIgniter.php(942): App\Controllers\Site_Controller->articles()
 5 SYSTEMPATH/CodeIgniter.php(502): CodeIgniter\CodeIgniter->runController()
 6 SYSTEMPATH/CodeIgniter.php(361): CodeIgniter\CodeIgniter->handleRequest()
 7 FCPATH/index.php(79): CodeIgniter\CodeIgniter->run()
ERROR - 2024-07-24 18:58:35 --> mysqli_sql_exception: Unknown column 'r.r_id' in 'on clause' in /home/u582998483/domains/hostdemo.co.in/public_html/gruballergy/system/Database/MySQLi/Connection.php:306
Stack trace:
#0 /home/u582998483/domains/hostdemo.co.in/public_html/gruballergy/system/Database/MySQLi/Connection.php(306): mysqli->query()
#1 /home/u582998483/domains/hostdemo.co.in/public_html/gruballergy/system/Database/BaseConnection.php(693): CodeIgniter\Database\MySQLi\Connection->execute()
#2 /home/u582998483/domains/hostdemo.co.in/public_html/gruballergy/system/Database/BaseConnection.php(607): CodeIgniter\Database\BaseConnection->simpleQuery()
#3 /home/u582998483/domains/hostdemo.co.in/public_html/gruballergy/system/Database/BaseBuilder.php(1615): CodeIgniter\Database\BaseConnection->query()
#4 /home/u582998483/domains/hostdemo.co.in/public_html/gruballergy/app/Models/Category_Model.php(162): CodeIgniter\Database\BaseBuilder->get()
#5 /home/u582998483/domains/hostdemo.co.in/public_html/gruballergy/app/Controllers/Site_Controller.php(503): App\Models\Category_Model->send_all_category_wise_receipe_cnt()
#6 /home/u582998483/domains/hostdemo.co.in/public_html/gruballergy/system/CodeIgniter.php(942): App\Controllers\Site_Controller->articles()
#7 /home/u582998483/domains/hostdemo.co.in/public_html/gruballergy/system/CodeIgniter.php(502): CodeIgniter\CodeIgniter->runController()
#8 /home/u582998483/domains/hostdemo.co.in/public_html/gruballergy/system/CodeIgniter.php(361): CodeIgniter\CodeIgniter->handleRequest()
#9 /home/u582998483/domains/hostdemo.co.in/public_html/gruballergy/index.php(79): CodeIgniter\CodeIgniter->run()
#10 {main}
CRITICAL - 2024-07-24 18:58:35 --> Unknown column 'r.r_id' in 'on clause'
in SYSTEMPATH/Database/BaseConnection.php on line 647.
 1 SYSTEMPATH/Database/BaseBuilder.php(1615): CodeIgniter\Database\BaseConnection->query()
 2 APPPATH/Models/Category_Model.php(162): CodeIgniter\Database\BaseBuilder->get()
 3 APPPATH/Controllers/Site_Controller.php(503): App\Models\Category_Model->send_all_category_wise_receipe_cnt()
 4 SYSTEMPATH/CodeIgniter.php(942): App\Controllers\Site_Controller->articles()
 5 SYSTEMPATH/CodeIgniter.php(502): CodeIgniter\CodeIgniter->runController()
 6 SYSTEMPATH/CodeIgniter.php(361): CodeIgniter\CodeIgniter->handleRequest()
 7 FCPATH/index.php(79): CodeIgniter\CodeIgniter->run()
ERROR - 2024-07-24 18:58:35 --> mysqli_sql_exception: Unknown column 'r.r_id' in 'on clause' in /home/u582998483/domains/hostdemo.co.in/public_html/gruballergy/system/Database/MySQLi/Connection.php:306
Stack trace:
#0 /home/u582998483/domains/hostdemo.co.in/public_html/gruballergy/system/Database/MySQLi/Connection.php(306): mysqli->query()
#1 /home/u582998483/domains/hostdemo.co.in/public_html/gruballergy/system/Database/BaseConnection.php(693): CodeIgniter\Database\MySQLi\Connection->execute()
#2 /home/u582998483/domains/hostdemo.co.in/public_html/gruballergy/system/Database/BaseConnection.php(607): CodeIgniter\Database\BaseConnection->simpleQuery()
#3 /home/u582998483/domains/hostdemo.co.in/public_html/gruballergy/system/Database/BaseBuilder.php(1615): CodeIgniter\Database\BaseConnection->query()
#4 /home/u582998483/domains/hostdemo.co.in/public_html/gruballergy/app/Models/Category_Model.php(162): CodeIgniter\Database\BaseBuilder->get()
#5 /home/u582998483/domains/hostdemo.co.in/public_html/gruballergy/app/Controllers/Site_Controller.php(503): App\Models\Category_Model->send_all_category_wise_receipe_cnt()
#6 /home/u582998483/domains/hostdemo.co.in/public_html/gruballergy/system/CodeIgniter.php(942): App\Controllers\Site_Controller->articles()
#7 /home/u582998483/domains/hostdemo.co.in/public_html/gruballergy/system/CodeIgniter.php(502): CodeIgniter\CodeIgniter->runController()
#8 /home/u582998483/domains/hostdemo.co.in/public_html/gruballergy/system/CodeIgniter.php(361): CodeIgniter\CodeIgniter->handleRequest()
#9 /home/u582998483/domains/hostdemo.co.in/public_html/gruballergy/index.php(79): CodeIgniter\CodeIgniter->run()
#10 {main}
CRITICAL - 2024-07-24 18:58:35 --> Unknown column 'r.r_id' in 'on clause'
in SYSTEMPATH/Database/BaseConnection.php on line 647.
 1 SYSTEMPATH/Database/BaseBuilder.php(1615): CodeIgniter\Database\BaseConnection->query()
 2 APPPATH/Models/Category_Model.php(162): CodeIgniter\Database\BaseBuilder->get()
 3 APPPATH/Controllers/Site_Controller.php(503): App\Models\Category_Model->send_all_category_wise_receipe_cnt()
 4 SYSTEMPATH/CodeIgniter.php(942): App\Controllers\Site_Controller->articles()
 5 SYSTEMPATH/CodeIgniter.php(502): CodeIgniter\CodeIgniter->runController()
 6 SYSTEMPATH/CodeIgniter.php(361): CodeIgniter\CodeIgniter->handleRequest()
 7 FCPATH/index.php(79): CodeIgniter\CodeIgniter->run()
CRITICAL - 2024-07-24 22:25:34 --> Call to undefined method App\Models\Article_Model::getRow
in SYSTEMPATH/Model.php on line 873.
 1 APPPATH/Models/Article_Model.php(232): CodeIgniter\Model->__call()
 2 APPPATH/Controllers/Site_Controller.php(524): App\Models\Article_Model->single_article()
 3 SYSTEMPATH/CodeIgniter.php(942): App\Controllers\Site_Controller->articles_details()
 4 SYSTEMPATH/CodeIgniter.php(502): CodeIgniter\CodeIgniter->runController()
 5 SYSTEMPATH/CodeIgniter.php(361): CodeIgniter\CodeIgniter->handleRequest()
 6 FCPATH/index.php(79): CodeIgniter\CodeIgniter->run()
CRITICAL - 2024-07-24 22:25:57 --> Call to undefined method App\Models\Article_Model::getRow
in SYSTEMPATH/Model.php on line 873.
 1 APPPATH/Models/Article_Model.php(232): CodeIgniter\Model->__call()
 2 APPPATH/Controllers/Site_Controller.php(524): App\Models\Article_Model->single_article()
 3 SYSTEMPATH/CodeIgniter.php(942): App\Controllers\Site_Controller->articles_details()
 4 SYSTEMPATH/CodeIgniter.php(502): CodeIgniter\CodeIgniter->runController()
 5 SYSTEMPATH/CodeIgniter.php(361): CodeIgniter\CodeIgniter->handleRequest()
 6 FCPATH/index.php(79): CodeIgniter\CodeIgniter->run()
CRITICAL - 2024-07-24 22:26:49 --> Call to undefined method App\Models\Article_Model::getRow
in SYSTEMPATH/Model.php on line 873.
 1 APPPATH/Models/Article_Model.php(232): CodeIgniter\Model->__call()
 2 APPPATH/Controllers/Site_Controller.php(524): App\Models\Article_Model->single_article()
 3 SYSTEMPATH/CodeIgniter.php(942): App\Controllers\Site_Controller->articles_details()
 4 SYSTEMPATH/CodeIgniter.php(502): CodeIgniter\CodeIgniter->runController()
 5 SYSTEMPATH/CodeIgniter.php(361): CodeIgniter\CodeIgniter->handleRequest()
 6 FCPATH/index.php(79): CodeIgniter\CodeIgniter->run()
CRITICAL - 2024-07-24 22:27:03 --> Call to undefined method App\Models\Article_Model::getRow
in SYSTEMPATH/Model.php on line 873.
 1 APPPATH/Models/Article_Model.php(232): CodeIgniter\Model->__call()
 2 APPPATH/Controllers/Site_Controller.php(524): App\Models\Article_Model->single_article()
 3 SYSTEMPATH/CodeIgniter.php(942): App\Controllers\Site_Controller->articles_details()
 4 SYSTEMPATH/CodeIgniter.php(502): CodeIgniter\CodeIgniter->runController()
 5 SYSTEMPATH/CodeIgniter.php(361): CodeIgniter\CodeIgniter->handleRequest()
 6 FCPATH/index.php(79): CodeIgniter\CodeIgniter->run()
CRITICAL - 2024-07-24 23:07:53 --> whereIn() expects $values to be of type array or closure
in SYSTEMPATH/Database/BaseBuilder.php on line 939.
 1 SYSTEMPATH/Database/BaseBuilder.php(826): CodeIgniter\Database\BaseBuilder->_whereIn()
 2 APPPATH/Models/Recipes_Model.php(349): CodeIgniter\Database\BaseBuilder->whereIn()
 3 APPPATH/Controllers/Site_Controller.php(300): App\Models\Recipes_Model->getrecipes_data_categoryvise()
 4 SYSTEMPATH/CodeIgniter.php(942): App\Controllers\Site_Controller->category_visedisplay_recipes()
 5 SYSTEMPATH/CodeIgniter.php(502): CodeIgniter\CodeIgniter->runController()
 6 SYSTEMPATH/CodeIgniter.php(361): CodeIgniter\CodeIgniter->handleRequest()
 7 FCPATH/index.php(79): CodeIgniter\CodeIgniter->run()
CRITICAL - 2024-07-24 23:09:41 --> Call to undefined method App\Models\Recipes_Model::getrecipes_data_categoryvise
in SYSTEMPATH/Model.php on line 873.
 1 APPPATH/Controllers/Site_Controller.php(300): CodeIgniter\Model->__call()
 2 SYSTEMPATH/CodeIgniter.php(942): App\Controllers\Site_Controller->category_visedisplay_recipes()
 3 SYSTEMPATH/CodeIgniter.php(502): CodeIgniter\CodeIgniter->runController()
 4 SYSTEMPATH/CodeIgniter.php(361): CodeIgniter\CodeIgniter->handleRequest()
 5 FCPATH/index.php(79): CodeIgniter\CodeIgniter->run()
CRITICAL - 2024-07-24 23:10:15 --> whereIn() expects $values to be of type array or closure
in SYSTEMPATH/Database/BaseBuilder.php on line 939.
 1 SYSTEMPATH/Database/BaseBuilder.php(826): CodeIgniter\Database\BaseBuilder->_whereIn()
 2 APPPATH/Models/Recipes_Model.php(349): CodeIgniter\Database\BaseBuilder->whereIn()
 3 APPPATH/Controllers/Site_Controller.php(300): App\Models\Recipes_Model->getrecipes_data_categoryvise()
 4 SYSTEMPATH/CodeIgniter.php(942): App\Controllers\Site_Controller->category_visedisplay_recipes()
 5 SYSTEMPATH/CodeIgniter.php(502): CodeIgniter\CodeIgniter->runController()
 6 SYSTEMPATH/CodeIgniter.php(361): CodeIgniter\CodeIgniter->handleRequest()
 7 FCPATH/index.php(79): CodeIgniter\CodeIgniter->run()
ERROR - 2024-07-24 23:11:40 --> mysqli_sql_exception: Unknown column 'category.category_id' in 'where clause' in /home/u582998483/domains/hostdemo.co.in/public_html/gruballergy/system/Database/MySQLi/Connection.php:306
Stack trace:
#0 /home/u582998483/domains/hostdemo.co.in/public_html/gruballergy/system/Database/MySQLi/Connection.php(306): mysqli->query()
#1 /home/u582998483/domains/hostdemo.co.in/public_html/gruballergy/system/Database/BaseConnection.php(693): CodeIgniter\Database\MySQLi\Connection->execute()
#2 /home/u582998483/domains/hostdemo.co.in/public_html/gruballergy/system/Database/BaseConnection.php(607): CodeIgniter\Database\BaseConnection->simpleQuery()
#3 /home/u582998483/domains/hostdemo.co.in/public_html/gruballergy/system/Database/BaseBuilder.php(1615): CodeIgniter\Database\BaseConnection->query()
#4 /home/u582998483/domains/hostdemo.co.in/public_html/gruballergy/app/Models/Recipes_Model.php(351): CodeIgniter\Database\BaseBuilder->get()
#5 /home/u582998483/domains/hostdemo.co.in/public_html/gruballergy/app/Controllers/Site_Controller.php(300): App\Models\Recipes_Model->getrecipes_data_categoryvise()
#6 /home/u582998483/domains/hostdemo.co.in/public_html/gruballergy/system/CodeIgniter.php(942): App\Controllers\Site_Controller->category_visedisplay_recipes()
#7 /home/u582998483/domains/hostdemo.co.in/public_html/gruballergy/system/CodeIgniter.php(502): CodeIgniter\CodeIgniter->runController()
#8 /home/u582998483/domains/hostdemo.co.in/public_html/gruballergy/system/CodeIgniter.php(361): CodeIgniter\CodeIgniter->handleRequest()
#9 /home/u582998483/domains/hostdemo.co.in/public_html/gruballergy/index.php(79): CodeIgniter\CodeIgniter->run()
#10 {main}
CRITICAL - 2024-07-24 23:11:40 --> Unknown column 'category.category_id' in 'where clause'
in SYSTEMPATH/Database/BaseConnection.php on line 647.
 1 SYSTEMPATH/Database/BaseBuilder.php(1615): CodeIgniter\Database\BaseConnection->query()
 2 APPPATH/Models/Recipes_Model.php(351): CodeIgniter\Database\BaseBuilder->get()
 3 APPPATH/Controllers/Site_Controller.php(300): App\Models\Recipes_Model->getrecipes_data_categoryvise()
 4 SYSTEMPATH/CodeIgniter.php(942): App\Controllers\Site_Controller->category_visedisplay_recipes()
 5 SYSTEMPATH/CodeIgniter.php(502): CodeIgniter\CodeIgniter->runController()
 6 SYSTEMPATH/CodeIgniter.php(361): CodeIgniter\CodeIgniter->handleRequest()
 7 FCPATH/index.php(79): CodeIgniter\CodeIgniter->run()
CRITICAL - 2024-07-24 23:15:42 --> Trying to access array offset on value of type null
in APPPATH/Controllers/Site_Controller.php on line 262.
 1 APPPATH/Controllers/Site_Controller.php(262): CodeIgniter\Debug\Exceptions->errorHandler()
 2 SYSTEMPATH/CodeIgniter.php(942): App\Controllers\Site_Controller->details_page()
 3 SYSTEMPATH/CodeIgniter.php(502): CodeIgniter\CodeIgniter->runController()
 4 SYSTEMPATH/CodeIgniter.php(361): CodeIgniter\CodeIgniter->handleRequest()
 5 FCPATH/index.php(79): CodeIgniter\CodeIgniter->run()
CRITICAL - 2024-07-24 23:38:11 --> Call to undefined method CodeIgniter\Database\MySQLi\Builder::orederBy()
in APPPATH/Models/Category_Model.php on line 154.
 1 APPPATH/Controllers/Site_Controller.php(301): App\Models\Category_Model->getrecipes_data_categoryvise()
 2 SYSTEMPATH/CodeIgniter.php(942): App\Controllers\Site_Controller->category_visedisplay_recipes()
 3 SYSTEMPATH/CodeIgniter.php(502): CodeIgniter\CodeIgniter->runController()
 4 SYSTEMPATH/CodeIgniter.php(361): CodeIgniter\CodeIgniter->handleRequest()
 5 FCPATH/index.php(79): CodeIgniter\CodeIgniter->run()
CRITICAL - 2024-07-24 23:38:30 --> Undefined array key "allcategoryise_recipe_desending"
in APPPATH/Controllers/Site_Controller.php on line 304.
 1 APPPATH/Controllers/Site_Controller.php(304): CodeIgniter\Debug\Exceptions->errorHandler()
 2 SYSTEMPATH/CodeIgniter.php(942): App\Controllers\Site_Controller->category_visedisplay_recipes()
 3 SYSTEMPATH/CodeIgniter.php(502): CodeIgniter\CodeIgniter->runController()
 4 SYSTEMPATH/CodeIgniter.php(361): CodeIgniter\CodeIgniter->handleRequest()
 5 FCPATH/index.php(79): CodeIgniter\CodeIgniter->run()
CRITICAL - 2024-07-24 23:51:48 --> Undefined array key "re_titleurl"
in APPPATH/Views/site/category_page.php on line 46.
 1 APPPATH/Views/site/category_page.php(46): CodeIgniter\Debug\Exceptions->errorHandler()
 2 SYSTEMPATH/View/View.php(228): include('/home/u582998483/domains/hostdemo.co.in/public_html/gruballergy/app/Views/site/category_page.php')
 3 SYSTEMPATH/View/View.php(231): CodeIgniter\View\View->CodeIgniter\View\{closure}()
 4 SYSTEMPATH/Common.php(1190): CodeIgniter\View\View->render()
 5 APPPATH/Views/site/layout.php(7): view()
 6 SYSTEMPATH/View/View.php(228): include('/home/u582998483/domains/hostdemo.co.in/public_html/gruballergy/app/Views/site/layout.php')
 7 SYSTEMPATH/View/View.php(231): CodeIgniter\View\View->CodeIgniter\View\{closure}()
 8 SYSTEMPATH/Common.php(1190): CodeIgniter\View\View->render()
 9 APPPATH/Controllers/Site_Controller.php(317): view()
10 SYSTEMPATH/CodeIgniter.php(942): App\Controllers\Site_Controller->category_visedisplay_recipes()
11 SYSTEMPATH/CodeIgniter.php(502): CodeIgniter\CodeIgniter->runController()
12 SYSTEMPATH/CodeIgniter.php(361): CodeIgniter\CodeIgniter->handleRequest()
13 FCPATH/index.php(79): CodeIgniter\CodeIgniter->run()
CRITICAL - 2024-07-24 23:52:25 --> Undefined array key "re_titleurl"
in APPPATH/Views/site/category_page.php on line 46.
 1 APPPATH/Views/site/category_page.php(46): CodeIgniter\Debug\Exceptions->errorHandler()
 2 SYSTEMPATH/View/View.php(228): include('/home/u582998483/domains/hostdemo.co.in/public_html/gruballergy/app/Views/site/category_page.php')
 3 SYSTEMPATH/View/View.php(231): CodeIgniter\View\View->CodeIgniter\View\{closure}()
 4 SYSTEMPATH/Common.php(1190): CodeIgniter\View\View->render()
 5 APPPATH/Views/site/layout.php(7): view()
 6 SYSTEMPATH/View/View.php(228): include('/home/u582998483/domains/hostdemo.co.in/public_html/gruballergy/app/Views/site/layout.php')
 7 SYSTEMPATH/View/View.php(231): CodeIgniter\View\View->CodeIgniter\View\{closure}()
 8 SYSTEMPATH/Common.php(1190): CodeIgniter\View\View->render()
 9 APPPATH/Controllers/Site_Controller.php(317): view()
10 SYSTEMPATH/CodeIgniter.php(942): App\Controllers\Site_Controller->category_visedisplay_recipes()
11 SYSTEMPATH/CodeIgniter.php(502): CodeIgniter\CodeIgniter->runController()
12 SYSTEMPATH/CodeIgniter.php(361): CodeIgniter\CodeIgniter->handleRequest()
13 FCPATH/index.php(79): CodeIgniter\CodeIgniter->run()
CRITICAL - 2024-07-24 23:52:27 --> Undefined array key "re_titleurl"
in APPPATH/Views/site/category_page.php on line 46.
 1 APPPATH/Views/site/category_page.php(46): CodeIgniter\Debug\Exceptions->errorHandler()
 2 SYSTEMPATH/View/View.php(228): include('/home/u582998483/domains/hostdemo.co.in/public_html/gruballergy/app/Views/site/category_page.php')
 3 SYSTEMPATH/View/View.php(231): CodeIgniter\View\View->CodeIgniter\View\{closure}()
 4 SYSTEMPATH/Common.php(1190): CodeIgniter\View\View->render()
 5 APPPATH/Views/site/layout.php(7): view()
 6 SYSTEMPATH/View/View.php(228): include('/home/u582998483/domains/hostdemo.co.in/public_html/gruballergy/app/Views/site/layout.php')
 7 SYSTEMPATH/View/View.php(231): CodeIgniter\View\View->CodeIgniter\View\{closure}()
 8 SYSTEMPATH/Common.php(1190): CodeIgniter\View\View->render()
 9 APPPATH/Controllers/Site_Controller.php(317): view()
10 SYSTEMPATH/CodeIgniter.php(942): App\Controllers\Site_Controller->category_visedisplay_recipes()
11 SYSTEMPATH/CodeIgniter.php(502): CodeIgniter\CodeIgniter->runController()
12 SYSTEMPATH/CodeIgniter.php(361): CodeIgniter\CodeIgniter->handleRequest()
13 FCPATH/index.php(79): CodeIgniter\CodeIgniter->run()
CRITICAL - 2024-07-24 23:52:30 --> Undefined array key "re_titleurl"
in APPPATH/Views/site/category_page.php on line 46.
 1 APPPATH/Views/site/category_page.php(46): CodeIgniter\Debug\Exceptions->errorHandler()
 2 SYSTEMPATH/View/View.php(228): include('/home/u582998483/domains/hostdemo.co.in/public_html/gruballergy/app/Views/site/category_page.php')
 3 SYSTEMPATH/View/View.php(231): CodeIgniter\View\View->CodeIgniter\View\{closure}()
 4 SYSTEMPATH/Common.php(1190): CodeIgniter\View\View->render()
 5 APPPATH/Views/site/layout.php(7): view()
 6 SYSTEMPATH/View/View.php(228): include('/home/u582998483/domains/hostdemo.co.in/public_html/gruballergy/app/Views/site/layout.php')
 7 SYSTEMPATH/View/View.php(231): CodeIgniter\View\View->CodeIgniter\View\{closure}()
 8 SYSTEMPATH/Common.php(1190): CodeIgniter\View\View->render()
 9 APPPATH/Controllers/Site_Controller.php(317): view()
10 SYSTEMPATH/CodeIgniter.php(942): App\Controllers\Site_Controller->category_visedisplay_recipes()
11 SYSTEMPATH/CodeIgniter.php(502): CodeIgniter\CodeIgniter->runController()
12 SYSTEMPATH/CodeIgniter.php(361): CodeIgniter\CodeIgniter->handleRequest()
13 FCPATH/index.php(79): CodeIgniter\CodeIgniter->run()
CRITICAL - 2024-07-24 23:52:31 --> Undefined array key "re_titleurl"
in APPPATH/Views/site/category_page.php on line 46.
 1 APPPATH/Views/site/category_page.php(46): CodeIgniter\Debug\Exceptions->errorHandler()
 2 SYSTEMPATH/View/View.php(228): include('/home/u582998483/domains/hostdemo.co.in/public_html/gruballergy/app/Views/site/category_page.php')
 3 SYSTEMPATH/View/View.php(231): CodeIgniter\View\View->CodeIgniter\View\{closure}()
 4 SYSTEMPATH/Common.php(1190): CodeIgniter\View\View->render()
 5 APPPATH/Views/site/layout.php(7): view()
 6 SYSTEMPATH/View/View.php(228): include('/home/u582998483/domains/hostdemo.co.in/public_html/gruballergy/app/Views/site/layout.php')
 7 SYSTEMPATH/View/View.php(231): CodeIgniter\View\View->CodeIgniter\View\{closure}()
 8 SYSTEMPATH/Common.php(1190): CodeIgniter\View\View->render()
 9 APPPATH/Controllers/Site_Controller.php(317): view()
10 SYSTEMPATH/CodeIgniter.php(942): App\Controllers\Site_Controller->category_visedisplay_recipes()
11 SYSTEMPATH/CodeIgniter.php(502): CodeIgniter\CodeIgniter->runController()
12 SYSTEMPATH/CodeIgniter.php(361): CodeIgniter\CodeIgniter->handleRequest()
13 FCPATH/index.php(79): CodeIgniter\CodeIgniter->run()
CRITICAL - 2024-07-24 23:58:55 --> Undefined array key "re_name"
in APPPATH/Views/site/category_page.php on line 58.
 1 APPPATH/Views/site/category_page.php(58): CodeIgniter\Debug\Exceptions->errorHandler()
 2 SYSTEMPATH/View/View.php(228): include('/home/u582998483/domains/hostdemo.co.in/public_html/gruballergy/app/Views/site/category_page.php')
 3 SYSTEMPATH/View/View.php(231): CodeIgniter\View\View->CodeIgniter\View\{closure}()
 4 SYSTEMPATH/Common.php(1190): CodeIgniter\View\View->render()
 5 APPPATH/Views/site/layout.php(7): view()
 6 SYSTEMPATH/View/View.php(228): include('/home/u582998483/domains/hostdemo.co.in/public_html/gruballergy/app/Views/site/layout.php')
 7 SYSTEMPATH/View/View.php(231): CodeIgniter\View\View->CodeIgniter\View\{closure}()
 8 SYSTEMPATH/Common.php(1190): CodeIgniter\View\View->render()
 9 APPPATH/Controllers/Site_Controller.php(317): view()
10 SYSTEMPATH/CodeIgniter.php(942): App\Controllers\Site_Controller->category_visedisplay_recipes()
11 SYSTEMPATH/CodeIgniter.php(502): CodeIgniter\CodeIgniter->runController()
12 SYSTEMPATH/CodeIgniter.php(361): CodeIgniter\CodeIgniter->handleRequest()
13 FCPATH/index.php(79): CodeIgniter\CodeIgniter->run()
