CRITICAL - 2024-09-23 00:33:29 --> Attempt to read property "blog_id" on null
in APPPATH/Models/Blog_Model.php on line 294.
 1 APPPATH/Models/Blog_Model.php(294): CodeIgniter\Debug\Exceptions->errorHandler()
 2 APPPATH/Controllers/Site_Controller.php(1350): App\Models\Blog_Model->single_details_blog()
 3 APPPATH/Controllers/Site_Controller.php(1333): App\Controllers\Site_Controller->blog_details()
 4 SYSTEMPATH/CodeIgniter.php(942): App\Controllers\Site_Controller->blog_mapurl()
 5 SYSTEMPATH/CodeIgniter.php(502): CodeIgniter\CodeIgniter->runController()
 6 SYSTEMPATH/CodeIgniter.php(361): CodeIgniter\CodeIgniter->handleRequest()
 7 FCPATH/index.php(79): CodeIgniter\CodeIgniter->run()
CRITICAL - 2024-09-23 00:33:59 --> Attempt to read property "blog_id" on null
in APPPATH/Models/Blog_Model.php on line 294.
 1 APPPATH/Models/Blog_Model.php(294): CodeIgniter\Debug\Exceptions->errorHandler()
 2 APPPATH/Controllers/Site_Controller.php(1350): App\Models\Blog_Model->single_details_blog()
 3 APPPATH/Controllers/Site_Controller.php(1333): App\Controllers\Site_Controller->blog_details()
 4 SYSTEMPATH/CodeIgniter.php(942): App\Controllers\Site_Controller->blog_mapurl()
 5 SYSTEMPATH/CodeIgniter.php(502): CodeIgniter\CodeIgniter->runController()
 6 SYSTEMPATH/CodeIgniter.php(361): CodeIgniter\CodeIgniter->handleRequest()
 7 FCPATH/index.php(79): CodeIgniter\CodeIgniter->run()
CRITICAL - 2024-09-23 00:34:30 --> Attempt to read property "blog_id" on null
in APPPATH/Models/Blog_Model.php on line 294.
 1 APPPATH/Models/Blog_Model.php(294): CodeIgniter\Debug\Exceptions->errorHandler()
 2 APPPATH/Controllers/Site_Controller.php(1350): App\Models\Blog_Model->single_details_blog()
 3 APPPATH/Controllers/Site_Controller.php(1333): App\Controllers\Site_Controller->blog_details()
 4 SYSTEMPATH/CodeIgniter.php(942): App\Controllers\Site_Controller->blog_mapurl()
 5 SYSTEMPATH/CodeIgniter.php(502): CodeIgniter\CodeIgniter->runController()
 6 SYSTEMPATH/CodeIgniter.php(361): CodeIgniter\CodeIgniter->handleRequest()
 7 FCPATH/index.php(79): CodeIgniter\CodeIgniter->run()
CRITICAL - 2024-09-23 00:35:29 --> Attempt to read property "blog_id" on null
in APPPATH/Models/Blog_Model.php on line 294.
 1 APPPATH/Models/Blog_Model.php(294): CodeIgniter\Debug\Exceptions->errorHandler()
 2 APPPATH/Controllers/Site_Controller.php(1350): App\Models\Blog_Model->single_details_blog()
 3 APPPATH/Controllers/Site_Controller.php(1333): App\Controllers\Site_Controller->blog_details()
 4 SYSTEMPATH/CodeIgniter.php(942): App\Controllers\Site_Controller->blog_mapurl()
 5 SYSTEMPATH/CodeIgniter.php(502): CodeIgniter\CodeIgniter->runController()
 6 SYSTEMPATH/CodeIgniter.php(361): CodeIgniter\CodeIgniter->handleRequest()
 7 FCPATH/index.php(79): CodeIgniter\CodeIgniter->run()
CRITICAL - 2024-09-23 00:36:50 --> Attempt to read property "blog_id" on null
in APPPATH/Models/Blog_Model.php on line 294.
 1 APPPATH/Models/Blog_Model.php(294): CodeIgniter\Debug\Exceptions->errorHandler()
 2 APPPATH/Controllers/Site_Controller.php(1350): App\Models\Blog_Model->single_details_blog()
 3 APPPATH/Controllers/Site_Controller.php(1333): App\Controllers\Site_Controller->blog_details()
 4 SYSTEMPATH/CodeIgniter.php(942): App\Controllers\Site_Controller->blog_mapurl()
 5 SYSTEMPATH/CodeIgniter.php(502): CodeIgniter\CodeIgniter->runController()
 6 SYSTEMPATH/CodeIgniter.php(361): CodeIgniter\CodeIgniter->handleRequest()
 7 FCPATH/index.php(79): CodeIgniter\CodeIgniter->run()
CRITICAL - 2024-09-23 00:40:01 --> Attempt to read property "blog_id" on null
in APPPATH/Models/Blog_Model.php on line 294.
 1 APPPATH/Models/Blog_Model.php(294): CodeIgniter\Debug\Exceptions->errorHandler()
 2 APPPATH/Controllers/Site_Controller.php(1350): App\Models\Blog_Model->single_details_blog()
 3 APPPATH/Controllers/Site_Controller.php(1333): App\Controllers\Site_Controller->blog_details()
 4 SYSTEMPATH/CodeIgniter.php(942): App\Controllers\Site_Controller->blog_mapurl()
 5 SYSTEMPATH/CodeIgniter.php(502): CodeIgniter\CodeIgniter->runController()
 6 SYSTEMPATH/CodeIgniter.php(361): CodeIgniter\CodeIgniter->handleRequest()
 7 FCPATH/index.php(79): CodeIgniter\CodeIgniter->run()
CRITICAL - 2024-09-23 00:46:32 --> Attempt to read property "blog_id" on null
in APPPATH/Models/Blog_Model.php on line 294.
 1 APPPATH/Models/Blog_Model.php(294): CodeIgniter\Debug\Exceptions->errorHandler()
 2 APPPATH/Controllers/Site_Controller.php(1350): App\Models\Blog_Model->single_details_blog()
 3 APPPATH/Controllers/Site_Controller.php(1333): App\Controllers\Site_Controller->blog_details()
 4 SYSTEMPATH/CodeIgniter.php(942): App\Controllers\Site_Controller->blog_mapurl()
 5 SYSTEMPATH/CodeIgniter.php(502): CodeIgniter\CodeIgniter->runController()
 6 SYSTEMPATH/CodeIgniter.php(361): CodeIgniter\CodeIgniter->handleRequest()
 7 FCPATH/index.php(79): CodeIgniter\CodeIgniter->run()
CRITICAL - 2024-09-23 00:58:04 --> Attempt to read property "blog_id" on null
in APPPATH/Models/Blog_Model.php on line 294.
 1 APPPATH/Models/Blog_Model.php(294): CodeIgniter\Debug\Exceptions->errorHandler()
 2 APPPATH/Controllers/Site_Controller.php(1350): App\Models\Blog_Model->single_details_blog()
 3 APPPATH/Controllers/Site_Controller.php(1333): App\Controllers\Site_Controller->blog_details()
 4 SYSTEMPATH/CodeIgniter.php(942): App\Controllers\Site_Controller->blog_mapurl()
 5 SYSTEMPATH/CodeIgniter.php(502): CodeIgniter\CodeIgniter->runController()
 6 SYSTEMPATH/CodeIgniter.php(361): CodeIgniter\CodeIgniter->handleRequest()
 7 FCPATH/index.php(79): CodeIgniter\CodeIgniter->run()
CRITICAL - 2024-09-23 01:11:16 --> Attempt to read property "blog_id" on null
in APPPATH/Models/Blog_Model.php on line 294.
 1 APPPATH/Models/Blog_Model.php(294): CodeIgniter\Debug\Exceptions->errorHandler()
 2 APPPATH/Controllers/Site_Controller.php(1350): App\Models\Blog_Model->single_details_blog()
 3 APPPATH/Controllers/Site_Controller.php(1333): App\Controllers\Site_Controller->blog_details()
 4 SYSTEMPATH/CodeIgniter.php(942): App\Controllers\Site_Controller->blog_mapurl()
 5 SYSTEMPATH/CodeIgniter.php(502): CodeIgniter\CodeIgniter->runController()
 6 SYSTEMPATH/CodeIgniter.php(361): CodeIgniter\CodeIgniter->handleRequest()
 7 FCPATH/index.php(79): CodeIgniter\CodeIgniter->run()
CRITICAL - 2024-09-23 01:27:00 --> Attempt to read property "blog_id" on null
in APPPATH/Models/Blog_Model.php on line 294.
 1 APPPATH/Models/Blog_Model.php(294): CodeIgniter\Debug\Exceptions->errorHandler()
 2 APPPATH/Controllers/Site_Controller.php(1350): App\Models\Blog_Model->single_details_blog()
 3 APPPATH/Controllers/Site_Controller.php(1333): App\Controllers\Site_Controller->blog_details()
 4 SYSTEMPATH/CodeIgniter.php(942): App\Controllers\Site_Controller->blog_mapurl()
 5 SYSTEMPATH/CodeIgniter.php(502): CodeIgniter\CodeIgniter->runController()
 6 SYSTEMPATH/CodeIgniter.php(361): CodeIgniter\CodeIgniter->handleRequest()
 7 FCPATH/index.php(79): CodeIgniter\CodeIgniter->run()
CRITICAL - 2024-09-23 01:41:19 --> Attempt to read property "blog_id" on null
in APPPATH/Models/Blog_Model.php on line 294.
 1 APPPATH/Models/Blog_Model.php(294): CodeIgniter\Debug\Exceptions->errorHandler()
 2 APPPATH/Controllers/Site_Controller.php(1350): App\Models\Blog_Model->single_details_blog()
 3 APPPATH/Controllers/Site_Controller.php(1333): App\Controllers\Site_Controller->blog_details()
 4 SYSTEMPATH/CodeIgniter.php(942): App\Controllers\Site_Controller->blog_mapurl()
 5 SYSTEMPATH/CodeIgniter.php(502): CodeIgniter\CodeIgniter->runController()
 6 SYSTEMPATH/CodeIgniter.php(361): CodeIgniter\CodeIgniter->handleRequest()
 7 FCPATH/index.php(79): CodeIgniter\CodeIgniter->run()
CRITICAL - 2024-09-23 01:45:03 --> Attempt to read property "blog_id" on null
in APPPATH/Models/Blog_Model.php on line 294.
 1 APPPATH/Models/Blog_Model.php(294): CodeIgniter\Debug\Exceptions->errorHandler()
 2 APPPATH/Controllers/Site_Controller.php(1350): App\Models\Blog_Model->single_details_blog()
 3 APPPATH/Controllers/Site_Controller.php(1333): App\Controllers\Site_Controller->blog_details()
 4 SYSTEMPATH/CodeIgniter.php(942): App\Controllers\Site_Controller->blog_mapurl()
 5 SYSTEMPATH/CodeIgniter.php(502): CodeIgniter\CodeIgniter->runController()
 6 SYSTEMPATH/CodeIgniter.php(361): CodeIgniter\CodeIgniter->handleRequest()
 7 FCPATH/index.php(79): CodeIgniter\CodeIgniter->run()
CRITICAL - 2024-09-23 04:39:02 --> Attempt to read property "blog_id" on null
in APPPATH/Models/Blog_Model.php on line 294.
 1 APPPATH/Models/Blog_Model.php(294): CodeIgniter\Debug\Exceptions->errorHandler()
 2 APPPATH/Controllers/Site_Controller.php(1350): App\Models\Blog_Model->single_details_blog()
 3 APPPATH/Controllers/Site_Controller.php(1333): App\Controllers\Site_Controller->blog_details()
 4 SYSTEMPATH/CodeIgniter.php(942): App\Controllers\Site_Controller->blog_mapurl()
 5 SYSTEMPATH/CodeIgniter.php(502): CodeIgniter\CodeIgniter->runController()
 6 SYSTEMPATH/CodeIgniter.php(361): CodeIgniter\CodeIgniter->handleRequest()
 7 FCPATH/index.php(79): CodeIgniter\CodeIgniter->run()
CRITICAL - 2024-09-23 05:32:31 --> Attempt to read property "blog_id" on null
in APPPATH/Models/Blog_Model.php on line 294.
 1 APPPATH/Models/Blog_Model.php(294): CodeIgniter\Debug\Exceptions->errorHandler()
 2 APPPATH/Controllers/Site_Controller.php(1350): App\Models\Blog_Model->single_details_blog()
 3 APPPATH/Controllers/Site_Controller.php(1333): App\Controllers\Site_Controller->blog_details()
 4 SYSTEMPATH/CodeIgniter.php(942): App\Controllers\Site_Controller->blog_mapurl()
 5 SYSTEMPATH/CodeIgniter.php(502): CodeIgniter\CodeIgniter->runController()
 6 SYSTEMPATH/CodeIgniter.php(361): CodeIgniter\CodeIgniter->handleRequest()
 7 FCPATH/index.php(79): CodeIgniter\CodeIgniter->run()
CRITICAL - 2024-09-23 06:00:06 --> Attempt to read property "blog_id" on null
in APPPATH/Models/Blog_Model.php on line 294.
 1 APPPATH/Models/Blog_Model.php(294): CodeIgniter\Debug\Exceptions->errorHandler()
 2 APPPATH/Controllers/Site_Controller.php(1350): App\Models\Blog_Model->single_details_blog()
 3 APPPATH/Controllers/Site_Controller.php(1333): App\Controllers\Site_Controller->blog_details()
 4 SYSTEMPATH/CodeIgniter.php(942): App\Controllers\Site_Controller->blog_mapurl()
 5 SYSTEMPATH/CodeIgniter.php(502): CodeIgniter\CodeIgniter->runController()
 6 SYSTEMPATH/CodeIgniter.php(361): CodeIgniter\CodeIgniter->handleRequest()
 7 FCPATH/index.php(79): CodeIgniter\CodeIgniter->run()
CRITICAL - 2024-09-23 11:02:15 --> Attempt to read property "blog_id" on null
in APPPATH/Models/Blog_Model.php on line 294.
 1 APPPATH/Models/Blog_Model.php(294): CodeIgniter\Debug\Exceptions->errorHandler()
 2 APPPATH/Controllers/Site_Controller.php(1350): App\Models\Blog_Model->single_details_blog()
 3 APPPATH/Controllers/Site_Controller.php(1333): App\Controllers\Site_Controller->blog_details()
 4 SYSTEMPATH/CodeIgniter.php(942): App\Controllers\Site_Controller->blog_mapurl()
 5 SYSTEMPATH/CodeIgniter.php(502): CodeIgniter\CodeIgniter->runController()
 6 SYSTEMPATH/CodeIgniter.php(361): CodeIgniter\CodeIgniter->handleRequest()
 7 FCPATH/index.php(79): CodeIgniter\CodeIgniter->run()
CRITICAL - 2024-09-23 06:40:39 --> Undefined array key "faq_recipe_id "
in APPPATH/Views/admin/editrecipes.php on line 444.
 1 APPPATH/Views/admin/editrecipes.php(444): CodeIgniter\Debug\Exceptions->errorHandler()
 2 SYSTEMPATH/View/View.php(228): include('/home/u613340721/domains/gruballergy.com/public_html/app/Views/admin/editrecipes.php')
 3 SYSTEMPATH/View/View.php(231): CodeIgniter\View\View->CodeIgniter\View\{closure}()
 4 SYSTEMPATH/Common.php(1190): CodeIgniter\View\View->render()
 5 APPPATH/Views/admin/admin_layout.php(9): view()
 6 SYSTEMPATH/View/View.php(228): include('/home/u613340721/domains/gruballergy.com/public_html/app/Views/admin/admin_layout.php')
 7 SYSTEMPATH/View/View.php(231): CodeIgniter\View\View->CodeIgniter\View\{closure}()
 8 SYSTEMPATH/Common.php(1190): CodeIgniter\View\View->render()
 9 APPPATH/Controllers/Admin_Controller.php(673): view()
10 SYSTEMPATH/CodeIgniter.php(942): App\Controllers\Admin_Controller->editrecipes_view()
11 SYSTEMPATH/CodeIgniter.php(502): CodeIgniter\CodeIgniter->runController()
12 SYSTEMPATH/CodeIgniter.php(361): CodeIgniter\CodeIgniter->handleRequest()
13 FCPATH/index.php(79): CodeIgniter\CodeIgniter->run()
CRITICAL - 2024-09-23 08:57:13 --> foreach() argument must be of type array|object, null given
in APPPATH/Controllers/Admin_Controller.php on line 697.
 1 APPPATH/Controllers/Admin_Controller.php(697): CodeIgniter\Debug\Exceptions->errorHandler()
 2 SYSTEMPATH/CodeIgniter.php(942): App\Controllers\Admin_Controller->editrecipes_logic()
 3 SYSTEMPATH/CodeIgniter.php(502): CodeIgniter\CodeIgniter->runController()
 4 SYSTEMPATH/CodeIgniter.php(361): CodeIgniter\CodeIgniter->handleRequest()
 5 FCPATH/index.php(79): CodeIgniter\CodeIgniter->run()
CRITICAL - 2024-09-23 08:58:51 --> foreach() argument must be of type array|object, string given
in APPPATH/Controllers/Admin_Controller.php on line 699.
 1 APPPATH/Controllers/Admin_Controller.php(699): CodeIgniter\Debug\Exceptions->errorHandler()
 2 SYSTEMPATH/CodeIgniter.php(942): App\Controllers\Admin_Controller->editrecipes_logic()
 3 SYSTEMPATH/CodeIgniter.php(502): CodeIgniter\CodeIgniter->runController()
 4 SYSTEMPATH/CodeIgniter.php(361): CodeIgniter\CodeIgniter->handleRequest()
 5 FCPATH/index.php(79): CodeIgniter\CodeIgniter->run()
ERROR - 2024-09-23 09:04:50 --> mysqli_sql_exception: You have an error in your SQL syntax; check the manual that corresponds to your MariaDB server version for the right syntax to use near '0 = ('test quetions5','test answer15'), 1 = ('test quetions1 dfghj','test ans...' at line 1 in /home/u613340721/domains/gruballergy.com/public_html/system/Database/MySQLi/Connection.php:306
Stack trace:
#0 /home/u613340721/domains/gruballergy.com/public_html/system/Database/MySQLi/Connection.php(306): mysqli->query()
#1 /home/u613340721/domains/gruballergy.com/public_html/system/Database/BaseConnection.php(693): CodeIgniter\Database\MySQLi\Connection->execute()
#2 /home/u613340721/domains/gruballergy.com/public_html/system/Database/BaseConnection.php(607): CodeIgniter\Database\BaseConnection->simpleQuery()
#3 /home/u613340721/domains/gruballergy.com/public_html/system/Database/BaseBuilder.php(2475): CodeIgniter\Database\BaseConnection->query()
#4 /home/u613340721/domains/gruballergy.com/public_html/app/Controllers/Admin_Controller.php(706): CodeIgniter\Database\BaseBuilder->update()
#5 /home/u613340721/domains/gruballergy.com/public_html/system/CodeIgniter.php(942): App\Controllers\Admin_Controller->editrecipes_logic()
#6 /home/u613340721/domains/gruballergy.com/public_html/system/CodeIgniter.php(502): CodeIgniter\CodeIgniter->runController()
#7 /home/u613340721/domains/gruballergy.com/public_html/system/CodeIgniter.php(361): CodeIgniter\CodeIgniter->handleRequest()
#8 /home/u613340721/domains/gruballergy.com/public_html/index.php(79): CodeIgniter\CodeIgniter->run()
#9 {main}
CRITICAL - 2024-09-23 09:04:50 --> You have an error in your SQL syntax; check the manual that corresponds to your MariaDB server version for the right syntax to use near '0 = ('test quetions5','test answer15'), 1 = ('test quetions1 dfghj','test ans...' at line 1
in SYSTEMPATH/Database/BaseConnection.php on line 647.
 1 SYSTEMPATH/Database/BaseBuilder.php(2475): CodeIgniter\Database\BaseConnection->query()
 2 APPPATH/Controllers/Admin_Controller.php(706): CodeIgniter\Database\BaseBuilder->update()
 3 SYSTEMPATH/CodeIgniter.php(942): App\Controllers\Admin_Controller->editrecipes_logic()
 4 SYSTEMPATH/CodeIgniter.php(502): CodeIgniter\CodeIgniter->runController()
 5 SYSTEMPATH/CodeIgniter.php(361): CodeIgniter\CodeIgniter->handleRequest()
 6 FCPATH/index.php(79): CodeIgniter\CodeIgniter->run()
CRITICAL - 2024-09-23 09:06:05 --> Trying to access array offset on value of type null
in APPPATH/Controllers/Admin_Controller.php on line 702.
 1 APPPATH/Controllers/Admin_Controller.php(702): CodeIgniter\Debug\Exceptions->errorHandler()
 2 SYSTEMPATH/CodeIgniter.php(942): App\Controllers\Admin_Controller->editrecipes_logic()
 3 SYSTEMPATH/CodeIgniter.php(502): CodeIgniter\CodeIgniter->runController()
 4 SYSTEMPATH/CodeIgniter.php(361): CodeIgniter\CodeIgniter->handleRequest()
 5 FCPATH/index.php(79): CodeIgniter\CodeIgniter->run()
ERROR - 2024-09-23 09:07:01 --> mysqli_sql_exception: You have an error in your SQL syntax; check the manual that corresponds to your MariaDB server version for the right syntax to use near '0 = ('test quetions5','test answer15'), 1 = ('test quetions1 dfghj','test ans...' at line 1 in /home/u613340721/domains/gruballergy.com/public_html/system/Database/MySQLi/Connection.php:306
Stack trace:
#0 /home/u613340721/domains/gruballergy.com/public_html/system/Database/MySQLi/Connection.php(306): mysqli->query()
#1 /home/u613340721/domains/gruballergy.com/public_html/system/Database/BaseConnection.php(693): CodeIgniter\Database\MySQLi\Connection->execute()
#2 /home/u613340721/domains/gruballergy.com/public_html/system/Database/BaseConnection.php(607): CodeIgniter\Database\BaseConnection->simpleQuery()
#3 /home/u613340721/domains/gruballergy.com/public_html/system/Database/BaseBuilder.php(2475): CodeIgniter\Database\BaseConnection->query()
#4 /home/u613340721/domains/gruballergy.com/public_html/app/Controllers/Admin_Controller.php(706): CodeIgniter\Database\BaseBuilder->update()
#5 /home/u613340721/domains/gruballergy.com/public_html/system/CodeIgniter.php(942): App\Controllers\Admin_Controller->editrecipes_logic()
#6 /home/u613340721/domains/gruballergy.com/public_html/system/CodeIgniter.php(502): CodeIgniter\CodeIgniter->runController()
#7 /home/u613340721/domains/gruballergy.com/public_html/system/CodeIgniter.php(361): CodeIgniter\CodeIgniter->handleRequest()
#8 /home/u613340721/domains/gruballergy.com/public_html/index.php(79): CodeIgniter\CodeIgniter->run()
#9 {main}
CRITICAL - 2024-09-23 09:07:01 --> You have an error in your SQL syntax; check the manual that corresponds to your MariaDB server version for the right syntax to use near '0 = ('test quetions5','test answer15'), 1 = ('test quetions1 dfghj','test ans...' at line 1
in SYSTEMPATH/Database/BaseConnection.php on line 647.
 1 SYSTEMPATH/Database/BaseBuilder.php(2475): CodeIgniter\Database\BaseConnection->query()
 2 APPPATH/Controllers/Admin_Controller.php(706): CodeIgniter\Database\BaseBuilder->update()
 3 SYSTEMPATH/CodeIgniter.php(942): App\Controllers\Admin_Controller->editrecipes_logic()
 4 SYSTEMPATH/CodeIgniter.php(502): CodeIgniter\CodeIgniter->runController()
 5 SYSTEMPATH/CodeIgniter.php(361): CodeIgniter\CodeIgniter->handleRequest()
 6 FCPATH/index.php(79): CodeIgniter\CodeIgniter->run()
CRITICAL - 2024-09-23 09:13:48 --> Array to string conversion
in SYSTEMPATH/Database/Query.php on line 327.
 1 [internal function]: CodeIgniter\Debug\Exceptions->errorHandler()
 2 SYSTEMPATH/Database/Query.php(327): implode()
 3 SYSTEMPATH/Database/Query.php(308): CodeIgniter\Database\Query->matchNamedBinds()
 4 SYSTEMPATH/Database/Query.php(159): CodeIgniter\Database\Query->compileBinds()
 5 SYSTEMPATH/Database/BaseConnection.php(607): CodeIgniter\Database\Query->getQuery()
 6 SYSTEMPATH/Database/BaseBuilder.php(2475): CodeIgniter\Database\BaseConnection->query()
 7 APPPATH/Controllers/Admin_Controller.php(708): CodeIgniter\Database\BaseBuilder->update()
 8 SYSTEMPATH/CodeIgniter.php(942): App\Controllers\Admin_Controller->editrecipes_logic()
 9 SYSTEMPATH/CodeIgniter.php(502): CodeIgniter\CodeIgniter->runController()
10 SYSTEMPATH/CodeIgniter.php(361): CodeIgniter\CodeIgniter->handleRequest()
11 FCPATH/index.php(79): CodeIgniter\CodeIgniter->run()
CRITICAL - 2024-09-23 15:40:25 --> Attempt to read property "blog_id" on null
in APPPATH/Models/Blog_Model.php on line 294.
 1 APPPATH/Models/Blog_Model.php(294): CodeIgniter\Debug\Exceptions->errorHandler()
 2 APPPATH/Controllers/Site_Controller.php(1350): App\Models\Blog_Model->single_details_blog()
 3 APPPATH/Controllers/Site_Controller.php(1333): App\Controllers\Site_Controller->blog_details()
 4 SYSTEMPATH/CodeIgniter.php(942): App\Controllers\Site_Controller->blog_mapurl()
 5 SYSTEMPATH/CodeIgniter.php(502): CodeIgniter\CodeIgniter->runController()
 6 SYSTEMPATH/CodeIgniter.php(361): CodeIgniter\CodeIgniter->handleRequest()
 7 FCPATH/index.php(79): CodeIgniter\CodeIgniter->run()
CRITICAL - 2024-09-23 17:39:09 --> Attempt to read property "blog_id" on null
in APPPATH/Models/Blog_Model.php on line 294.
 1 APPPATH/Models/Blog_Model.php(294): CodeIgniter\Debug\Exceptions->errorHandler()
 2 APPPATH/Controllers/Site_Controller.php(1362): App\Models\Blog_Model->single_details_blog()
 3 APPPATH/Controllers/Site_Controller.php(1345): App\Controllers\Site_Controller->blog_details()
 4 SYSTEMPATH/CodeIgniter.php(942): App\Controllers\Site_Controller->blog_mapurl()
 5 SYSTEMPATH/CodeIgniter.php(502): CodeIgniter\CodeIgniter->runController()
 6 SYSTEMPATH/CodeIgniter.php(361): CodeIgniter\CodeIgniter->handleRequest()
 7 FCPATH/index.php(79): CodeIgniter\CodeIgniter->run()
CRITICAL - 2024-09-23 17:42:00 --> Call to undefined method App\Models\faq_recipe_Model::faq_recipe_desending
in SYSTEMPATH/Model.php on line 873.
 1 APPPATH/Controllers/Site_Controller.php(771): CodeIgniter\Model->__call()
 2 APPPATH/Controllers/Site_Controller.php(429): App\Controllers\Site_Controller->details_page()
 3 SYSTEMPATH/CodeIgniter.php(942): App\Controllers\Site_Controller->recipe_or_category()
 4 SYSTEMPATH/CodeIgniter.php(502): CodeIgniter\CodeIgniter->runController()
 5 SYSTEMPATH/CodeIgniter.php(361): CodeIgniter\CodeIgniter->handleRequest()
 6 FCPATH/index.php(79): CodeIgniter\CodeIgniter->run()
CRITICAL - 2024-09-23 17:42:31 --> Call to undefined method App\Models\faq_recipe_Model::faq_recipe_desending
in SYSTEMPATH/Model.php on line 873.
 1 APPPATH/Controllers/Site_Controller.php(771): CodeIgniter\Model->__call()
 2 APPPATH/Controllers/Site_Controller.php(429): App\Controllers\Site_Controller->details_page()
 3 SYSTEMPATH/CodeIgniter.php(942): App\Controllers\Site_Controller->recipe_or_category()
 4 SYSTEMPATH/CodeIgniter.php(502): CodeIgniter\CodeIgniter->runController()
 5 SYSTEMPATH/CodeIgniter.php(361): CodeIgniter\CodeIgniter->handleRequest()
 6 FCPATH/index.php(79): CodeIgniter\CodeIgniter->run()
ERROR - 2024-09-23 17:42:58 --> mysqli_sql_exception: Table 'u613340721_gruballergydb2.faq_recipe' doesn't exist in /home/u613340721/domains/gruballergy.com/public_html/system/Database/MySQLi/Connection.php:306
Stack trace:
#0 /home/u613340721/domains/gruballergy.com/public_html/system/Database/MySQLi/Connection.php(306): mysqli->query()
#1 /home/u613340721/domains/gruballergy.com/public_html/system/Database/BaseConnection.php(693): CodeIgniter\Database\MySQLi\Connection->execute()
#2 /home/u613340721/domains/gruballergy.com/public_html/system/Database/BaseConnection.php(607): CodeIgniter\Database\BaseConnection->simpleQuery()
#3 /home/u613340721/domains/gruballergy.com/public_html/system/Database/BaseBuilder.php(1615): CodeIgniter\Database\BaseConnection->query()
#4 /home/u613340721/domains/gruballergy.com/public_html/app/Models/faq_recipe_Model.php(61): CodeIgniter\Database\BaseBuilder->get()
#5 /home/u613340721/domains/gruballergy.com/public_html/app/Controllers/Site_Controller.php(771): App\Models\faq_recipe_Model->faq_recipe_desending()
#6 /home/u613340721/domains/gruballergy.com/public_html/app/Controllers/Site_Controller.php(429): App\Controllers\Site_Controller->details_page()
#7 /home/u613340721/domains/gruballergy.com/public_html/system/CodeIgniter.php(942): App\Controllers\Site_Controller->recipe_or_category()
#8 /home/u613340721/domains/gruballergy.com/public_html/system/CodeIgniter.php(502): CodeIgniter\CodeIgniter->runController()
#9 /home/u613340721/domains/gruballergy.com/public_html/system/CodeIgniter.php(361): CodeIgniter\CodeIgniter->handleRequest()
#10 /home/u613340721/domains/gruballergy.com/public_html/index.php(79): CodeIgniter\CodeIgniter->run()
#11 {main}
CRITICAL - 2024-09-23 17:42:58 --> Table 'u613340721_gruballergydb2.faq_recipe' doesn't exist
in SYSTEMPATH/Database/BaseConnection.php on line 647.
 1 SYSTEMPATH/Database/BaseBuilder.php(1615): CodeIgniter\Database\BaseConnection->query()
 2 APPPATH/Models/faq_recipe_Model.php(61): CodeIgniter\Database\BaseBuilder->get()
 3 APPPATH/Controllers/Site_Controller.php(771): App\Models\faq_recipe_Model->faq_recipe_desending()
 4 APPPATH/Controllers/Site_Controller.php(429): App\Controllers\Site_Controller->details_page()
 5 SYSTEMPATH/CodeIgniter.php(942): App\Controllers\Site_Controller->recipe_or_category()
 6 SYSTEMPATH/CodeIgniter.php(502): CodeIgniter\CodeIgniter->runController()
 7 SYSTEMPATH/CodeIgniter.php(361): CodeIgniter\CodeIgniter->handleRequest()
 8 FCPATH/index.php(79): CodeIgniter\CodeIgniter->run()
CRITICAL - 2024-09-23 17:58:24 --> Attempt to read property "blog_id" on null
in APPPATH/Models/Blog_Model.php on line 294.
 1 APPPATH/Models/Blog_Model.php(294): CodeIgniter\Debug\Exceptions->errorHandler()
 2 APPPATH/Controllers/Site_Controller.php(1365): App\Models\Blog_Model->single_details_blog()
 3 APPPATH/Controllers/Site_Controller.php(1348): App\Controllers\Site_Controller->blog_details()
 4 SYSTEMPATH/CodeIgniter.php(942): App\Controllers\Site_Controller->blog_mapurl()
 5 SYSTEMPATH/CodeIgniter.php(502): CodeIgniter\CodeIgniter->runController()
 6 SYSTEMPATH/CodeIgniter.php(361): CodeIgniter\CodeIgniter->handleRequest()
 7 FCPATH/index.php(79): CodeIgniter\CodeIgniter->run()
CRITICAL - 2024-09-23 12:33:30 --> count(): Argument #1 ($value) must be of type Countable|array, string given
in APPPATH/Views/admin/gallery_dynamic.php on line 188.
 1 SYSTEMPATH/View/View.php(228): include()
 2 SYSTEMPATH/View/View.php(231): CodeIgniter\View\View->CodeIgniter\View\{closure}()
 3 SYSTEMPATH/Common.php(1190): CodeIgniter\View\View->render()
 4 APPPATH/Views/admin/admin_layout.php(9): view()
 5 SYSTEMPATH/View/View.php(228): include('/home/u613340721/domains/gruballergy.com/public_html/app/Views/admin/admin_layout.php')
 6 SYSTEMPATH/View/View.php(231): CodeIgniter\View\View->CodeIgniter\View\{closure}()
 7 SYSTEMPATH/Common.php(1190): CodeIgniter\View\View->render()
 8 APPPATH/Controllers/Admin_Controller.php(2600): view()
 9 SYSTEMPATH/CodeIgniter.php(942): App\Controllers\Admin_Controller->gallery_section_images_dynamic()
10 SYSTEMPATH/CodeIgniter.php(502): CodeIgniter\CodeIgniter->runController()
11 SYSTEMPATH/CodeIgniter.php(361): CodeIgniter\CodeIgniter->handleRequest()
12 FCPATH/index.php(79): CodeIgniter\CodeIgniter->run()
CRITICAL - 2024-09-23 18:05:54 --> Attempt to read property "blog_id" on null
in APPPATH/Models/Blog_Model.php on line 294.
 1 APPPATH/Models/Blog_Model.php(294): CodeIgniter\Debug\Exceptions->errorHandler()
 2 APPPATH/Controllers/Site_Controller.php(1365): App\Models\Blog_Model->single_details_blog()
 3 APPPATH/Controllers/Site_Controller.php(1348): App\Controllers\Site_Controller->blog_details()
 4 SYSTEMPATH/CodeIgniter.php(942): App\Controllers\Site_Controller->blog_mapurl()
 5 SYSTEMPATH/CodeIgniter.php(502): CodeIgniter\CodeIgniter->runController()
 6 SYSTEMPATH/CodeIgniter.php(361): CodeIgniter\CodeIgniter->handleRequest()
 7 FCPATH/index.php(79): CodeIgniter\CodeIgniter->run()
CRITICAL - 2024-09-23 18:06:14 --> Attempt to read property "blog_id" on null
in APPPATH/Models/Blog_Model.php on line 294.
 1 APPPATH/Models/Blog_Model.php(294): CodeIgniter\Debug\Exceptions->errorHandler()
 2 APPPATH/Controllers/Site_Controller.php(1365): App\Models\Blog_Model->single_details_blog()
 3 APPPATH/Controllers/Site_Controller.php(1348): App\Controllers\Site_Controller->blog_details()
 4 SYSTEMPATH/CodeIgniter.php(942): App\Controllers\Site_Controller->blog_mapurl()
 5 SYSTEMPATH/CodeIgniter.php(502): CodeIgniter\CodeIgniter->runController()
 6 SYSTEMPATH/CodeIgniter.php(361): CodeIgniter\CodeIgniter->handleRequest()
 7 FCPATH/index.php(79): CodeIgniter\CodeIgniter->run()
CRITICAL - 2024-09-23 12:41:27 --> Array to string conversion
in APPPATH/Views/admin/gallery_dynamic.php on line 189.
 1 APPPATH/Views/admin/gallery_dynamic.php(189): CodeIgniter\Debug\Exceptions->errorHandler()
 2 SYSTEMPATH/View/View.php(228): include('/home/u613340721/domains/gruballergy.com/public_html/app/Views/admin/gallery_dynamic.php')
 3 SYSTEMPATH/View/View.php(231): CodeIgniter\View\View->CodeIgniter\View\{closure}()
 4 SYSTEMPATH/Common.php(1190): CodeIgniter\View\View->render()
 5 APPPATH/Views/admin/admin_layout.php(9): view()
 6 SYSTEMPATH/View/View.php(228): include('/home/u613340721/domains/gruballergy.com/public_html/app/Views/admin/admin_layout.php')
 7 SYSTEMPATH/View/View.php(231): CodeIgniter\View\View->CodeIgniter\View\{closure}()
 8 SYSTEMPATH/Common.php(1190): CodeIgniter\View\View->render()
 9 APPPATH/Controllers/Admin_Controller.php(2600): view()
10 SYSTEMPATH/CodeIgniter.php(942): App\Controllers\Admin_Controller->gallery_section_images_dynamic()
11 SYSTEMPATH/CodeIgniter.php(502): CodeIgniter\CodeIgniter->runController()
12 SYSTEMPATH/CodeIgniter.php(361): CodeIgniter\CodeIgniter->handleRequest()
13 FCPATH/index.php(79): CodeIgniter\CodeIgniter->run()
CRITICAL - 2024-09-23 19:00:59 --> Attempt to read property "blog_id" on null
in APPPATH/Models/Blog_Model.php on line 294.
 1 APPPATH/Models/Blog_Model.php(294): CodeIgniter\Debug\Exceptions->errorHandler()
 2 APPPATH/Controllers/Site_Controller.php(1365): App\Models\Blog_Model->single_details_blog()
 3 APPPATH/Controllers/Site_Controller.php(1348): App\Controllers\Site_Controller->blog_details()
 4 SYSTEMPATH/CodeIgniter.php(942): App\Controllers\Site_Controller->blog_mapurl()
 5 SYSTEMPATH/CodeIgniter.php(502): CodeIgniter\CodeIgniter->runController()
 6 SYSTEMPATH/CodeIgniter.php(361): CodeIgniter\CodeIgniter->handleRequest()
 7 FCPATH/index.php(79): CodeIgniter\CodeIgniter->run()
CRITICAL - 2024-09-23 19:01:03 --> Attempt to read property "blog_id" on null
in APPPATH/Models/Blog_Model.php on line 294.
 1 APPPATH/Models/Blog_Model.php(294): CodeIgniter\Debug\Exceptions->errorHandler()
 2 APPPATH/Controllers/Site_Controller.php(1365): App\Models\Blog_Model->single_details_blog()
 3 APPPATH/Controllers/Site_Controller.php(1348): App\Controllers\Site_Controller->blog_details()
 4 SYSTEMPATH/CodeIgniter.php(942): App\Controllers\Site_Controller->blog_mapurl()
 5 SYSTEMPATH/CodeIgniter.php(502): CodeIgniter\CodeIgniter->runController()
 6 SYSTEMPATH/CodeIgniter.php(361): CodeIgniter\CodeIgniter->handleRequest()
 7 FCPATH/index.php(79): CodeIgniter\CodeIgniter->run()
CRITICAL - 2024-09-23 19:01:03 --> Attempt to read property "blog_id" on null
in APPPATH/Models/Blog_Model.php on line 294.
 1 APPPATH/Models/Blog_Model.php(294): CodeIgniter\Debug\Exceptions->errorHandler()
 2 APPPATH/Controllers/Site_Controller.php(1365): App\Models\Blog_Model->single_details_blog()
 3 APPPATH/Controllers/Site_Controller.php(1348): App\Controllers\Site_Controller->blog_details()
 4 SYSTEMPATH/CodeIgniter.php(942): App\Controllers\Site_Controller->blog_mapurl()
 5 SYSTEMPATH/CodeIgniter.php(502): CodeIgniter\CodeIgniter->runController()
 6 SYSTEMPATH/CodeIgniter.php(361): CodeIgniter\CodeIgniter->handleRequest()
 7 FCPATH/index.php(79): CodeIgniter\CodeIgniter->run()
CRITICAL - 2024-09-23 19:01:05 --> Attempt to read property "blog_id" on null
in APPPATH/Models/Blog_Model.php on line 294.
 1 APPPATH/Models/Blog_Model.php(294): CodeIgniter\Debug\Exceptions->errorHandler()
 2 APPPATH/Controllers/Site_Controller.php(1365): App\Models\Blog_Model->single_details_blog()
 3 APPPATH/Controllers/Site_Controller.php(1348): App\Controllers\Site_Controller->blog_details()
 4 SYSTEMPATH/CodeIgniter.php(942): App\Controllers\Site_Controller->blog_mapurl()
 5 SYSTEMPATH/CodeIgniter.php(502): CodeIgniter\CodeIgniter->runController()
 6 SYSTEMPATH/CodeIgniter.php(361): CodeIgniter\CodeIgniter->handleRequest()
 7 FCPATH/index.php(79): CodeIgniter\CodeIgniter->run()
CRITICAL - 2024-09-23 19:01:06 --> Attempt to read property "blog_id" on null
in APPPATH/Models/Blog_Model.php on line 294.
 1 APPPATH/Models/Blog_Model.php(294): CodeIgniter\Debug\Exceptions->errorHandler()
 2 APPPATH/Controllers/Site_Controller.php(1365): App\Models\Blog_Model->single_details_blog()
 3 APPPATH/Controllers/Site_Controller.php(1348): App\Controllers\Site_Controller->blog_details()
 4 SYSTEMPATH/CodeIgniter.php(942): App\Controllers\Site_Controller->blog_mapurl()
 5 SYSTEMPATH/CodeIgniter.php(502): CodeIgniter\CodeIgniter->runController()
 6 SYSTEMPATH/CodeIgniter.php(361): CodeIgniter\CodeIgniter->handleRequest()
 7 FCPATH/index.php(79): CodeIgniter\CodeIgniter->run()
CRITICAL - 2024-09-23 19:01:07 --> Attempt to read property "blog_id" on null
in APPPATH/Models/Blog_Model.php on line 294.
 1 APPPATH/Models/Blog_Model.php(294): CodeIgniter\Debug\Exceptions->errorHandler()
 2 APPPATH/Controllers/Site_Controller.php(1365): App\Models\Blog_Model->single_details_blog()
 3 APPPATH/Controllers/Site_Controller.php(1348): App\Controllers\Site_Controller->blog_details()
 4 SYSTEMPATH/CodeIgniter.php(942): App\Controllers\Site_Controller->blog_mapurl()
 5 SYSTEMPATH/CodeIgniter.php(502): CodeIgniter\CodeIgniter->runController()
 6 SYSTEMPATH/CodeIgniter.php(361): CodeIgniter\CodeIgniter->handleRequest()
 7 FCPATH/index.php(79): CodeIgniter\CodeIgniter->run()
CRITICAL - 2024-09-23 19:01:14 --> Attempt to read property "blog_id" on null
in APPPATH/Models/Blog_Model.php on line 294.
 1 APPPATH/Models/Blog_Model.php(294): CodeIgniter\Debug\Exceptions->errorHandler()
 2 APPPATH/Controllers/Site_Controller.php(1365): App\Models\Blog_Model->single_details_blog()
 3 APPPATH/Controllers/Site_Controller.php(1348): App\Controllers\Site_Controller->blog_details()
 4 SYSTEMPATH/CodeIgniter.php(942): App\Controllers\Site_Controller->blog_mapurl()
 5 SYSTEMPATH/CodeIgniter.php(502): CodeIgniter\CodeIgniter->runController()
 6 SYSTEMPATH/CodeIgniter.php(361): CodeIgniter\CodeIgniter->handleRequest()
 7 FCPATH/index.php(79): CodeIgniter\CodeIgniter->run()
CRITICAL - 2024-09-23 19:01:14 --> Attempt to read property "blog_id" on null
in APPPATH/Models/Blog_Model.php on line 294.
 1 APPPATH/Models/Blog_Model.php(294): CodeIgniter\Debug\Exceptions->errorHandler()
 2 APPPATH/Controllers/Site_Controller.php(1365): App\Models\Blog_Model->single_details_blog()
 3 APPPATH/Controllers/Site_Controller.php(1348): App\Controllers\Site_Controller->blog_details()
 4 SYSTEMPATH/CodeIgniter.php(942): App\Controllers\Site_Controller->blog_mapurl()
 5 SYSTEMPATH/CodeIgniter.php(502): CodeIgniter\CodeIgniter->runController()
 6 SYSTEMPATH/CodeIgniter.php(361): CodeIgniter\CodeIgniter->handleRequest()
 7 FCPATH/index.php(79): CodeIgniter\CodeIgniter->run()
CRITICAL - 2024-09-23 19:01:15 --> Attempt to read property "blog_id" on null
in APPPATH/Models/Blog_Model.php on line 294.
 1 APPPATH/Models/Blog_Model.php(294): CodeIgniter\Debug\Exceptions->errorHandler()
 2 APPPATH/Controllers/Site_Controller.php(1365): App\Models\Blog_Model->single_details_blog()
 3 APPPATH/Controllers/Site_Controller.php(1348): App\Controllers\Site_Controller->blog_details()
 4 SYSTEMPATH/CodeIgniter.php(942): App\Controllers\Site_Controller->blog_mapurl()
 5 SYSTEMPATH/CodeIgniter.php(502): CodeIgniter\CodeIgniter->runController()
 6 SYSTEMPATH/CodeIgniter.php(361): CodeIgniter\CodeIgniter->handleRequest()
 7 FCPATH/index.php(79): CodeIgniter\CodeIgniter->run()
CRITICAL - 2024-09-23 19:18:49 --> Attempt to read property "blog_id" on null
in APPPATH/Models/Blog_Model.php on line 294.
 1 APPPATH/Models/Blog_Model.php(294): CodeIgniter\Debug\Exceptions->errorHandler()
 2 APPPATH/Controllers/Site_Controller.php(1365): App\Models\Blog_Model->single_details_blog()
 3 APPPATH/Controllers/Site_Controller.php(1348): App\Controllers\Site_Controller->blog_details()
 4 SYSTEMPATH/CodeIgniter.php(942): App\Controllers\Site_Controller->blog_mapurl()
 5 SYSTEMPATH/CodeIgniter.php(502): CodeIgniter\CodeIgniter->runController()
 6 SYSTEMPATH/CodeIgniter.php(361): CodeIgniter\CodeIgniter->handleRequest()
 7 FCPATH/index.php(79): CodeIgniter\CodeIgniter->run()
ERROR - 2024-09-23 14:07:44 --> mysqli_sql_exception: You have an error in your SQL syntax; check the manual that corresponds to your MariaDB server version for the right syntax to use near '41 = :41:
WHERE `sequence` = :sequence:' at line 1 in /home/u613340721/domains/gruballergy.com/public_html/system/Database/MySQLi/Connection.php:306
Stack trace:
#0 /home/u613340721/domains/gruballergy.com/public_html/system/Database/MySQLi/Connection.php(306): mysqli->query()
#1 /home/u613340721/domains/gruballergy.com/public_html/system/Database/BaseConnection.php(693): CodeIgniter\Database\MySQLi\Connection->execute()
#2 /home/u613340721/domains/gruballergy.com/public_html/system/Database/BaseConnection.php(607): CodeIgniter\Database\BaseConnection->simpleQuery()
#3 /home/u613340721/domains/gruballergy.com/public_html/system/Database/BaseBuilder.php(2475): CodeIgniter\Database\BaseConnection->query()
#4 /home/u613340721/domains/gruballergy.com/public_html/app/Controllers/Admin_Controller.php(2767): CodeIgniter\Database\BaseBuilder->update()
#5 /home/u613340721/domains/gruballergy.com/public_html/system/CodeIgniter.php(942): App\Controllers\Admin_Controller->gallery_update_sequence()
#6 /home/u613340721/domains/gruballergy.com/public_html/system/CodeIgniter.php(502): CodeIgniter\CodeIgniter->runController()
#7 /home/u613340721/domains/gruballergy.com/public_html/system/CodeIgniter.php(361): CodeIgniter\CodeIgniter->handleRequest()
#8 /home/u613340721/domains/gruballergy.com/public_html/index.php(79): CodeIgniter\CodeIgniter->run()
#9 {main}
CRITICAL - 2024-09-23 14:07:44 --> You have an error in your SQL syntax; check the manual that corresponds to your MariaDB server version for the right syntax to use near '41 = :41:
WHERE `sequence` = :sequence:' at line 1
in SYSTEMPATH/Database/BaseConnection.php on line 647.
 1 SYSTEMPATH/Database/BaseBuilder.php(2475): CodeIgniter\Database\BaseConnection->query()
 2 APPPATH/Controllers/Admin_Controller.php(2767): CodeIgniter\Database\BaseBuilder->update()
 3 SYSTEMPATH/CodeIgniter.php(942): App\Controllers\Admin_Controller->gallery_update_sequence()
 4 SYSTEMPATH/CodeIgniter.php(502): CodeIgniter\CodeIgniter->runController()
 5 SYSTEMPATH/CodeIgniter.php(361): CodeIgniter\CodeIgniter->handleRequest()
 6 FCPATH/index.php(79): CodeIgniter\CodeIgniter->run()
CRITICAL - 2024-09-23 20:30:12 --> Attempt to read property "blog_id" on null
in APPPATH/Models/Blog_Model.php on line 294.
 1 APPPATH/Models/Blog_Model.php(294): CodeIgniter\Debug\Exceptions->errorHandler()
 2 APPPATH/Controllers/Site_Controller.php(1365): App\Models\Blog_Model->single_details_blog()
 3 APPPATH/Controllers/Site_Controller.php(1348): App\Controllers\Site_Controller->blog_details()
 4 SYSTEMPATH/CodeIgniter.php(942): App\Controllers\Site_Controller->blog_mapurl()
 5 SYSTEMPATH/CodeIgniter.php(502): CodeIgniter\CodeIgniter->runController()
 6 SYSTEMPATH/CodeIgniter.php(361): CodeIgniter\CodeIgniter->handleRequest()
 7 FCPATH/index.php(79): CodeIgniter\CodeIgniter->run()
CRITICAL - 2024-09-23 20:30:45 --> Attempt to read property "blog_id" on null
in APPPATH/Models/Blog_Model.php on line 294.
 1 APPPATH/Models/Blog_Model.php(294): CodeIgniter\Debug\Exceptions->errorHandler()
 2 APPPATH/Controllers/Site_Controller.php(1365): App\Models\Blog_Model->single_details_blog()
 3 APPPATH/Controllers/Site_Controller.php(1348): App\Controllers\Site_Controller->blog_details()
 4 SYSTEMPATH/CodeIgniter.php(942): App\Controllers\Site_Controller->blog_mapurl()
 5 SYSTEMPATH/CodeIgniter.php(502): CodeIgniter\CodeIgniter->runController()
 6 SYSTEMPATH/CodeIgniter.php(361): CodeIgniter\CodeIgniter->handleRequest()
 7 FCPATH/index.php(79): CodeIgniter\CodeIgniter->run()
