CRITICAL - 2024-09-02 11:02:36 --> Call to undefined method App\Models\Category_Model::get_two_blogs
in SYSTEMPATH/Model.php on line 873.
 1 APPPATH/Controllers/Site_Controller.php(571): CodeIgniter\Model->__call()
 2 APPPATH/Controllers/Site_Controller.php(1293): App\Controllers\Site_Controller->details_page()
 3 SYSTEMPATH/CodeIgniter.php(942): App\Controllers\Site_Controller->all_urls()
 4 SYSTEMPATH/CodeIgniter.php(502): CodeIgniter\CodeIgniter->runController()
 5 SYSTEMPATH/CodeIgniter.php(361): CodeIgniter\CodeIgniter->handleRequest()
 6 FCPATH/index.php(79): CodeIgniter\CodeIgniter->run()
CRITICAL - 2024-09-02 11:03:16 --> Call to undefined method App\Models\Category_Model::get_two_blogs
in SYSTEMPATH/Model.php on line 873.
 1 APPPATH/Controllers/Site_Controller.php(571): CodeIgniter\Model->__call()
 2 APPPATH/Controllers/Site_Controller.php(1293): App\Controllers\Site_Controller->details_page()
 3 SYSTEMPATH/CodeIgniter.php(942): App\Controllers\Site_Controller->all_urls()
 4 SYSTEMPATH/CodeIgniter.php(502): CodeIgniter\CodeIgniter->runController()
 5 SYSTEMPATH/CodeIgniter.php(361): CodeIgniter\CodeIgniter->handleRequest()
 6 FCPATH/index.php(79): CodeIgniter\CodeIgniter->run()
CRITICAL - 2024-09-02 11:03:18 --> Call to undefined method App\Models\Category_Model::get_two_blogs
in SYSTEMPATH/Model.php on line 873.
 1 APPPATH/Controllers/Site_Controller.php(571): CodeIgniter\Model->__call()
 2 APPPATH/Controllers/Site_Controller.php(1293): App\Controllers\Site_Controller->details_page()
 3 SYSTEMPATH/CodeIgniter.php(942): App\Controllers\Site_Controller->all_urls()
 4 SYSTEMPATH/CodeIgniter.php(502): CodeIgniter\CodeIgniter->runController()
 5 SYSTEMPATH/CodeIgniter.php(361): CodeIgniter\CodeIgniter->handleRequest()
 6 FCPATH/index.php(79): CodeIgniter\CodeIgniter->run()
CRITICAL - 2024-09-02 11:03:43 --> Call to undefined method App\Models\Category_Model::get_two_blogs
in SYSTEMPATH/Model.php on line 873.
 1 APPPATH/Controllers/Site_Controller.php(571): CodeIgniter\Model->__call()
 2 APPPATH/Controllers/Site_Controller.php(1293): App\Controllers\Site_Controller->details_page()
 3 SYSTEMPATH/CodeIgniter.php(942): App\Controllers\Site_Controller->all_urls()
 4 SYSTEMPATH/CodeIgniter.php(502): CodeIgniter\CodeIgniter->runController()
 5 SYSTEMPATH/CodeIgniter.php(361): CodeIgniter\CodeIgniter->handleRequest()
 6 FCPATH/index.php(79): CodeIgniter\CodeIgniter->run()
CRITICAL - 2024-09-02 11:03:47 --> Call to undefined method App\Models\Category_Model::get_two_blogs
in SYSTEMPATH/Model.php on line 873.
 1 APPPATH/Controllers/Site_Controller.php(571): CodeIgniter\Model->__call()
 2 APPPATH/Controllers/Site_Controller.php(1293): App\Controllers\Site_Controller->details_page()
 3 SYSTEMPATH/CodeIgniter.php(942): App\Controllers\Site_Controller->all_urls()
 4 SYSTEMPATH/CodeIgniter.php(502): CodeIgniter\CodeIgniter->runController()
 5 SYSTEMPATH/CodeIgniter.php(361): CodeIgniter\CodeIgniter->handleRequest()
 6 FCPATH/index.php(79): CodeIgniter\CodeIgniter->run()
CRITICAL - 2024-09-02 11:03:47 --> Call to undefined method App\Models\Category_Model::get_two_blogs
in SYSTEMPATH/Model.php on line 873.
 1 APPPATH/Controllers/Site_Controller.php(571): CodeIgniter\Model->__call()
 2 APPPATH/Controllers/Site_Controller.php(1293): App\Controllers\Site_Controller->details_page()
 3 SYSTEMPATH/CodeIgniter.php(942): App\Controllers\Site_Controller->all_urls()
 4 SYSTEMPATH/CodeIgniter.php(502): CodeIgniter\CodeIgniter->runController()
 5 SYSTEMPATH/CodeIgniter.php(361): CodeIgniter\CodeIgniter->handleRequest()
 6 FCPATH/index.php(79): CodeIgniter\CodeIgniter->run()
CRITICAL - 2024-09-02 11:03:48 --> Call to undefined method App\Models\Category_Model::get_two_blogs
in SYSTEMPATH/Model.php on line 873.
 1 APPPATH/Controllers/Site_Controller.php(571): CodeIgniter\Model->__call()
 2 APPPATH/Controllers/Site_Controller.php(1293): App\Controllers\Site_Controller->details_page()
 3 SYSTEMPATH/CodeIgniter.php(942): App\Controllers\Site_Controller->all_urls()
 4 SYSTEMPATH/CodeIgniter.php(502): CodeIgniter\CodeIgniter->runController()
 5 SYSTEMPATH/CodeIgniter.php(361): CodeIgniter\CodeIgniter->handleRequest()
 6 FCPATH/index.php(79): CodeIgniter\CodeIgniter->run()
CRITICAL - 2024-09-02 11:03:49 --> Call to undefined method App\Models\Category_Model::get_two_blogs
in SYSTEMPATH/Model.php on line 873.
 1 APPPATH/Controllers/Site_Controller.php(571): CodeIgniter\Model->__call()
 2 APPPATH/Controllers/Site_Controller.php(1293): App\Controllers\Site_Controller->details_page()
 3 SYSTEMPATH/CodeIgniter.php(942): App\Controllers\Site_Controller->all_urls()
 4 SYSTEMPATH/CodeIgniter.php(502): CodeIgniter\CodeIgniter->runController()
 5 SYSTEMPATH/CodeIgniter.php(361): CodeIgniter\CodeIgniter->handleRequest()
 6 FCPATH/index.php(79): CodeIgniter\CodeIgniter->run()
CRITICAL - 2024-09-02 11:03:55 --> Call to undefined method App\Models\Category_Model::get_two_blogs
in SYSTEMPATH/Model.php on line 873.
 1 APPPATH/Controllers/Site_Controller.php(571): CodeIgniter\Model->__call()
 2 APPPATH/Controllers/Site_Controller.php(1293): App\Controllers\Site_Controller->details_page()
 3 SYSTEMPATH/CodeIgniter.php(942): App\Controllers\Site_Controller->all_urls()
 4 SYSTEMPATH/CodeIgniter.php(502): CodeIgniter\CodeIgniter->runController()
 5 SYSTEMPATH/CodeIgniter.php(361): CodeIgniter\CodeIgniter->handleRequest()
 6 FCPATH/index.php(79): CodeIgniter\CodeIgniter->run()
CRITICAL - 2024-09-02 11:03:57 --> Call to undefined method App\Models\Category_Model::get_two_blogs
in SYSTEMPATH/Model.php on line 873.
 1 APPPATH/Controllers/Site_Controller.php(571): CodeIgniter\Model->__call()
 2 APPPATH/Controllers/Site_Controller.php(1293): App\Controllers\Site_Controller->details_page()
 3 SYSTEMPATH/CodeIgniter.php(942): App\Controllers\Site_Controller->all_urls()
 4 SYSTEMPATH/CodeIgniter.php(502): CodeIgniter\CodeIgniter->runController()
 5 SYSTEMPATH/CodeIgniter.php(361): CodeIgniter\CodeIgniter->handleRequest()
 6 FCPATH/index.php(79): CodeIgniter\CodeIgniter->run()
CRITICAL - 2024-09-02 11:03:58 --> Call to undefined method App\Models\Category_Model::get_two_blogs
in SYSTEMPATH/Model.php on line 873.
 1 APPPATH/Controllers/Site_Controller.php(571): CodeIgniter\Model->__call()
 2 APPPATH/Controllers/Site_Controller.php(1293): App\Controllers\Site_Controller->details_page()
 3 SYSTEMPATH/CodeIgniter.php(942): App\Controllers\Site_Controller->all_urls()
 4 SYSTEMPATH/CodeIgniter.php(502): CodeIgniter\CodeIgniter->runController()
 5 SYSTEMPATH/CodeIgniter.php(361): CodeIgniter\CodeIgniter->handleRequest()
 6 FCPATH/index.php(79): CodeIgniter\CodeIgniter->run()
CRITICAL - 2024-09-02 11:04:08 --> Call to undefined method App\Models\Category_Model::get_two_blogs
in SYSTEMPATH/Model.php on line 873.
 1 APPPATH/Controllers/Site_Controller.php(571): CodeIgniter\Model->__call()
 2 APPPATH/Controllers/Site_Controller.php(1293): App\Controllers\Site_Controller->details_page()
 3 SYSTEMPATH/CodeIgniter.php(942): App\Controllers\Site_Controller->all_urls()
 4 SYSTEMPATH/CodeIgniter.php(502): CodeIgniter\CodeIgniter->runController()
 5 SYSTEMPATH/CodeIgniter.php(361): CodeIgniter\CodeIgniter->handleRequest()
 6 FCPATH/index.php(79): CodeIgniter\CodeIgniter->run()
CRITICAL - 2024-09-02 11:04:10 --> Call to undefined method App\Models\Category_Model::get_two_blogs
in SYSTEMPATH/Model.php on line 873.
 1 APPPATH/Controllers/Site_Controller.php(571): CodeIgniter\Model->__call()
 2 APPPATH/Controllers/Site_Controller.php(1293): App\Controllers\Site_Controller->details_page()
 3 SYSTEMPATH/CodeIgniter.php(942): App\Controllers\Site_Controller->all_urls()
 4 SYSTEMPATH/CodeIgniter.php(502): CodeIgniter\CodeIgniter->runController()
 5 SYSTEMPATH/CodeIgniter.php(361): CodeIgniter\CodeIgniter->handleRequest()
 6 FCPATH/index.php(79): CodeIgniter\CodeIgniter->run()
CRITICAL - 2024-09-02 11:04:10 --> Call to undefined method App\Models\Category_Model::get_two_blogs
in SYSTEMPATH/Model.php on line 873.
 1 APPPATH/Controllers/Site_Controller.php(571): CodeIgniter\Model->__call()
 2 APPPATH/Controllers/Site_Controller.php(1293): App\Controllers\Site_Controller->details_page()
 3 SYSTEMPATH/CodeIgniter.php(942): App\Controllers\Site_Controller->all_urls()
 4 SYSTEMPATH/CodeIgniter.php(502): CodeIgniter\CodeIgniter->runController()
 5 SYSTEMPATH/CodeIgniter.php(361): CodeIgniter\CodeIgniter->handleRequest()
 6 FCPATH/index.php(79): CodeIgniter\CodeIgniter->run()
CRITICAL - 2024-09-02 11:04:38 --> Call to undefined method App\Models\Category_Model::get_two_blogs
in SYSTEMPATH/Model.php on line 873.
 1 APPPATH/Controllers/Site_Controller.php(571): CodeIgniter\Model->__call()
 2 APPPATH/Controllers/Site_Controller.php(1293): App\Controllers\Site_Controller->details_page()
 3 SYSTEMPATH/CodeIgniter.php(942): App\Controllers\Site_Controller->all_urls()
 4 SYSTEMPATH/CodeIgniter.php(502): CodeIgniter\CodeIgniter->runController()
 5 SYSTEMPATH/CodeIgniter.php(361): CodeIgniter\CodeIgniter->handleRequest()
 6 FCPATH/index.php(79): CodeIgniter\CodeIgniter->run()
CRITICAL - 2024-09-02 11:04:38 --> Call to undefined method App\Models\Category_Model::get_two_blogs
in SYSTEMPATH/Model.php on line 873.
 1 APPPATH/Controllers/Site_Controller.php(571): CodeIgniter\Model->__call()
 2 APPPATH/Controllers/Site_Controller.php(1293): App\Controllers\Site_Controller->details_page()
 3 SYSTEMPATH/CodeIgniter.php(942): App\Controllers\Site_Controller->all_urls()
 4 SYSTEMPATH/CodeIgniter.php(502): CodeIgniter\CodeIgniter->runController()
 5 SYSTEMPATH/CodeIgniter.php(361): CodeIgniter\CodeIgniter->handleRequest()
 6 FCPATH/index.php(79): CodeIgniter\CodeIgniter->run()
CRITICAL - 2024-09-02 11:04:39 --> Call to undefined method App\Models\Category_Model::get_two_blogs
in SYSTEMPATH/Model.php on line 873.
 1 APPPATH/Controllers/Site_Controller.php(571): CodeIgniter\Model->__call()
 2 APPPATH/Controllers/Site_Controller.php(1293): App\Controllers\Site_Controller->details_page()
 3 SYSTEMPATH/CodeIgniter.php(942): App\Controllers\Site_Controller->all_urls()
 4 SYSTEMPATH/CodeIgniter.php(502): CodeIgniter\CodeIgniter->runController()
 5 SYSTEMPATH/CodeIgniter.php(361): CodeIgniter\CodeIgniter->handleRequest()
 6 FCPATH/index.php(79): CodeIgniter\CodeIgniter->run()
CRITICAL - 2024-09-02 11:04:39 --> Call to undefined method App\Models\Category_Model::get_two_blogs
in SYSTEMPATH/Model.php on line 873.
 1 APPPATH/Controllers/Site_Controller.php(571): CodeIgniter\Model->__call()
 2 APPPATH/Controllers/Site_Controller.php(1293): App\Controllers\Site_Controller->details_page()
 3 SYSTEMPATH/CodeIgniter.php(942): App\Controllers\Site_Controller->all_urls()
 4 SYSTEMPATH/CodeIgniter.php(502): CodeIgniter\CodeIgniter->runController()
 5 SYSTEMPATH/CodeIgniter.php(361): CodeIgniter\CodeIgniter->handleRequest()
 6 FCPATH/index.php(79): CodeIgniter\CodeIgniter->run()
CRITICAL - 2024-09-02 11:04:39 --> Call to undefined method App\Models\Category_Model::get_two_blogs
in SYSTEMPATH/Model.php on line 873.
 1 APPPATH/Controllers/Site_Controller.php(571): CodeIgniter\Model->__call()
 2 APPPATH/Controllers/Site_Controller.php(1293): App\Controllers\Site_Controller->details_page()
 3 SYSTEMPATH/CodeIgniter.php(942): App\Controllers\Site_Controller->all_urls()
 4 SYSTEMPATH/CodeIgniter.php(502): CodeIgniter\CodeIgniter->runController()
 5 SYSTEMPATH/CodeIgniter.php(361): CodeIgniter\CodeIgniter->handleRequest()
 6 FCPATH/index.php(79): CodeIgniter\CodeIgniter->run()
CRITICAL - 2024-09-02 11:35:49 --> Undefined array key "blog_img"
in APPPATH/Views/site/blog_detailspage.php on line 506.
 1 APPPATH/Views/site/blog_detailspage.php(506): CodeIgniter\Debug\Exceptions->errorHandler()
 2 SYSTEMPATH/View/View.php(228): include('/home/u582998483/domains/hostdemo.co.in/public_html/gruballergy/app/Views/site/blog_detailspage.php')
 3 SYSTEMPATH/View/View.php(231): CodeIgniter\View\View->CodeIgniter\View\{closure}()
 4 SYSTEMPATH/Common.php(1190): CodeIgniter\View\View->render()
 5 APPPATH/Views/site/layout.php(7): view()
 6 SYSTEMPATH/View/View.php(228): include('/home/u582998483/domains/hostdemo.co.in/public_html/gruballergy/app/Views/site/layout.php')
 7 SYSTEMPATH/View/View.php(231): CodeIgniter\View\View->CodeIgniter\View\{closure}()
 8 SYSTEMPATH/Common.php(1190): CodeIgniter\View\View->render()
 9 APPPATH/Controllers/Site_Controller.php(1290): view()
10 SYSTEMPATH/CodeIgniter.php(942): App\Controllers\Site_Controller->all_urls()
11 SYSTEMPATH/CodeIgniter.php(502): CodeIgniter\CodeIgniter->runController()
12 SYSTEMPATH/CodeIgniter.php(361): CodeIgniter\CodeIgniter->handleRequest()
13 FCPATH/index.php(79): CodeIgniter\CodeIgniter->run()
CRITICAL - 2024-09-02 15:07:51 --> Call to undefined method App\Models\Recipes_Model::get_all_recipe_for_recipe_section
in SYSTEMPATH/Model.php on line 873.
 1 APPPATH/Controllers/Site_Controller.php(390): CodeIgniter\Model->__call()
 2 SYSTEMPATH/CodeIgniter.php(942): App\Controllers\Site_Controller->site_recipe_view()
 3 SYSTEMPATH/CodeIgniter.php(502): CodeIgniter\CodeIgniter->runController()
 4 SYSTEMPATH/CodeIgniter.php(361): CodeIgniter\CodeIgniter->handleRequest()
 5 FCPATH/index.php(79): CodeIgniter\CodeIgniter->run()
CRITICAL - 2024-09-02 15:16:55 --> Undefined array key "re_id"
in APPPATH/Views/site/recipe_page.php on line 67.
 1 APPPATH/Views/site/recipe_page.php(67): CodeIgniter\Debug\Exceptions->errorHandler()
 2 SYSTEMPATH/View/View.php(228): include('/home/u582998483/domains/hostdemo.co.in/public_html/gruballergy/app/Views/site/recipe_page.php')
 3 SYSTEMPATH/View/View.php(231): CodeIgniter\View\View->CodeIgniter\View\{closure}()
 4 SYSTEMPATH/Common.php(1190): CodeIgniter\View\View->render()
 5 APPPATH/Views/site/layout.php(7): view()
 6 SYSTEMPATH/View/View.php(228): include('/home/u582998483/domains/hostdemo.co.in/public_html/gruballergy/app/Views/site/layout.php')
 7 SYSTEMPATH/View/View.php(231): CodeIgniter\View\View->CodeIgniter\View\{closure}()
 8 SYSTEMPATH/Common.php(1190): CodeIgniter\View\View->render()
 9 APPPATH/Controllers/Site_Controller.php(402): view()
10 SYSTEMPATH/CodeIgniter.php(942): App\Controllers\Site_Controller->site_recipe_view()
11 SYSTEMPATH/CodeIgniter.php(502): CodeIgniter\CodeIgniter->runController()
12 SYSTEMPATH/CodeIgniter.php(361): CodeIgniter\CodeIgniter->handleRequest()
13 FCPATH/index.php(79): CodeIgniter\CodeIgniter->run()
CRITICAL - 2024-09-02 15:17:28 --> Undefined array key "re_title"
in APPPATH/Views/site/recipe_page.php on line 67.
 1 APPPATH/Views/site/recipe_page.php(67): CodeIgniter\Debug\Exceptions->errorHandler()
 2 SYSTEMPATH/View/View.php(228): include('/home/u582998483/domains/hostdemo.co.in/public_html/gruballergy/app/Views/site/recipe_page.php')
 3 SYSTEMPATH/View/View.php(231): CodeIgniter\View\View->CodeIgniter\View\{closure}()
 4 SYSTEMPATH/Common.php(1190): CodeIgniter\View\View->render()
 5 APPPATH/Views/site/layout.php(7): view()
 6 SYSTEMPATH/View/View.php(228): include('/home/u582998483/domains/hostdemo.co.in/public_html/gruballergy/app/Views/site/layout.php')
 7 SYSTEMPATH/View/View.php(231): CodeIgniter\View\View->CodeIgniter\View\{closure}()
 8 SYSTEMPATH/Common.php(1190): CodeIgniter\View\View->render()
 9 APPPATH/Controllers/Site_Controller.php(402): view()
10 SYSTEMPATH/CodeIgniter.php(942): App\Controllers\Site_Controller->site_recipe_view()
11 SYSTEMPATH/CodeIgniter.php(502): CodeIgniter\CodeIgniter->runController()
12 SYSTEMPATH/CodeIgniter.php(361): CodeIgniter\CodeIgniter->handleRequest()
13 FCPATH/index.php(79): CodeIgniter\CodeIgniter->run()
CRITICAL - 2024-09-02 15:18:18 --> Undefined array key "re_title"
in APPPATH/Views/site/recipe_page.php on line 67.
 1 APPPATH/Views/site/recipe_page.php(67): CodeIgniter\Debug\Exceptions->errorHandler()
 2 SYSTEMPATH/View/View.php(228): include('/home/u582998483/domains/hostdemo.co.in/public_html/gruballergy/app/Views/site/recipe_page.php')
 3 SYSTEMPATH/View/View.php(231): CodeIgniter\View\View->CodeIgniter\View\{closure}()
 4 SYSTEMPATH/Common.php(1190): CodeIgniter\View\View->render()
 5 APPPATH/Views/site/layout.php(7): view()
 6 SYSTEMPATH/View/View.php(228): include('/home/u582998483/domains/hostdemo.co.in/public_html/gruballergy/app/Views/site/layout.php')
 7 SYSTEMPATH/View/View.php(231): CodeIgniter\View\View->CodeIgniter\View\{closure}()
 8 SYSTEMPATH/Common.php(1190): CodeIgniter\View\View->render()
 9 APPPATH/Controllers/Site_Controller.php(402): view()
10 SYSTEMPATH/CodeIgniter.php(942): App\Controllers\Site_Controller->site_recipe_view()
11 SYSTEMPATH/CodeIgniter.php(502): CodeIgniter\CodeIgniter->runController()
12 SYSTEMPATH/CodeIgniter.php(361): CodeIgniter\CodeIgniter->handleRequest()
13 FCPATH/index.php(79): CodeIgniter\CodeIgniter->run()
CRITICAL - 2024-09-02 15:34:23 --> Undefined array key "image_url"
in APPPATH/Views/site/recipe_page.php on line 58.
 1 APPPATH/Views/site/recipe_page.php(58): CodeIgniter\Debug\Exceptions->errorHandler()
 2 SYSTEMPATH/View/View.php(228): include('/home/u582998483/domains/hostdemo.co.in/public_html/gruballergy/app/Views/site/recipe_page.php')
 3 SYSTEMPATH/View/View.php(231): CodeIgniter\View\View->CodeIgniter\View\{closure}()
 4 SYSTEMPATH/Common.php(1190): CodeIgniter\View\View->render()
 5 APPPATH/Views/site/layout.php(7): view()
 6 SYSTEMPATH/View/View.php(228): include('/home/u582998483/domains/hostdemo.co.in/public_html/gruballergy/app/Views/site/layout.php')
 7 SYSTEMPATH/View/View.php(231): CodeIgniter\View\View->CodeIgniter\View\{closure}()
 8 SYSTEMPATH/Common.php(1190): CodeIgniter\View\View->render()
 9 APPPATH/Controllers/Site_Controller.php(400): view()
10 SYSTEMPATH/CodeIgniter.php(942): App\Controllers\Site_Controller->site_recipe_view()
11 SYSTEMPATH/CodeIgniter.php(502): CodeIgniter\CodeIgniter->runController()
12 SYSTEMPATH/CodeIgniter.php(361): CodeIgniter\CodeIgniter->handleRequest()
13 FCPATH/index.php(79): CodeIgniter\CodeIgniter->run()
CRITICAL - 2024-09-02 15:45:35 --> Undefined variable $recipes_data_categoryvise
in APPPATH/Views/site/recipe_page.php on line 145.
 1 APPPATH/Views/site/recipe_page.php(145): CodeIgniter\Debug\Exceptions->errorHandler()
 2 SYSTEMPATH/View/View.php(228): include('/home/u582998483/domains/hostdemo.co.in/public_html/gruballergy/app/Views/site/recipe_page.php')
 3 SYSTEMPATH/View/View.php(231): CodeIgniter\View\View->CodeIgniter\View\{closure}()
 4 SYSTEMPATH/Common.php(1190): CodeIgniter\View\View->render()
 5 APPPATH/Views/site/layout.php(7): view()
 6 SYSTEMPATH/View/View.php(228): include('/home/u582998483/domains/hostdemo.co.in/public_html/gruballergy/app/Views/site/layout.php')
 7 SYSTEMPATH/View/View.php(231): CodeIgniter\View\View->CodeIgniter\View\{closure}()
 8 SYSTEMPATH/Common.php(1190): CodeIgniter\View\View->render()
 9 APPPATH/Controllers/Site_Controller.php(400): view()
10 SYSTEMPATH/CodeIgniter.php(942): App\Controllers\Site_Controller->site_recipe_view()
11 SYSTEMPATH/CodeIgniter.php(502): CodeIgniter\CodeIgniter->runController()
12 SYSTEMPATH/CodeIgniter.php(361): CodeIgniter\CodeIgniter->handleRequest()
13 FCPATH/index.php(79): CodeIgniter\CodeIgniter->run()
CRITICAL - 2024-09-02 15:45:56 --> Undefined variable $total
in APPPATH/Views/site/recipe_page.php on line 181.
 1 APPPATH/Views/site/recipe_page.php(181): CodeIgniter\Debug\Exceptions->errorHandler()
 2 SYSTEMPATH/View/View.php(228): include('/home/u582998483/domains/hostdemo.co.in/public_html/gruballergy/app/Views/site/recipe_page.php')
 3 SYSTEMPATH/View/View.php(231): CodeIgniter\View\View->CodeIgniter\View\{closure}()
 4 SYSTEMPATH/Common.php(1190): CodeIgniter\View\View->render()
 5 APPPATH/Views/site/layout.php(7): view()
 6 SYSTEMPATH/View/View.php(228): include('/home/u582998483/domains/hostdemo.co.in/public_html/gruballergy/app/Views/site/layout.php')
 7 SYSTEMPATH/View/View.php(231): CodeIgniter\View\View->CodeIgniter\View\{closure}()
 8 SYSTEMPATH/Common.php(1190): CodeIgniter\View\View->render()
 9 APPPATH/Controllers/Site_Controller.php(400): view()
10 SYSTEMPATH/CodeIgniter.php(942): App\Controllers\Site_Controller->site_recipe_view()
11 SYSTEMPATH/CodeIgniter.php(502): CodeIgniter\CodeIgniter->runController()
12 SYSTEMPATH/CodeIgniter.php(361): CodeIgniter\CodeIgniter->handleRequest()
13 FCPATH/index.php(79): CodeIgniter\CodeIgniter->run()
CRITICAL - 2024-09-02 15:50:55 --> Undefined variable $recipes_data_categoryvise
in APPPATH/Views/site/recipe_page.php on line 94.
 1 APPPATH/Views/site/recipe_page.php(94): CodeIgniter\Debug\Exceptions->errorHandler()
 2 SYSTEMPATH/View/View.php(228): include('/home/u582998483/domains/hostdemo.co.in/public_html/gruballergy/app/Views/site/recipe_page.php')
 3 SYSTEMPATH/View/View.php(231): CodeIgniter\View\View->CodeIgniter\View\{closure}()
 4 SYSTEMPATH/Common.php(1190): CodeIgniter\View\View->render()
 5 APPPATH/Views/site/layout.php(7): view()
 6 SYSTEMPATH/View/View.php(228): include('/home/u582998483/domains/hostdemo.co.in/public_html/gruballergy/app/Views/site/layout.php')
 7 SYSTEMPATH/View/View.php(231): CodeIgniter\View\View->CodeIgniter\View\{closure}()
 8 SYSTEMPATH/Common.php(1190): CodeIgniter\View\View->render()
 9 APPPATH/Controllers/Site_Controller.php(404): view()
10 SYSTEMPATH/CodeIgniter.php(942): App\Controllers\Site_Controller->site_recipe_view()
11 SYSTEMPATH/CodeIgniter.php(502): CodeIgniter\CodeIgniter->runController()
12 SYSTEMPATH/CodeIgniter.php(361): CodeIgniter\CodeIgniter->handleRequest()
13 FCPATH/index.php(79): CodeIgniter\CodeIgniter->run()
CRITICAL - 2024-09-02 15:51:21 --> Undefined variable $category_data_tag
in APPPATH/Views/site/recipe_page.php on line 113.
 1 APPPATH/Views/site/recipe_page.php(113): CodeIgniter\Debug\Exceptions->errorHandler()
 2 SYSTEMPATH/View/View.php(228): include('/home/u582998483/domains/hostdemo.co.in/public_html/gruballergy/app/Views/site/recipe_page.php')
 3 SYSTEMPATH/View/View.php(231): CodeIgniter\View\View->CodeIgniter\View\{closure}()
 4 SYSTEMPATH/Common.php(1190): CodeIgniter\View\View->render()
 5 APPPATH/Views/site/layout.php(7): view()
 6 SYSTEMPATH/View/View.php(228): include('/home/u582998483/domains/hostdemo.co.in/public_html/gruballergy/app/Views/site/layout.php')
 7 SYSTEMPATH/View/View.php(231): CodeIgniter\View\View->CodeIgniter\View\{closure}()
 8 SYSTEMPATH/Common.php(1190): CodeIgniter\View\View->render()
 9 APPPATH/Controllers/Site_Controller.php(404): view()
10 SYSTEMPATH/CodeIgniter.php(942): App\Controllers\Site_Controller->site_recipe_view()
11 SYSTEMPATH/CodeIgniter.php(502): CodeIgniter\CodeIgniter->runController()
12 SYSTEMPATH/CodeIgniter.php(361): CodeIgniter\CodeIgniter->handleRequest()
13 FCPATH/index.php(79): CodeIgniter\CodeIgniter->run()
CRITICAL - 2024-09-02 15:51:22 --> Undefined variable $category_data_tag
in APPPATH/Views/site/recipe_page.php on line 113.
 1 APPPATH/Views/site/recipe_page.php(113): CodeIgniter\Debug\Exceptions->errorHandler()
 2 SYSTEMPATH/View/View.php(228): include('/home/u582998483/domains/hostdemo.co.in/public_html/gruballergy/app/Views/site/recipe_page.php')
 3 SYSTEMPATH/View/View.php(231): CodeIgniter\View\View->CodeIgniter\View\{closure}()
 4 SYSTEMPATH/Common.php(1190): CodeIgniter\View\View->render()
 5 APPPATH/Views/site/layout.php(7): view()
 6 SYSTEMPATH/View/View.php(228): include('/home/u582998483/domains/hostdemo.co.in/public_html/gruballergy/app/Views/site/layout.php')
 7 SYSTEMPATH/View/View.php(231): CodeIgniter\View\View->CodeIgniter\View\{closure}()
 8 SYSTEMPATH/Common.php(1190): CodeIgniter\View\View->render()
 9 APPPATH/Controllers/Site_Controller.php(404): view()
10 SYSTEMPATH/CodeIgniter.php(942): App\Controllers\Site_Controller->site_recipe_view()
11 SYSTEMPATH/CodeIgniter.php(502): CodeIgniter\CodeIgniter->runController()
12 SYSTEMPATH/CodeIgniter.php(361): CodeIgniter\CodeIgniter->handleRequest()
13 FCPATH/index.php(79): CodeIgniter\CodeIgniter->run()
CRITICAL - 2024-09-02 17:07:14 --> Undefined variable $relation_catgory_id
in APPPATH/Views/site/recipe_page.php on line 96.
 1 APPPATH/Views/site/recipe_page.php(96): CodeIgniter\Debug\Exceptions->errorHandler()
 2 SYSTEMPATH/View/View.php(228): include('/home/u582998483/domains/hostdemo.co.in/public_html/gruballergy/app/Views/site/recipe_page.php')
 3 SYSTEMPATH/View/View.php(231): CodeIgniter\View\View->CodeIgniter\View\{closure}()
 4 SYSTEMPATH/Common.php(1190): CodeIgniter\View\View->render()
 5 APPPATH/Views/site/layout.php(7): view()
 6 SYSTEMPATH/View/View.php(228): include('/home/u582998483/domains/hostdemo.co.in/public_html/gruballergy/app/Views/site/layout.php')
 7 SYSTEMPATH/View/View.php(231): CodeIgniter\View\View->CodeIgniter\View\{closure}()
 8 SYSTEMPATH/Common.php(1190): CodeIgniter\View\View->render()
 9 APPPATH/Controllers/Site_Controller.php(408): view()
10 SYSTEMPATH/CodeIgniter.php(942): App\Controllers\Site_Controller->site_recipe_view()
11 SYSTEMPATH/CodeIgniter.php(502): CodeIgniter\CodeIgniter->runController()
12 SYSTEMPATH/CodeIgniter.php(361): CodeIgniter\CodeIgniter->handleRequest()
13 FCPATH/index.php(79): CodeIgniter\CodeIgniter->run()
CRITICAL - 2024-09-02 17:14:34 --> Call to undefined method CodeIgniter\Database\MySQLi\Builder::paginate()
in APPPATH/Models/Recipes_Model.php on line 316.
 1 APPPATH/Controllers/Site_Controller.php(391): App\Models\Recipes_Model->get_all_recipe_for_recipe_section()
 2 SYSTEMPATH/CodeIgniter.php(942): App\Controllers\Site_Controller->site_recipe_view()
 3 SYSTEMPATH/CodeIgniter.php(502): CodeIgniter\CodeIgniter->runController()
 4 SYSTEMPATH/CodeIgniter.php(361): CodeIgniter\CodeIgniter->handleRequest()
 5 FCPATH/index.php(79): CodeIgniter\CodeIgniter->run()
CRITICAL - 2024-09-02 17:15:10 --> Call to undefined method CodeIgniter\Database\MySQLi\Builder::paginate()
in APPPATH/Models/Recipes_Model.php on line 316.
 1 APPPATH/Controllers/Site_Controller.php(391): App\Models\Recipes_Model->get_all_recipe_for_recipe_section()
 2 SYSTEMPATH/CodeIgniter.php(942): App\Controllers\Site_Controller->site_recipe_view()
 3 SYSTEMPATH/CodeIgniter.php(502): CodeIgniter\CodeIgniter->runController()
 4 SYSTEMPATH/CodeIgniter.php(361): CodeIgniter\CodeIgniter->handleRequest()
 5 FCPATH/index.php(79): CodeIgniter\CodeIgniter->run()
CRITICAL - 2024-09-02 17:15:12 --> Call to undefined method CodeIgniter\Database\MySQLi\Builder::paginate()
in APPPATH/Models/Recipes_Model.php on line 316.
 1 APPPATH/Controllers/Site_Controller.php(391): App\Models\Recipes_Model->get_all_recipe_for_recipe_section()
 2 SYSTEMPATH/CodeIgniter.php(942): App\Controllers\Site_Controller->site_recipe_view()
 3 SYSTEMPATH/CodeIgniter.php(502): CodeIgniter\CodeIgniter->runController()
 4 SYSTEMPATH/CodeIgniter.php(361): CodeIgniter\CodeIgniter->handleRequest()
 5 FCPATH/index.php(79): CodeIgniter\CodeIgniter->run()
CRITICAL - 2024-09-02 17:16:45 --> Call to a member function links() on string
in APPPATH/Views/site/recipe_page.php on line 164.
 1 SYSTEMPATH/View/View.php(228): include()
 2 SYSTEMPATH/View/View.php(231): CodeIgniter\View\View->CodeIgniter\View\{closure}()
 3 SYSTEMPATH/Common.php(1190): CodeIgniter\View\View->render()
 4 APPPATH/Views/site/layout.php(7): view()
 5 SYSTEMPATH/View/View.php(228): include('/home/u582998483/domains/hostdemo.co.in/public_html/gruballergy/app/Views/site/layout.php')
 6 SYSTEMPATH/View/View.php(231): CodeIgniter\View\View->CodeIgniter\View\{closure}()
 7 SYSTEMPATH/Common.php(1190): CodeIgniter\View\View->render()
 8 APPPATH/Controllers/Site_Controller.php(412): view()
 9 SYSTEMPATH/CodeIgniter.php(942): App\Controllers\Site_Controller->site_recipe_view()
10 SYSTEMPATH/CodeIgniter.php(502): CodeIgniter\CodeIgniter->runController()
11 SYSTEMPATH/CodeIgniter.php(361): CodeIgniter\CodeIgniter->handleRequest()
12 FCPATH/index.php(79): CodeIgniter\CodeIgniter->run()
CRITICAL - 2024-09-02 17:23:31 --> Call to undefined method CodeIgniter\Database\MySQLi\Builder::paginate()
in APPPATH/Models/Recipes_Model.php on line 317.
 1 APPPATH/Controllers/Site_Controller.php(391): App\Models\Recipes_Model->get_all_recipe_for_recipe_section()
 2 SYSTEMPATH/CodeIgniter.php(942): App\Controllers\Site_Controller->site_recipe_view()
 3 SYSTEMPATH/CodeIgniter.php(502): CodeIgniter\CodeIgniter->runController()
 4 SYSTEMPATH/CodeIgniter.php(361): CodeIgniter\CodeIgniter->handleRequest()
 5 FCPATH/index.php(79): CodeIgniter\CodeIgniter->run()
CRITICAL - 2024-09-02 17:23:50 --> Call to undefined method CodeIgniter\Database\MySQLi\Builder::paginate()
in APPPATH/Models/Recipes_Model.php on line 317.
 1 APPPATH/Controllers/Site_Controller.php(391): App\Models\Recipes_Model->get_all_recipe_for_recipe_section()
 2 SYSTEMPATH/CodeIgniter.php(942): App\Controllers\Site_Controller->site_recipe_view()
 3 SYSTEMPATH/CodeIgniter.php(502): CodeIgniter\CodeIgniter->runController()
 4 SYSTEMPATH/CodeIgniter.php(361): CodeIgniter\CodeIgniter->handleRequest()
 5 FCPATH/index.php(79): CodeIgniter\CodeIgniter->run()
CRITICAL - 2024-09-02 17:23:51 --> Call to undefined method CodeIgniter\Database\MySQLi\Builder::paginate()
in APPPATH/Models/Recipes_Model.php on line 317.
 1 APPPATH/Controllers/Site_Controller.php(391): App\Models\Recipes_Model->get_all_recipe_for_recipe_section()
 2 SYSTEMPATH/CodeIgniter.php(942): App\Controllers\Site_Controller->site_recipe_view()
 3 SYSTEMPATH/CodeIgniter.php(502): CodeIgniter\CodeIgniter->runController()
 4 SYSTEMPATH/CodeIgniter.php(361): CodeIgniter\CodeIgniter->handleRequest()
 5 FCPATH/index.php(79): CodeIgniter\CodeIgniter->run()
CRITICAL - 2024-09-02 17:23:52 --> Call to undefined method CodeIgniter\Database\MySQLi\Builder::paginate()
in APPPATH/Models/Recipes_Model.php on line 317.
 1 APPPATH/Controllers/Site_Controller.php(391): App\Models\Recipes_Model->get_all_recipe_for_recipe_section()
 2 SYSTEMPATH/CodeIgniter.php(942): App\Controllers\Site_Controller->site_recipe_view()
 3 SYSTEMPATH/CodeIgniter.php(502): CodeIgniter\CodeIgniter->runController()
 4 SYSTEMPATH/CodeIgniter.php(361): CodeIgniter\CodeIgniter->handleRequest()
 5 FCPATH/index.php(79): CodeIgniter\CodeIgniter->run()
CRITICAL - 2024-09-02 17:23:54 --> Call to undefined method CodeIgniter\Database\MySQLi\Builder::paginate()
in APPPATH/Models/Recipes_Model.php on line 317.
 1 APPPATH/Controllers/Site_Controller.php(391): App\Models\Recipes_Model->get_all_recipe_for_recipe_section()
 2 SYSTEMPATH/CodeIgniter.php(942): App\Controllers\Site_Controller->site_recipe_view()
 3 SYSTEMPATH/CodeIgniter.php(502): CodeIgniter\CodeIgniter->runController()
 4 SYSTEMPATH/CodeIgniter.php(361): CodeIgniter\CodeIgniter->handleRequest()
 5 FCPATH/index.php(79): CodeIgniter\CodeIgniter->run()
CRITICAL - 2024-09-02 17:23:54 --> Call to undefined method CodeIgniter\Database\MySQLi\Builder::paginate()
in APPPATH/Models/Recipes_Model.php on line 317.
 1 APPPATH/Controllers/Site_Controller.php(391): App\Models\Recipes_Model->get_all_recipe_for_recipe_section()
 2 SYSTEMPATH/CodeIgniter.php(942): App\Controllers\Site_Controller->site_recipe_view()
 3 SYSTEMPATH/CodeIgniter.php(502): CodeIgniter\CodeIgniter->runController()
 4 SYSTEMPATH/CodeIgniter.php(361): CodeIgniter\CodeIgniter->handleRequest()
 5 FCPATH/index.php(79): CodeIgniter\CodeIgniter->run()
CRITICAL - 2024-09-02 18:49:20 --> Undefined array key "permission"
in APPPATH/Controllers/Site_Controller.php on line 1032.
 1 APPPATH/Controllers/Site_Controller.php(1032): CodeIgniter\Debug\Exceptions->errorHandler()
 2 SYSTEMPATH/CodeIgniter.php(942): App\Controllers\Site_Controller->contact_insert()
 3 SYSTEMPATH/CodeIgniter.php(502): CodeIgniter\CodeIgniter->runController()
 4 SYSTEMPATH/CodeIgniter.php(361): CodeIgniter\CodeIgniter->handleRequest()
 5 FCPATH/index.php(79): CodeIgniter\CodeIgniter->run()
CRITICAL - 2024-09-02 18:51:18 --> Undefined array key "permission"
in APPPATH/Controllers/Site_Controller.php on line 1032.
 1 APPPATH/Controllers/Site_Controller.php(1032): CodeIgniter\Debug\Exceptions->errorHandler()
 2 SYSTEMPATH/CodeIgniter.php(942): App\Controllers\Site_Controller->contact_insert()
 3 SYSTEMPATH/CodeIgniter.php(502): CodeIgniter\CodeIgniter->runController()
 4 SYSTEMPATH/CodeIgniter.php(361): CodeIgniter\CodeIgniter->handleRequest()
 5 FCPATH/index.php(79): CodeIgniter\CodeIgniter->run()
CRITICAL - 2024-09-02 18:52:59 --> Undefined array key "permission"
in APPPATH/Controllers/Site_Controller.php on line 1032.
 1 APPPATH/Controllers/Site_Controller.php(1032): CodeIgniter\Debug\Exceptions->errorHandler()
 2 SYSTEMPATH/CodeIgniter.php(942): App\Controllers\Site_Controller->contact_insert()
 3 SYSTEMPATH/CodeIgniter.php(502): CodeIgniter\CodeIgniter->runController()
 4 SYSTEMPATH/CodeIgniter.php(361): CodeIgniter\CodeIgniter->handleRequest()
 5 FCPATH/index.php(79): CodeIgniter\CodeIgniter->run()
CRITICAL - 2024-09-02 18:53:14 --> Undefined array key "permission"
in APPPATH/Controllers/Site_Controller.php on line 1032.
 1 APPPATH/Controllers/Site_Controller.php(1032): CodeIgniter\Debug\Exceptions->errorHandler()
 2 SYSTEMPATH/CodeIgniter.php(942): App\Controllers\Site_Controller->contact_insert()
 3 SYSTEMPATH/CodeIgniter.php(502): CodeIgniter\CodeIgniter->runController()
 4 SYSTEMPATH/CodeIgniter.php(361): CodeIgniter\CodeIgniter->handleRequest()
 5 FCPATH/index.php(79): CodeIgniter\CodeIgniter->run()
CRITICAL - 2024-09-02 18:55:44 --> Undefined array key "permission"
in APPPATH/Controllers/Site_Controller.php on line 1032.
 1 APPPATH/Controllers/Site_Controller.php(1032): CodeIgniter\Debug\Exceptions->errorHandler()
 2 SYSTEMPATH/CodeIgniter.php(942): App\Controllers\Site_Controller->contact_insert()
 3 SYSTEMPATH/CodeIgniter.php(502): CodeIgniter\CodeIgniter->runController()
 4 SYSTEMPATH/CodeIgniter.php(361): CodeIgniter\CodeIgniter->handleRequest()
 5 FCPATH/index.php(79): CodeIgniter\CodeIgniter->run()
