ERROR - 2024-07-30 06:04:10 --> mysqli_sql_exception: Unknown column 'user' in 'where clause' in /home/u582998483/domains/hostdemo.co.in/public_html/gruballergy/system/Database/MySQLi/Connection.php:306
Stack trace:
#0 /home/u582998483/domains/hostdemo.co.in/public_html/gruballergy/system/Database/MySQLi/Connection.php(306): mysqli->query()
#1 /home/u582998483/domains/hostdemo.co.in/public_html/gruballergy/system/Database/BaseConnection.php(693): CodeIgniter\Database\MySQLi\Connection->execute()
#2 /home/u582998483/domains/hostdemo.co.in/public_html/gruballergy/system/Database/BaseConnection.php(607): CodeIgniter\Database\BaseConnection->simpleQuery()
#3 /home/u582998483/domains/hostdemo.co.in/public_html/gruballergy/system/Database/BaseBuilder.php(1615): CodeIgniter\Database\BaseConnection->query()
#4 /home/u582998483/domains/hostdemo.co.in/public_html/gruballergy/app/Models/Admin_Model.php(37): CodeIgniter\Database\BaseBuilder->get()
#5 /home/u582998483/domains/hostdemo.co.in/public_html/gruballergy/app/Controllers/Admin_Controller.php(121): App\Models\Admin_Model->loginuser()
#6 /home/u582998483/domains/hostdemo.co.in/public_html/gruballergy/system/CodeIgniter.php(942): App\Controllers\Admin_Controller->login_logic()
#7 /home/u582998483/domains/hostdemo.co.in/public_html/gruballergy/system/CodeIgniter.php(502): CodeIgniter\CodeIgniter->runController()
#8 /home/u582998483/domains/hostdemo.co.in/public_html/gruballergy/system/CodeIgniter.php(361): CodeIgniter\CodeIgniter->handleRequest()
#9 /home/u582998483/domains/hostdemo.co.in/public_html/gruballergy/index.php(79): CodeIgniter\CodeIgniter->run()
#10 {main}
CRITICAL - 2024-07-30 06:04:10 --> Unknown column 'user' in 'where clause'
in SYSTEMPATH/Database/BaseConnection.php on line 647.
 1 SYSTEMPATH/Database/BaseBuilder.php(1615): CodeIgniter\Database\BaseConnection->query()
 2 APPPATH/Models/Admin_Model.php(37): CodeIgniter\Database\BaseBuilder->get()
 3 APPPATH/Controllers/Admin_Controller.php(121): App\Models\Admin_Model->loginuser()
 4 SYSTEMPATH/CodeIgniter.php(942): App\Controllers\Admin_Controller->login_logic()
 5 SYSTEMPATH/CodeIgniter.php(502): CodeIgniter\CodeIgniter->runController()
 6 SYSTEMPATH/CodeIgniter.php(361): CodeIgniter\CodeIgniter->handleRequest()
 7 FCPATH/index.php(79): CodeIgniter\CodeIgniter->run()
CRITICAL - 2024-07-30 07:04:47 --> Undefined array key "username"
in APPPATH/Models/Admin_Model.php on line 68.
 1 APPPATH/Models/Admin_Model.php(68): CodeIgniter\Debug\Exceptions->errorHandler()
 2 APPPATH/Controllers/Admin_Controller.php(185): App\Models\Admin_Model->adminprofile_update()
 3 SYSTEMPATH/CodeIgniter.php(942): App\Controllers\Admin_Controller->admin_profile_update()
 4 SYSTEMPATH/CodeIgniter.php(502): CodeIgniter\CodeIgniter->runController()
 5 SYSTEMPATH/CodeIgniter.php(361): CodeIgniter\CodeIgniter->handleRequest()
 6 FCPATH/index.php(79): CodeIgniter\CodeIgniter->run()
CRITICAL - 2024-07-30 16:57:41 --> Call to undefined method App\Models\Category_Model::get_on_menu_category
in SYSTEMPATH/Model.php on line 873.
 1 APPPATH/Controllers/Site_Controller.php(120): CodeIgniter\Model->__call()
 2 SYSTEMPATH/CodeIgniter.php(942): App\Controllers\Site_Controller->site_home()
 3 SYSTEMPATH/CodeIgniter.php(502): CodeIgniter\CodeIgniter->runController()
 4 SYSTEMPATH/CodeIgniter.php(361): CodeIgniter\CodeIgniter->handleRequest()
 5 FCPATH/index.php(79): CodeIgniter\CodeIgniter->run()
CRITICAL - 2024-07-30 16:57:50 --> Call to undefined method App\Models\Category_Model::get_on_menu_category
in SYSTEMPATH/Model.php on line 873.
 1 APPPATH/Controllers/Site_Controller.php(120): CodeIgniter\Model->__call()
 2 SYSTEMPATH/CodeIgniter.php(942): App\Controllers\Site_Controller->site_home()
 3 SYSTEMPATH/CodeIgniter.php(502): CodeIgniter\CodeIgniter->runController()
 4 SYSTEMPATH/CodeIgniter.php(361): CodeIgniter\CodeIgniter->handleRequest()
 5 FCPATH/index.php(79): CodeIgniter\CodeIgniter->run()
CRITICAL - 2024-07-30 17:41:20 --> Undefined variable $category_data
in APPPATH/Views/site/footer.php on line 90.
 1 APPPATH/Views/site/footer.php(90): CodeIgniter\Debug\Exceptions->errorHandler()
 2 APPPATH/Views/site/layout.php(10): include('/home/u582998483/domains/hostdemo.co.in/public_html/gruballergy/app/Views/site/footer.php')
 3 SYSTEMPATH/View/View.php(228): include('/home/u582998483/domains/hostdemo.co.in/public_html/gruballergy/app/Views/site/layout.php')
 4 SYSTEMPATH/View/View.php(231): CodeIgniter\View\View->CodeIgniter\View\{closure}()
 5 SYSTEMPATH/Common.php(1190): CodeIgniter\View\View->render()
 6 APPPATH/Controllers/Site_Controller.php(587): view()
 7 SYSTEMPATH/CodeIgniter.php(942): App\Controllers\Site_Controller->subscriber_newsletter()
 8 SYSTEMPATH/CodeIgniter.php(502): CodeIgniter\CodeIgniter->runController()
 9 SYSTEMPATH/CodeIgniter.php(361): CodeIgniter\CodeIgniter->handleRequest()
10 FCPATH/index.php(79): CodeIgniter\CodeIgniter->run()
CRITICAL - 2024-07-30 17:42:21 --> Undefined variable $category_data
in APPPATH/Views/site/footer.php on line 90.
 1 APPPATH/Views/site/footer.php(90): CodeIgniter\Debug\Exceptions->errorHandler()
 2 APPPATH/Views/site/layout.php(10): include('/home/u582998483/domains/hostdemo.co.in/public_html/gruballergy/app/Views/site/footer.php')
 3 SYSTEMPATH/View/View.php(228): include('/home/u582998483/domains/hostdemo.co.in/public_html/gruballergy/app/Views/site/layout.php')
 4 SYSTEMPATH/View/View.php(231): CodeIgniter\View\View->CodeIgniter\View\{closure}()
 5 SYSTEMPATH/Common.php(1190): CodeIgniter\View\View->render()
 6 APPPATH/Controllers/Site_Controller.php(587): view()
 7 SYSTEMPATH/CodeIgniter.php(942): App\Controllers\Site_Controller->subscriber_newsletter()
 8 SYSTEMPATH/CodeIgniter.php(502): CodeIgniter\CodeIgniter->runController()
 9 SYSTEMPATH/CodeIgniter.php(361): CodeIgniter\CodeIgniter->handleRequest()
10 FCPATH/index.php(79): CodeIgniter\CodeIgniter->run()
CRITICAL - 2024-07-30 17:42:22 --> Undefined variable $category_data
in APPPATH/Views/site/footer.php on line 90.
 1 APPPATH/Views/site/footer.php(90): CodeIgniter\Debug\Exceptions->errorHandler()
 2 APPPATH/Views/site/layout.php(10): include('/home/u582998483/domains/hostdemo.co.in/public_html/gruballergy/app/Views/site/footer.php')
 3 SYSTEMPATH/View/View.php(228): include('/home/u582998483/domains/hostdemo.co.in/public_html/gruballergy/app/Views/site/layout.php')
 4 SYSTEMPATH/View/View.php(231): CodeIgniter\View\View->CodeIgniter\View\{closure}()
 5 SYSTEMPATH/Common.php(1190): CodeIgniter\View\View->render()
 6 APPPATH/Controllers/Site_Controller.php(587): view()
 7 SYSTEMPATH/CodeIgniter.php(942): App\Controllers\Site_Controller->subscriber_newsletter()
 8 SYSTEMPATH/CodeIgniter.php(502): CodeIgniter\CodeIgniter->runController()
 9 SYSTEMPATH/CodeIgniter.php(361): CodeIgniter\CodeIgniter->handleRequest()
10 FCPATH/index.php(79): CodeIgniter\CodeIgniter->run()
CRITICAL - 2024-07-30 17:42:35 --> Undefined variable $category_data
in APPPATH/Views/site/footer.php on line 90.
 1 APPPATH/Views/site/footer.php(90): CodeIgniter\Debug\Exceptions->errorHandler()
 2 APPPATH/Views/site/layout.php(10): include('/home/u582998483/domains/hostdemo.co.in/public_html/gruballergy/app/Views/site/footer.php')
 3 SYSTEMPATH/View/View.php(228): include('/home/u582998483/domains/hostdemo.co.in/public_html/gruballergy/app/Views/site/layout.php')
 4 SYSTEMPATH/View/View.php(231): CodeIgniter\View\View->CodeIgniter\View\{closure}()
 5 SYSTEMPATH/Common.php(1190): CodeIgniter\View\View->render()
 6 APPPATH/Controllers/Site_Controller.php(587): view()
 7 SYSTEMPATH/CodeIgniter.php(942): App\Controllers\Site_Controller->subscriber_newsletter()
 8 SYSTEMPATH/CodeIgniter.php(502): CodeIgniter\CodeIgniter->runController()
 9 SYSTEMPATH/CodeIgniter.php(361): CodeIgniter\CodeIgniter->handleRequest()
10 FCPATH/index.php(79): CodeIgniter\CodeIgniter->run()
CRITICAL - 2024-07-30 17:43:44 --> Undefined variable $category_data
in APPPATH/Views/site/footer.php on line 90.
 1 APPPATH/Views/site/footer.php(90): CodeIgniter\Debug\Exceptions->errorHandler()
 2 APPPATH/Views/site/layout.php(10): include('/home/u582998483/domains/hostdemo.co.in/public_html/gruballergy/app/Views/site/footer.php')
 3 SYSTEMPATH/View/View.php(228): include('/home/u582998483/domains/hostdemo.co.in/public_html/gruballergy/app/Views/site/layout.php')
 4 SYSTEMPATH/View/View.php(231): CodeIgniter\View\View->CodeIgniter\View\{closure}()
 5 SYSTEMPATH/Common.php(1190): CodeIgniter\View\View->render()
 6 APPPATH/Controllers/Site_Controller.php(587): view()
 7 SYSTEMPATH/CodeIgniter.php(942): App\Controllers\Site_Controller->subscriber_newsletter()
 8 SYSTEMPATH/CodeIgniter.php(502): CodeIgniter\CodeIgniter->runController()
 9 SYSTEMPATH/CodeIgniter.php(361): CodeIgniter\CodeIgniter->handleRequest()
10 FCPATH/index.php(79): CodeIgniter\CodeIgniter->run()
CRITICAL - 2024-07-30 17:47:48 --> Undefined array key "name"
in APPPATH/Controllers/Site_Controller.php on line 685.
 1 APPPATH/Controllers/Site_Controller.php(685): CodeIgniter\Debug\Exceptions->errorHandler()
 2 SYSTEMPATH/CodeIgniter.php(942): App\Controllers\Site_Controller->contact_insert()
 3 SYSTEMPATH/CodeIgniter.php(502): CodeIgniter\CodeIgniter->runController()
 4 SYSTEMPATH/CodeIgniter.php(361): CodeIgniter\CodeIgniter->handleRequest()
 5 FCPATH/index.php(79): CodeIgniter\CodeIgniter->run()
CRITICAL - 2024-07-30 12:48:23 --> Undefined variable $data
in APPPATH/Controllers/Admin_Controller.php on line 3405.
 1 APPPATH/Controllers/Admin_Controller.php(3405): CodeIgniter\Debug\Exceptions->errorHandler()
 2 SYSTEMPATH/CodeIgniter.php(942): App\Controllers\Admin_Controller->subscriber_newsletter_section()
 3 SYSTEMPATH/CodeIgniter.php(502): CodeIgniter\CodeIgniter->runController()
 4 SYSTEMPATH/CodeIgniter.php(361): CodeIgniter\CodeIgniter->handleRequest()
 5 FCPATH/index.php(79): CodeIgniter\CodeIgniter->run()
CRITICAL - 2024-07-30 12:58:30 --> Undefined property: App\Controllers\Admin_Controller::$subscriber_newsletter_Model
in APPPATH/Controllers/Admin_Controller.php on line 3403.
 1 APPPATH/Controllers/Admin_Controller.php(3403): CodeIgniter\Debug\Exceptions->errorHandler()
 2 SYSTEMPATH/CodeIgniter.php(942): App\Controllers\Admin_Controller->subscriber_newsletter_section()
 3 SYSTEMPATH/CodeIgniter.php(502): CodeIgniter\CodeIgniter->runController()
 4 SYSTEMPATH/CodeIgniter.php(361): CodeIgniter\CodeIgniter->handleRequest()
 5 FCPATH/index.php(79): CodeIgniter\CodeIgniter->run()
CRITICAL - 2024-07-30 12:58:59 --> Undefined array key "subscriber_id"
in APPPATH/Views/admin/subscriber_newsletter_page.php on line 51.
 1 APPPATH/Views/admin/subscriber_newsletter_page.php(51): CodeIgniter\Debug\Exceptions->errorHandler()
 2 SYSTEMPATH/View/View.php(228): include('/home/u582998483/domains/hostdemo.co.in/public_html/gruballergy/app/Views/admin/subscriber_newsletter_page.php')
 3 SYSTEMPATH/View/View.php(231): CodeIgniter\View\View->CodeIgniter\View\{closure}()
 4 SYSTEMPATH/Common.php(1190): CodeIgniter\View\View->render()
 5 APPPATH/Views/admin/admin_layout.php(9): view()
 6 SYSTEMPATH/View/View.php(228): include('/home/u582998483/domains/hostdemo.co.in/public_html/gruballergy/app/Views/admin/admin_layout.php')
 7 SYSTEMPATH/View/View.php(231): CodeIgniter\View\View->CodeIgniter\View\{closure}()
 8 SYSTEMPATH/Common.php(1190): CodeIgniter\View\View->render()
 9 APPPATH/Controllers/Admin_Controller.php(3412): view()
10 SYSTEMPATH/CodeIgniter.php(942): App\Controllers\Admin_Controller->subscriber_newsletter_section()
11 SYSTEMPATH/CodeIgniter.php(502): CodeIgniter\CodeIgniter->runController()
12 SYSTEMPATH/CodeIgniter.php(361): CodeIgniter\CodeIgniter->handleRequest()
13 FCPATH/index.php(79): CodeIgniter\CodeIgniter->run()
CRITICAL - 2024-07-30 13:13:23 --> fopen(/home/u582998483/domains/hostdemo.co.in/public_html/gruballergy/writable/downloads/Subscriber_newsletter_list.xlsx): Failed to open stream: No such file or directory
in FCPATH/vendor/phpoffice/phpspreadsheet/src/PhpSpreadsheet/Writer/BaseWriter.php on line 117.
 1 [internal function]: CodeIgniter\Debug\Exceptions->errorHandler()
 2 FCPATH/vendor/phpoffice/phpspreadsheet/src/PhpSpreadsheet/Writer/BaseWriter.php(117): fopen()
 3 FCPATH/vendor/phpoffice/phpspreadsheet/src/PhpSpreadsheet/Writer/Xlsx.php(496): PhpOffice\PhpSpreadsheet\Writer\BaseWriter->openFileHandle()
 4 APPPATH/Controllers/Admin_Controller.php(3458): PhpOffice\PhpSpreadsheet\Writer\Xlsx->save()
 5 SYSTEMPATH/CodeIgniter.php(942): App\Controllers\Admin_Controller->excel_download_subscribers_newsletter()
 6 SYSTEMPATH/CodeIgniter.php(502): CodeIgniter\CodeIgniter->runController()
 7 SYSTEMPATH/CodeIgniter.php(361): CodeIgniter\CodeIgniter->handleRequest()
 8 FCPATH/index.php(79): CodeIgniter\CodeIgniter->run()
CRITICAL - 2024-07-30 13:14:02 --> fopen(/home/u582998483/domains/hostdemo.co.in/public_html/gruballergy/writable/downloads/Subscriber_newsletter_list.xlsx): Failed to open stream: No such file or directory
in FCPATH/vendor/phpoffice/phpspreadsheet/src/PhpSpreadsheet/Writer/BaseWriter.php on line 117.
 1 [internal function]: CodeIgniter\Debug\Exceptions->errorHandler()
 2 FCPATH/vendor/phpoffice/phpspreadsheet/src/PhpSpreadsheet/Writer/BaseWriter.php(117): fopen()
 3 FCPATH/vendor/phpoffice/phpspreadsheet/src/PhpSpreadsheet/Writer/Xlsx.php(496): PhpOffice\PhpSpreadsheet\Writer\BaseWriter->openFileHandle()
 4 APPPATH/Controllers/Admin_Controller.php(3458): PhpOffice\PhpSpreadsheet\Writer\Xlsx->save()
 5 SYSTEMPATH/CodeIgniter.php(942): App\Controllers\Admin_Controller->excel_download_subscribers_newsletter()
 6 SYSTEMPATH/CodeIgniter.php(502): CodeIgniter\CodeIgniter->runController()
 7 SYSTEMPATH/CodeIgniter.php(361): CodeIgniter\CodeIgniter->handleRequest()
 8 FCPATH/index.php(79): CodeIgniter\CodeIgniter->run()
CRITICAL - 2024-07-30 13:30:17 --> Call to undefined method CodeIgniter\Database\MySQLi\Builder::delet()
in APPPATH/Models/subscriber_newsletter_Model.php on line 56.
 1 APPPATH/Controllers/Admin_Controller.php(3479): App\Models\subscriber_newsletter_Model->get_subscriber_newsletter_delete()
 2 SYSTEMPATH/CodeIgniter.php(942): App\Controllers\Admin_Controller->subscriber_newsletter_delete()
 3 SYSTEMPATH/CodeIgniter.php(502): CodeIgniter\CodeIgniter->runController()
 4 SYSTEMPATH/CodeIgniter.php(361): CodeIgniter\CodeIgniter->handleRequest()
 5 FCPATH/index.php(79): CodeIgniter\CodeIgniter->run()
CRITICAL - 2024-07-30 13:31:19 --> Call to undefined method CodeIgniter\Database\MySQLi\Builder::delet()
in APPPATH/Models/subscriber_newsletter_Model.php on line 56.
 1 APPPATH/Controllers/Admin_Controller.php(3479): App\Models\subscriber_newsletter_Model->get_subscriber_newsletter_delete()
 2 SYSTEMPATH/CodeIgniter.php(942): App\Controllers\Admin_Controller->subscriber_newsletter_delete()
 3 SYSTEMPATH/CodeIgniter.php(502): CodeIgniter\CodeIgniter->runController()
 4 SYSTEMPATH/CodeIgniter.php(361): CodeIgniter\CodeIgniter->handleRequest()
 5 FCPATH/index.php(79): CodeIgniter\CodeIgniter->run()
CRITICAL - 2024-07-30 13:40:53 --> Call to undefined method CodeIgniter\HTTP\Response::serJSON()
in APPPATH/Controllers/Admin_Controller.php on line 3504.
 1 SYSTEMPATH/CodeIgniter.php(942): App\Controllers\Admin_Controller->subscribers_newsletter_attime_deleteAll()
 2 SYSTEMPATH/CodeIgniter.php(502): CodeIgniter\CodeIgniter->runController()
 3 SYSTEMPATH/CodeIgniter.php(361): CodeIgniter\CodeIgniter->handleRequest()
 4 FCPATH/index.php(79): CodeIgniter\CodeIgniter->run()
CRITICAL - 2024-07-30 13:51:47 --> Call to undefined method CodeIgniter\HTTP\Response::serJSON()
in APPPATH/Controllers/Admin_Controller.php on line 3497.
 1 SYSTEMPATH/CodeIgniter.php(942): App\Controllers\Admin_Controller->subscribers_newsletter_attime_deleteAll()
 2 SYSTEMPATH/CodeIgniter.php(502): CodeIgniter\CodeIgniter->runController()
 3 SYSTEMPATH/CodeIgniter.php(361): CodeIgniter\CodeIgniter->handleRequest()
 4 FCPATH/index.php(79): CodeIgniter\CodeIgniter->run()
CRITICAL - 2024-07-30 13:52:29 --> Call to undefined method CodeIgniter\HTTP\Response::serJSON()
in APPPATH/Controllers/Admin_Controller.php on line 3497.
 1 SYSTEMPATH/CodeIgniter.php(942): App\Controllers\Admin_Controller->subscribers_newsletter_attime_deleteAll()
 2 SYSTEMPATH/CodeIgniter.php(502): CodeIgniter\CodeIgniter->runController()
 3 SYSTEMPATH/CodeIgniter.php(361): CodeIgniter\CodeIgniter->handleRequest()
 4 FCPATH/index.php(79): CodeIgniter\CodeIgniter->run()
CRITICAL - 2024-07-30 13:55:06 --> Array to string conversion
in APPPATH/Controllers/Admin_Controller.php on line 3497.
 1 APPPATH/Controllers/Admin_Controller.php(3497): CodeIgniter\Debug\Exceptions->errorHandler()
 2 SYSTEMPATH/CodeIgniter.php(942): App\Controllers\Admin_Controller->subscribers_newsletter_attime_deleteAll()
 3 SYSTEMPATH/CodeIgniter.php(502): CodeIgniter\CodeIgniter->runController()
 4 SYSTEMPATH/CodeIgniter.php(361): CodeIgniter\CodeIgniter->handleRequest()
 5 FCPATH/index.php(79): CodeIgniter\CodeIgniter->run()
CRITICAL - 2024-07-30 13:56:08 --> Array to string conversion
in APPPATH/Controllers/Admin_Controller.php on line 3497.
 1 APPPATH/Controllers/Admin_Controller.php(3497): CodeIgniter\Debug\Exceptions->errorHandler()
 2 SYSTEMPATH/CodeIgniter.php(942): App\Controllers\Admin_Controller->subscribers_newsletter_attime_deleteAll()
 3 SYSTEMPATH/CodeIgniter.php(502): CodeIgniter\CodeIgniter->runController()
 4 SYSTEMPATH/CodeIgniter.php(361): CodeIgniter\CodeIgniter->handleRequest()
 5 FCPATH/index.php(79): CodeIgniter\CodeIgniter->run()
CRITICAL - 2024-07-30 13:56:14 --> Array to string conversion
in APPPATH/Controllers/Admin_Controller.php on line 3497.
 1 APPPATH/Controllers/Admin_Controller.php(3497): CodeIgniter\Debug\Exceptions->errorHandler()
 2 SYSTEMPATH/CodeIgniter.php(942): App\Controllers\Admin_Controller->subscribers_newsletter_attime_deleteAll()
 3 SYSTEMPATH/CodeIgniter.php(502): CodeIgniter\CodeIgniter->runController()
 4 SYSTEMPATH/CodeIgniter.php(361): CodeIgniter\CodeIgniter->handleRequest()
 5 FCPATH/index.php(79): CodeIgniter\CodeIgniter->run()
CRITICAL - 2024-07-30 13:56:48 --> Array to string conversion
in APPPATH/Controllers/Admin_Controller.php on line 3497.
 1 APPPATH/Controllers/Admin_Controller.php(3497): CodeIgniter\Debug\Exceptions->errorHandler()
 2 SYSTEMPATH/CodeIgniter.php(942): App\Controllers\Admin_Controller->subscribers_newsletter_attime_deleteAll()
 3 SYSTEMPATH/CodeIgniter.php(502): CodeIgniter\CodeIgniter->runController()
 4 SYSTEMPATH/CodeIgniter.php(361): CodeIgniter\CodeIgniter->handleRequest()
 5 FCPATH/index.php(79): CodeIgniter\CodeIgniter->run()
CRITICAL - 2024-07-30 14:01:39 --> Call to undefined method CodeIgniter\HTTP\Response::serJSON()
in APPPATH/Controllers/Admin_Controller.php on line 3504.
 1 SYSTEMPATH/CodeIgniter.php(942): App\Controllers\Admin_Controller->subscribers_newsletter_attime_deleteAll()
 2 SYSTEMPATH/CodeIgniter.php(502): CodeIgniter\CodeIgniter->runController()
 3 SYSTEMPATH/CodeIgniter.php(361): CodeIgniter\CodeIgniter->handleRequest()
 4 FCPATH/index.php(79): CodeIgniter\CodeIgniter->run()
CRITICAL - 2024-07-30 14:03:29 --> Call to undefined method CodeIgniter\HTTP\Response::serJSON()
in APPPATH/Controllers/Admin_Controller.php on line 3504.
 1 SYSTEMPATH/CodeIgniter.php(942): App\Controllers\Admin_Controller->subscribers_newsletter_attime_deleteAll()
 2 SYSTEMPATH/CodeIgniter.php(502): CodeIgniter\CodeIgniter->runController()
 3 SYSTEMPATH/CodeIgniter.php(361): CodeIgniter\CodeIgniter->handleRequest()
 4 FCPATH/index.php(79): CodeIgniter\CodeIgniter->run()
CRITICAL - 2024-07-30 14:04:22 --> Call to undefined method CodeIgniter\HTTP\Response::serJSON()
in APPPATH/Controllers/Admin_Controller.php on line 3504.
 1 SYSTEMPATH/CodeIgniter.php(942): App\Controllers\Admin_Controller->subscribers_newsletter_attime_deleteAll()
 2 SYSTEMPATH/CodeIgniter.php(502): CodeIgniter\CodeIgniter->runController()
 3 SYSTEMPATH/CodeIgniter.php(361): CodeIgniter\CodeIgniter->handleRequest()
 4 FCPATH/index.php(79): CodeIgniter\CodeIgniter->run()
