CRITICAL - 2024-10-24 06:06:32 --> Trying to access array offset on value of type null
in APPPATH/Controllers/Site_Controller.php on line 1517.
 1 APPPATH/Controllers/Site_Controller.php(1517): CodeIgniter\Debug\Exceptions->errorHandler()
 2 APPPATH/Controllers/Site_Controller.php(1490): App\Controllers\Site_Controller->blog_details()
 3 SYSTEMPATH/CodeIgniter.php(942): App\Controllers\Site_Controller->blog_mapurl()
 4 SYSTEMPATH/CodeIgniter.php(502): CodeIgniter\CodeIgniter->runController()
 5 SYSTEMPATH/CodeIgniter.php(361): CodeIgniter\CodeIgniter->handleRequest()
 6 FCPATH/index.php(79): CodeIgniter\CodeIgniter->run()
CRITICAL - 2024-10-24 06:06:32 --> Trying to access array offset on value of type null
in APPPATH/Controllers/Site_Controller.php on line 1517.
 1 APPPATH/Controllers/Site_Controller.php(1517): CodeIgniter\Debug\Exceptions->errorHandler()
 2 APPPATH/Controllers/Site_Controller.php(1490): App\Controllers\Site_Controller->blog_details()
 3 SYSTEMPATH/CodeIgniter.php(942): App\Controllers\Site_Controller->blog_mapurl()
 4 SYSTEMPATH/CodeIgniter.php(502): CodeIgniter\CodeIgniter->runController()
 5 SYSTEMPATH/CodeIgniter.php(361): CodeIgniter\CodeIgniter->handleRequest()
 6 FCPATH/index.php(79): CodeIgniter\CodeIgniter->run()
CRITICAL - 2024-10-24 06:06:32 --> Trying to access array offset on value of type null
in APPPATH/Controllers/Site_Controller.php on line 1517.
 1 APPPATH/Controllers/Site_Controller.php(1517): CodeIgniter\Debug\Exceptions->errorHandler()
 2 APPPATH/Controllers/Site_Controller.php(1490): App\Controllers\Site_Controller->blog_details()
 3 SYSTEMPATH/CodeIgniter.php(942): App\Controllers\Site_Controller->blog_mapurl()
 4 SYSTEMPATH/CodeIgniter.php(502): CodeIgniter\CodeIgniter->runController()
 5 SYSTEMPATH/CodeIgniter.php(361): CodeIgniter\CodeIgniter->handleRequest()
 6 FCPATH/index.php(79): CodeIgniter\CodeIgniter->run()
CRITICAL - 2024-10-24 06:06:32 --> Trying to access array offset on value of type null
in APPPATH/Controllers/Site_Controller.php on line 1517.
 1 APPPATH/Controllers/Site_Controller.php(1517): CodeIgniter\Debug\Exceptions->errorHandler()
 2 APPPATH/Controllers/Site_Controller.php(1490): App\Controllers\Site_Controller->blog_details()
 3 SYSTEMPATH/CodeIgniter.php(942): App\Controllers\Site_Controller->blog_mapurl()
 4 SYSTEMPATH/CodeIgniter.php(502): CodeIgniter\CodeIgniter->runController()
 5 SYSTEMPATH/CodeIgniter.php(361): CodeIgniter\CodeIgniter->handleRequest()
 6 FCPATH/index.php(79): CodeIgniter\CodeIgniter->run()
CRITICAL - 2024-10-24 06:06:32 --> Trying to access array offset on value of type null
in APPPATH/Controllers/Site_Controller.php on line 1517.
 1 APPPATH/Controllers/Site_Controller.php(1517): CodeIgniter\Debug\Exceptions->errorHandler()
 2 APPPATH/Controllers/Site_Controller.php(1490): App\Controllers\Site_Controller->blog_details()
 3 SYSTEMPATH/CodeIgniter.php(942): App\Controllers\Site_Controller->blog_mapurl()
 4 SYSTEMPATH/CodeIgniter.php(502): CodeIgniter\CodeIgniter->runController()
 5 SYSTEMPATH/CodeIgniter.php(361): CodeIgniter\CodeIgniter->handleRequest()
 6 FCPATH/index.php(79): CodeIgniter\CodeIgniter->run()
CRITICAL - 2024-10-24 08:41:17 --> Attempt to read property "c_id" on null
in APPPATH/Controllers/Site_Controller.php on line 941.
 1 APPPATH/Controllers/Site_Controller.php(941): CodeIgniter\Debug\Exceptions->errorHandler()
 2 APPPATH/Controllers/Site_Controller.php(463): App\Controllers\Site_Controller->category_visedisplay_recipes()
 3 SYSTEMPATH/CodeIgniter.php(942): App\Controllers\Site_Controller->recipe_or_category()
 4 SYSTEMPATH/CodeIgniter.php(502): CodeIgniter\CodeIgniter->runController()
 5 SYSTEMPATH/CodeIgniter.php(361): CodeIgniter\CodeIgniter->handleRequest()
 6 FCPATH/index.php(79): CodeIgniter\CodeIgniter->run()
CRITICAL - 2024-10-24 13:02:48 --> Trying to access array offset on value of type null
in APPPATH/Controllers/Site_Controller.php on line 1517.
 1 APPPATH/Controllers/Site_Controller.php(1517): CodeIgniter\Debug\Exceptions->errorHandler()
 2 APPPATH/Controllers/Site_Controller.php(1490): App\Controllers\Site_Controller->blog_details()
 3 SYSTEMPATH/CodeIgniter.php(942): App\Controllers\Site_Controller->blog_mapurl()
 4 SYSTEMPATH/CodeIgniter.php(502): CodeIgniter\CodeIgniter->runController()
 5 SYSTEMPATH/CodeIgniter.php(361): CodeIgniter\CodeIgniter->handleRequest()
 6 FCPATH/index.php(79): CodeIgniter\CodeIgniter->run()
CRITICAL - 2024-10-24 16:40:42 --> Attempt to read property "c_id" on null
in APPPATH/Controllers/Site_Controller.php on line 941.
 1 APPPATH/Controllers/Site_Controller.php(941): CodeIgniter\Debug\Exceptions->errorHandler()
 2 APPPATH/Controllers/Site_Controller.php(463): App\Controllers\Site_Controller->category_visedisplay_recipes()
 3 SYSTEMPATH/CodeIgniter.php(942): App\Controllers\Site_Controller->recipe_or_category()
 4 SYSTEMPATH/CodeIgniter.php(502): CodeIgniter\CodeIgniter->runController()
 5 SYSTEMPATH/CodeIgniter.php(361): CodeIgniter\CodeIgniter->handleRequest()
 6 FCPATH/index.php(79): CodeIgniter\CodeIgniter->run()
CRITICAL - 2024-10-24 17:07:49 --> Trying to access array offset on value of type null
in APPPATH/Controllers/Site_Controller.php on line 1517.
 1 APPPATH/Controllers/Site_Controller.php(1517): CodeIgniter\Debug\Exceptions->errorHandler()
 2 APPPATH/Controllers/Site_Controller.php(1490): App\Controllers\Site_Controller->blog_details()
 3 SYSTEMPATH/CodeIgniter.php(942): App\Controllers\Site_Controller->blog_mapurl()
 4 SYSTEMPATH/CodeIgniter.php(502): CodeIgniter\CodeIgniter->runController()
 5 SYSTEMPATH/CodeIgniter.php(361): CodeIgniter\CodeIgniter->handleRequest()
 6 FCPATH/index.php(79): CodeIgniter\CodeIgniter->run()
CRITICAL - 2024-10-24 17:32:18 --> Attempt to read property "c_id" on null
in APPPATH/Controllers/Site_Controller.php on line 941.
 1 APPPATH/Controllers/Site_Controller.php(941): CodeIgniter\Debug\Exceptions->errorHandler()
 2 APPPATH/Controllers/Site_Controller.php(463): App\Controllers\Site_Controller->category_visedisplay_recipes()
 3 SYSTEMPATH/CodeIgniter.php(942): App\Controllers\Site_Controller->recipe_or_category()
 4 SYSTEMPATH/CodeIgniter.php(502): CodeIgniter\CodeIgniter->runController()
 5 SYSTEMPATH/CodeIgniter.php(361): CodeIgniter\CodeIgniter->handleRequest()
 6 FCPATH/index.php(79): CodeIgniter\CodeIgniter->run()
CRITICAL - 2024-10-24 19:03:35 --> Trying to access array offset on value of type null
in APPPATH/Controllers/Site_Controller.php on line 1517.
 1 APPPATH/Controllers/Site_Controller.php(1517): CodeIgniter\Debug\Exceptions->errorHandler()
 2 APPPATH/Controllers/Site_Controller.php(1490): App\Controllers\Site_Controller->blog_details()
 3 SYSTEMPATH/CodeIgniter.php(942): App\Controllers\Site_Controller->blog_mapurl()
 4 SYSTEMPATH/CodeIgniter.php(502): CodeIgniter\CodeIgniter->runController()
 5 SYSTEMPATH/CodeIgniter.php(361): CodeIgniter\CodeIgniter->handleRequest()
 6 FCPATH/index.php(79): CodeIgniter\CodeIgniter->run()
CRITICAL - 2024-10-24 19:03:35 --> Trying to access array offset on value of type null
in APPPATH/Controllers/Site_Controller.php on line 1517.
 1 APPPATH/Controllers/Site_Controller.php(1517): CodeIgniter\Debug\Exceptions->errorHandler()
 2 APPPATH/Controllers/Site_Controller.php(1490): App\Controllers\Site_Controller->blog_details()
 3 SYSTEMPATH/CodeIgniter.php(942): App\Controllers\Site_Controller->blog_mapurl()
 4 SYSTEMPATH/CodeIgniter.php(502): CodeIgniter\CodeIgniter->runController()
 5 SYSTEMPATH/CodeIgniter.php(361): CodeIgniter\CodeIgniter->handleRequest()
 6 FCPATH/index.php(79): CodeIgniter\CodeIgniter->run()
CRITICAL - 2024-10-24 19:03:35 --> Trying to access array offset on value of type null
in APPPATH/Controllers/Site_Controller.php on line 1517.
 1 APPPATH/Controllers/Site_Controller.php(1517): CodeIgniter\Debug\Exceptions->errorHandler()
 2 APPPATH/Controllers/Site_Controller.php(1490): App\Controllers\Site_Controller->blog_details()
 3 SYSTEMPATH/CodeIgniter.php(942): App\Controllers\Site_Controller->blog_mapurl()
 4 SYSTEMPATH/CodeIgniter.php(502): CodeIgniter\CodeIgniter->runController()
 5 SYSTEMPATH/CodeIgniter.php(361): CodeIgniter\CodeIgniter->handleRequest()
 6 FCPATH/index.php(79): CodeIgniter\CodeIgniter->run()
CRITICAL - 2024-10-24 19:03:35 --> Trying to access array offset on value of type null
in APPPATH/Controllers/Site_Controller.php on line 1517.
 1 APPPATH/Controllers/Site_Controller.php(1517): CodeIgniter\Debug\Exceptions->errorHandler()
 2 APPPATH/Controllers/Site_Controller.php(1490): App\Controllers\Site_Controller->blog_details()
 3 SYSTEMPATH/CodeIgniter.php(942): App\Controllers\Site_Controller->blog_mapurl()
 4 SYSTEMPATH/CodeIgniter.php(502): CodeIgniter\CodeIgniter->runController()
 5 SYSTEMPATH/CodeIgniter.php(361): CodeIgniter\CodeIgniter->handleRequest()
 6 FCPATH/index.php(79): CodeIgniter\CodeIgniter->run()
CRITICAL - 2024-10-24 19:03:35 --> Trying to access array offset on value of type null
in APPPATH/Controllers/Site_Controller.php on line 1517.
 1 APPPATH/Controllers/Site_Controller.php(1517): CodeIgniter\Debug\Exceptions->errorHandler()
 2 APPPATH/Controllers/Site_Controller.php(1490): App\Controllers\Site_Controller->blog_details()
 3 SYSTEMPATH/CodeIgniter.php(942): App\Controllers\Site_Controller->blog_mapurl()
 4 SYSTEMPATH/CodeIgniter.php(502): CodeIgniter\CodeIgniter->runController()
 5 SYSTEMPATH/CodeIgniter.php(361): CodeIgniter\CodeIgniter->handleRequest()
 6 FCPATH/index.php(79): CodeIgniter\CodeIgniter->run()
