ERROR - 2024-07-01 09:24:23 --> mysqli_sql_exception: You have an error in your SQL syntax; check the manual that corresponds to your MariaDB server version for the right syntax to use near ':0:
AND 1 = :1:' at line 2 in C:\xampp\htdocs\ci4\gruballergy\system\Database\MySQLi\Connection.php:306
Stack trace:
#0 C:\xampp\htdocs\ci4\gruballergy\system\Database\MySQLi\Connection.php(306): mysqli->query('DELETE FROM `re...', 0)
#1 C:\xampp\htdocs\ci4\gruballergy\system\Database\BaseConnection.php(693): CodeIgniter\Database\MySQLi\Connection->execute('DELETE FROM `re...')
#2 C:\xampp\htdocs\ci4\gruballergy\system\Database\BaseConnection.php(607): CodeIgniter\Database\BaseConnection->simpleQuery('DELETE FROM `re...')
#3 C:\xampp\htdocs\ci4\gruballergy\system\Database\BaseBuilder.php(2790): CodeIgniter\Database\BaseConnection->query('DELETE FROM `re...', Array, false)
#4 C:\xampp\htdocs\ci4\gruballergy\app\Models\Recipes_Model.php(172): CodeIgniter\Database\BaseBuilder->delete(Array)
#5 C:\xampp\htdocs\ci4\gruballergy\app\Controllers\Admin_Controller.php(295): App\Models\Recipes_Model->recipes_attime_deleteall_data(Array)
#6 C:\xampp\htdocs\ci4\gruballergy\system\CodeIgniter.php(942): App\Controllers\Admin_Controller->recipes_attime_deleteall()
#7 C:\xampp\htdocs\ci4\gruballergy\system\CodeIgniter.php(502): CodeIgniter\CodeIgniter->runController(Object(App\Controllers\Admin_Controller))
#8 C:\xampp\htdocs\ci4\gruballergy\system\CodeIgniter.php(361): CodeIgniter\CodeIgniter->handleRequest(NULL, Object(Config\Cache), false)
#9 C:\xampp\htdocs\ci4\gruballergy\index.php(79): CodeIgniter\CodeIgniter->run()
#10 {main}
CRITICAL - 2024-07-01 09:24:23 --> You have an error in your SQL syntax; check the manual that corresponds to your MariaDB server version for the right syntax to use near ':0:
AND 1 = :1:' at line 2
in SYSTEMPATH\Database\BaseConnection.php on line 647.
 1 SYSTEMPATH\Database\BaseBuilder.php(2790): CodeIgniter\Database\BaseConnection->query('DELETE FROM `recipes`
WHERE 0 = :0:
AND 1 = :1:', [...], false)
 2 APPPATH\Models\Recipes_Model.php(172): CodeIgniter\Database\BaseBuilder->delete([...])
 3 APPPATH\Controllers\Admin_Controller.php(295): App\Models\Recipes_Model->recipes_attime_deleteall_data([...])
 4 SYSTEMPATH\CodeIgniter.php(942): App\Controllers\Admin_Controller->recipes_attime_deleteall()
 5 SYSTEMPATH\CodeIgniter.php(502): CodeIgniter\CodeIgniter->runController(Object(App\Controllers\Admin_Controller))
 6 SYSTEMPATH\CodeIgniter.php(361): CodeIgniter\CodeIgniter->handleRequest(null, Object(Config\Cache), false)
 7 FCPATH\index.php(79): CodeIgniter\CodeIgniter->run()
ERROR - 2024-07-01 09:54:47 --> mysqli_sql_exception: You have an error in your SQL syntax; check the manual that corresponds to your MariaDB server version for the right syntax to use near ':0:
AND 1 = :1:' at line 2 in C:\xampp\htdocs\ci4\gruballergy\system\Database\MySQLi\Connection.php:306
Stack trace:
#0 C:\xampp\htdocs\ci4\gruballergy\system\Database\MySQLi\Connection.php(306): mysqli->query('DELETE FROM `re...', 0)
#1 C:\xampp\htdocs\ci4\gruballergy\system\Database\BaseConnection.php(693): CodeIgniter\Database\MySQLi\Connection->execute('DELETE FROM `re...')
#2 C:\xampp\htdocs\ci4\gruballergy\system\Database\BaseConnection.php(607): CodeIgniter\Database\BaseConnection->simpleQuery('DELETE FROM `re...')
#3 C:\xampp\htdocs\ci4\gruballergy\system\Database\BaseBuilder.php(2790): CodeIgniter\Database\BaseConnection->query('DELETE FROM `re...', Array, false)
#4 C:\xampp\htdocs\ci4\gruballergy\app\Models\Recipes_Model.php(172): CodeIgniter\Database\BaseBuilder->delete(Array)
#5 C:\xampp\htdocs\ci4\gruballergy\app\Controllers\Admin_Controller.php(295): App\Models\Recipes_Model->recipes_attime_deleteall_data(Array)
#6 C:\xampp\htdocs\ci4\gruballergy\system\CodeIgniter.php(942): App\Controllers\Admin_Controller->recipes_attime_deleteall()
#7 C:\xampp\htdocs\ci4\gruballergy\system\CodeIgniter.php(502): CodeIgniter\CodeIgniter->runController(Object(App\Controllers\Admin_Controller))
#8 C:\xampp\htdocs\ci4\gruballergy\system\CodeIgniter.php(361): CodeIgniter\CodeIgniter->handleRequest(NULL, Object(Config\Cache), false)
#9 C:\xampp\htdocs\ci4\gruballergy\index.php(79): CodeIgniter\CodeIgniter->run()
#10 {main}
CRITICAL - 2024-07-01 09:54:48 --> You have an error in your SQL syntax; check the manual that corresponds to your MariaDB server version for the right syntax to use near ':0:
AND 1 = :1:' at line 2
in SYSTEMPATH\Database\BaseConnection.php on line 647.
 1 SYSTEMPATH\Database\BaseBuilder.php(2790): CodeIgniter\Database\BaseConnection->query('DELETE FROM `recipes`
WHERE 0 = :0:
AND 1 = :1:', [...], false)
 2 APPPATH\Models\Recipes_Model.php(172): CodeIgniter\Database\BaseBuilder->delete([...])
 3 APPPATH\Controllers\Admin_Controller.php(295): App\Models\Recipes_Model->recipes_attime_deleteall_data([...])
 4 SYSTEMPATH\CodeIgniter.php(942): App\Controllers\Admin_Controller->recipes_attime_deleteall()
 5 SYSTEMPATH\CodeIgniter.php(502): CodeIgniter\CodeIgniter->runController(Object(App\Controllers\Admin_Controller))
 6 SYSTEMPATH\CodeIgniter.php(361): CodeIgniter\CodeIgniter->handleRequest(null, Object(Config\Cache), false)
 7 FCPATH\index.php(79): CodeIgniter\CodeIgniter->run()
ERROR - 2024-07-01 09:55:05 --> mysqli_sql_exception: You have an error in your SQL syntax; check the manual that corresponds to your MariaDB server version for the right syntax to use near ':0:
AND 1 = :1:' at line 2 in C:\xampp\htdocs\ci4\gruballergy\system\Database\MySQLi\Connection.php:306
Stack trace:
#0 C:\xampp\htdocs\ci4\gruballergy\system\Database\MySQLi\Connection.php(306): mysqli->query('DELETE FROM `re...', 0)
#1 C:\xampp\htdocs\ci4\gruballergy\system\Database\BaseConnection.php(693): CodeIgniter\Database\MySQLi\Connection->execute('DELETE FROM `re...')
#2 C:\xampp\htdocs\ci4\gruballergy\system\Database\BaseConnection.php(607): CodeIgniter\Database\BaseConnection->simpleQuery('DELETE FROM `re...')
#3 C:\xampp\htdocs\ci4\gruballergy\system\Database\BaseBuilder.php(2790): CodeIgniter\Database\BaseConnection->query('DELETE FROM `re...', Array, false)
#4 C:\xampp\htdocs\ci4\gruballergy\app\Models\Recipes_Model.php(172): CodeIgniter\Database\BaseBuilder->delete(Array)
#5 C:\xampp\htdocs\ci4\gruballergy\app\Controllers\Admin_Controller.php(295): App\Models\Recipes_Model->recipes_attime_deleteall_data(Array)
#6 C:\xampp\htdocs\ci4\gruballergy\system\CodeIgniter.php(942): App\Controllers\Admin_Controller->recipes_attime_deleteall()
#7 C:\xampp\htdocs\ci4\gruballergy\system\CodeIgniter.php(502): CodeIgniter\CodeIgniter->runController(Object(App\Controllers\Admin_Controller))
#8 C:\xampp\htdocs\ci4\gruballergy\system\CodeIgniter.php(361): CodeIgniter\CodeIgniter->handleRequest(NULL, Object(Config\Cache), false)
#9 C:\xampp\htdocs\ci4\gruballergy\index.php(79): CodeIgniter\CodeIgniter->run()
#10 {main}
CRITICAL - 2024-07-01 09:55:05 --> You have an error in your SQL syntax; check the manual that corresponds to your MariaDB server version for the right syntax to use near ':0:
AND 1 = :1:' at line 2
in SYSTEMPATH\Database\BaseConnection.php on line 647.
 1 SYSTEMPATH\Database\BaseBuilder.php(2790): CodeIgniter\Database\BaseConnection->query('DELETE FROM `recipes`
WHERE 0 = :0:
AND 1 = :1:', [...], false)
 2 APPPATH\Models\Recipes_Model.php(172): CodeIgniter\Database\BaseBuilder->delete([...])
 3 APPPATH\Controllers\Admin_Controller.php(295): App\Models\Recipes_Model->recipes_attime_deleteall_data([...])
 4 SYSTEMPATH\CodeIgniter.php(942): App\Controllers\Admin_Controller->recipes_attime_deleteall()
 5 SYSTEMPATH\CodeIgniter.php(502): CodeIgniter\CodeIgniter->runController(Object(App\Controllers\Admin_Controller))
 6 SYSTEMPATH\CodeIgniter.php(361): CodeIgniter\CodeIgniter->handleRequest(null, Object(Config\Cache), false)
 7 FCPATH\index.php(79): CodeIgniter\CodeIgniter->run()
ERROR - 2024-07-01 09:56:31 --> mysqli_sql_exception: Illegal parameter data types int and row for operation '=' in C:\xampp\htdocs\ci4\gruballergy\system\Database\MySQLi\Connection.php:306
Stack trace:
#0 C:\xampp\htdocs\ci4\gruballergy\system\Database\MySQLi\Connection.php(306): mysqli->query('DELETE FROM `re...', 0)
#1 C:\xampp\htdocs\ci4\gruballergy\system\Database\BaseConnection.php(693): CodeIgniter\Database\MySQLi\Connection->execute('DELETE FROM `re...')
#2 C:\xampp\htdocs\ci4\gruballergy\system\Database\BaseConnection.php(607): CodeIgniter\Database\BaseConnection->simpleQuery('DELETE FROM `re...')
#3 C:\xampp\htdocs\ci4\gruballergy\system\Database\BaseBuilder.php(2790): CodeIgniter\Database\BaseConnection->query('DELETE FROM `re...', Array, false)
#4 C:\xampp\htdocs\ci4\gruballergy\app\Models\Recipes_Model.php(171): CodeIgniter\Database\BaseBuilder->delete()
#5 C:\xampp\htdocs\ci4\gruballergy\app\Controllers\Admin_Controller.php(295): App\Models\Recipes_Model->recipes_attime_deleteall_data(Array)
#6 C:\xampp\htdocs\ci4\gruballergy\system\CodeIgniter.php(942): App\Controllers\Admin_Controller->recipes_attime_deleteall()
#7 C:\xampp\htdocs\ci4\gruballergy\system\CodeIgniter.php(502): CodeIgniter\CodeIgniter->runController(Object(App\Controllers\Admin_Controller))
#8 C:\xampp\htdocs\ci4\gruballergy\system\CodeIgniter.php(361): CodeIgniter\CodeIgniter->handleRequest(NULL, Object(Config\Cache), false)
#9 C:\xampp\htdocs\ci4\gruballergy\index.php(79): CodeIgniter\CodeIgniter->run()
#10 {main}
CRITICAL - 2024-07-01 09:56:31 --> Illegal parameter data types int and row for operation '='
in SYSTEMPATH\Database\BaseConnection.php on line 647.
 1 SYSTEMPATH\Database\BaseBuilder.php(2790): CodeIgniter\Database\BaseConnection->query('DELETE FROM `recipes`
WHERE `re_id` = :re_id:', [...], false)
 2 APPPATH\Models\Recipes_Model.php(171): CodeIgniter\Database\BaseBuilder->delete()
 3 APPPATH\Controllers\Admin_Controller.php(295): App\Models\Recipes_Model->recipes_attime_deleteall_data([...])
 4 SYSTEMPATH\CodeIgniter.php(942): App\Controllers\Admin_Controller->recipes_attime_deleteall()
 5 SYSTEMPATH\CodeIgniter.php(502): CodeIgniter\CodeIgniter->runController(Object(App\Controllers\Admin_Controller))
 6 SYSTEMPATH\CodeIgniter.php(361): CodeIgniter\CodeIgniter->handleRequest(null, Object(Config\Cache), false)
 7 FCPATH\index.php(79): CodeIgniter\CodeIgniter->run()
ERROR - 2024-07-01 10:02:17 --> mysqli_sql_exception: Illegal parameter data types int and row for operation '=' in C:\xampp\htdocs\ci4\gruballergy\system\Database\MySQLi\Connection.php:306
Stack trace:
#0 C:\xampp\htdocs\ci4\gruballergy\system\Database\MySQLi\Connection.php(306): mysqli->query('DELETE FROM `re...', 0)
#1 C:\xampp\htdocs\ci4\gruballergy\system\Database\BaseConnection.php(693): CodeIgniter\Database\MySQLi\Connection->execute('DELETE FROM `re...')
#2 C:\xampp\htdocs\ci4\gruballergy\system\Database\BaseConnection.php(607): CodeIgniter\Database\BaseConnection->simpleQuery('DELETE FROM `re...')
#3 C:\xampp\htdocs\ci4\gruballergy\system\Database\BaseBuilder.php(2790): CodeIgniter\Database\BaseConnection->query('DELETE FROM `re...', Array, false)
#4 C:\xampp\htdocs\ci4\gruballergy\app\Models\Recipes_Model.php(171): CodeIgniter\Database\BaseBuilder->delete()
#5 C:\xampp\htdocs\ci4\gruballergy\app\Controllers\Admin_Controller.php(295): App\Models\Recipes_Model->recipes_attime_deleteall_data(Array)
#6 C:\xampp\htdocs\ci4\gruballergy\system\CodeIgniter.php(942): App\Controllers\Admin_Controller->recipes_attime_deleteall()
#7 C:\xampp\htdocs\ci4\gruballergy\system\CodeIgniter.php(502): CodeIgniter\CodeIgniter->runController(Object(App\Controllers\Admin_Controller))
#8 C:\xampp\htdocs\ci4\gruballergy\system\CodeIgniter.php(361): CodeIgniter\CodeIgniter->handleRequest(NULL, Object(Config\Cache), false)
#9 C:\xampp\htdocs\ci4\gruballergy\index.php(79): CodeIgniter\CodeIgniter->run()
#10 {main}
CRITICAL - 2024-07-01 10:02:17 --> Illegal parameter data types int and row for operation '='
in SYSTEMPATH\Database\BaseConnection.php on line 647.
 1 SYSTEMPATH\Database\BaseBuilder.php(2790): CodeIgniter\Database\BaseConnection->query('DELETE FROM `recipes`
WHERE `re_id` = :re_id:', [...], false)
 2 APPPATH\Models\Recipes_Model.php(171): CodeIgniter\Database\BaseBuilder->delete()
 3 APPPATH\Controllers\Admin_Controller.php(295): App\Models\Recipes_Model->recipes_attime_deleteall_data([...])
 4 SYSTEMPATH\CodeIgniter.php(942): App\Controllers\Admin_Controller->recipes_attime_deleteall()
 5 SYSTEMPATH\CodeIgniter.php(502): CodeIgniter\CodeIgniter->runController(Object(App\Controllers\Admin_Controller))
 6 SYSTEMPATH\CodeIgniter.php(361): CodeIgniter\CodeIgniter->handleRequest(null, Object(Config\Cache), false)
 7 FCPATH\index.php(79): CodeIgniter\CodeIgniter->run()
ERROR - 2024-07-01 10:03:48 --> mysqli_sql_exception: Illegal parameter data types int and row for operation '=' in C:\xampp\htdocs\ci4\gruballergy\system\Database\MySQLi\Connection.php:306
Stack trace:
#0 C:\xampp\htdocs\ci4\gruballergy\system\Database\MySQLi\Connection.php(306): mysqli->query('DELETE FROM `re...', 0)
#1 C:\xampp\htdocs\ci4\gruballergy\system\Database\BaseConnection.php(693): CodeIgniter\Database\MySQLi\Connection->execute('DELETE FROM `re...')
#2 C:\xampp\htdocs\ci4\gruballergy\system\Database\BaseConnection.php(607): CodeIgniter\Database\BaseConnection->simpleQuery('DELETE FROM `re...')
#3 C:\xampp\htdocs\ci4\gruballergy\system\Database\BaseBuilder.php(2790): CodeIgniter\Database\BaseConnection->query('DELETE FROM `re...', Array, false)
#4 C:\xampp\htdocs\ci4\gruballergy\app\Models\Recipes_Model.php(171): CodeIgniter\Database\BaseBuilder->delete()
#5 C:\xampp\htdocs\ci4\gruballergy\app\Controllers\Admin_Controller.php(295): App\Models\Recipes_Model->recipes_attime_deleteall_data(Array)
#6 C:\xampp\htdocs\ci4\gruballergy\system\CodeIgniter.php(942): App\Controllers\Admin_Controller->recipes_attime_deleteall()
#7 C:\xampp\htdocs\ci4\gruballergy\system\CodeIgniter.php(502): CodeIgniter\CodeIgniter->runController(Object(App\Controllers\Admin_Controller))
#8 C:\xampp\htdocs\ci4\gruballergy\system\CodeIgniter.php(361): CodeIgniter\CodeIgniter->handleRequest(NULL, Object(Config\Cache), false)
#9 C:\xampp\htdocs\ci4\gruballergy\index.php(79): CodeIgniter\CodeIgniter->run()
#10 {main}
CRITICAL - 2024-07-01 10:03:48 --> Illegal parameter data types int and row for operation '='
in SYSTEMPATH\Database\BaseConnection.php on line 647.
 1 SYSTEMPATH\Database\BaseBuilder.php(2790): CodeIgniter\Database\BaseConnection->query('DELETE FROM `recipes`
WHERE `re_id` = :re_id:', [...], false)
 2 APPPATH\Models\Recipes_Model.php(171): CodeIgniter\Database\BaseBuilder->delete()
 3 APPPATH\Controllers\Admin_Controller.php(295): App\Models\Recipes_Model->recipes_attime_deleteall_data([...])
 4 SYSTEMPATH\CodeIgniter.php(942): App\Controllers\Admin_Controller->recipes_attime_deleteall()
 5 SYSTEMPATH\CodeIgniter.php(502): CodeIgniter\CodeIgniter->runController(Object(App\Controllers\Admin_Controller))
 6 SYSTEMPATH\CodeIgniter.php(361): CodeIgniter\CodeIgniter->handleRequest(null, Object(Config\Cache), false)
 7 FCPATH\index.php(79): CodeIgniter\CodeIgniter->run()
ERROR - 2024-07-01 10:09:06 --> mysqli_sql_exception: Illegal parameter data types int and row for operation '=' in C:\xampp\htdocs\ci4\gruballergy\system\Database\MySQLi\Connection.php:306
Stack trace:
#0 C:\xampp\htdocs\ci4\gruballergy\system\Database\MySQLi\Connection.php(306): mysqli->query('DELETE FROM `re...', 0)
#1 C:\xampp\htdocs\ci4\gruballergy\system\Database\BaseConnection.php(693): CodeIgniter\Database\MySQLi\Connection->execute('DELETE FROM `re...')
#2 C:\xampp\htdocs\ci4\gruballergy\system\Database\BaseConnection.php(607): CodeIgniter\Database\BaseConnection->simpleQuery('DELETE FROM `re...')
#3 C:\xampp\htdocs\ci4\gruballergy\system\Database\BaseBuilder.php(2790): CodeIgniter\Database\BaseConnection->query('DELETE FROM `re...', Array, false)
#4 C:\xampp\htdocs\ci4\gruballergy\app\Models\Recipes_Model.php(171): CodeIgniter\Database\BaseBuilder->delete()
#5 C:\xampp\htdocs\ci4\gruballergy\app\Controllers\Admin_Controller.php(295): App\Models\Recipes_Model->recipes_attime_deleteall_data(Array)
#6 C:\xampp\htdocs\ci4\gruballergy\system\CodeIgniter.php(942): App\Controllers\Admin_Controller->recipes_attime_deleteall()
#7 C:\xampp\htdocs\ci4\gruballergy\system\CodeIgniter.php(502): CodeIgniter\CodeIgniter->runController(Object(App\Controllers\Admin_Controller))
#8 C:\xampp\htdocs\ci4\gruballergy\system\CodeIgniter.php(361): CodeIgniter\CodeIgniter->handleRequest(NULL, Object(Config\Cache), false)
#9 C:\xampp\htdocs\ci4\gruballergy\index.php(79): CodeIgniter\CodeIgniter->run()
#10 {main}
CRITICAL - 2024-07-01 10:09:06 --> Illegal parameter data types int and row for operation '='
in SYSTEMPATH\Database\BaseConnection.php on line 647.
 1 SYSTEMPATH\Database\BaseBuilder.php(2790): CodeIgniter\Database\BaseConnection->query('DELETE FROM `recipes`
WHERE `re_id` = :re_id:', [...], false)
 2 APPPATH\Models\Recipes_Model.php(171): CodeIgniter\Database\BaseBuilder->delete()
 3 APPPATH\Controllers\Admin_Controller.php(295): App\Models\Recipes_Model->recipes_attime_deleteall_data([...])
 4 SYSTEMPATH\CodeIgniter.php(942): App\Controllers\Admin_Controller->recipes_attime_deleteall()
 5 SYSTEMPATH\CodeIgniter.php(502): CodeIgniter\CodeIgniter->runController(Object(App\Controllers\Admin_Controller))
 6 SYSTEMPATH\CodeIgniter.php(361): CodeIgniter\CodeIgniter->handleRequest(null, Object(Config\Cache), false)
 7 FCPATH\index.php(79): CodeIgniter\CodeIgniter->run()
ERROR - 2024-07-01 10:12:29 --> mysqli_sql_exception: Illegal parameter data types int and row for operation '=' in C:\xampp\htdocs\ci4\gruballergy\system\Database\MySQLi\Connection.php:306
Stack trace:
#0 C:\xampp\htdocs\ci4\gruballergy\system\Database\MySQLi\Connection.php(306): mysqli->query('DELETE FROM `re...', 0)
#1 C:\xampp\htdocs\ci4\gruballergy\system\Database\BaseConnection.php(693): CodeIgniter\Database\MySQLi\Connection->execute('DELETE FROM `re...')
#2 C:\xampp\htdocs\ci4\gruballergy\system\Database\BaseConnection.php(607): CodeIgniter\Database\BaseConnection->simpleQuery('DELETE FROM `re...')
#3 C:\xampp\htdocs\ci4\gruballergy\system\Database\BaseBuilder.php(2790): CodeIgniter\Database\BaseConnection->query('DELETE FROM `re...', Array, false)
#4 C:\xampp\htdocs\ci4\gruballergy\app\Models\Recipes_Model.php(171): CodeIgniter\Database\BaseBuilder->delete()
#5 C:\xampp\htdocs\ci4\gruballergy\app\Controllers\Admin_Controller.php(295): App\Models\Recipes_Model->recipes_attime_deleteall_data(Array)
#6 C:\xampp\htdocs\ci4\gruballergy\system\CodeIgniter.php(942): App\Controllers\Admin_Controller->recipes_attime_deleteall()
#7 C:\xampp\htdocs\ci4\gruballergy\system\CodeIgniter.php(502): CodeIgniter\CodeIgniter->runController(Object(App\Controllers\Admin_Controller))
#8 C:\xampp\htdocs\ci4\gruballergy\system\CodeIgniter.php(361): CodeIgniter\CodeIgniter->handleRequest(NULL, Object(Config\Cache), false)
#9 C:\xampp\htdocs\ci4\gruballergy\index.php(79): CodeIgniter\CodeIgniter->run()
#10 {main}
CRITICAL - 2024-07-01 10:12:29 --> Illegal parameter data types int and row for operation '='
in SYSTEMPATH\Database\BaseConnection.php on line 647.
 1 SYSTEMPATH\Database\BaseBuilder.php(2790): CodeIgniter\Database\BaseConnection->query('DELETE FROM `recipes`
WHERE `re_id` = :re_id:', [...], false)
 2 APPPATH\Models\Recipes_Model.php(171): CodeIgniter\Database\BaseBuilder->delete()
 3 APPPATH\Controllers\Admin_Controller.php(295): App\Models\Recipes_Model->recipes_attime_deleteall_data([...])
 4 SYSTEMPATH\CodeIgniter.php(942): App\Controllers\Admin_Controller->recipes_attime_deleteall()
 5 SYSTEMPATH\CodeIgniter.php(502): CodeIgniter\CodeIgniter->runController(Object(App\Controllers\Admin_Controller))
 6 SYSTEMPATH\CodeIgniter.php(361): CodeIgniter\CodeIgniter->handleRequest(null, Object(Config\Cache), false)
 7 FCPATH\index.php(79): CodeIgniter\CodeIgniter->run()
CRITICAL - 2024-07-01 10:17:33 --> Array to string conversion
in APPPATH\Models\Recipes_Model.php on line 161.
 1 APPPATH\Models\Recipes_Model.php(161): CodeIgniter\Debug\Exceptions->errorHandler(2, 'Array to string conversion', 'C:\\xampp\\htdocs\\ci4\\gruballergy\\app\\Models\\Recipes_Model.php', 161)
 2 APPPATH\Controllers\Admin_Controller.php(295): App\Models\Recipes_Model->recipes_attime_deleteall_data([...])
 3 SYSTEMPATH\CodeIgniter.php(942): App\Controllers\Admin_Controller->recipes_attime_deleteall()
 4 SYSTEMPATH\CodeIgniter.php(502): CodeIgniter\CodeIgniter->runController(Object(App\Controllers\Admin_Controller))
 5 SYSTEMPATH\CodeIgniter.php(361): CodeIgniter\CodeIgniter->handleRequest(null, Object(Config\Cache), false)
 6 FCPATH\index.php(79): CodeIgniter\CodeIgniter->run()
CRITICAL - 2024-07-01 10:17:49 --> Array to string conversion
in APPPATH\Models\Recipes_Model.php on line 161.
 1 APPPATH\Models\Recipes_Model.php(161): CodeIgniter\Debug\Exceptions->errorHandler(2, 'Array to string conversion', 'C:\\xampp\\htdocs\\ci4\\gruballergy\\app\\Models\\Recipes_Model.php', 161)
 2 APPPATH\Controllers\Admin_Controller.php(295): App\Models\Recipes_Model->recipes_attime_deleteall_data([...])
 3 SYSTEMPATH\CodeIgniter.php(942): App\Controllers\Admin_Controller->recipes_attime_deleteall()
 4 SYSTEMPATH\CodeIgniter.php(502): CodeIgniter\CodeIgniter->runController(Object(App\Controllers\Admin_Controller))
 5 SYSTEMPATH\CodeIgniter.php(361): CodeIgniter\CodeIgniter->handleRequest(null, Object(Config\Cache), false)
 6 FCPATH\index.php(79): CodeIgniter\CodeIgniter->run()
